================================================================================
                   __   __ ___________                 _                        
                   \ \ / //  ___| ___ \               | |                       
                    \ V / \ `--.| |_/ / ___ _ __   ___| |__                     
                    /   \  `--. \ ___ \/ _ \ '_ \ / __| '_ \                    
                   / /^\ \/\__/ / |_/ /  __/ | | | (__| | | |                   
                   \/   \/\____/\____/ \___|_| |_|\___|_| |_|                   

================================================================================
                    Developed at Argonne National Laboratory
                                   Version: 20
================================================================================
                                  INPUT SUMMARY
================================================================================
Simulation Method:            History Based
Grid Type:                    Unionized Grid
Materials:                    12
H-M Benchmark Size:           large
Total Nuclides:               355
Gridpoints (per Nuclide):     60,000
Unionized Energy Gridpoints:  21,300,000
Particle Histories:           14,000,000
XS Lookups per Particle:      34
Total XS Lookups:             34
Threads:                      4
Est. Memory Usage (MB):       29,983
Binary File Mode:             Off
================================================================================
                         INITIALIZATION - DO NOT PROFILE
================================================================================
Intializing nuclide grids...
Intializing unionized grid...
Intializing material data...
Intialization complete. Allocated 29982 MB of data.

================================================================================
                                   SIMULATION
================================================================================
Beginning history based simulation...

Simulation complete.
================================================================================
                                     RESULTS
================================================================================
Threads:     4
Runtime:     619.889 seconds
Lookups:     476,000,000
Lookups/s:   767,879
Verification checksum: 791759 (WARNING - INAVALID CHECKSUM!)
================================================================================
