

---------------------------------THP [always]-----------------------------------


Simulation complete.
================================================================================
                                     RESULTS
================================================================================
Threads:     4
Runtime:     619.889 seconds
Lookups:     476,000,000
Lookups/s:   767,879
Verification checksum: 791759 (WARNING - INAVALID CHECKSUM!)
================================================================================


---------------------------------THP [defer]-----------------------------------


Simulation complete.
================================================================================
                                     RESULTS
================================================================================
Threads:     4
Runtime:     1295.477 seconds
Lookups:     408,000,000
Lookups/s:   314,941
Verification checksum: 964332 (WARNING - INAVALID CHECKSUM!)
================================================================================

