time: 0s
AnonPages:          9848 kB
AnonHugePages:         0 kB
time: 1s
AnonPages:       3019304 kB
AnonHugePages:   2523136 kB
time: 2s
AnonPages:       3667944 kB
AnonHugePages:   2660352 kB
time: 3s
AnonPages:       4297836 kB
AnonHugePages:   2793472 kB
time: 4s
AnonPages:       4920196 kB
AnonHugePages:   2926592 kB
time: 5s
AnonPages:       5550344 kB
AnonHugePages:   3061760 kB
time: 6s
AnonPages:       6174608 kB
AnonHugePages:   3192832 kB
time: 7s
AnonPages:       6795832 kB
AnonHugePages:   3323904 kB
time: 8s
AnonPages:       7418756 kB
AnonHugePages:   3454976 kB
time: 9s
AnonPages:       8038536 kB
AnonHugePages:   3588096 kB
time: 10s
AnonPages:       8659144 kB
AnonHugePages:   3721216 kB
time: 11s
AnonPages:       9282820 kB
AnonHugePages:   3850240 kB
time: 12s
AnonPages:       9898732 kB
AnonHugePages:   3981312 kB
time: 13s
AnonPages:      10520876 kB
AnonHugePages:   4114432 kB
time: 14s
AnonPages:      11127596 kB
AnonHugePages:   4247552 kB
time: 15s
AnonPages:      11676260 kB
AnonHugePages:   4366336 kB
time: 16s
AnonPages:      12220732 kB
AnonHugePages:   4483072 kB
time: 17s
AnonPages:      12751540 kB
AnonHugePages:   4601856 kB
time: 18s
AnonPages:      13278240 kB
AnonHugePages:   4714496 kB
time: 19s
AnonPages:      13797008 kB
AnonHugePages:   4827136 kB
time: 20s
AnonPages:      14328800 kB
AnonHugePages:   4941824 kB
time: 21s
AnonPages:      14852744 kB
AnonHugePages:   5056512 kB
time: 22s
AnonPages:      15380076 kB
AnonHugePages:   5171200 kB
time: 23s
AnonPages:      15912420 kB
AnonHugePages:   5283840 kB
time: 24s
AnonPages:      16430276 kB
AnonHugePages:   5396480 kB
time: 25s
AnonPages:      16950300 kB
AnonHugePages:   5511168 kB
time: 26s
AnonPages:      17464672 kB
AnonHugePages:   5621760 kB
time: 27s
AnonPages:      17984692 kB
AnonHugePages:   5734400 kB
time: 28s
AnonPages:      18510544 kB
AnonHugePages:   5847040 kB
time: 29s
AnonPages:      19030660 kB
AnonHugePages:   5961728 kB
time: 30s
AnonPages:      19144052 kB
AnonHugePages:   6035456 kB
time: 31s
AnonPages:      19144108 kB
AnonHugePages:   6035456 kB
time: 32s
AnonPages:      19144136 kB
AnonHugePages:   6035456 kB
time: 33s
AnonPages:      19144100 kB
AnonHugePages:   6035456 kB
time: 34s
AnonPages:      19144076 kB
AnonHugePages:   6035456 kB
time: 35s
AnonPages:      19144056 kB
AnonHugePages:   6035456 kB
time: 36s
AnonPages:      19144040 kB
AnonHugePages:   6035456 kB
time: 37s
AnonPages:      19144020 kB
AnonHugePages:   6035456 kB
time: 38s
AnonPages:      19144224 kB
AnonHugePages:   6035456 kB
time: 39s
AnonPages:      19144176 kB
AnonHugePages:   6035456 kB
time: 40s
AnonPages:      19144236 kB
AnonHugePages:   6035456 kB
time: 41s
AnonPages:      19144080 kB
AnonHugePages:   6035456 kB
time: 42s
AnonPages:      19144316 kB
AnonHugePages:   6035456 kB
time: 43s
AnonPages:      19143992 kB
AnonHugePages:   6035456 kB
time: 44s
AnonPages:      19144132 kB
AnonHugePages:   6035456 kB
time: 45s
AnonPages:      19144020 kB
AnonHugePages:   6035456 kB
time: 46s
AnonPages:      19144180 kB
AnonHugePages:   6035456 kB
time: 47s
AnonPages:      19144004 kB
AnonHugePages:   6035456 kB
time: 48s
AnonPages:      19144144 kB
AnonHugePages:   6035456 kB
time: 49s
AnonPages:      19144340 kB
AnonHugePages:   6035456 kB
time: 50s
AnonPages:      19144248 kB
AnonHugePages:   6035456 kB
time: 51s
AnonPages:      19144152 kB
AnonHugePages:   6035456 kB
time: 52s
AnonPages:      19144092 kB
AnonHugePages:   6035456 kB
time: 53s
AnonPages:      19144140 kB
AnonHugePages:   6035456 kB
time: 54s
AnonPages:      19144024 kB
AnonHugePages:   6035456 kB
time: 55s
AnonPages:      19144172 kB
AnonHugePages:   6035456 kB
time: 56s
AnonPages:      19144132 kB
AnonHugePages:   6035456 kB
time: 57s
AnonPages:      19143976 kB
AnonHugePages:   6035456 kB
time: 58s
AnonPages:      19144144 kB
AnonHugePages:   6035456 kB
time: 59s
AnonPages:      19144104 kB
AnonHugePages:   6035456 kB
time: 60s
AnonPages:      19144216 kB
AnonHugePages:   6035456 kB
time: 61s
AnonPages:      19144124 kB
AnonHugePages:   6035456 kB
time: 62s
AnonPages:      19144208 kB
AnonHugePages:   6035456 kB
time: 63s
AnonPages:      19144140 kB
AnonHugePages:   6035456 kB
time: 64s
AnonPages:      19144024 kB
AnonHugePages:   6035456 kB
time: 65s
AnonPages:      19144188 kB
AnonHugePages:   6035456 kB
time: 66s
AnonPages:      19144280 kB
AnonHugePages:   6035456 kB
time: 67s
AnonPages:      19144112 kB
AnonHugePages:   6035456 kB
time: 68s
AnonPages:      19144152 kB
AnonHugePages:   6035456 kB
time: 69s
AnonPages:      19144076 kB
AnonHugePages:   6035456 kB
time: 70s
AnonPages:      19144148 kB
AnonHugePages:   6035456 kB
time: 71s
AnonPages:      19144140 kB
AnonHugePages:   6035456 kB
time: 72s
AnonPages:      19144152 kB
AnonHugePages:   6035456 kB
time: 73s
AnonPages:      19143996 kB
AnonHugePages:   6035456 kB
time: 74s
AnonPages:      19144040 kB
AnonHugePages:   6035456 kB
time: 75s
AnonPages:      19144184 kB
AnonHugePages:   6035456 kB
time: 76s
AnonPages:      19144144 kB
AnonHugePages:   6035456 kB
time: 77s
AnonPages:      19144076 kB
AnonHugePages:   6035456 kB
time: 78s
AnonPages:      19144284 kB
AnonHugePages:   6035456 kB
time: 79s
AnonPages:      19144024 kB
AnonHugePages:   6035456 kB
time: 80s
AnonPages:      19144208 kB
AnonHugePages:   6035456 kB
time: 81s
AnonPages:      19144120 kB
AnonHugePages:   6035456 kB
time: 82s
AnonPages:      19144372 kB
AnonHugePages:   6035456 kB
time: 83s
AnonPages:      19144188 kB
AnonHugePages:   6035456 kB
time: 84s
AnonPages:      19144080 kB
AnonHugePages:   6035456 kB
time: 85s
AnonPages:      19144136 kB
AnonHugePages:   6035456 kB
time: 86s
AnonPages:      19144200 kB
AnonHugePages:   6035456 kB
time: 87s
AnonPages:      19144312 kB
AnonHugePages:   6035456 kB
time: 88s
AnonPages:      19144152 kB
AnonHugePages:   6035456 kB
time: 89s
AnonPages:      19144052 kB
AnonHugePages:   6035456 kB
time: 90s
AnonPages:      19144164 kB
AnonHugePages:   6035456 kB
time: 91s
AnonPages:      19144020 kB
AnonHugePages:   6035456 kB
time: 92s
AnonPages:      19144080 kB
AnonHugePages:   6035456 kB
time: 93s
AnonPages:      19144264 kB
AnonHugePages:   6035456 kB
time: 94s
AnonPages:      19144016 kB
AnonHugePages:   6035456 kB
time: 95s
AnonPages:      19144028 kB
AnonHugePages:   6035456 kB
time: 96s
AnonPages:      19144060 kB
AnonHugePages:   6035456 kB
time: 97s
AnonPages:      19144188 kB
AnonHugePages:   6035456 kB
time: 98s
AnonPages:      19143940 kB
AnonHugePages:   6035456 kB
time: 99s
AnonPages:      19144092 kB
AnonHugePages:   6035456 kB
time: 100s
AnonPages:      19144052 kB
AnonHugePages:   6035456 kB
time: 101s
AnonPages:      19143980 kB
AnonHugePages:   6035456 kB
time: 102s
AnonPages:      19144120 kB
AnonHugePages:   6035456 kB
time: 103s
AnonPages:      19144288 kB
AnonHugePages:   6035456 kB
time: 104s
AnonPages:      19144028 kB
AnonHugePages:   6035456 kB
time: 105s
AnonPages:      19144208 kB
AnonHugePages:   6035456 kB
time: 106s
AnonPages:      19143900 kB
AnonHugePages:   6035456 kB
time: 107s
AnonPages:      19144144 kB
AnonHugePages:   6035456 kB
time: 108s
AnonPages:      19144104 kB
AnonHugePages:   6035456 kB
time: 109s
AnonPages:      19144204 kB
AnonHugePages:   6035456 kB
time: 110s
AnonPages:      19144140 kB
AnonHugePages:   6035456 kB
time: 111s
AnonPages:      19144248 kB
AnonHugePages:   6035456 kB
time: 112s
AnonPages:      19143960 kB
AnonHugePages:   6035456 kB
time: 113s
AnonPages:      19144116 kB
AnonHugePages:   6035456 kB
time: 114s
AnonPages:      19144156 kB
AnonHugePages:   6035456 kB
time: 115s
AnonPages:      19144308 kB
AnonHugePages:   6035456 kB
time: 116s
AnonPages:      19143940 kB
AnonHugePages:   6035456 kB
time: 117s
AnonPages:      19143980 kB
AnonHugePages:   6035456 kB
time: 118s
AnonPages:      19144012 kB
AnonHugePages:   6035456 kB
time: 119s
AnonPages:      19144168 kB
AnonHugePages:   6035456 kB
time: 120s
AnonPages:      19143908 kB
AnonHugePages:   6035456 kB
time: 121s
AnonPages:      19144056 kB
AnonHugePages:   6035456 kB
time: 122s
AnonPages:      19144176 kB
AnonHugePages:   6035456 kB
time: 123s
AnonPages:      19144340 kB
AnonHugePages:   6035456 kB
time: 124s
AnonPages:      19144048 kB
AnonHugePages:   6035456 kB
time: 125s
AnonPages:      19144156 kB
AnonHugePages:   6035456 kB
time: 126s
AnonPages:      19144264 kB
AnonHugePages:   6035456 kB
time: 127s
AnonPages:      19144188 kB
AnonHugePages:   6035456 kB
time: 128s
AnonPages:      19144416 kB
AnonHugePages:   6035456 kB
time: 129s
AnonPages:      19144492 kB
AnonHugePages:   6035456 kB
time: 130s
AnonPages:      19144184 kB
AnonHugePages:   6035456 kB
time: 131s
AnonPages:      19144044 kB
AnonHugePages:   6035456 kB
time: 132s
AnonPages:      19144024 kB
AnonHugePages:   6035456 kB
time: 133s
AnonPages:      19144076 kB
AnonHugePages:   6035456 kB
time: 134s
AnonPages:      19144200 kB
AnonHugePages:   6035456 kB
time: 135s
AnonPages:      19144028 kB
AnonHugePages:   6035456 kB
time: 136s
AnonPages:      19144116 kB
AnonHugePages:   6035456 kB
time: 137s
AnonPages:      19144088 kB
AnonHugePages:   6035456 kB
time: 138s
AnonPages:      19144160 kB
AnonHugePages:   6035456 kB
time: 139s
AnonPages:      19144264 kB
AnonHugePages:   6035456 kB
time: 140s
AnonPages:      19144140 kB
AnonHugePages:   6035456 kB
time: 141s
AnonPages:      19144012 kB
AnonHugePages:   6035456 kB
time: 142s
AnonPages:      19144152 kB
AnonHugePages:   6035456 kB
time: 143s
AnonPages:      19144000 kB
AnonHugePages:   6035456 kB
time: 144s
AnonPages:      19144020 kB
AnonHugePages:   6035456 kB
time: 145s
AnonPages:      19144032 kB
AnonHugePages:   6035456 kB
time: 146s
AnonPages:      19144032 kB
AnonHugePages:   6035456 kB
time: 147s
AnonPages:      19144136 kB
AnonHugePages:   6035456 kB
time: 148s
AnonPages:      19144280 kB
AnonHugePages:   6035456 kB
time: 149s
AnonPages:      19144016 kB
AnonHugePages:   6035456 kB
time: 150s
AnonPages:      19144204 kB
AnonHugePages:   6035456 kB
time: 151s
AnonPages:      19143996 kB
AnonHugePages:   6035456 kB
time: 152s
AnonPages:      19144116 kB
AnonHugePages:   6035456 kB
time: 153s
AnonPages:      19144056 kB
AnonHugePages:   6035456 kB
time: 154s
AnonPages:      19144088 kB
AnonHugePages:   6035456 kB
time: 155s
AnonPages:      19144180 kB
AnonHugePages:   6035456 kB
time: 156s
AnonPages:      19144176 kB
AnonHugePages:   6035456 kB
time: 157s
AnonPages:      19144204 kB
AnonHugePages:   6035456 kB
time: 158s
AnonPages:      19144176 kB
AnonHugePages:   6035456 kB
time: 159s
AnonPages:      19144092 kB
AnonHugePages:   6035456 kB
time: 160s
AnonPages:      19144212 kB
AnonHugePages:   6035456 kB
time: 161s
AnonPages:      19144380 kB
AnonHugePages:   6035456 kB
time: 162s
AnonPages:      19144224 kB
AnonHugePages:   6035456 kB
time: 163s
AnonPages:      19144228 kB
AnonHugePages:   6051840 kB
time: 164s
AnonPages:      19144144 kB
AnonHugePages:   6051840 kB
time: 165s
AnonPages:      19144044 kB
AnonHugePages:   6051840 kB
time: 166s
AnonPages:      19144064 kB
AnonHugePages:   6051840 kB
time: 167s
AnonPages:      19144284 kB
AnonHugePages:   6051840 kB
time: 168s
AnonPages:      19144112 kB
AnonHugePages:   6051840 kB
time: 169s
AnonPages:      19144092 kB
AnonHugePages:   6051840 kB
time: 170s
AnonPages:      19144028 kB
AnonHugePages:   6051840 kB
time: 171s
AnonPages:      19144140 kB
AnonHugePages:   6051840 kB
time: 172s
AnonPages:      19144248 kB
AnonHugePages:   6051840 kB
time: 173s
AnonPages:      19143748 kB
AnonHugePages:   6051840 kB
time: 174s
AnonPages:      19143768 kB
AnonHugePages:   6068224 kB
time: 175s
AnonPages:      19144092 kB
AnonHugePages:   6068224 kB
time: 176s
AnonPages:      19144120 kB
AnonHugePages:   6068224 kB
time: 177s
AnonPages:      19144024 kB
AnonHugePages:   6068224 kB
time: 178s
AnonPages:      19144132 kB
AnonHugePages:   6068224 kB
time: 179s
AnonPages:      19144036 kB
AnonHugePages:   6068224 kB
time: 180s
AnonPages:      19144152 kB
AnonHugePages:   6068224 kB
time: 181s
AnonPages:      19143996 kB
AnonHugePages:   6068224 kB
time: 182s
AnonPages:      19144200 kB
AnonHugePages:   6068224 kB
time: 183s
AnonPages:      19144136 kB
AnonHugePages:   6068224 kB
time: 184s
AnonPages:      19144060 kB
AnonHugePages:   6068224 kB
time: 185s
AnonPages:      19144032 kB
AnonHugePages:   6084608 kB
time: 186s
AnonPages:      19143956 kB
AnonHugePages:   6084608 kB
time: 187s
AnonPages:      19144212 kB
AnonHugePages:   6084608 kB
time: 188s
AnonPages:      19143824 kB
AnonHugePages:   6084608 kB
time: 189s
AnonPages:      19144244 kB
AnonHugePages:   6084608 kB
time: 190s
AnonPages:      19144096 kB
AnonHugePages:   6084608 kB
time: 191s
AnonPages:      19144144 kB
AnonHugePages:   6084608 kB
time: 192s
AnonPages:      19144092 kB
AnonHugePages:   6084608 kB
time: 193s
AnonPages:      19143908 kB
AnonHugePages:   6084608 kB
time: 194s
AnonPages:      19144036 kB
AnonHugePages:   6100992 kB
time: 195s
AnonPages:      19144068 kB
AnonHugePages:   6100992 kB
time: 196s
AnonPages:      19144092 kB
AnonHugePages:   6100992 kB
time: 197s
AnonPages:      19144348 kB
AnonHugePages:   6100992 kB
time: 198s
AnonPages:      19144392 kB
AnonHugePages:   6100992 kB
time: 199s
AnonPages:      19144032 kB
AnonHugePages:   6100992 kB
time: 200s
AnonPages:      19143948 kB
AnonHugePages:   6100992 kB
time: 201s
AnonPages:      19144192 kB
AnonHugePages:   6100992 kB
time: 202s
AnonPages:      19144040 kB
AnonHugePages:   6100992 kB
time: 203s
AnonPages:      19144168 kB
AnonHugePages:   6100992 kB
time: 204s
AnonPages:      19144036 kB
AnonHugePages:   6117376 kB
time: 205s
AnonPages:      19144092 kB
AnonHugePages:   6117376 kB
time: 206s
AnonPages:      19144080 kB
AnonHugePages:   6117376 kB
time: 207s
AnonPages:      19144036 kB
AnonHugePages:   6117376 kB
time: 208s
AnonPages:      19144108 kB
AnonHugePages:   6117376 kB
time: 209s
AnonPages:      19144048 kB
AnonHugePages:   6117376 kB
time: 210s
AnonPages:      19144200 kB
AnonHugePages:   6117376 kB
time: 211s
AnonPages:      19144244 kB
AnonHugePages:   6117376 kB
time: 212s
AnonPages:      19143948 kB
AnonHugePages:   6117376 kB
time: 213s
AnonPages:      19144000 kB
AnonHugePages:   6117376 kB
time: 214s
AnonPages:      19144024 kB
AnonHugePages:   6133760 kB
time: 215s
AnonPages:      19144064 kB
AnonHugePages:   6133760 kB
time: 216s
AnonPages:      19144132 kB
AnonHugePages:   6133760 kB
time: 217s
AnonPages:      19143948 kB
AnonHugePages:   6133760 kB
time: 218s
AnonPages:      19144036 kB
AnonHugePages:   6133760 kB
time: 219s
AnonPages:      19143884 kB
AnonHugePages:   6133760 kB
time: 220s
AnonPages:      19144084 kB
AnonHugePages:   6133760 kB
time: 221s
AnonPages:      19144104 kB
AnonHugePages:   6133760 kB
time: 222s
AnonPages:      19144136 kB
AnonHugePages:   6133760 kB
time: 223s
AnonPages:      19144180 kB
AnonHugePages:   6133760 kB
time: 224s
AnonPages:      19143952 kB
AnonHugePages:   6150144 kB
time: 225s
AnonPages:      19144084 kB
AnonHugePages:   6150144 kB
time: 226s
AnonPages:      19144024 kB
AnonHugePages:   6150144 kB
time: 227s
AnonPages:      19144224 kB
AnonHugePages:   6150144 kB
time: 228s
AnonPages:      19144028 kB
AnonHugePages:   6150144 kB
time: 229s
AnonPages:      19144024 kB
AnonHugePages:   6150144 kB
time: 230s
AnonPages:      19144112 kB
AnonHugePages:   6150144 kB
time: 231s
AnonPages:      19144020 kB
AnonHugePages:   6150144 kB
time: 232s
AnonPages:      19144196 kB
AnonHugePages:   6150144 kB
time: 233s
AnonPages:      19144188 kB
AnonHugePages:   6150144 kB
time: 234s
AnonPages:      19144036 kB
AnonHugePages:   6150144 kB
time: 235s
AnonPages:      19144056 kB
AnonHugePages:   6166528 kB
time: 236s
AnonPages:      19144004 kB
AnonHugePages:   6166528 kB
time: 237s
AnonPages:      19144092 kB
AnonHugePages:   6166528 kB
time: 238s
AnonPages:      19144176 kB
AnonHugePages:   6166528 kB
time: 239s
AnonPages:      19144008 kB
AnonHugePages:   6166528 kB
time: 240s
AnonPages:      19143952 kB
AnonHugePages:   6166528 kB
time: 241s
AnonPages:      19143844 kB
AnonHugePages:   6166528 kB
time: 242s
AnonPages:      19144040 kB
AnonHugePages:   6166528 kB
time: 243s
AnonPages:      19143952 kB
AnonHugePages:   6166528 kB
time: 244s
AnonPages:      19144028 kB
AnonHugePages:   6166528 kB
time: 245s
AnonPages:      19144088 kB
AnonHugePages:   6182912 kB
time: 246s
AnonPages:      19144040 kB
AnonHugePages:   6182912 kB
time: 247s
AnonPages:      19144112 kB
AnonHugePages:   6182912 kB
time: 248s
AnonPages:      19144160 kB
AnonHugePages:   6182912 kB
time: 249s
AnonPages:      19143856 kB
AnonHugePages:   6182912 kB
time: 250s
AnonPages:      19144036 kB
AnonHugePages:   6182912 kB
time: 251s
AnonPages:      19144040 kB
AnonHugePages:   6182912 kB
time: 252s
AnonPages:      19144164 kB
AnonHugePages:   6182912 kB
time: 253s
AnonPages:      19144324 kB
AnonHugePages:   6182912 kB
time: 254s
AnonPages:      19144228 kB
AnonHugePages:   6182912 kB
time: 255s
AnonPages:      19144076 kB
AnonHugePages:   6182912 kB
time: 256s
AnonPages:      19144012 kB
AnonHugePages:   6199296 kB
time: 257s
AnonPages:      19144088 kB
AnonHugePages:   6199296 kB
time: 258s
AnonPages:      19144104 kB
AnonHugePages:   6199296 kB
time: 259s
AnonPages:      19144360 kB
AnonHugePages:   6199296 kB
time: 260s
AnonPages:      19144032 kB
AnonHugePages:   6199296 kB
time: 261s
AnonPages:      19144224 kB
AnonHugePages:   6199296 kB
time: 262s
AnonPages:      19144040 kB
AnonHugePages:   6199296 kB
time: 263s
AnonPages:      19144104 kB
AnonHugePages:   6199296 kB
time: 264s
AnonPages:      19144016 kB
AnonHugePages:   6199296 kB
time: 265s
AnonPages:      19143900 kB
AnonHugePages:   6215680 kB
time: 266s
AnonPages:      19144140 kB
AnonHugePages:   6215680 kB
time: 267s
AnonPages:      19144072 kB
AnonHugePages:   6215680 kB
time: 268s
AnonPages:      19143956 kB
AnonHugePages:   6215680 kB
time: 269s
AnonPages:      19144024 kB
AnonHugePages:   6215680 kB
time: 270s
AnonPages:      19144148 kB
AnonHugePages:   6215680 kB
time: 271s
AnonPages:      19144132 kB
AnonHugePages:   6215680 kB
time: 272s
AnonPages:      19144044 kB
AnonHugePages:   6215680 kB
time: 273s
AnonPages:      19144172 kB
AnonHugePages:   6215680 kB
time: 274s
AnonPages:      19144076 kB
AnonHugePages:   6215680 kB
time: 275s
AnonPages:      19144264 kB
AnonHugePages:   6232064 kB
time: 276s
AnonPages:      19144108 kB
AnonHugePages:   6232064 kB
time: 277s
AnonPages:      19144272 kB
AnonHugePages:   6232064 kB
time: 278s
AnonPages:      19143956 kB
AnonHugePages:   6232064 kB
time: 279s
AnonPages:      19144084 kB
AnonHugePages:   6232064 kB
time: 280s
AnonPages:      19144044 kB
AnonHugePages:   6232064 kB
time: 281s
AnonPages:      19144128 kB
AnonHugePages:   6232064 kB
time: 282s
AnonPages:      19144276 kB
AnonHugePages:   6232064 kB
time: 283s
AnonPages:      19144016 kB
AnonHugePages:   6232064 kB
time: 284s
AnonPages:      19144096 kB
AnonHugePages:   6232064 kB
time: 285s
AnonPages:      19144084 kB
AnonHugePages:   6248448 kB
time: 286s
AnonPages:      19144244 kB
AnonHugePages:   6248448 kB
time: 287s
AnonPages:      19144132 kB
AnonHugePages:   6248448 kB
time: 288s
AnonPages:      19144164 kB
AnonHugePages:   6248448 kB
time: 289s
AnonPages:      19144136 kB
AnonHugePages:   6248448 kB
time: 290s
AnonPages:      19144248 kB
AnonHugePages:   6248448 kB
time: 291s
AnonPages:      19144168 kB
AnonHugePages:   6248448 kB
time: 292s
AnonPages:      19144100 kB
AnonHugePages:   6248448 kB
time: 293s
AnonPages:      19144044 kB
AnonHugePages:   6248448 kB
time: 294s
AnonPages:      19144172 kB
AnonHugePages:   6248448 kB
time: 295s
AnonPages:      19144308 kB
AnonHugePages:   6248448 kB
time: 296s
AnonPages:      19144164 kB
AnonHugePages:   6248448 kB
time: 297s
AnonPages:      19143992 kB
AnonHugePages:   6264832 kB
time: 298s
AnonPages:      19144236 kB
AnonHugePages:   6264832 kB
time: 299s
AnonPages:      19144196 kB
AnonHugePages:   6264832 kB
time: 300s
AnonPages:      19144232 kB
AnonHugePages:   6264832 kB
time: 301s
AnonPages:      19144072 kB
AnonHugePages:   6264832 kB
time: 302s
AnonPages:      19144184 kB
AnonHugePages:   6264832 kB
time: 303s
AnonPages:      19144124 kB
AnonHugePages:   6264832 kB
time: 304s
AnonPages:      19144240 kB
AnonHugePages:   6264832 kB
time: 305s
AnonPages:      19144192 kB
AnonHugePages:   6264832 kB
time: 306s
AnonPages:      19144068 kB
AnonHugePages:   6264832 kB
time: 307s
AnonPages:      19143848 kB
AnonHugePages:   6281216 kB
time: 308s
AnonPages:      19144136 kB
AnonHugePages:   6281216 kB
time: 309s
AnonPages:      19143976 kB
AnonHugePages:   6281216 kB
time: 310s
AnonPages:      19144020 kB
AnonHugePages:   6281216 kB
time: 311s
AnonPages:      19144160 kB
AnonHugePages:   6281216 kB
time: 312s
AnonPages:      19143984 kB
AnonHugePages:   6281216 kB
time: 313s
AnonPages:      19144064 kB
AnonHugePages:   6281216 kB
time: 314s
AnonPages:      19144136 kB
AnonHugePages:   6281216 kB
time: 315s
AnonPages:      19144284 kB
AnonHugePages:   6281216 kB
time: 316s
AnonPages:      19144132 kB
AnonHugePages:   6281216 kB
time: 317s
AnonPages:      19144244 kB
AnonHugePages:   6297600 kB
time: 318s
AnonPages:      19144016 kB
AnonHugePages:   6297600 kB
time: 319s
AnonPages:      19144236 kB
AnonHugePages:   6297600 kB
time: 320s
AnonPages:      19144272 kB
AnonHugePages:   6297600 kB
time: 321s
AnonPages:      19144260 kB
AnonHugePages:   6297600 kB
time: 322s
AnonPages:      19144220 kB
AnonHugePages:   6297600 kB
time: 323s
AnonPages:      19143840 kB
AnonHugePages:   6297600 kB
time: 324s
AnonPages:      19144004 kB
AnonHugePages:   6297600 kB
time: 325s
AnonPages:      19144148 kB
AnonHugePages:   6297600 kB
time: 326s
AnonPages:      19144252 kB
AnonHugePages:   6297600 kB
time: 327s
AnonPages:      19144348 kB
AnonHugePages:   6313984 kB
time: 328s
AnonPages:      19144148 kB
AnonHugePages:   6313984 kB
time: 329s
AnonPages:      19144168 kB
AnonHugePages:   6313984 kB
time: 330s
AnonPages:      19144168 kB
AnonHugePages:   6313984 kB
time: 331s
AnonPages:      19143920 kB
AnonHugePages:   6313984 kB
time: 332s
AnonPages:      19144204 kB
AnonHugePages:   6313984 kB
time: 333s
AnonPages:      19143980 kB
AnonHugePages:   6313984 kB
time: 334s
AnonPages:      19144112 kB
AnonHugePages:   6313984 kB
time: 335s
AnonPages:      19144076 kB
AnonHugePages:   6313984 kB
time: 336s
AnonPages:      19144200 kB
AnonHugePages:   6330368 kB
time: 337s
AnonPages:      19144136 kB
AnonHugePages:   6330368 kB
time: 338s
AnonPages:      19144104 kB
AnonHugePages:   6330368 kB
time: 339s
AnonPages:      19144104 kB
AnonHugePages:   6330368 kB
time: 340s
AnonPages:      19144088 kB
AnonHugePages:   6330368 kB
time: 341s
AnonPages:      19144212 kB
AnonHugePages:   6330368 kB
time: 342s
AnonPages:      19144220 kB
AnonHugePages:   6330368 kB
time: 343s
AnonPages:      19144044 kB
AnonHugePages:   6330368 kB
time: 344s
AnonPages:      19144108 kB
AnonHugePages:   6330368 kB
time: 345s
AnonPages:      19144108 kB
AnonHugePages:   6330368 kB
time: 346s
AnonPages:      19143960 kB
AnonHugePages:   6330368 kB
time: 347s
AnonPages:      19144020 kB
AnonHugePages:   6346752 kB
time: 348s
AnonPages:      19144340 kB
AnonHugePages:   6346752 kB
time: 349s
AnonPages:      19144284 kB
AnonHugePages:   6346752 kB
time: 350s
AnonPages:      19144052 kB
AnonHugePages:   6346752 kB
time: 351s
AnonPages:      19143924 kB
AnonHugePages:   6346752 kB
time: 352s
AnonPages:      19144048 kB
AnonHugePages:   6346752 kB
time: 353s
AnonPages:      19144116 kB
AnonHugePages:   6346752 kB
time: 354s
AnonPages:      19144164 kB
AnonHugePages:   6346752 kB
time: 355s
AnonPages:      19144192 kB
AnonHugePages:   6346752 kB
time: 356s
AnonPages:      19144048 kB
AnonHugePages:   6346752 kB
time: 357s
AnonPages:      19144140 kB
AnonHugePages:   6363136 kB
time: 358s
AnonPages:      19144052 kB
AnonHugePages:   6363136 kB
time: 359s
AnonPages:      19144132 kB
AnonHugePages:   6363136 kB
time: 360s
AnonPages:      19144024 kB
AnonHugePages:   6363136 kB
time: 361s
AnonPages:      19144076 kB
AnonHugePages:   6363136 kB
time: 362s
AnonPages:      19144096 kB
AnonHugePages:   6363136 kB
time: 363s
AnonPages:      19144112 kB
AnonHugePages:   6363136 kB
time: 364s
AnonPages:      19144052 kB
AnonHugePages:   6363136 kB
time: 365s
AnonPages:      19144244 kB
AnonHugePages:   6363136 kB
time: 366s
AnonPages:      19144116 kB
AnonHugePages:   6363136 kB
time: 367s
AnonPages:      19144240 kB
AnonHugePages:   6379520 kB
time: 368s
AnonPages:      19144196 kB
AnonHugePages:   6379520 kB
time: 369s
AnonPages:      19144164 kB
AnonHugePages:   6379520 kB
time: 370s
AnonPages:      19144320 kB
AnonHugePages:   6379520 kB
time: 371s
AnonPages:      19144264 kB
AnonHugePages:   6379520 kB
time: 372s
AnonPages:      19144184 kB
AnonHugePages:   6379520 kB
time: 373s
AnonPages:      19143840 kB
AnonHugePages:   6379520 kB
time: 374s
AnonPages:      19143964 kB
AnonHugePages:   6379520 kB
time: 375s
AnonPages:      19143884 kB
AnonHugePages:   6379520 kB
time: 376s
AnonPages:      19144204 kB
AnonHugePages:   6379520 kB
time: 377s
AnonPages:      19144244 kB
AnonHugePages:   6379520 kB
time: 378s
AnonPages:      19144024 kB
AnonHugePages:   6395904 kB
time: 379s
AnonPages:      19144060 kB
AnonHugePages:   6395904 kB
time: 380s
AnonPages:      19144304 kB
AnonHugePages:   6395904 kB
time: 381s
AnonPages:      19144304 kB
AnonHugePages:   6395904 kB
time: 382s
AnonPages:      19144032 kB
AnonHugePages:   6395904 kB
time: 383s
AnonPages:      19144116 kB
AnonHugePages:   6395904 kB
time: 384s
AnonPages:      19143944 kB
AnonHugePages:   6395904 kB
time: 385s
AnonPages:      19144244 kB
AnonHugePages:   6395904 kB
time: 386s
AnonPages:      19143960 kB
AnonHugePages:   6395904 kB
time: 387s
AnonPages:      19144032 kB
AnonHugePages:   6395904 kB
time: 388s
AnonPages:      19144020 kB
AnonHugePages:   6412288 kB
time: 389s
AnonPages:      19144084 kB
AnonHugePages:   6412288 kB
time: 390s
AnonPages:      19144160 kB
AnonHugePages:   6412288 kB
time: 391s
AnonPages:      19144140 kB
AnonHugePages:   6412288 kB
time: 392s
AnonPages:      19144292 kB
AnonHugePages:   6412288 kB
time: 393s
AnonPages:      19144084 kB
AnonHugePages:   6412288 kB
time: 394s
AnonPages:      19144112 kB
AnonHugePages:   6412288 kB
time: 395s
AnonPages:      19144180 kB
AnonHugePages:   6412288 kB
time: 396s
AnonPages:      19144292 kB
AnonHugePages:   6412288 kB
time: 397s
AnonPages:      19144168 kB
AnonHugePages:   6412288 kB
time: 398s
AnonPages:      19144112 kB
AnonHugePages:   6428672 kB
time: 399s
AnonPages:      19144084 kB
AnonHugePages:   6428672 kB
time: 400s
AnonPages:      19143968 kB
AnonHugePages:   6428672 kB
time: 401s
AnonPages:      19144328 kB
AnonHugePages:   6428672 kB
time: 402s
AnonPages:      19144244 kB
AnonHugePages:   6428672 kB
time: 403s
AnonPages:      19144056 kB
AnonHugePages:   6428672 kB
time: 404s
AnonPages:      19144136 kB
AnonHugePages:   6428672 kB
time: 405s
AnonPages:      19144056 kB
AnonHugePages:   6428672 kB
time: 406s
AnonPages:      19144092 kB
AnonHugePages:   6428672 kB
time: 407s
AnonPages:      19144112 kB
AnonHugePages:   6428672 kB
time: 408s
AnonPages:      19144096 kB
AnonHugePages:   6428672 kB
time: 409s
AnonPages:      19144128 kB
AnonHugePages:   6445056 kB
time: 410s
AnonPages:      19144108 kB
AnonHugePages:   6445056 kB
time: 411s
AnonPages:      19144188 kB
AnonHugePages:   6445056 kB
time: 412s
AnonPages:      19144456 kB
AnonHugePages:   6445056 kB
time: 413s
AnonPages:      19144036 kB
AnonHugePages:   6445056 kB
time: 414s
AnonPages:      19144196 kB
AnonHugePages:   6445056 kB
time: 415s
AnonPages:      19144024 kB
AnonHugePages:   6445056 kB
time: 416s
AnonPages:      19144228 kB
AnonHugePages:   6445056 kB
time: 417s
AnonPages:      19144016 kB
AnonHugePages:   6445056 kB
time: 418s
AnonPages:      19144268 kB
AnonHugePages:   6461440 kB
time: 419s
AnonPages:      19144116 kB
AnonHugePages:   6461440 kB
time: 420s
AnonPages:      19144204 kB
AnonHugePages:   6461440 kB
time: 421s
AnonPages:      19144132 kB
AnonHugePages:   6461440 kB
time: 422s
AnonPages:      19144244 kB
AnonHugePages:   6461440 kB
time: 423s
AnonPages:      19144140 kB
AnonHugePages:   6461440 kB
time: 424s
AnonPages:      19144256 kB
AnonHugePages:   6461440 kB
time: 425s
AnonPages:      19144112 kB
AnonHugePages:   6461440 kB
time: 426s
AnonPages:      19144028 kB
AnonHugePages:   6461440 kB
time: 427s
AnonPages:      19144064 kB
AnonHugePages:   6461440 kB
time: 428s
AnonPages:      19144092 kB
AnonHugePages:   6461440 kB
time: 429s
AnonPages:      19144196 kB
AnonHugePages:   6461440 kB
time: 430s
AnonPages:      19144188 kB
AnonHugePages:   6477824 kB
time: 431s
AnonPages:      19144040 kB
AnonHugePages:   6477824 kB
time: 432s
AnonPages:      19144308 kB
AnonHugePages:   6477824 kB
time: 433s
AnonPages:      19144032 kB
AnonHugePages:   6477824 kB
time: 434s
AnonPages:      19144192 kB
AnonHugePages:   6477824 kB
time: 435s
AnonPages:      19144028 kB
AnonHugePages:   6477824 kB
time: 436s
AnonPages:      19144116 kB
AnonHugePages:   6477824 kB
time: 437s
AnonPages:      19144104 kB
AnonHugePages:   6477824 kB
time: 438s
AnonPages:      19144268 kB
AnonHugePages:   6477824 kB
time: 439s
AnonPages:      19144148 kB
AnonHugePages:   6494208 kB
time: 440s
AnonPages:      19144180 kB
AnonHugePages:   6494208 kB
time: 441s
AnonPages:      19144008 kB
AnonHugePages:   6494208 kB
time: 442s
AnonPages:      19144188 kB
AnonHugePages:   6494208 kB
time: 443s
AnonPages:      19144132 kB
AnonHugePages:   6494208 kB
time: 444s
AnonPages:      19144120 kB
AnonHugePages:   6494208 kB
time: 445s
AnonPages:      19143964 kB
AnonHugePages:   6494208 kB
time: 446s
AnonPages:      19144012 kB
AnonHugePages:   6494208 kB
time: 447s
AnonPages:      19144084 kB
AnonHugePages:   6494208 kB
time: 448s
AnonPages:      19144036 kB
AnonHugePages:   6494208 kB
time: 449s
AnonPages:      19144216 kB
AnonHugePages:   6510592 kB
time: 450s
AnonPages:      19144116 kB
AnonHugePages:   6510592 kB
time: 451s
AnonPages:      19144084 kB
AnonHugePages:   6510592 kB
time: 452s
AnonPages:      19144048 kB
AnonHugePages:   6510592 kB
time: 453s
AnonPages:      19144124 kB
AnonHugePages:   6510592 kB
time: 454s
AnonPages:      19144220 kB
AnonHugePages:   6510592 kB
time: 455s
AnonPages:      19144116 kB
AnonHugePages:   6510592 kB
time: 456s
AnonPages:      19144248 kB
AnonHugePages:   6510592 kB
time: 457s
AnonPages:      19144028 kB
AnonHugePages:   6510592 kB
time: 458s
AnonPages:      19144116 kB
AnonHugePages:   6510592 kB
time: 459s
AnonPages:      19144268 kB
AnonHugePages:   6526976 kB
time: 460s
AnonPages:      19144120 kB
AnonHugePages:   6526976 kB
time: 461s
AnonPages:      19144084 kB
AnonHugePages:   6526976 kB
time: 462s
AnonPages:      19144120 kB
AnonHugePages:   6526976 kB
time: 463s
AnonPages:      19144184 kB
AnonHugePages:   6526976 kB
time: 464s
AnonPages:      19144028 kB
AnonHugePages:   6526976 kB
time: 465s
AnonPages:      19144116 kB
AnonHugePages:   6526976 kB
time: 466s
AnonPages:      19144232 kB
AnonHugePages:   6526976 kB
time: 467s
AnonPages:      19144116 kB
AnonHugePages:   6526976 kB
time: 468s
AnonPages:      19144304 kB
AnonHugePages:   6526976 kB
time: 469s
AnonPages:      19144176 kB
AnonHugePages:   6526976 kB
time: 470s
AnonPages:      19144304 kB
AnonHugePages:   6543360 kB
time: 471s
AnonPages:      19144188 kB
AnonHugePages:   6543360 kB
time: 472s
AnonPages:      19144344 kB
AnonHugePages:   6543360 kB
time: 473s
AnonPages:      19144108 kB
AnonHugePages:   6543360 kB
time: 474s
AnonPages:      19144104 kB
AnonHugePages:   6543360 kB
time: 475s
AnonPages:      19143960 kB
AnonHugePages:   6543360 kB
time: 476s
AnonPages:      19144108 kB
AnonHugePages:   6543360 kB
time: 477s
AnonPages:      19144056 kB
AnonHugePages:   6543360 kB
time: 478s
AnonPages:      19144028 kB
AnonHugePages:   6543360 kB
time: 479s
AnonPages:      19144064 kB
AnonHugePages:   6543360 kB
time: 480s
AnonPages:      19144120 kB
AnonHugePages:   6559744 kB
time: 481s
AnonPages:      19144124 kB
AnonHugePages:   6559744 kB
time: 482s
AnonPages:      19144064 kB
AnonHugePages:   6559744 kB
time: 483s
AnonPages:      19144132 kB
AnonHugePages:   6559744 kB
time: 484s
AnonPages:      19144064 kB
AnonHugePages:   6559744 kB
time: 485s
AnonPages:      19144192 kB
AnonHugePages:   6559744 kB
time: 486s
AnonPages:      19144080 kB
AnonHugePages:   6559744 kB
time: 487s
AnonPages:      19144092 kB
AnonHugePages:   6559744 kB
time: 488s
AnonPages:      19144092 kB
AnonHugePages:   6559744 kB
time: 489s
AnonPages:      19144112 kB
AnonHugePages:   6559744 kB
time: 490s
AnonPages:      19144152 kB
AnonHugePages:   6559744 kB
time: 491s
AnonPages:      19144120 kB
AnonHugePages:   6576128 kB
time: 492s
AnonPages:      19144268 kB
AnonHugePages:   6576128 kB
time: 493s
AnonPages:      19144308 kB
AnonHugePages:   6576128 kB
time: 494s
AnonPages:      19144124 kB
AnonHugePages:   6576128 kB
time: 495s
AnonPages:      19144184 kB
AnonHugePages:   6576128 kB
time: 496s
AnonPages:      19144324 kB
AnonHugePages:   6576128 kB
time: 497s
AnonPages:      19144288 kB
AnonHugePages:   6576128 kB
time: 498s
AnonPages:      19144004 kB
AnonHugePages:   6576128 kB
time: 499s
AnonPages:      19144108 kB
AnonHugePages:   6576128 kB
time: 500s
AnonPages:      19144260 kB
AnonHugePages:   6576128 kB
time: 501s
AnonPages:      19144040 kB
AnonHugePages:   6592512 kB
time: 502s
AnonPages:      19144124 kB
AnonHugePages:   6592512 kB
time: 503s
AnonPages:      19144096 kB
AnonHugePages:   6592512 kB
time: 504s
AnonPages:      19144172 kB
AnonHugePages:   6592512 kB
time: 505s
AnonPages:      19144248 kB
AnonHugePages:   6592512 kB
time: 506s
AnonPages:      19144224 kB
AnonHugePages:   6592512 kB
time: 507s
AnonPages:      19144064 kB
AnonHugePages:   6592512 kB
time: 508s
AnonPages:      19144300 kB
AnonHugePages:   6592512 kB
time: 509s
AnonPages:      19143968 kB
AnonHugePages:   6592512 kB
time: 510s
AnonPages:      19144160 kB
AnonHugePages:   6592512 kB
time: 511s
AnonPages:      19144124 kB
AnonHugePages:   6608896 kB
time: 512s
AnonPages:      19144116 kB
AnonHugePages:   6608896 kB
time: 513s
AnonPages:      19144040 kB
AnonHugePages:   6608896 kB
time: 514s
AnonPages:      19144112 kB
AnonHugePages:   6608896 kB
time: 515s
AnonPages:      19144208 kB
AnonHugePages:   6608896 kB
time: 516s
AnonPages:      19144184 kB
AnonHugePages:   6608896 kB
time: 517s
AnonPages:      19144140 kB
AnonHugePages:   6608896 kB
time: 518s
AnonPages:      19144052 kB
AnonHugePages:   6608896 kB
time: 519s
AnonPages:      19144064 kB
AnonHugePages:   6608896 kB
time: 520s
AnonPages:      19144068 kB
AnonHugePages:   6608896 kB
time: 521s
AnonPages:      19144168 kB
AnonHugePages:   6625280 kB
time: 522s
AnonPages:      19144032 kB
AnonHugePages:   6625280 kB
time: 523s
AnonPages:      19144120 kB
AnonHugePages:   6625280 kB
time: 524s
AnonPages:      19144068 kB
AnonHugePages:   6625280 kB
time: 525s
AnonPages:      19144068 kB
AnonHugePages:   6625280 kB
time: 526s
AnonPages:      19144092 kB
AnonHugePages:   6625280 kB
time: 527s
AnonPages:      19144128 kB
AnonHugePages:   6625280 kB
time: 528s
AnonPages:      19144208 kB
AnonHugePages:   6625280 kB
time: 529s
AnonPages:      19144068 kB
AnonHugePages:   6625280 kB
time: 530s
AnonPages:      19144120 kB
AnonHugePages:   6625280 kB
time: 531s
AnonPages:      19144168 kB
AnonHugePages:   6641664 kB
time: 532s
AnonPages:      19144360 kB
AnonHugePages:   6641664 kB
time: 533s
AnonPages:      19143984 kB
AnonHugePages:   6641664 kB
time: 534s
AnonPages:      19144176 kB
AnonHugePages:   6641664 kB
time: 535s
AnonPages:      19144064 kB
AnonHugePages:   6641664 kB
time: 536s
AnonPages:      19144036 kB
AnonHugePages:   6641664 kB
time: 537s
AnonPages:      19144172 kB
AnonHugePages:   6641664 kB
time: 538s
AnonPages:      19144296 kB
AnonHugePages:   6641664 kB
time: 539s
AnonPages:      19144068 kB
AnonHugePages:   6641664 kB
time: 540s
AnonPages:      19144100 kB
AnonHugePages:   6641664 kB
time: 541s
AnonPages:      19144068 kB
AnonHugePages:   6641664 kB
time: 542s
AnonPages:      19144084 kB
AnonHugePages:   6658048 kB
time: 543s
AnonPages:      19144164 kB
AnonHugePages:   6658048 kB
time: 544s
AnonPages:      19144036 kB
AnonHugePages:   6658048 kB
time: 545s
AnonPages:      19143996 kB
AnonHugePages:   6658048 kB
time: 546s
AnonPages:      19144192 kB
AnonHugePages:   6658048 kB
time: 547s
AnonPages:      19144068 kB
AnonHugePages:   6658048 kB
time: 548s
AnonPages:      19144300 kB
AnonHugePages:   6658048 kB
time: 549s
AnonPages:      19144048 kB
AnonHugePages:   6658048 kB
time: 550s
AnonPages:      19144236 kB
AnonHugePages:   6674432 kB
time: 551s
AnonPages:      19144112 kB
AnonHugePages:   6674432 kB
time: 552s
AnonPages:      19143980 kB
AnonHugePages:   6674432 kB
time: 553s
AnonPages:      19144116 kB
AnonHugePages:   6674432 kB
time: 554s
AnonPages:      19144148 kB
AnonHugePages:   6674432 kB
time: 555s
AnonPages:      19144216 kB
AnonHugePages:   6674432 kB
time: 556s
AnonPages:      19144028 kB
AnonHugePages:   6674432 kB
time: 557s
AnonPages:      19144000 kB
AnonHugePages:   6674432 kB
time: 558s
AnonPages:      19144176 kB
AnonHugePages:   6674432 kB
time: 559s
AnonPages:      19144052 kB
AnonHugePages:   6674432 kB
time: 560s
AnonPages:      19144256 kB
AnonHugePages:   6674432 kB
time: 561s
AnonPages:      19144068 kB
AnonHugePages:   6690816 kB
time: 562s
AnonPages:      19144340 kB
AnonHugePages:   6690816 kB
time: 563s
AnonPages:      19144072 kB
AnonHugePages:   6690816 kB
time: 564s
AnonPages:      19144128 kB
AnonHugePages:   6690816 kB
time: 565s
AnonPages:      19144072 kB
AnonHugePages:   6690816 kB
time: 566s
AnonPages:      19144048 kB
AnonHugePages:   6690816 kB
time: 567s
AnonPages:      19144056 kB
AnonHugePages:   6690816 kB
time: 568s
AnonPages:      19144288 kB
AnonHugePages:   6690816 kB
time: 569s
AnonPages:      19144068 kB
AnonHugePages:   6690816 kB
time: 570s
AnonPages:      19144372 kB
AnonHugePages:   6690816 kB
time: 571s
AnonPages:      19143960 kB
AnonHugePages:   6707200 kB
time: 572s
AnonPages:      19144296 kB
AnonHugePages:   6707200 kB
time: 573s
AnonPages:      19144068 kB
AnonHugePages:   6707200 kB
time: 574s
AnonPages:      19144212 kB
AnonHugePages:   6707200 kB
time: 575s
AnonPages:      19144068 kB
AnonHugePages:   6707200 kB
time: 576s
AnonPages:      19143824 kB
AnonHugePages:   6707200 kB
time: 577s
AnonPages:      19144052 kB
AnonHugePages:   6707200 kB
time: 578s
AnonPages:      19144316 kB
AnonHugePages:   6707200 kB
time: 579s
AnonPages:      19144108 kB
AnonHugePages:   6707200 kB
time: 580s
AnonPages:      19144212 kB
AnonHugePages:   6707200 kB
time: 581s
AnonPages:      19144088 kB
AnonHugePages:   6707200 kB
time: 582s
AnonPages:      19144232 kB
AnonHugePages:   6723584 kB
time: 583s
AnonPages:      19144264 kB
AnonHugePages:   6723584 kB
time: 584s
AnonPages:      19144120 kB
AnonHugePages:   6723584 kB
time: 585s
AnonPages:      19144124 kB
AnonHugePages:   6723584 kB
time: 586s
AnonPages:      19144244 kB
AnonHugePages:   6723584 kB
time: 587s
AnonPages:      19144316 kB
AnonHugePages:   6723584 kB
time: 588s
AnonPages:      19144100 kB
AnonHugePages:   6723584 kB
time: 589s
AnonPages:      19144188 kB
AnonHugePages:   6723584 kB
time: 590s
AnonPages:      19144216 kB
AnonHugePages:   6723584 kB
time: 591s
AnonPages:      19144200 kB
AnonHugePages:   6723584 kB
time: 592s
AnonPages:      19144284 kB
AnonHugePages:   6723584 kB
time: 593s
AnonPages:      19144136 kB
AnonHugePages:   6739968 kB
time: 594s
AnonPages:      19144164 kB
AnonHugePages:   6739968 kB
time: 595s
AnonPages:      19144356 kB
AnonHugePages:   6739968 kB
time: 596s
AnonPages:      19144216 kB
AnonHugePages:   6739968 kB
time: 597s
AnonPages:      19144132 kB
AnonHugePages:   6739968 kB
time: 598s
AnonPages:      19144164 kB
AnonHugePages:   6739968 kB
time: 599s
AnonPages:      19143984 kB
AnonHugePages:   6739968 kB
time: 600s
AnonPages:      19144296 kB
AnonHugePages:   6739968 kB
time: 601s
AnonPages:      19144276 kB
AnonHugePages:   6739968 kB
time: 602s
AnonPages:      19144068 kB
AnonHugePages:   6739968 kB
time: 603s
AnonPages:      19144172 kB
AnonHugePages:   6756352 kB
time: 604s
AnonPages:      19144128 kB
AnonHugePages:   6756352 kB
time: 605s
AnonPages:      19144332 kB
AnonHugePages:   6756352 kB
time: 606s
AnonPages:      19144164 kB
AnonHugePages:   6756352 kB
time: 607s
AnonPages:      19144468 kB
AnonHugePages:   6756352 kB
time: 608s
AnonPages:      19144256 kB
AnonHugePages:   6756352 kB
time: 609s
AnonPages:      19144272 kB
AnonHugePages:   6756352 kB
time: 610s
AnonPages:      19143988 kB
AnonHugePages:   6756352 kB
time: 611s
AnonPages:      19144280 kB
AnonHugePages:   6756352 kB
time: 612s
AnonPages:      19143856 kB
AnonHugePages:   6756352 kB
time: 613s
AnonPages:      19144120 kB
AnonHugePages:   6756352 kB
time: 614s
AnonPages:      19144156 kB
AnonHugePages:   6772736 kB
time: 615s
AnonPages:      19144164 kB
AnonHugePages:   6772736 kB
time: 616s
AnonPages:      19144072 kB
AnonHugePages:   6772736 kB
time: 617s
AnonPages:      19144220 kB
AnonHugePages:   6772736 kB
time: 618s
AnonPages:      19144076 kB
AnonHugePages:   6772736 kB
time: 619s
AnonPages:      19144180 kB
AnonHugePages:   6772736 kB
time: 620s
AnonPages:      19144128 kB
AnonHugePages:   6772736 kB
time: 621s
AnonPages:      19144064 kB
AnonHugePages:   6772736 kB
time: 622s
AnonPages:      19144196 kB
AnonHugePages:   6772736 kB
time: 623s
AnonPages:      19144288 kB
AnonHugePages:   6789120 kB
time: 624s
AnonPages:      19144204 kB
AnonHugePages:   6789120 kB
time: 625s
AnonPages:      19144196 kB
AnonHugePages:   6789120 kB
time: 626s
AnonPages:      19144124 kB
AnonHugePages:   6789120 kB
time: 627s
AnonPages:      19144084 kB
AnonHugePages:   6789120 kB
time: 628s
AnonPages:      19144228 kB
AnonHugePages:   6789120 kB
time: 629s
AnonPages:      19144308 kB
AnonHugePages:   6789120 kB
time: 630s
AnonPages:      19144176 kB
AnonHugePages:   6789120 kB
time: 631s
AnonPages:      19144116 kB
AnonHugePages:   6789120 kB
time: 632s
AnonPages:      19144172 kB
AnonHugePages:   6805504 kB
time: 633s
AnonPages:      19144188 kB
AnonHugePages:   6805504 kB
time: 634s
AnonPages:      19144196 kB
AnonHugePages:   6805504 kB
time: 635s
AnonPages:      19144104 kB
AnonHugePages:   6805504 kB
time: 636s
AnonPages:      19144064 kB
AnonHugePages:   6805504 kB
time: 637s
AnonPages:      19143976 kB
AnonHugePages:   6805504 kB
time: 638s
AnonPages:      19143924 kB
AnonHugePages:   6805504 kB
time: 639s
AnonPages:      19143888 kB
AnonHugePages:   6805504 kB
time: 640s
AnonPages:      19144132 kB
AnonHugePages:   6805504 kB
time: 641s
AnonPages:      19144044 kB
AnonHugePages:   6805504 kB
time: 642s
AnonPages:      19144072 kB
AnonHugePages:   6807552 kB
time: 643s
AnonPages:      19144176 kB
AnonHugePages:   6807552 kB
time: 644s
AnonPages:      19144228 kB
AnonHugePages:   6821888 kB
time: 645s
AnonPages:      19144036 kB
AnonHugePages:   6821888 kB
time: 646s
AnonPages:      19144072 kB
AnonHugePages:   6821888 kB
time: 647s
AnonPages:      19143884 kB
AnonHugePages:   6821888 kB
time: 648s
AnonPages:      19144076 kB
AnonHugePages:   6821888 kB
time: 649s
AnonPages:      19144136 kB
AnonHugePages:   6821888 kB
time: 650s
AnonPages:      19144344 kB
AnonHugePages:   6821888 kB
time: 651s
AnonPages:      19144144 kB
AnonHugePages:   6821888 kB
time: 652s
AnonPages:      19144228 kB
AnonHugePages:   6821888 kB
time: 653s
AnonPages:      19144148 kB
AnonHugePages:   6821888 kB
time: 654s
AnonPages:      19144288 kB
AnonHugePages:   6821888 kB
time: 655s
AnonPages:      19143964 kB
AnonHugePages:   6838272 kB
time: 656s
AnonPages:      19144028 kB
AnonHugePages:   6838272 kB
time: 657s
AnonPages:      19144284 kB
AnonHugePages:   6838272 kB
time: 658s
AnonPages:      19144288 kB
AnonHugePages:   6838272 kB
time: 659s
AnonPages:      19144064 kB
AnonHugePages:   6838272 kB
time: 660s
AnonPages:      19144120 kB
AnonHugePages:   6838272 kB
time: 661s
AnonPages:      19143968 kB
AnonHugePages:   6838272 kB
time: 662s
AnonPages:      19144088 kB
AnonHugePages:   6838272 kB
time: 663s
AnonPages:      19144124 kB
AnonHugePages:   6838272 kB
time: 664s
AnonPages:      19144060 kB
AnonHugePages:   6838272 kB
time: 665s
AnonPages:      19144080 kB
AnonHugePages:   6854656 kB
time: 666s
AnonPages:      19143912 kB
AnonHugePages:   6854656 kB
time: 667s
AnonPages:      19144248 kB
AnonHugePages:   6854656 kB
time: 668s
AnonPages:      19144252 kB
AnonHugePages:   6854656 kB
time: 669s
AnonPages:      19144224 kB
AnonHugePages:   6854656 kB
time: 670s
AnonPages:      19144216 kB
AnonHugePages:   6854656 kB
time: 671s
AnonPages:      19144164 kB
AnonHugePages:   6854656 kB
time: 672s
AnonPages:      19144140 kB
AnonHugePages:   6854656 kB
time: 673s
AnonPages:      19144212 kB
AnonHugePages:   6854656 kB
time: 674s
AnonPages:      19144344 kB
AnonHugePages:   6854656 kB
time: 675s
AnonPages:      19144240 kB
AnonHugePages:   6871040 kB
time: 676s
AnonPages:      19144100 kB
AnonHugePages:   6871040 kB
time: 677s
AnonPages:      19144168 kB
AnonHugePages:   6871040 kB
time: 678s
AnonPages:      19144276 kB
AnonHugePages:   6871040 kB
time: 679s
AnonPages:      19144444 kB
AnonHugePages:   6871040 kB
time: 680s
AnonPages:      19144376 kB
AnonHugePages:   6871040 kB
time: 681s
AnonPages:      19143992 kB
AnonHugePages:   6871040 kB
time: 682s
AnonPages:      19144252 kB
AnonHugePages:   6871040 kB
time: 683s
AnonPages:      19144076 kB
AnonHugePages:   6871040 kB
time: 684s
AnonPages:      19144104 kB
AnonHugePages:   6887424 kB
time: 685s
AnonPages:      19144168 kB
AnonHugePages:   6887424 kB
time: 686s
AnonPages:      19144152 kB
AnonHugePages:   6887424 kB
time: 687s
AnonPages:      19144100 kB
AnonHugePages:   6887424 kB
time: 688s
AnonPages:      19144308 kB
AnonHugePages:   6887424 kB
time: 689s
AnonPages:      19144080 kB
AnonHugePages:   6887424 kB
time: 690s
AnonPages:      19144268 kB
AnonHugePages:   6887424 kB
time: 691s
AnonPages:      19144232 kB
AnonHugePages:   6887424 kB
time: 692s
AnonPages:      19144100 kB
AnonHugePages:   6887424 kB
time: 693s
AnonPages:      19144068 kB
AnonHugePages:   6887424 kB
time: 694s
AnonPages:      19144168 kB
AnonHugePages:   6887424 kB
time: 695s
AnonPages:      19144144 kB
AnonHugePages:   6903808 kB
time: 696s
AnonPages:      19144100 kB
AnonHugePages:   6903808 kB
time: 697s
AnonPages:      19144148 kB
AnonHugePages:   6903808 kB
time: 698s
AnonPages:      19144240 kB
AnonHugePages:   6903808 kB
time: 699s
AnonPages:      19144136 kB
AnonHugePages:   6903808 kB
time: 700s
AnonPages:      19143996 kB
AnonHugePages:   6903808 kB
time: 701s
AnonPages:      19144140 kB
AnonHugePages:   6903808 kB
time: 702s
AnonPages:      19144144 kB
AnonHugePages:   6903808 kB
time: 703s
AnonPages:      19144160 kB
AnonHugePages:   6903808 kB
time: 704s
AnonPages:      19144220 kB
AnonHugePages:   6920192 kB
time: 705s
AnonPages:      19144420 kB
AnonHugePages:   6920192 kB
time: 706s
AnonPages:      19144192 kB
AnonHugePages:   6920192 kB
time: 707s
AnonPages:      19144384 kB
AnonHugePages:   6920192 kB
time: 708s
AnonPages:      19144216 kB
AnonHugePages:   6920192 kB
time: 709s
AnonPages:      19144476 kB
AnonHugePages:   6920192 kB
time: 710s
AnonPages:      19144060 kB
AnonHugePages:   6920192 kB
time: 711s
AnonPages:      19144268 kB
AnonHugePages:   6920192 kB
time: 712s
AnonPages:      19144168 kB
AnonHugePages:   6920192 kB
time: 713s
AnonPages:      19144268 kB
AnonHugePages:   6920192 kB
time: 714s
AnonPages:      19144220 kB
AnonHugePages:   6920192 kB
time: 715s
AnonPages:      19144128 kB
AnonHugePages:   6920192 kB
time: 716s
AnonPages:      19144048 kB
AnonHugePages:   6936576 kB
time: 717s
AnonPages:      19144172 kB
AnonHugePages:   6936576 kB
time: 718s
AnonPages:      19144228 kB
AnonHugePages:   6936576 kB
time: 719s
AnonPages:      19144284 kB
AnonHugePages:   6936576 kB
time: 720s
AnonPages:      19144120 kB
AnonHugePages:   6936576 kB
time: 721s
AnonPages:      19144204 kB
AnonHugePages:   6936576 kB
time: 722s
AnonPages:      19144132 kB
AnonHugePages:   6936576 kB
time: 723s
AnonPages:      19144184 kB
AnonHugePages:   6936576 kB
time: 724s
AnonPages:      19144260 kB
AnonHugePages:   6936576 kB
time: 725s
AnonPages:      19144064 kB
AnonHugePages:   6952960 kB
time: 726s
AnonPages:      19144216 kB
AnonHugePages:   6952960 kB
time: 727s
AnonPages:      19144120 kB
AnonHugePages:   6952960 kB
time: 728s
AnonPages:      19144140 kB
AnonHugePages:   6952960 kB
time: 729s
AnonPages:      19143976 kB
AnonHugePages:   6952960 kB
time: 730s
AnonPages:      19144200 kB
AnonHugePages:   6952960 kB
time: 731s
AnonPages:      19144060 kB
AnonHugePages:   6952960 kB
time: 732s
AnonPages:      19144056 kB
AnonHugePages:   6952960 kB
time: 733s
AnonPages:      19144148 kB
AnonHugePages:   6952960 kB
time: 734s
AnonPages:      19144100 kB
AnonHugePages:   6952960 kB
time: 735s
AnonPages:      19144088 kB
AnonHugePages:   6969344 kB
time: 736s
AnonPages:      19144156 kB
AnonHugePages:   6969344 kB
time: 737s
AnonPages:      19144184 kB
AnonHugePages:   6969344 kB
time: 738s
AnonPages:      19144392 kB
AnonHugePages:   6969344 kB
time: 739s
AnonPages:      19144232 kB
AnonHugePages:   6969344 kB
time: 740s
AnonPages:      19144296 kB
AnonHugePages:   6969344 kB
time: 741s
AnonPages:      19144144 kB
AnonHugePages:   6969344 kB
time: 742s
AnonPages:      19144280 kB
AnonHugePages:   6969344 kB
time: 743s
AnonPages:      19144108 kB
AnonHugePages:   6969344 kB
time: 744s
AnonPages:      19144088 kB
AnonHugePages:   6969344 kB
time: 745s
AnonPages:      19144008 kB
AnonHugePages:   6969344 kB
time: 746s
AnonPages:      19144072 kB
AnonHugePages:   6985728 kB
time: 747s
AnonPages:      19144092 kB
AnonHugePages:   6985728 kB
time: 748s
AnonPages:      19144088 kB
AnonHugePages:   6985728 kB
time: 749s
AnonPages:      19144260 kB
AnonHugePages:   6985728 kB
time: 750s
AnonPages:      19144060 kB
AnonHugePages:   6985728 kB
time: 751s
AnonPages:      19144056 kB
AnonHugePages:   6985728 kB
time: 752s
AnonPages:      19144060 kB
AnonHugePages:   6985728 kB
time: 753s
AnonPages:      19144220 kB
AnonHugePages:   6985728 kB
time: 754s
AnonPages:      19144176 kB
AnonHugePages:   6985728 kB
time: 755s
AnonPages:      19144144 kB
AnonHugePages:   6985728 kB
time: 756s
AnonPages:      19144064 kB
AnonHugePages:   6985728 kB
time: 757s
AnonPages:      19144320 kB
AnonHugePages:   7002112 kB
time: 758s
AnonPages:      19144196 kB
AnonHugePages:   7002112 kB
time: 759s
AnonPages:      19144228 kB
AnonHugePages:   7002112 kB
time: 760s
AnonPages:      19144136 kB
AnonHugePages:   7002112 kB
time: 761s
AnonPages:      19143976 kB
AnonHugePages:   7002112 kB
time: 762s
AnonPages:      19144088 kB
AnonHugePages:   7002112 kB
time: 763s
AnonPages:      19144072 kB
AnonHugePages:   7002112 kB
time: 764s
AnonPages:      19144164 kB
AnonHugePages:   7002112 kB
time: 765s
AnonPages:      19144088 kB
AnonHugePages:   7002112 kB
time: 766s
AnonPages:      19144124 kB
AnonHugePages:   7002112 kB
time: 767s
AnonPages:      19144212 kB
AnonHugePages:   7018496 kB
time: 768s
AnonPages:      19144000 kB
AnonHugePages:   7018496 kB
time: 769s
AnonPages:      19144088 kB
AnonHugePages:   7018496 kB
time: 770s
AnonPages:      19144164 kB
AnonHugePages:   7018496 kB
time: 771s
AnonPages:      19144336 kB
AnonHugePages:   7018496 kB
time: 772s
AnonPages:      19144192 kB
AnonHugePages:   7018496 kB
time: 773s
AnonPages:      19144128 kB
AnonHugePages:   7018496 kB
time: 774s
AnonPages:      19144096 kB
AnonHugePages:   7018496 kB
time: 775s
AnonPages:      19144276 kB
AnonHugePages:   7018496 kB
time: 776s
AnonPages:      19144052 kB
AnonHugePages:   7034880 kB
time: 777s
AnonPages:      19144216 kB
AnonHugePages:   7034880 kB
time: 778s
AnonPages:      19144208 kB
AnonHugePages:   7034880 kB
time: 779s
AnonPages:      19144296 kB
AnonHugePages:   7034880 kB
time: 780s
AnonPages:      19144060 kB
AnonHugePages:   7034880 kB
time: 781s
AnonPages:      19144236 kB
AnonHugePages:   7034880 kB
time: 782s
AnonPages:      19144016 kB
AnonHugePages:   7034880 kB
time: 783s
AnonPages:      19144152 kB
AnonHugePages:   7034880 kB
time: 784s
AnonPages:      19144088 kB
AnonHugePages:   7034880 kB
time: 785s
AnonPages:      19144140 kB
AnonHugePages:   7043072 kB
time: 786s
AnonPages:      19144224 kB
AnonHugePages:   7051264 kB
time: 787s
AnonPages:      19144272 kB
AnonHugePages:   7051264 kB
time: 788s
AnonPages:      19144244 kB
AnonHugePages:   7051264 kB
time: 789s
AnonPages:      19144328 kB
AnonHugePages:   7051264 kB
time: 790s
AnonPages:      19144092 kB
AnonHugePages:   7051264 kB
time: 791s
AnonPages:      19144100 kB
AnonHugePages:   7051264 kB
time: 792s
AnonPages:      19144232 kB
AnonHugePages:   7051264 kB
time: 793s
AnonPages:      19144260 kB
AnonHugePages:   7051264 kB
time: 794s
AnonPages:      19144056 kB
AnonHugePages:   7051264 kB
time: 795s
AnonPages:      19144252 kB
AnonHugePages:   7051264 kB
time: 796s
AnonPages:      19144092 kB
AnonHugePages:   7067648 kB
time: 797s
AnonPages:      19144160 kB
AnonHugePages:   7067648 kB
time: 798s
AnonPages:      19144164 kB
AnonHugePages:   7067648 kB
time: 799s
AnonPages:      19144244 kB
AnonHugePages:   7067648 kB
time: 800s
AnonPages:      19144380 kB
AnonHugePages:   7067648 kB
time: 801s
AnonPages:      19144144 kB
AnonHugePages:   7067648 kB
time: 802s
AnonPages:      19144152 kB
AnonHugePages:   7067648 kB
time: 803s
AnonPages:      19144180 kB
AnonHugePages:   7067648 kB
time: 804s
AnonPages:      19144144 kB
AnonHugePages:   7067648 kB
time: 805s
AnonPages:      19144216 kB
AnonHugePages:   7067648 kB
time: 806s
AnonPages:      19144092 kB
AnonHugePages:   7067648 kB
time: 807s
AnonPages:      19144280 kB
AnonHugePages:   7084032 kB
time: 808s
AnonPages:      19144056 kB
AnonHugePages:   7084032 kB
time: 809s
AnonPages:      19144156 kB
AnonHugePages:   7084032 kB
time: 810s
AnonPages:      19144092 kB
AnonHugePages:   7084032 kB
time: 811s
AnonPages:      19144152 kB
AnonHugePages:   7084032 kB
time: 812s
AnonPages:      19144356 kB
AnonHugePages:   7084032 kB
time: 813s
AnonPages:      19144152 kB
AnonHugePages:   7084032 kB
time: 814s
AnonPages:      19144092 kB
AnonHugePages:   7084032 kB
time: 815s
AnonPages:      19144136 kB
AnonHugePages:   7084032 kB
time: 816s
AnonPages:      19144092 kB
AnonHugePages:   7084032 kB
time: 817s
AnonPages:      19144004 kB
AnonHugePages:   7100416 kB
time: 818s
AnonPages:      19144152 kB
AnonHugePages:   7100416 kB
time: 819s
AnonPages:      19144136 kB
AnonHugePages:   7100416 kB
time: 820s
AnonPages:      19144344 kB
AnonHugePages:   7100416 kB
time: 821s
AnonPages:      19144160 kB
AnonHugePages:   7100416 kB
time: 822s
AnonPages:      19144248 kB
AnonHugePages:   7100416 kB
time: 823s
AnonPages:      19144096 kB
AnonHugePages:   7100416 kB
time: 824s
AnonPages:      19144008 kB
AnonHugePages:   7100416 kB
time: 825s
AnonPages:      19144092 kB
AnonHugePages:   7100416 kB
time: 826s
AnonPages:      19144064 kB
AnonHugePages:   7116800 kB
time: 827s
AnonPages:      19144192 kB
AnonHugePages:   7116800 kB
time: 828s
AnonPages:      19144196 kB
AnonHugePages:   7116800 kB
time: 829s
AnonPages:      19144068 kB
AnonHugePages:   7116800 kB
time: 830s
AnonPages:      19144156 kB
AnonHugePages:   7116800 kB
time: 831s
AnonPages:      19144052 kB
AnonHugePages:   7116800 kB
time: 832s
AnonPages:      19144192 kB
AnonHugePages:   7116800 kB
time: 833s
AnonPages:      19144116 kB
AnonHugePages:   7116800 kB
time: 834s
AnonPages:      19144096 kB
AnonHugePages:   7116800 kB
time: 835s
AnonPages:      19144032 kB
AnonHugePages:   7116800 kB
time: 836s
AnonPages:      19144116 kB
AnonHugePages:   7133184 kB
time: 837s
AnonPages:      19144408 kB
AnonHugePages:   7133184 kB
time: 838s
AnonPages:      19144112 kB
AnonHugePages:   7133184 kB
time: 839s
AnonPages:      19144124 kB
AnonHugePages:   7133184 kB
time: 840s
AnonPages:      19144008 kB
AnonHugePages:   7133184 kB
time: 841s
AnonPages:      19144156 kB
AnonHugePages:   7133184 kB
time: 842s
AnonPages:      19144092 kB
AnonHugePages:   7133184 kB
time: 843s
AnonPages:      19144116 kB
AnonHugePages:   7133184 kB
time: 844s
AnonPages:      19144020 kB
AnonHugePages:   7133184 kB
time: 845s
AnonPages:      19144216 kB
AnonHugePages:   7133184 kB
time: 846s
AnonPages:      19144096 kB
AnonHugePages:   7133184 kB
time: 847s
AnonPages:      19144144 kB
AnonHugePages:   7149568 kB
time: 848s
AnonPages:      19144172 kB
AnonHugePages:   7149568 kB
time: 849s
AnonPages:      19144380 kB
AnonHugePages:   7149568 kB
time: 850s
AnonPages:      19144096 kB
AnonHugePages:   7149568 kB
time: 851s
AnonPages:      19143984 kB
AnonHugePages:   7149568 kB
time: 852s
AnonPages:      19144096 kB
AnonHugePages:   7149568 kB
time: 853s
AnonPages:      19144156 kB
AnonHugePages:   7149568 kB
time: 854s
AnonPages:      19144236 kB
AnonHugePages:   7149568 kB
time: 855s
AnonPages:      19144228 kB
AnonHugePages:   7149568 kB
time: 856s
AnonPages:      19144196 kB
AnonHugePages:   7149568 kB
time: 857s
AnonPages:      19144096 kB
AnonHugePages:   7165952 kB
time: 858s
AnonPages:      19144232 kB
AnonHugePages:   7165952 kB
time: 859s
AnonPages:      19144284 kB
AnonHugePages:   7165952 kB
time: 860s
AnonPages:      19144040 kB
AnonHugePages:   7165952 kB
time: 861s
AnonPages:      19144120 kB
AnonHugePages:   7165952 kB
time: 862s
AnonPages:      19144100 kB
AnonHugePages:   7165952 kB
time: 863s
AnonPages:      19144064 kB
AnonHugePages:   7165952 kB
time: 864s
AnonPages:      19144224 kB
AnonHugePages:   7165952 kB
time: 865s
AnonPages:      19144280 kB
AnonHugePages:   7165952 kB
time: 866s
AnonPages:      19144012 kB
AnonHugePages:   7165952 kB
time: 867s
AnonPages:      19144108 kB
AnonHugePages:   7165952 kB
time: 868s
AnonPages:      19144012 kB
AnonHugePages:   7182336 kB
time: 869s
AnonPages:      19144240 kB
AnonHugePages:   7182336 kB
time: 870s
AnonPages:      19144100 kB
AnonHugePages:   7182336 kB
time: 871s
AnonPages:      19144224 kB
AnonHugePages:   7182336 kB
time: 872s
AnonPages:      19144164 kB
AnonHugePages:   7182336 kB
time: 873s
AnonPages:      19144148 kB
AnonHugePages:   7182336 kB
time: 874s
AnonPages:      19144012 kB
AnonHugePages:   7182336 kB
time: 875s
AnonPages:      19144256 kB
AnonHugePages:   7182336 kB
time: 876s
AnonPages:      19144216 kB
AnonHugePages:   7182336 kB
time: 877s
AnonPages:      19144276 kB
AnonHugePages:   7182336 kB
time: 878s
AnonPages:      19144188 kB
AnonHugePages:   7198720 kB
time: 879s
AnonPages:      19144240 kB
AnonHugePages:   7198720 kB
time: 880s
AnonPages:      19144100 kB
AnonHugePages:   7198720 kB
time: 881s
AnonPages:      19144320 kB
AnonHugePages:   7198720 kB
time: 882s
AnonPages:      19144100 kB
AnonHugePages:   7198720 kB
time: 883s
AnonPages:      19144208 kB
AnonHugePages:   7198720 kB
time: 884s
AnonPages:      19144100 kB
AnonHugePages:   7198720 kB
time: 885s
AnonPages:      19144384 kB
AnonHugePages:   7198720 kB
time: 886s
AnonPages:      19144168 kB
AnonHugePages:   7198720 kB
time: 887s
AnonPages:      19144308 kB
AnonHugePages:   7198720 kB
time: 888s
AnonPages:      19143932 kB
AnonHugePages:   7215104 kB
time: 889s
AnonPages:      19144216 kB
AnonHugePages:   7215104 kB
time: 890s
AnonPages:      19144160 kB
AnonHugePages:   7215104 kB
time: 891s
AnonPages:      19144128 kB
AnonHugePages:   7215104 kB
time: 892s
AnonPages:      19144100 kB
AnonHugePages:   7215104 kB
time: 893s
AnonPages:      19144328 kB
AnonHugePages:   7215104 kB
time: 894s
AnonPages:      19144048 kB
AnonHugePages:   7215104 kB
time: 895s
AnonPages:      19144116 kB
AnonHugePages:   7215104 kB
time: 896s
AnonPages:      19144100 kB
AnonHugePages:   7215104 kB
time: 897s
AnonPages:      19144132 kB
AnonHugePages:   7215104 kB
time: 898s
AnonPages:      19144100 kB
AnonHugePages:   7231488 kB
time: 899s
AnonPages:      19144304 kB
AnonHugePages:   7231488 kB
time: 900s
AnonPages:      19144248 kB
AnonHugePages:   7231488 kB
time: 901s
AnonPages:      19144352 kB
AnonHugePages:   7231488 kB
time: 902s
AnonPages:      19144060 kB
AnonHugePages:   7231488 kB
time: 903s
AnonPages:      19144268 kB
AnonHugePages:   7231488 kB
time: 904s
AnonPages:      19144060 kB
AnonHugePages:   7231488 kB
time: 905s
AnonPages:      19144100 kB
AnonHugePages:   7231488 kB
time: 906s
AnonPages:      19144252 kB
AnonHugePages:   7231488 kB
time: 907s
AnonPages:      19144252 kB
AnonHugePages:   7231488 kB
time: 908s
AnonPages:      19144100 kB
AnonHugePages:   7247872 kB
time: 909s
AnonPages:      19144096 kB
AnonHugePages:   7247872 kB
time: 910s
AnonPages:      19144352 kB
AnonHugePages:   7247872 kB
time: 911s
AnonPages:      19144104 kB
AnonHugePages:   7247872 kB
time: 912s
AnonPages:      19144312 kB
AnonHugePages:   7247872 kB
time: 913s
AnonPages:      19144260 kB
AnonHugePages:   7247872 kB
time: 914s
AnonPages:      19144224 kB
AnonHugePages:   7247872 kB
time: 915s
AnonPages:      19144256 kB
AnonHugePages:   7247872 kB
time: 916s
AnonPages:      19144208 kB
AnonHugePages:   7247872 kB
time: 917s
AnonPages:      19144080 kB
AnonHugePages:   7247872 kB
time: 918s
AnonPages:      19144012 kB
AnonHugePages:   7247872 kB
time: 919s
AnonPages:      19144368 kB
AnonHugePages:   7247872 kB
time: 920s
AnonPages:      19144268 kB
AnonHugePages:   7264256 kB
time: 921s
AnonPages:      19144232 kB
AnonHugePages:   7264256 kB
time: 922s
AnonPages:      19143968 kB
AnonHugePages:   7264256 kB
time: 923s
AnonPages:      19144036 kB
AnonHugePages:   7264256 kB
time: 924s
AnonPages:      19144068 kB
AnonHugePages:   7264256 kB
time: 925s
AnonPages:      19144248 kB
AnonHugePages:   7264256 kB
time: 926s
AnonPages:      19144148 kB
AnonHugePages:   7264256 kB
time: 927s
AnonPages:      19144380 kB
AnonHugePages:   7264256 kB
time: 928s
AnonPages:      19144172 kB
AnonHugePages:   7264256 kB
time: 929s
AnonPages:      19144008 kB
AnonHugePages:   7264256 kB
time: 930s
AnonPages:      19144228 kB
AnonHugePages:   7280640 kB
time: 931s
AnonPages:      19144204 kB
AnonHugePages:   7280640 kB
time: 932s
AnonPages:      19144100 kB
AnonHugePages:   7280640 kB
time: 933s
AnonPages:      19144408 kB
AnonHugePages:   7280640 kB
time: 934s
AnonPages:      19144188 kB
AnonHugePages:   7280640 kB
time: 935s
AnonPages:      19144424 kB
AnonHugePages:   7280640 kB
time: 936s
AnonPages:      19144104 kB
AnonHugePages:   7280640 kB
time: 937s
AnonPages:      19144104 kB
AnonHugePages:   7280640 kB
time: 938s
AnonPages:      19144168 kB
AnonHugePages:   7280640 kB
time: 939s
AnonPages:      19144344 kB
AnonHugePages:   7280640 kB
time: 940s
AnonPages:      19144236 kB
AnonHugePages:   7297024 kB
time: 941s
AnonPages:      19144256 kB
AnonHugePages:   7297024 kB
time: 942s
AnonPages:      19144368 kB
AnonHugePages:   7297024 kB
time: 943s
AnonPages:      19144464 kB
AnonHugePages:   7297024 kB
time: 944s
AnonPages:      19144312 kB
AnonHugePages:   7297024 kB
time: 945s
AnonPages:      19144196 kB
AnonHugePages:   7297024 kB
time: 946s
AnonPages:      19144096 kB
AnonHugePages:   7297024 kB
time: 947s
AnonPages:      19144184 kB
AnonHugePages:   7297024 kB
time: 948s
AnonPages:      19144104 kB
AnonHugePages:   7297024 kB
time: 949s
AnonPages:      19144348 kB
AnonHugePages:   7313408 kB
time: 950s
AnonPages:      19144256 kB
AnonHugePages:   7313408 kB
time: 951s
AnonPages:      19144472 kB
AnonHugePages:   7313408 kB
time: 952s
AnonPages:      19144212 kB
AnonHugePages:   7313408 kB
time: 953s
AnonPages:      19144320 kB
AnonHugePages:   7313408 kB
time: 954s
AnonPages:      19144104 kB
AnonHugePages:   7313408 kB
time: 955s
AnonPages:      19144376 kB
AnonHugePages:   7313408 kB
time: 956s
AnonPages:      19144032 kB
AnonHugePages:   7313408 kB
time: 957s
AnonPages:      19144548 kB
AnonHugePages:   7313408 kB
time: 958s
AnonPages:      19144264 kB
AnonHugePages:   7313408 kB
time: 959s
AnonPages:      19144080 kB
AnonHugePages:   7329792 kB
time: 960s
AnonPages:      19144140 kB
AnonHugePages:   7329792 kB
time: 961s
AnonPages:      19144108 kB
AnonHugePages:   7329792 kB
time: 962s
AnonPages:      19144376 kB
AnonHugePages:   7329792 kB
time: 963s
AnonPages:      19144276 kB
AnonHugePages:   7329792 kB
time: 964s
AnonPages:      19144308 kB
AnonHugePages:   7329792 kB
time: 965s
AnonPages:      19144172 kB
AnonHugePages:   7329792 kB
time: 966s
AnonPages:      19144068 kB
AnonHugePages:   7329792 kB
time: 967s
AnonPages:      19144276 kB
AnonHugePages:   7329792 kB
time: 968s
AnonPages:      19144076 kB
AnonHugePages:   7329792 kB
time: 969s
AnonPages:      19144032 kB
AnonHugePages:   7329792 kB
time: 970s
AnonPages:      19144164 kB
AnonHugePages:   7346176 kB
time: 971s
AnonPages:      19144084 kB
AnonHugePages:   7346176 kB
time: 972s
AnonPages:      19144316 kB
AnonHugePages:   7346176 kB
time: 973s
AnonPages:      19144276 kB
AnonHugePages:   7346176 kB
time: 974s
AnonPages:      19144136 kB
AnonHugePages:   7346176 kB
time: 975s
AnonPages:      19144312 kB
AnonHugePages:   7346176 kB
time: 976s
AnonPages:         10104 kB
AnonHugePages:         0 kB
time: 977s
AnonPages:         10184 kB
AnonHugePages:         0 kB
time: 978s
AnonPages:         10108 kB
AnonHugePages:         0 kB
time: 979s
AnonPages:         10300 kB
AnonHugePages:         0 kB
time: 980s
AnonPages:         10580 kB
AnonHugePages:         0 kB
time: 981s
AnonPages:         10040 kB
AnonHugePages:         0 kB
time: 982s
AnonPages:         10140 kB
AnonHugePages:         0 kB
time: 983s
AnonPages:         10280 kB
AnonHugePages:         0 kB
time: 984s
AnonPages:         10484 kB
AnonHugePages:         0 kB
time: 985s
AnonPages:         10240 kB
AnonHugePages:         0 kB
time: 986s
AnonPages:         10088 kB
AnonHugePages:         0 kB
time: 987s
AnonPages:         10284 kB
AnonHugePages:         0 kB
time: 988s
AnonPages:         10364 kB
AnonHugePages:         0 kB
time: 989s
AnonPages:         10124 kB
AnonHugePages:         0 kB
time: 990s
AnonPages:         10196 kB
AnonHugePages:         0 kB
time: 991s
AnonPages:         10180 kB
AnonHugePages:         0 kB
time: 992s
AnonPages:         10116 kB
AnonHugePages:         0 kB
time: 993s
AnonPages:         10028 kB
AnonHugePages:         0 kB
time: 994s
AnonPages:         10064 kB
AnonHugePages:         0 kB
time: 995s
AnonPages:         10248 kB
AnonHugePages:         0 kB
time: 996s
AnonPages:         10072 kB
AnonHugePages:         0 kB
time: 997s
AnonPages:         10088 kB
AnonHugePages:         0 kB
time: 998s
AnonPages:         10272 kB
AnonHugePages:         0 kB
time: 999s
AnonPages:         10192 kB
AnonHugePages:         0 kB
time: 1000s
AnonPages:         10252 kB
AnonHugePages:         0 kB
