time: 0s
AnonPages:         30988 kB
AnonHugePages:         0 kB
time: 1s
AnonPages:       2789100 kB
AnonHugePages:         0 kB
time: 2s
AnonPages:       3322996 kB
AnonHugePages:         0 kB
time: 3s
AnonPages:       3843080 kB
AnonHugePages:         0 kB
time: 4s
AnonPages:       4360332 kB
AnonHugePages:         0 kB
time: 5s
AnonPages:       4875152 kB
AnonHugePages:         0 kB
time: 6s
AnonPages:       5385712 kB
AnonHugePages:         0 kB
time: 7s
AnonPages:       5897760 kB
AnonHugePages:         0 kB
time: 8s
AnonPages:       6406268 kB
AnonHugePages:         0 kB
time: 9s
AnonPages:       6911448 kB
AnonHugePages:         0 kB
time: 10s
AnonPages:       7417892 kB
AnonHugePages:         0 kB
time: 11s
AnonPages:       7926600 kB
AnonHugePages:         0 kB
time: 12s
AnonPages:       8426836 kB
AnonHugePages:         0 kB
time: 13s
AnonPages:       8929108 kB
AnonHugePages:         0 kB
time: 14s
AnonPages:       9433764 kB
AnonHugePages:         0 kB
time: 15s
AnonPages:       9869352 kB
AnonHugePages:         0 kB
time: 16s
AnonPages:      10297556 kB
AnonHugePages:         0 kB
time: 17s
AnonPages:      10730576 kB
AnonHugePages:         0 kB
time: 18s
AnonPages:      11158200 kB
AnonHugePages:         0 kB
time: 19s
AnonPages:      11581920 kB
AnonHugePages:         0 kB
time: 20s
AnonPages:      12009524 kB
AnonHugePages:         0 kB
time: 21s
AnonPages:      12431620 kB
AnonHugePages:         0 kB
time: 22s
AnonPages:      12860576 kB
AnonHugePages:         0 kB
time: 23s
AnonPages:      13284976 kB
AnonHugePages:         0 kB
time: 24s
AnonPages:      13703960 kB
AnonHugePages:         0 kB
time: 25s
AnonPages:      14121340 kB
AnonHugePages:         0 kB
time: 26s
AnonPages:      14535628 kB
AnonHugePages:         0 kB
time: 27s
AnonPages:      14952232 kB
AnonHugePages:         0 kB
time: 28s
AnonPages:      15363504 kB
AnonHugePages:         0 kB
time: 29s
AnonPages:      15777580 kB
AnonHugePages:         0 kB
time: 30s
AnonPages:      16024828 kB
AnonHugePages:         0 kB
time: 31s
AnonPages:      16025100 kB
AnonHugePages:         0 kB
time: 32s
AnonPages:      16025060 kB
AnonHugePages:         0 kB
time: 33s
AnonPages:      16024904 kB
AnonHugePages:         0 kB
time: 34s
AnonPages:      16024904 kB
AnonHugePages:         0 kB
time: 35s
AnonPages:      16024956 kB
AnonHugePages:         0 kB
time: 36s
AnonPages:      16024748 kB
AnonHugePages:         0 kB
time: 37s
AnonPages:      16024676 kB
AnonHugePages:         0 kB
time: 38s
AnonPages:      16024800 kB
AnonHugePages:         0 kB
time: 39s
AnonPages:      16024892 kB
AnonHugePages:         0 kB
time: 40s
AnonPages:      16024972 kB
AnonHugePages:         0 kB
time: 41s
AnonPages:      16024792 kB
AnonHugePages:         0 kB
time: 42s
AnonPages:      16024772 kB
AnonHugePages:         0 kB
time: 43s
AnonPages:      16025012 kB
AnonHugePages:         0 kB
time: 44s
AnonPages:      16024772 kB
AnonHugePages:         0 kB
time: 45s
AnonPages:      16025004 kB
AnonHugePages:         0 kB
time: 46s
AnonPages:      16024960 kB
AnonHugePages:         0 kB
time: 47s
AnonPages:      16024976 kB
AnonHugePages:         0 kB
time: 48s
AnonPages:      16024844 kB
AnonHugePages:         0 kB
time: 49s
AnonPages:      16024808 kB
AnonHugePages:         0 kB
time: 50s
AnonPages:      16024772 kB
AnonHugePages:         0 kB
time: 51s
AnonPages:      16024916 kB
AnonHugePages:         0 kB
time: 52s
AnonPages:      16024832 kB
AnonHugePages:         0 kB
time: 53s
AnonPages:      16024924 kB
AnonHugePages:         0 kB
time: 54s
AnonPages:      16024644 kB
AnonHugePages:         0 kB
time: 55s
AnonPages:      16024780 kB
AnonHugePages:         0 kB
time: 56s
AnonPages:      16024968 kB
AnonHugePages:         0 kB
time: 57s
AnonPages:      16024776 kB
AnonHugePages:         0 kB
time: 58s
AnonPages:      16024756 kB
AnonHugePages:         0 kB
time: 59s
AnonPages:      16024772 kB
AnonHugePages:         0 kB
time: 60s
AnonPages:      16024984 kB
AnonHugePages:         0 kB
time: 61s
AnonPages:      16024820 kB
AnonHugePages:         0 kB
time: 62s
AnonPages:      16024788 kB
AnonHugePages:         0 kB
time: 63s
AnonPages:      16024900 kB
AnonHugePages:         0 kB
time: 64s
AnonPages:      16024812 kB
AnonHugePages:         0 kB
time: 65s
AnonPages:      16024840 kB
AnonHugePages:         0 kB
time: 66s
AnonPages:      16024964 kB
AnonHugePages:         0 kB
time: 67s
AnonPages:      16024776 kB
AnonHugePages:         0 kB
time: 68s
AnonPages:      16025044 kB
AnonHugePages:         0 kB
time: 69s
AnonPages:      16025052 kB
AnonHugePages:         0 kB
time: 70s
AnonPages:      16024792 kB
AnonHugePages:         0 kB
time: 71s
AnonPages:      16024840 kB
AnonHugePages:         0 kB
time: 72s
AnonPages:      16024936 kB
AnonHugePages:         0 kB
time: 73s
AnonPages:      16024788 kB
AnonHugePages:         0 kB
time: 74s
AnonPages:      16024904 kB
AnonHugePages:         0 kB
time: 75s
AnonPages:      16024680 kB
AnonHugePages:         0 kB
time: 76s
AnonPages:      16024972 kB
AnonHugePages:         0 kB
time: 77s
AnonPages:      16024628 kB
AnonHugePages:         0 kB
time: 78s
AnonPages:      16024776 kB
AnonHugePages:         0 kB
time: 79s
AnonPages:      16024700 kB
AnonHugePages:         0 kB
time: 80s
AnonPages:      16024792 kB
AnonHugePages:         0 kB
time: 81s
AnonPages:      16024752 kB
AnonHugePages:         0 kB
time: 82s
AnonPages:      16024792 kB
AnonHugePages:         0 kB
time: 83s
AnonPages:      16025248 kB
AnonHugePages:         0 kB
time: 84s
AnonPages:      16025204 kB
AnonHugePages:         0 kB
time: 85s
AnonPages:      16024884 kB
AnonHugePages:         0 kB
time: 86s
AnonPages:      16024800 kB
AnonHugePages:         0 kB
time: 87s
AnonPages:      16025060 kB
AnonHugePages:         0 kB
time: 88s
AnonPages:      16024876 kB
AnonHugePages:         0 kB
time: 89s
AnonPages:      16024776 kB
AnonHugePages:         0 kB
time: 90s
AnonPages:      16024888 kB
AnonHugePages:         0 kB
time: 91s
AnonPages:      16024864 kB
AnonHugePages:         0 kB
time: 92s
AnonPages:      16024852 kB
AnonHugePages:         0 kB
time: 93s
AnonPages:      16024660 kB
AnonHugePages:         0 kB
time: 94s
AnonPages:      16024732 kB
AnonHugePages:         0 kB
time: 95s
AnonPages:      16024836 kB
AnonHugePages:         0 kB
time: 96s
AnonPages:      16024816 kB
AnonHugePages:         0 kB
time: 97s
AnonPages:      16024836 kB
AnonHugePages:         0 kB
time: 98s
AnonPages:      16025012 kB
AnonHugePages:         0 kB
time: 99s
AnonPages:      16024772 kB
AnonHugePages:         0 kB
time: 100s
AnonPages:      16024884 kB
AnonHugePages:         0 kB
time: 101s
AnonPages:      16024848 kB
AnonHugePages:         0 kB
time: 102s
AnonPages:      16024812 kB
AnonHugePages:         0 kB
time: 103s
AnonPages:      16024876 kB
AnonHugePages:         0 kB
time: 104s
AnonPages:      16024880 kB
AnonHugePages:         0 kB
time: 105s
AnonPages:      16024836 kB
AnonHugePages:         0 kB
time: 106s
AnonPages:      16024884 kB
AnonHugePages:         0 kB
time: 107s
AnonPages:      16024920 kB
AnonHugePages:         0 kB
time: 108s
AnonPages:      16024444 kB
AnonHugePages:         0 kB
time: 109s
AnonPages:      16024920 kB
AnonHugePages:         0 kB
time: 110s
AnonPages:      16024860 kB
AnonHugePages:         0 kB
time: 111s
AnonPages:      16024836 kB
AnonHugePages:         0 kB
time: 112s
AnonPages:      16025088 kB
AnonHugePages:         0 kB
time: 113s
AnonPages:      16024892 kB
AnonHugePages:         0 kB
time: 114s
AnonPages:      16024904 kB
AnonHugePages:         0 kB
time: 115s
AnonPages:      16024936 kB
AnonHugePages:         0 kB
time: 116s
AnonPages:      16024640 kB
AnonHugePages:         0 kB
time: 117s
AnonPages:      16024764 kB
AnonHugePages:         0 kB
time: 118s
AnonPages:      16024820 kB
AnonHugePages:         0 kB
time: 119s
AnonPages:      16024916 kB
AnonHugePages:         0 kB
time: 120s
AnonPages:      16024816 kB
AnonHugePages:         0 kB
time: 121s
AnonPages:      16024860 kB
AnonHugePages:         0 kB
time: 122s
AnonPages:      16025020 kB
AnonHugePages:         0 kB
time: 123s
AnonPages:      16024820 kB
AnonHugePages:         0 kB
time: 124s
AnonPages:      16024820 kB
AnonHugePages:         0 kB
time: 125s
AnonPages:      16024864 kB
AnonHugePages:         0 kB
time: 126s
AnonPages:      16024932 kB
AnonHugePages:         0 kB
time: 127s
AnonPages:      16024940 kB
AnonHugePages:         0 kB
time: 128s
AnonPages:      16024984 kB
AnonHugePages:         0 kB
time: 129s
AnonPages:      16024844 kB
AnonHugePages:         0 kB
time: 130s
AnonPages:      16024888 kB
AnonHugePages:         0 kB
time: 131s
AnonPages:      16024836 kB
AnonHugePages:         0 kB
time: 132s
AnonPages:      16024820 kB
AnonHugePages:         0 kB
time: 133s
AnonPages:      16024844 kB
AnonHugePages:         0 kB
time: 134s
AnonPages:      16024844 kB
AnonHugePages:         0 kB
time: 135s
AnonPages:      16024788 kB
AnonHugePages:         0 kB
time: 136s
AnonPages:      16024888 kB
AnonHugePages:         0 kB
time: 137s
AnonPages:      16024900 kB
AnonHugePages:         0 kB
time: 138s
AnonPages:      16024592 kB
AnonHugePages:         0 kB
time: 139s
AnonPages:      16024780 kB
AnonHugePages:         0 kB
time: 140s
AnonPages:      16024804 kB
AnonHugePages:         0 kB
time: 141s
AnonPages:      16024900 kB
AnonHugePages:         0 kB
time: 142s
AnonPages:      16024760 kB
AnonHugePages:         0 kB
time: 143s
AnonPages:      16024840 kB
AnonHugePages:         0 kB
time: 144s
AnonPages:      16024840 kB
AnonHugePages:         0 kB
time: 145s
AnonPages:      16025012 kB
AnonHugePages:         0 kB
time: 146s
AnonPages:      16025036 kB
AnonHugePages:         0 kB
time: 147s
AnonPages:      16024780 kB
AnonHugePages:         0 kB
time: 148s
AnonPages:      16024800 kB
AnonHugePages:         0 kB
time: 149s
AnonPages:      16024956 kB
AnonHugePages:         0 kB
time: 150s
AnonPages:      16024984 kB
AnonHugePages:         0 kB
time: 151s
AnonPages:      16024764 kB
AnonHugePages:         0 kB
time: 152s
AnonPages:      16024828 kB
AnonHugePages:         0 kB
time: 153s
AnonPages:      16024872 kB
AnonHugePages:         0 kB
time: 154s
AnonPages:      16025000 kB
AnonHugePages:         0 kB
time: 155s
AnonPages:      16024900 kB
AnonHugePages:         0 kB
time: 156s
AnonPages:      16024836 kB
AnonHugePages:         0 kB
time: 157s
AnonPages:      16024968 kB
AnonHugePages:         0 kB
time: 158s
AnonPages:      16025048 kB
AnonHugePages:         0 kB
time: 159s
AnonPages:      16024824 kB
AnonHugePages:         0 kB
time: 160s
AnonPages:      16024972 kB
AnonHugePages:         0 kB
time: 161s
AnonPages:      16024756 kB
AnonHugePages:         0 kB
time: 162s
AnonPages:      16024972 kB
AnonHugePages:         0 kB
time: 163s
AnonPages:      16024824 kB
AnonHugePages:         0 kB
time: 164s
AnonPages:      16024844 kB
AnonHugePages:         0 kB
time: 165s
AnonPages:      16025000 kB
AnonHugePages:         0 kB
time: 166s
AnonPages:      16024804 kB
AnonHugePages:         0 kB
time: 167s
AnonPages:      16024940 kB
AnonHugePages:         0 kB
time: 168s
AnonPages:      16025064 kB
AnonHugePages:         0 kB
time: 169s
AnonPages:      16025132 kB
AnonHugePages:         0 kB
time: 170s
AnonPages:      16024848 kB
AnonHugePages:         0 kB
time: 171s
AnonPages:      16024800 kB
AnonHugePages:         0 kB
time: 172s
AnonPages:      16025000 kB
AnonHugePages:         0 kB
time: 173s
AnonPages:      16025036 kB
AnonHugePages:         0 kB
time: 174s
AnonPages:      16024712 kB
AnonHugePages:         0 kB
time: 175s
AnonPages:      16024940 kB
AnonHugePages:         0 kB
time: 176s
AnonPages:      16024848 kB
AnonHugePages:         0 kB
time: 177s
AnonPages:      16024848 kB
AnonHugePages:         0 kB
time: 178s
AnonPages:      16024852 kB
AnonHugePages:         0 kB
time: 179s
AnonPages:      16025044 kB
AnonHugePages:         0 kB
time: 180s
AnonPages:      16024604 kB
AnonHugePages:         0 kB
time: 181s
AnonPages:      16024728 kB
AnonHugePages:         0 kB
time: 182s
AnonPages:      16024848 kB
AnonHugePages:         0 kB
time: 183s
AnonPages:      16024708 kB
AnonHugePages:         0 kB
time: 184s
AnonPages:      16024912 kB
AnonHugePages:         0 kB
time: 185s
AnonPages:      16024768 kB
AnonHugePages:         0 kB
time: 186s
AnonPages:      16024780 kB
AnonHugePages:         0 kB
time: 187s
AnonPages:      16024928 kB
AnonHugePages:         0 kB
time: 188s
AnonPages:      16024812 kB
AnonHugePages:         0 kB
time: 189s
AnonPages:      16024956 kB
AnonHugePages:         0 kB
time: 190s
AnonPages:      16024840 kB
AnonHugePages:         0 kB
time: 191s
AnonPages:      16024884 kB
AnonHugePages:         0 kB
time: 192s
AnonPages:      16024764 kB
AnonHugePages:         0 kB
time: 193s
AnonPages:      16025028 kB
AnonHugePages:         0 kB
time: 194s
AnonPages:      16024772 kB
AnonHugePages:         0 kB
time: 195s
AnonPages:      16024928 kB
AnonHugePages:         0 kB
time: 196s
AnonPages:      16024888 kB
AnonHugePages:         0 kB
time: 197s
AnonPages:      16024992 kB
AnonHugePages:         0 kB
time: 198s
AnonPages:      16025044 kB
AnonHugePages:         0 kB
time: 199s
AnonPages:      16024956 kB
AnonHugePages:         0 kB
time: 200s
AnonPages:      16024776 kB
AnonHugePages:         0 kB
time: 201s
AnonPages:      16024972 kB
AnonHugePages:         0 kB
time: 202s
AnonPages:      16024768 kB
AnonHugePages:         0 kB
time: 203s
AnonPages:      16024832 kB
AnonHugePages:         0 kB
time: 204s
AnonPages:      16024784 kB
AnonHugePages:         0 kB
time: 205s
AnonPages:      16024972 kB
AnonHugePages:         0 kB
time: 206s
AnonPages:      16024808 kB
AnonHugePages:         0 kB
time: 207s
AnonPages:      16024892 kB
AnonHugePages:         0 kB
time: 208s
AnonPages:      16024940 kB
AnonHugePages:         0 kB
time: 209s
AnonPages:      16024868 kB
AnonHugePages:         0 kB
time: 210s
AnonPages:      16024784 kB
AnonHugePages:         0 kB
time: 211s
AnonPages:      16024816 kB
AnonHugePages:         0 kB
time: 212s
AnonPages:      16024936 kB
AnonHugePages:         0 kB
time: 213s
AnonPages:      16024868 kB
AnonHugePages:         0 kB
time: 214s
AnonPages:      16024788 kB
AnonHugePages:         0 kB
time: 215s
AnonPages:      16024760 kB
AnonHugePages:         0 kB
time: 216s
AnonPages:      16024784 kB
AnonHugePages:         0 kB
time: 217s
AnonPages:      16024820 kB
AnonHugePages:         0 kB
time: 218s
AnonPages:      16024852 kB
AnonHugePages:         0 kB
time: 219s
AnonPages:      16024844 kB
AnonHugePages:         0 kB
time: 220s
AnonPages:      16024784 kB
AnonHugePages:         0 kB
time: 221s
AnonPages:      16024904 kB
AnonHugePages:         0 kB
time: 222s
AnonPages:      16024932 kB
AnonHugePages:         0 kB
time: 223s
AnonPages:      16024968 kB
AnonHugePages:         0 kB
time: 224s
AnonPages:      16024808 kB
AnonHugePages:         0 kB
time: 225s
AnonPages:      16024832 kB
AnonHugePages:         0 kB
time: 226s
AnonPages:      16024700 kB
AnonHugePages:         0 kB
time: 227s
AnonPages:      16024828 kB
AnonHugePages:         0 kB
time: 228s
AnonPages:      16024736 kB
AnonHugePages:         0 kB
time: 229s
AnonPages:      16024788 kB
AnonHugePages:         0 kB
time: 230s
AnonPages:      16024700 kB
AnonHugePages:         0 kB
time: 231s
AnonPages:      16024784 kB
AnonHugePages:         0 kB
time: 232s
AnonPages:      16024760 kB
AnonHugePages:         0 kB
time: 233s
AnonPages:      16024784 kB
AnonHugePages:         0 kB
time: 234s
AnonPages:      16024840 kB
AnonHugePages:         0 kB
time: 235s
AnonPages:      16024784 kB
AnonHugePages:         0 kB
time: 236s
AnonPages:      16024784 kB
AnonHugePages:         0 kB
time: 237s
AnonPages:      16024700 kB
AnonHugePages:         0 kB
time: 238s
AnonPages:      16024728 kB
AnonHugePages:         0 kB
time: 239s
AnonPages:      16024768 kB
AnonHugePages:         0 kB
time: 240s
AnonPages:      16024900 kB
AnonHugePages:         0 kB
time: 241s
AnonPages:      16024880 kB
AnonHugePages:         0 kB
time: 242s
AnonPages:      16024876 kB
AnonHugePages:         0 kB
time: 243s
AnonPages:      16024776 kB
AnonHugePages:         0 kB
time: 244s
AnonPages:      16024772 kB
AnonHugePages:         0 kB
time: 245s
AnonPages:      16024920 kB
AnonHugePages:         0 kB
time: 246s
AnonPages:      16024792 kB
AnonHugePages:         0 kB
time: 247s
AnonPages:      16024748 kB
AnonHugePages:         0 kB
time: 248s
AnonPages:      16024776 kB
AnonHugePages:         0 kB
time: 249s
AnonPages:      16024856 kB
AnonHugePages:         0 kB
time: 250s
AnonPages:      16024844 kB
AnonHugePages:         0 kB
time: 251s
AnonPages:      16024820 kB
AnonHugePages:         0 kB
time: 252s
AnonPages:      16024860 kB
AnonHugePages:         0 kB
time: 253s
AnonPages:      16024792 kB
AnonHugePages:         0 kB
time: 254s
AnonPages:      16024836 kB
AnonHugePages:         0 kB
time: 255s
AnonPages:      16024968 kB
AnonHugePages:         0 kB
time: 256s
AnonPages:      16024996 kB
AnonHugePages:         0 kB
time: 257s
AnonPages:      16024804 kB
AnonHugePages:         0 kB
time: 258s
AnonPages:      16024792 kB
AnonHugePages:         0 kB
time: 259s
AnonPages:      16024880 kB
AnonHugePages:         0 kB
time: 260s
AnonPages:      16024764 kB
AnonHugePages:         0 kB
time: 261s
AnonPages:      16024872 kB
AnonHugePages:         0 kB
time: 262s
AnonPages:      16024788 kB
AnonHugePages:         0 kB
time: 263s
AnonPages:      16024740 kB
AnonHugePages:         0 kB
time: 264s
AnonPages:      16024752 kB
AnonHugePages:         0 kB
time: 265s
AnonPages:      16024864 kB
AnonHugePages:         0 kB
time: 266s
AnonPages:      16024912 kB
AnonHugePages:         0 kB
time: 267s
AnonPages:      16025048 kB
AnonHugePages:         0 kB
time: 268s
AnonPages:      16024764 kB
AnonHugePages:         0 kB
time: 269s
AnonPages:      16025140 kB
AnonHugePages:         0 kB
time: 270s
AnonPages:      16024776 kB
AnonHugePages:         0 kB
time: 271s
AnonPages:      16024876 kB
AnonHugePages:         0 kB
time: 272s
AnonPages:      16024780 kB
AnonHugePages:         0 kB
time: 273s
AnonPages:      16024784 kB
AnonHugePages:         0 kB
time: 274s
AnonPages:      16024820 kB
AnonHugePages:         0 kB
time: 275s
AnonPages:      16024784 kB
AnonHugePages:         0 kB
time: 276s
AnonPages:      16024900 kB
AnonHugePages:         0 kB
time: 277s
AnonPages:      16024816 kB
AnonHugePages:         0 kB
time: 278s
AnonPages:      16024776 kB
AnonHugePages:         0 kB
time: 279s
AnonPages:      16025068 kB
AnonHugePages:         0 kB
time: 280s
AnonPages:      16024880 kB
AnonHugePages:         0 kB
time: 281s
AnonPages:      16024864 kB
AnonHugePages:         0 kB
time: 282s
AnonPages:      16024792 kB
AnonHugePages:         0 kB
time: 283s
AnonPages:      16025092 kB
AnonHugePages:         0 kB
time: 284s
AnonPages:      16024916 kB
AnonHugePages:         0 kB
time: 285s
AnonPages:      16025004 kB
AnonHugePages:         0 kB
time: 286s
AnonPages:      16024780 kB
AnonHugePages:         0 kB
time: 287s
AnonPages:      16024972 kB
AnonHugePages:         0 kB
time: 288s
AnonPages:      16024708 kB
AnonHugePages:         0 kB
time: 289s
AnonPages:      16024772 kB
AnonHugePages:         0 kB
time: 290s
AnonPages:      16024836 kB
AnonHugePages:         0 kB
time: 291s
AnonPages:      16024968 kB
AnonHugePages:         0 kB
time: 292s
AnonPages:      16024928 kB
AnonHugePages:         0 kB
time: 293s
AnonPages:      16024760 kB
AnonHugePages:         0 kB
time: 294s
AnonPages:      16024804 kB
AnonHugePages:         0 kB
time: 295s
AnonPages:      16025036 kB
AnonHugePages:         0 kB
time: 296s
AnonPages:      16025188 kB
AnonHugePages:         0 kB
time: 297s
AnonPages:      16025016 kB
AnonHugePages:         0 kB
time: 298s
AnonPages:      16024856 kB
AnonHugePages:         0 kB
time: 299s
AnonPages:      16024940 kB
AnonHugePages:         0 kB
time: 300s
AnonPages:      16024816 kB
AnonHugePages:         0 kB
time: 301s
AnonPages:      16025032 kB
AnonHugePages:         0 kB
time: 302s
AnonPages:      16024988 kB
AnonHugePages:         0 kB
time: 303s
AnonPages:      16024764 kB
AnonHugePages:         0 kB
time: 304s
AnonPages:      16024656 kB
AnonHugePages:         0 kB
time: 305s
AnonPages:      16024884 kB
AnonHugePages:         0 kB
time: 306s
AnonPages:      16024792 kB
AnonHugePages:         0 kB
time: 307s
AnonPages:      16024920 kB
AnonHugePages:         0 kB
time: 308s
AnonPages:      16024972 kB
AnonHugePages:         0 kB
time: 309s
AnonPages:      16024616 kB
AnonHugePages:         0 kB
time: 310s
AnonPages:      16024840 kB
AnonHugePages:         0 kB
time: 311s
AnonPages:      16024916 kB
AnonHugePages:         0 kB
time: 312s
AnonPages:      16024948 kB
AnonHugePages:         0 kB
time: 313s
AnonPages:      16024856 kB
AnonHugePages:         0 kB
time: 314s
AnonPages:      16024844 kB
AnonHugePages:         0 kB
time: 315s
AnonPages:      16025000 kB
AnonHugePages:         0 kB
time: 316s
AnonPages:      16024832 kB
AnonHugePages:         0 kB
time: 317s
AnonPages:      16024928 kB
AnonHugePages:         0 kB
time: 318s
AnonPages:      16024740 kB
AnonHugePages:         0 kB
time: 319s
AnonPages:      16025072 kB
AnonHugePages:         0 kB
time: 320s
AnonPages:      16024884 kB
AnonHugePages:         0 kB
time: 321s
AnonPages:      16024844 kB
AnonHugePages:         0 kB
time: 322s
AnonPages:      16024708 kB
AnonHugePages:         0 kB
time: 323s
AnonPages:      16024776 kB
AnonHugePages:         0 kB
time: 324s
AnonPages:      16024832 kB
AnonHugePages:         0 kB
time: 325s
AnonPages:      16025132 kB
AnonHugePages:         0 kB
time: 326s
AnonPages:      16024876 kB
AnonHugePages:         0 kB
time: 327s
AnonPages:      16024980 kB
AnonHugePages:         0 kB
time: 328s
AnonPages:      16024928 kB
AnonHugePages:         0 kB
time: 329s
AnonPages:      16024924 kB
AnonHugePages:         0 kB
time: 330s
AnonPages:      16024948 kB
AnonHugePages:         0 kB
time: 331s
AnonPages:      16025080 kB
AnonHugePages:         0 kB
time: 332s
AnonPages:      16024716 kB
AnonHugePages:         0 kB
time: 333s
AnonPages:      16025008 kB
AnonHugePages:         0 kB
time: 334s
AnonPages:      16024652 kB
AnonHugePages:         0 kB
time: 335s
AnonPages:      16024792 kB
AnonHugePages:         0 kB
time: 336s
AnonPages:      16024788 kB
AnonHugePages:         0 kB
time: 337s
AnonPages:      16025012 kB
AnonHugePages:         0 kB
time: 338s
AnonPages:      16024976 kB
AnonHugePages:         0 kB
time: 339s
AnonPages:      16025060 kB
AnonHugePages:         0 kB
time: 340s
AnonPages:      16025028 kB
AnonHugePages:         0 kB
time: 341s
AnonPages:      16025124 kB
AnonHugePages:         0 kB
time: 342s
AnonPages:      16025116 kB
AnonHugePages:         0 kB
time: 343s
AnonPages:      16024632 kB
AnonHugePages:         0 kB
time: 344s
AnonPages:      16024764 kB
AnonHugePages:         0 kB
time: 345s
AnonPages:      16024836 kB
AnonHugePages:         0 kB
time: 346s
AnonPages:      16024856 kB
AnonHugePages:         0 kB
time: 347s
AnonPages:      16024796 kB
AnonHugePages:         0 kB
time: 348s
AnonPages:      16024688 kB
AnonHugePages:         0 kB
time: 349s
AnonPages:      16024832 kB
AnonHugePages:         0 kB
time: 350s
AnonPages:      16024772 kB
AnonHugePages:         0 kB
time: 351s
AnonPages:      16024968 kB
AnonHugePages:         0 kB
time: 352s
AnonPages:      16024892 kB
AnonHugePages:         0 kB
time: 353s
AnonPages:      16024568 kB
AnonHugePages:         0 kB
time: 354s
AnonPages:      16024848 kB
AnonHugePages:         0 kB
time: 355s
AnonPages:      16024940 kB
AnonHugePages:         0 kB
time: 356s
AnonPages:      16024768 kB
AnonHugePages:         0 kB
time: 357s
AnonPages:      16024884 kB
AnonHugePages:         0 kB
time: 358s
AnonPages:      16024920 kB
AnonHugePages:         0 kB
time: 359s
AnonPages:      16024860 kB
AnonHugePages:         0 kB
time: 360s
AnonPages:      16024968 kB
AnonHugePages:         0 kB
time: 361s
AnonPages:      16024948 kB
AnonHugePages:         0 kB
time: 362s
AnonPages:      16025180 kB
AnonHugePages:         0 kB
time: 363s
AnonPages:      16024824 kB
AnonHugePages:         0 kB
time: 364s
AnonPages:      16024888 kB
AnonHugePages:         0 kB
time: 365s
AnonPages:      16024888 kB
AnonHugePages:         0 kB
time: 366s
AnonPages:      16024976 kB
AnonHugePages:         0 kB
time: 367s
AnonPages:      16025008 kB
AnonHugePages:         0 kB
time: 368s
AnonPages:      16024860 kB
AnonHugePages:         0 kB
time: 369s
AnonPages:      16024908 kB
AnonHugePages:         0 kB
time: 370s
AnonPages:      16024740 kB
AnonHugePages:         0 kB
time: 371s
AnonPages:      16025096 kB
AnonHugePages:         0 kB
time: 372s
AnonPages:      16024840 kB
AnonHugePages:         0 kB
time: 373s
AnonPages:      16024836 kB
AnonHugePages:         0 kB
time: 374s
AnonPages:      16024728 kB
AnonHugePages:         0 kB
time: 375s
AnonPages:      16024980 kB
AnonHugePages:         0 kB
time: 376s
AnonPages:      16025044 kB
AnonHugePages:         0 kB
time: 377s
AnonPages:      16025108 kB
AnonHugePages:         0 kB
time: 378s
AnonPages:      16024668 kB
AnonHugePages:         0 kB
time: 379s
AnonPages:      16024868 kB
AnonHugePages:         0 kB
time: 380s
AnonPages:      16024936 kB
AnonHugePages:         0 kB
time: 381s
AnonPages:      16024864 kB
AnonHugePages:         0 kB
time: 382s
AnonPages:      16025084 kB
AnonHugePages:         0 kB
time: 383s
AnonPages:      16024972 kB
AnonHugePages:         0 kB
time: 384s
AnonPages:      16024856 kB
AnonHugePages:         0 kB
time: 385s
AnonPages:      16024700 kB
AnonHugePages:         0 kB
time: 386s
AnonPages:      16024740 kB
AnonHugePages:         0 kB
time: 387s
AnonPages:      16024876 kB
AnonHugePages:         0 kB
time: 388s
AnonPages:      16024980 kB
AnonHugePages:         0 kB
time: 389s
AnonPages:      16024860 kB
AnonHugePages:         0 kB
time: 390s
AnonPages:      16024704 kB
AnonHugePages:         0 kB
time: 391s
AnonPages:      16024988 kB
AnonHugePages:         0 kB
time: 392s
AnonPages:      16025232 kB
AnonHugePages:         0 kB
time: 393s
AnonPages:      16024784 kB
AnonHugePages:         0 kB
time: 394s
AnonPages:      16025144 kB
AnonHugePages:         0 kB
time: 395s
AnonPages:      16024864 kB
AnonHugePages:         0 kB
time: 396s
AnonPages:      16024972 kB
AnonHugePages:         0 kB
time: 397s
AnonPages:      16024816 kB
AnonHugePages:         0 kB
time: 398s
AnonPages:      16024792 kB
AnonHugePages:         0 kB
time: 399s
AnonPages:      16024828 kB
AnonHugePages:         0 kB
time: 400s
AnonPages:      16024980 kB
AnonHugePages:         0 kB
time: 401s
AnonPages:      16024872 kB
AnonHugePages:         0 kB
time: 402s
AnonPages:      16024948 kB
AnonHugePages:         0 kB
time: 403s
AnonPages:      16024784 kB
AnonHugePages:         0 kB
time: 404s
AnonPages:      16024984 kB
AnonHugePages:         0 kB
time: 405s
AnonPages:      16024776 kB
AnonHugePages:         0 kB
time: 406s
AnonPages:      16025108 kB
AnonHugePages:         0 kB
time: 407s
AnonPages:      16024788 kB
AnonHugePages:         0 kB
time: 408s
AnonPages:      16024988 kB
AnonHugePages:         0 kB
time: 409s
AnonPages:      16025016 kB
AnonHugePages:         0 kB
time: 410s
AnonPages:      16025112 kB
AnonHugePages:         0 kB
time: 411s
AnonPages:      16025016 kB
AnonHugePages:         0 kB
time: 412s
AnonPages:      16024820 kB
AnonHugePages:         0 kB
time: 413s
AnonPages:      16024832 kB
AnonHugePages:         0 kB
time: 414s
AnonPages:      16024660 kB
AnonHugePages:         0 kB
time: 415s
AnonPages:      16025032 kB
AnonHugePages:         0 kB
time: 416s
AnonPages:      16024824 kB
AnonHugePages:         0 kB
time: 417s
AnonPages:      16024892 kB
AnonHugePages:         0 kB
time: 418s
AnonPages:      16024996 kB
AnonHugePages:         0 kB
time: 419s
AnonPages:      16024988 kB
AnonHugePages:         0 kB
time: 420s
AnonPages:      16025020 kB
AnonHugePages:         0 kB
time: 421s
AnonPages:      16025012 kB
AnonHugePages:         0 kB
time: 422s
AnonPages:      16025072 kB
AnonHugePages:         0 kB
time: 423s
AnonPages:      16025100 kB
AnonHugePages:         0 kB
time: 424s
AnonPages:      16025044 kB
AnonHugePages:         0 kB
time: 425s
AnonPages:      16024856 kB
AnonHugePages:         0 kB
time: 426s
AnonPages:      16024948 kB
AnonHugePages:         0 kB
time: 427s
AnonPages:      16024920 kB
AnonHugePages:         0 kB
time: 428s
AnonPages:      16024860 kB
AnonHugePages:         0 kB
time: 429s
AnonPages:      16024820 kB
AnonHugePages:         0 kB
time: 430s
AnonPages:      16024872 kB
AnonHugePages:         0 kB
time: 431s
AnonPages:      16025064 kB
AnonHugePages:         0 kB
time: 432s
AnonPages:      16025052 kB
AnonHugePages:         0 kB
time: 433s
AnonPages:      16025152 kB
AnonHugePages:         0 kB
time: 434s
AnonPages:      16024972 kB
AnonHugePages:         0 kB
time: 435s
AnonPages:      16024992 kB
AnonHugePages:         0 kB
time: 436s
AnonPages:      16024804 kB
AnonHugePages:         0 kB
time: 437s
AnonPages:      16025080 kB
AnonHugePages:         0 kB
time: 438s
AnonPages:      16024804 kB
AnonHugePages:         0 kB
time: 439s
AnonPages:      16024940 kB
AnonHugePages:         0 kB
time: 440s
AnonPages:      16025012 kB
AnonHugePages:         0 kB
time: 441s
AnonPages:      16025112 kB
AnonHugePages:         0 kB
time: 442s
AnonPages:      16024944 kB
AnonHugePages:         0 kB
time: 443s
AnonPages:      16024788 kB
AnonHugePages:         0 kB
time: 444s
AnonPages:      16024740 kB
AnonHugePages:         0 kB
time: 445s
AnonPages:      16024748 kB
AnonHugePages:         0 kB
time: 446s
AnonPages:      16024764 kB
AnonHugePages:         0 kB
time: 447s
AnonPages:      16024720 kB
AnonHugePages:         0 kB
time: 448s
AnonPages:      16024984 kB
AnonHugePages:         0 kB
time: 449s
AnonPages:      16024892 kB
AnonHugePages:         0 kB
time: 450s
AnonPages:      16024960 kB
AnonHugePages:         0 kB
time: 451s
AnonPages:      16024868 kB
AnonHugePages:         0 kB
time: 452s
AnonPages:      16025132 kB
AnonHugePages:         0 kB
time: 453s
AnonPages:      16024888 kB
AnonHugePages:         0 kB
time: 454s
AnonPages:      16025008 kB
AnonHugePages:         0 kB
time: 455s
AnonPages:      16024952 kB
AnonHugePages:         0 kB
time: 456s
AnonPages:      16024832 kB
AnonHugePages:         0 kB
time: 457s
AnonPages:      16024808 kB
AnonHugePages:         0 kB
time: 458s
AnonPages:      16024612 kB
AnonHugePages:         0 kB
time: 459s
AnonPages:      16024812 kB
AnonHugePages:         0 kB
time: 460s
AnonPages:      16024980 kB
AnonHugePages:         0 kB
time: 461s
AnonPages:      16024760 kB
AnonHugePages:         0 kB
time: 462s
AnonPages:      16025008 kB
AnonHugePages:         0 kB
time: 463s
AnonPages:      16024884 kB
AnonHugePages:         0 kB
time: 464s
AnonPages:      16024932 kB
AnonHugePages:         0 kB
time: 465s
AnonPages:      16024808 kB
AnonHugePages:         0 kB
time: 466s
AnonPages:      16024848 kB
AnonHugePages:         0 kB
time: 467s
AnonPages:      16024852 kB
AnonHugePages:         0 kB
time: 468s
AnonPages:      16024940 kB
AnonHugePages:         0 kB
time: 469s
AnonPages:      16025224 kB
AnonHugePages:         0 kB
time: 470s
AnonPages:      16024920 kB
AnonHugePages:         0 kB
time: 471s
AnonPages:      16025020 kB
AnonHugePages:         0 kB
time: 472s
AnonPages:      16024804 kB
AnonHugePages:         0 kB
time: 473s
AnonPages:      16024876 kB
AnonHugePages:         0 kB
time: 474s
AnonPages:      16025136 kB
AnonHugePages:         0 kB
time: 475s
AnonPages:      16025244 kB
AnonHugePages:         0 kB
time: 476s
AnonPages:      16024876 kB
AnonHugePages:         0 kB
time: 477s
AnonPages:      16024964 kB
AnonHugePages:         0 kB
time: 478s
AnonPages:      16024844 kB
AnonHugePages:         0 kB
time: 479s
AnonPages:      16024956 kB
AnonHugePages:         0 kB
time: 480s
AnonPages:      16025052 kB
AnonHugePages:         0 kB
time: 481s
AnonPages:      16024872 kB
AnonHugePages:         0 kB
time: 482s
AnonPages:      16024956 kB
AnonHugePages:         0 kB
time: 483s
AnonPages:      16024904 kB
AnonHugePages:         0 kB
time: 484s
AnonPages:      16025148 kB
AnonHugePages:         0 kB
time: 485s
AnonPages:      16024972 kB
AnonHugePages:         0 kB
time: 486s
AnonPages:      16025020 kB
AnonHugePages:         0 kB
time: 487s
AnonPages:      16024976 kB
AnonHugePages:         0 kB
time: 488s
AnonPages:      16024992 kB
AnonHugePages:         0 kB
time: 489s
AnonPages:      16024896 kB
AnonHugePages:         0 kB
time: 490s
AnonPages:      16024908 kB
AnonHugePages:         0 kB
time: 491s
AnonPages:      16024872 kB
AnonHugePages:         0 kB
time: 492s
AnonPages:      16025160 kB
AnonHugePages:         0 kB
time: 493s
AnonPages:      16024724 kB
AnonHugePages:         0 kB
time: 494s
AnonPages:      16024988 kB
AnonHugePages:         0 kB
time: 495s
AnonPages:      16025016 kB
AnonHugePages:         0 kB
time: 496s
AnonPages:      16024984 kB
AnonHugePages:         0 kB
time: 497s
AnonPages:      16024812 kB
AnonHugePages:         0 kB
time: 498s
AnonPages:      16025048 kB
AnonHugePages:         0 kB
time: 499s
AnonPages:      16024868 kB
AnonHugePages:         0 kB
time: 500s
AnonPages:      16025044 kB
AnonHugePages:         0 kB
time: 501s
AnonPages:      16024812 kB
AnonHugePages:         0 kB
time: 502s
AnonPages:      16024724 kB
AnonHugePages:         0 kB
time: 503s
AnonPages:      16024856 kB
AnonHugePages:         0 kB
time: 504s
AnonPages:      16025004 kB
AnonHugePages:         0 kB
time: 505s
AnonPages:      16024816 kB
AnonHugePages:         0 kB
time: 506s
AnonPages:      16024848 kB
AnonHugePages:         0 kB
time: 507s
AnonPages:      16024864 kB
AnonHugePages:         0 kB
time: 508s
AnonPages:      16025072 kB
AnonHugePages:         0 kB
time: 509s
AnonPages:      16024896 kB
AnonHugePages:         0 kB
time: 510s
AnonPages:      16025064 kB
AnonHugePages:         0 kB
time: 511s
AnonPages:      16024880 kB
AnonHugePages:         0 kB
time: 512s
AnonPages:      16024892 kB
AnonHugePages:         0 kB
time: 513s
AnonPages:      16024800 kB
AnonHugePages:         0 kB
time: 514s
AnonPages:      16025100 kB
AnonHugePages:         0 kB
time: 515s
AnonPages:      16024636 kB
AnonHugePages:         0 kB
time: 516s
AnonPages:      16024908 kB
AnonHugePages:         0 kB
time: 517s
AnonPages:      16024816 kB
AnonHugePages:         0 kB
time: 518s
AnonPages:      16024900 kB
AnonHugePages:         0 kB
time: 519s
AnonPages:      16024976 kB
AnonHugePages:         0 kB
time: 520s
AnonPages:      16024996 kB
AnonHugePages:         0 kB
time: 521s
AnonPages:      16024816 kB
AnonHugePages:         0 kB
time: 522s
AnonPages:      16024876 kB
AnonHugePages:         0 kB
time: 523s
AnonPages:      16024816 kB
AnonHugePages:         0 kB
time: 524s
AnonPages:      16024744 kB
AnonHugePages:         0 kB
time: 525s
AnonPages:      16024868 kB
AnonHugePages:         0 kB
time: 526s
AnonPages:      16024816 kB
AnonHugePages:         0 kB
time: 527s
AnonPages:      16024816 kB
AnonHugePages:         0 kB
time: 528s
AnonPages:      16025020 kB
AnonHugePages:         0 kB
time: 529s
AnonPages:      16024944 kB
AnonHugePages:         0 kB
time: 530s
AnonPages:      16024768 kB
AnonHugePages:         0 kB
time: 531s
AnonPages:      16024980 kB
AnonHugePages:         0 kB
time: 532s
AnonPages:      16024848 kB
AnonHugePages:         0 kB
time: 533s
AnonPages:      16024960 kB
AnonHugePages:         0 kB
time: 534s
AnonPages:      16024796 kB
AnonHugePages:         0 kB
time: 535s
AnonPages:      16024832 kB
AnonHugePages:         0 kB
time: 536s
AnonPages:      16024896 kB
AnonHugePages:         0 kB
time: 537s
AnonPages:      16024888 kB
AnonHugePages:         0 kB
time: 538s
AnonPages:      16024976 kB
AnonHugePages:         0 kB
time: 539s
AnonPages:      16024808 kB
AnonHugePages:         0 kB
time: 540s
AnonPages:      16024812 kB
AnonHugePages:         0 kB
time: 541s
AnonPages:      16024840 kB
AnonHugePages:         0 kB
time: 542s
AnonPages:      16024736 kB
AnonHugePages:         0 kB
time: 543s
AnonPages:      16024816 kB
AnonHugePages:         0 kB
time: 544s
AnonPages:      16024856 kB
AnonHugePages:         0 kB
time: 545s
AnonPages:      16024880 kB
AnonHugePages:         0 kB
time: 546s
AnonPages:      16024820 kB
AnonHugePages:         0 kB
time: 547s
AnonPages:      16024820 kB
AnonHugePages:         0 kB
time: 548s
AnonPages:      16024772 kB
AnonHugePages:         0 kB
time: 549s
AnonPages:      16024816 kB
AnonHugePages:         0 kB
time: 550s
AnonPages:      16024892 kB
AnonHugePages:         0 kB
time: 551s
AnonPages:      16024744 kB
AnonHugePages:         0 kB
time: 552s
AnonPages:      16024900 kB
AnonHugePages:         0 kB
time: 553s
AnonPages:      16025016 kB
AnonHugePages:         0 kB
time: 554s
AnonPages:      16024972 kB
AnonHugePages:         0 kB
time: 555s
AnonPages:      16024820 kB
AnonHugePages:         0 kB
time: 556s
AnonPages:      16024892 kB
AnonHugePages:         0 kB
time: 557s
AnonPages:      16024820 kB
AnonHugePages:         0 kB
time: 558s
AnonPages:      16024708 kB
AnonHugePages:         0 kB
time: 559s
AnonPages:      16024820 kB
AnonHugePages:         0 kB
time: 560s
AnonPages:      16025024 kB
AnonHugePages:         0 kB
time: 561s
AnonPages:      16024880 kB
AnonHugePages:         0 kB
time: 562s
AnonPages:      16024888 kB
AnonHugePages:         0 kB
time: 563s
AnonPages:      16024748 kB
AnonHugePages:         0 kB
time: 564s
AnonPages:      16024888 kB
AnonHugePages:         0 kB
time: 565s
AnonPages:      16025028 kB
AnonHugePages:         0 kB
time: 566s
AnonPages:      16024780 kB
AnonHugePages:         0 kB
time: 567s
AnonPages:      16024804 kB
AnonHugePages:         0 kB
time: 568s
AnonPages:      16024824 kB
AnonHugePages:         0 kB
time: 569s
AnonPages:      16024804 kB
AnonHugePages:         0 kB
time: 570s
AnonPages:      16024892 kB
AnonHugePages:         0 kB
time: 571s
AnonPages:      16024860 kB
AnonHugePages:         0 kB
time: 572s
AnonPages:      16024984 kB
AnonHugePages:         0 kB
time: 573s
AnonPages:      16024864 kB
AnonHugePages:         0 kB
time: 574s
AnonPages:      16024876 kB
AnonHugePages:         0 kB
time: 575s
AnonPages:      16024820 kB
AnonHugePages:         0 kB
time: 576s
AnonPages:      16024920 kB
AnonHugePages:         0 kB
time: 577s
AnonPages:      16025048 kB
AnonHugePages:         0 kB
time: 578s
AnonPages:      16024848 kB
AnonHugePages:         0 kB
time: 579s
AnonPages:      16024888 kB
AnonHugePages:         0 kB
time: 580s
AnonPages:      16024820 kB
AnonHugePages:         0 kB
time: 581s
AnonPages:      16024680 kB
AnonHugePages:         0 kB
time: 582s
AnonPages:      16024920 kB
AnonHugePages:         0 kB
time: 583s
AnonPages:      16024820 kB
AnonHugePages:         0 kB
time: 584s
AnonPages:      16024760 kB
AnonHugePages:         0 kB
time: 585s
AnonPages:      16024968 kB
AnonHugePages:         0 kB
time: 586s
AnonPages:      16024796 kB
AnonHugePages:         0 kB
time: 587s
AnonPages:      16024872 kB
AnonHugePages:         0 kB
time: 588s
AnonPages:      16024912 kB
AnonHugePages:         0 kB
time: 589s
AnonPages:      16025020 kB
AnonHugePages:         0 kB
time: 590s
AnonPages:      16024884 kB
AnonHugePages:         0 kB
time: 591s
AnonPages:      16024948 kB
AnonHugePages:         0 kB
time: 592s
AnonPages:      16024852 kB
AnonHugePages:         0 kB
time: 593s
AnonPages:      16024824 kB
AnonHugePages:         0 kB
time: 594s
AnonPages:      16025064 kB
AnonHugePages:         0 kB
time: 595s
AnonPages:      16024868 kB
AnonHugePages:         0 kB
time: 596s
AnonPages:      16024952 kB
AnonHugePages:         0 kB
time: 597s
AnonPages:      16024888 kB
AnonHugePages:         0 kB
time: 598s
AnonPages:      16024736 kB
AnonHugePages:         0 kB
time: 599s
AnonPages:      16024948 kB
AnonHugePages:         0 kB
time: 600s
AnonPages:      16025100 kB
AnonHugePages:         0 kB
time: 601s
AnonPages:      16024608 kB
AnonHugePages:         0 kB
time: 602s
AnonPages:      16024852 kB
AnonHugePages:         0 kB
time: 603s
AnonPages:      16025020 kB
AnonHugePages:         0 kB
time: 604s
AnonPages:      16024992 kB
AnonHugePages:         0 kB
time: 605s
AnonPages:      16025184 kB
AnonHugePages:         0 kB
time: 606s
AnonPages:      16024896 kB
AnonHugePages:         0 kB
time: 607s
AnonPages:      16024824 kB
AnonHugePages:         0 kB
time: 608s
AnonPages:      16024740 kB
AnonHugePages:         0 kB
time: 609s
AnonPages:      16024876 kB
AnonHugePages:         0 kB
time: 610s
AnonPages:      16025032 kB
AnonHugePages:         0 kB
time: 611s
AnonPages:      16024956 kB
AnonHugePages:         0 kB
time: 612s
AnonPages:      16024884 kB
AnonHugePages:         0 kB
time: 613s
AnonPages:      16024732 kB
AnonHugePages:         0 kB
time: 614s
AnonPages:      16024796 kB
AnonHugePages:         0 kB
time: 615s
AnonPages:      16024824 kB
AnonHugePages:         0 kB
time: 616s
AnonPages:      16025056 kB
AnonHugePages:         0 kB
time: 617s
AnonPages:      16024924 kB
AnonHugePages:         0 kB
time: 618s
AnonPages:      16024636 kB
AnonHugePages:         0 kB
time: 619s
AnonPages:      16024844 kB
AnonHugePages:         0 kB
time: 620s
AnonPages:      16024852 kB
AnonHugePages:         0 kB
time: 621s
AnonPages:      16025032 kB
AnonHugePages:         0 kB
time: 622s
AnonPages:      16025040 kB
AnonHugePages:         0 kB
time: 623s
AnonPages:      16025116 kB
AnonHugePages:         0 kB
time: 624s
AnonPages:      16024820 kB
AnonHugePages:         0 kB
time: 625s
AnonPages:      16025016 kB
AnonHugePages:         0 kB
time: 626s
AnonPages:      16025024 kB
AnonHugePages:         0 kB
time: 627s
AnonPages:      16024972 kB
AnonHugePages:         0 kB
time: 628s
AnonPages:      16024972 kB
AnonHugePages:         0 kB
time: 629s
AnonPages:      16025164 kB
AnonHugePages:         0 kB
time: 630s
AnonPages:      16024976 kB
AnonHugePages:         0 kB
time: 631s
AnonPages:      16024828 kB
AnonHugePages:         0 kB
time: 632s
AnonPages:      16024936 kB
AnonHugePages:         0 kB
time: 633s
AnonPages:      16024996 kB
AnonHugePages:         0 kB
time: 634s
AnonPages:      16025040 kB
AnonHugePages:         0 kB
time: 635s
AnonPages:      16024980 kB
AnonHugePages:         0 kB
time: 636s
AnonPages:      16024708 kB
AnonHugePages:         0 kB
time: 637s
AnonPages:      16024900 kB
AnonHugePages:         0 kB
time: 638s
AnonPages:      16024824 kB
AnonHugePages:         0 kB
time: 639s
AnonPages:      16024972 kB
AnonHugePages:         0 kB
time: 640s
AnonPages:      16024960 kB
AnonHugePages:         0 kB
time: 641s
AnonPages:      16025008 kB
AnonHugePages:         0 kB
time: 642s
AnonPages:      16024860 kB
AnonHugePages:         0 kB
time: 643s
AnonPages:      16025228 kB
AnonHugePages:         0 kB
time: 644s
AnonPages:      16024796 kB
AnonHugePages:         0 kB
time: 645s
AnonPages:      16025140 kB
AnonHugePages:         0 kB
time: 646s
AnonPages:      16024996 kB
AnonHugePages:         0 kB
time: 647s
AnonPages:      16024664 kB
AnonHugePages:         0 kB
time: 648s
AnonPages:      16024900 kB
AnonHugePages:         0 kB
time: 649s
AnonPages:      16024912 kB
AnonHugePages:         0 kB
time: 650s
AnonPages:      16024980 kB
AnonHugePages:         0 kB
time: 651s
AnonPages:      16025020 kB
AnonHugePages:         0 kB
time: 652s
AnonPages:      16024932 kB
AnonHugePages:         0 kB
time: 653s
AnonPages:      16025188 kB
AnonHugePages:         0 kB
time: 654s
AnonPages:      16024828 kB
AnonHugePages:         0 kB
time: 655s
AnonPages:      16024976 kB
AnonHugePages:         0 kB
time: 656s
AnonPages:      16025008 kB
AnonHugePages:         0 kB
time: 657s
AnonPages:      16024772 kB
AnonHugePages:         0 kB
time: 658s
AnonPages:      16024776 kB
AnonHugePages:         0 kB
time: 659s
AnonPages:      16024808 kB
AnonHugePages:         0 kB
time: 660s
AnonPages:      16024740 kB
AnonHugePages:         0 kB
time: 661s
AnonPages:      16025056 kB
AnonHugePages:         0 kB
time: 662s
AnonPages:      16024868 kB
AnonHugePages:         0 kB
time: 663s
AnonPages:      16024780 kB
AnonHugePages:         0 kB
time: 664s
AnonPages:      16024928 kB
AnonHugePages:         0 kB
time: 665s
AnonPages:      16024984 kB
AnonHugePages:         0 kB
time: 666s
AnonPages:      16024888 kB
AnonHugePages:         0 kB
time: 667s
AnonPages:      16025080 kB
AnonHugePages:         0 kB
time: 668s
AnonPages:      16025040 kB
AnonHugePages:         0 kB
time: 669s
AnonPages:      16024808 kB
AnonHugePages:         0 kB
time: 670s
AnonPages:      16024916 kB
AnonHugePages:         0 kB
time: 671s
AnonPages:      16024940 kB
AnonHugePages:         0 kB
time: 672s
AnonPages:      16025024 kB
AnonHugePages:         0 kB
time: 673s
AnonPages:      16024812 kB
AnonHugePages:         0 kB
time: 674s
AnonPages:      16024732 kB
AnonHugePages:         0 kB
time: 675s
AnonPages:      16024880 kB
AnonHugePages:         0 kB
time: 676s
AnonPages:      16024924 kB
AnonHugePages:         0 kB
time: 677s
AnonPages:      16024924 kB
AnonHugePages:         0 kB
time: 678s
AnonPages:      16024812 kB
AnonHugePages:         0 kB
time: 679s
AnonPages:      16024924 kB
AnonHugePages:         0 kB
time: 680s
AnonPages:      16024904 kB
AnonHugePages:         0 kB
time: 681s
AnonPages:      16025048 kB
AnonHugePages:         0 kB
time: 682s
AnonPages:      16025024 kB
AnonHugePages:         0 kB
time: 683s
AnonPages:      16024808 kB
AnonHugePages:         0 kB
time: 684s
AnonPages:      16024952 kB
AnonHugePages:         0 kB
time: 685s
AnonPages:      16025204 kB
AnonHugePages:         0 kB
time: 686s
AnonPages:      16024968 kB
AnonHugePages:         0 kB
time: 687s
AnonPages:      16024896 kB
AnonHugePages:         0 kB
time: 688s
AnonPages:      16024820 kB
AnonHugePages:         0 kB
time: 689s
AnonPages:      16024896 kB
AnonHugePages:         0 kB
time: 690s
AnonPages:      16024892 kB
AnonHugePages:         0 kB
time: 691s
AnonPages:      16024956 kB
AnonHugePages:         0 kB
time: 692s
AnonPages:      16024908 kB
AnonHugePages:         0 kB
time: 693s
AnonPages:      16024728 kB
AnonHugePages:         0 kB
time: 694s
AnonPages:      16024744 kB
AnonHugePages:         0 kB
time: 695s
AnonPages:      16024852 kB
AnonHugePages:         0 kB
time: 696s
AnonPages:      16024688 kB
AnonHugePages:         0 kB
time: 697s
AnonPages:      16024940 kB
AnonHugePages:         0 kB
time: 698s
AnonPages:      16024804 kB
AnonHugePages:         0 kB
time: 699s
AnonPages:      16024948 kB
AnonHugePages:         0 kB
time: 700s
AnonPages:      16024744 kB
AnonHugePages:         0 kB
time: 701s
AnonPages:      16024940 kB
AnonHugePages:         0 kB
time: 702s
AnonPages:      16024952 kB
AnonHugePages:         0 kB
time: 703s
AnonPages:      16024988 kB
AnonHugePages:         0 kB
time: 704s
AnonPages:      16024928 kB
AnonHugePages:         0 kB
time: 705s
AnonPages:      16024920 kB
AnonHugePages:         0 kB
time: 706s
AnonPages:      16024868 kB
AnonHugePages:         0 kB
time: 707s
AnonPages:      16025012 kB
AnonHugePages:         0 kB
time: 708s
AnonPages:      16025168 kB
AnonHugePages:         0 kB
time: 709s
AnonPages:      16024860 kB
AnonHugePages:         0 kB
time: 710s
AnonPages:      16025124 kB
AnonHugePages:         0 kB
time: 711s
AnonPages:      16024680 kB
AnonHugePages:         0 kB
time: 712s
AnonPages:      16024912 kB
AnonHugePages:         0 kB
time: 713s
AnonPages:      16024936 kB
AnonHugePages:         0 kB
time: 714s
AnonPages:      16025088 kB
AnonHugePages:         0 kB
time: 715s
AnonPages:      16025092 kB
AnonHugePages:         0 kB
time: 716s
AnonPages:      16024968 kB
AnonHugePages:         0 kB
time: 717s
AnonPages:      16024812 kB
AnonHugePages:         0 kB
time: 718s
AnonPages:      16024996 kB
AnonHugePages:         0 kB
time: 719s
AnonPages:      16025024 kB
AnonHugePages:         0 kB
time: 720s
AnonPages:      16025008 kB
AnonHugePages:         0 kB
time: 721s
AnonPages:      16024992 kB
AnonHugePages:         0 kB
time: 722s
AnonPages:      16024996 kB
AnonHugePages:         0 kB
time: 723s
AnonPages:      16024968 kB
AnonHugePages:         0 kB
time: 724s
AnonPages:      16024900 kB
AnonHugePages:         0 kB
time: 725s
AnonPages:      16024868 kB
AnonHugePages:         0 kB
time: 726s
AnonPages:      16024624 kB
AnonHugePages:         0 kB
time: 727s
AnonPages:      16024772 kB
AnonHugePages:         0 kB
time: 728s
AnonPages:      16024940 kB
AnonHugePages:         0 kB
time: 729s
AnonPages:      16024904 kB
AnonHugePages:         0 kB
time: 730s
AnonPages:      16024936 kB
AnonHugePages:         0 kB
time: 731s
AnonPages:      16024900 kB
AnonHugePages:         0 kB
time: 732s
AnonPages:      16025052 kB
AnonHugePages:         0 kB
time: 733s
AnonPages:      16025148 kB
AnonHugePages:         0 kB
time: 734s
AnonPages:      16024960 kB
AnonHugePages:         0 kB
time: 735s
AnonPages:      16025040 kB
AnonHugePages:         0 kB
time: 736s
AnonPages:      16024964 kB
AnonHugePages:         0 kB
time: 737s
AnonPages:      16024976 kB
AnonHugePages:         0 kB
time: 738s
AnonPages:      16024872 kB
AnonHugePages:         0 kB
time: 739s
AnonPages:      16025068 kB
AnonHugePages:         0 kB
time: 740s
AnonPages:      16024740 kB
AnonHugePages:         0 kB
time: 741s
AnonPages:      16024896 kB
AnonHugePages:         0 kB
time: 742s
AnonPages:      16025008 kB
AnonHugePages:         0 kB
time: 743s
AnonPages:      16024900 kB
AnonHugePages:         0 kB
time: 744s
AnonPages:      16024840 kB
AnonHugePages:         0 kB
time: 745s
AnonPages:      16024952 kB
AnonHugePages:         0 kB
time: 746s
AnonPages:      16025008 kB
AnonHugePages:         0 kB
time: 747s
AnonPages:      16024896 kB
AnonHugePages:         0 kB
time: 748s
AnonPages:      16024952 kB
AnonHugePages:         0 kB
time: 749s
AnonPages:      16024840 kB
AnonHugePages:         0 kB
time: 750s
AnonPages:      16024936 kB
AnonHugePages:         0 kB
time: 751s
AnonPages:      16024928 kB
AnonHugePages:         0 kB
time: 752s
AnonPages:      16025052 kB
AnonHugePages:         0 kB
time: 753s
AnonPages:      16024812 kB
AnonHugePages:         0 kB
time: 754s
AnonPages:      16024900 kB
AnonHugePages:         0 kB
time: 755s
AnonPages:      16025072 kB
AnonHugePages:         0 kB
time: 756s
AnonPages:      16024880 kB
AnonHugePages:         0 kB
time: 757s
AnonPages:      16024920 kB
AnonHugePages:         0 kB
time: 758s
AnonPages:      16025172 kB
AnonHugePages:         0 kB
time: 759s
AnonPages:      16025064 kB
AnonHugePages:         0 kB
time: 760s
AnonPages:      16024980 kB
AnonHugePages:         0 kB
time: 761s
AnonPages:      16024972 kB
AnonHugePages:         0 kB
time: 762s
AnonPages:      16025008 kB
AnonHugePages:         0 kB
time: 763s
AnonPages:      16024824 kB
AnonHugePages:         0 kB
time: 764s
AnonPages:      16025076 kB
AnonHugePages:         0 kB
time: 765s
AnonPages:      16024948 kB
AnonHugePages:         0 kB
time: 766s
AnonPages:      16025164 kB
AnonHugePages:         0 kB
time: 767s
AnonPages:      16024872 kB
AnonHugePages:         0 kB
time: 768s
AnonPages:      16025180 kB
AnonHugePages:         0 kB
time: 769s
AnonPages:      16024956 kB
AnonHugePages:         0 kB
time: 770s
AnonPages:      16024860 kB
AnonHugePages:         0 kB
time: 771s
AnonPages:      16024908 kB
AnonHugePages:         0 kB
time: 772s
AnonPages:      16024820 kB
AnonHugePages:         0 kB
time: 773s
AnonPages:      16025088 kB
AnonHugePages:         0 kB
time: 774s
AnonPages:      16024936 kB
AnonHugePages:         0 kB
time: 775s
AnonPages:      16025072 kB
AnonHugePages:         0 kB
time: 776s
AnonPages:      16025072 kB
AnonHugePages:         0 kB
time: 777s
AnonPages:      16024908 kB
AnonHugePages:         0 kB
time: 778s
AnonPages:      16024904 kB
AnonHugePages:         0 kB
time: 779s
AnonPages:      16024908 kB
AnonHugePages:         0 kB
time: 780s
AnonPages:      16024972 kB
AnonHugePages:         0 kB
time: 781s
AnonPages:      16024996 kB
AnonHugePages:         0 kB
time: 782s
AnonPages:      16024920 kB
AnonHugePages:         0 kB
time: 783s
AnonPages:      16025004 kB
AnonHugePages:         0 kB
time: 784s
AnonPages:      16024936 kB
AnonHugePages:         0 kB
time: 785s
AnonPages:      16024904 kB
AnonHugePages:         0 kB
time: 786s
AnonPages:      16024844 kB
AnonHugePages:         0 kB
time: 787s
AnonPages:      16024988 kB
AnonHugePages:         0 kB
time: 788s
AnonPages:      16024828 kB
AnonHugePages:         0 kB
time: 789s
AnonPages:      16025048 kB
AnonHugePages:         0 kB
time: 790s
AnonPages:      16024844 kB
AnonHugePages:         0 kB
time: 791s
AnonPages:      16024808 kB
AnonHugePages:         0 kB
time: 792s
AnonPages:      16024932 kB
AnonHugePages:         0 kB
time: 793s
AnonPages:      16024888 kB
AnonHugePages:         0 kB
time: 794s
AnonPages:      16024844 kB
AnonHugePages:         0 kB
time: 795s
AnonPages:      16024844 kB
AnonHugePages:         0 kB
time: 796s
AnonPages:      16024844 kB
AnonHugePages:         0 kB
time: 797s
AnonPages:      16025152 kB
AnonHugePages:         0 kB
time: 798s
AnonPages:      16024896 kB
AnonHugePages:         0 kB
time: 799s
AnonPages:      16025000 kB
AnonHugePages:         0 kB
time: 800s
AnonPages:      16024948 kB
AnonHugePages:         0 kB
time: 801s
AnonPages:      16025088 kB
AnonHugePages:         0 kB
time: 802s
AnonPages:      16024848 kB
AnonHugePages:         0 kB
time: 803s
AnonPages:      16024868 kB
AnonHugePages:         0 kB
time: 804s
AnonPages:      16024856 kB
AnonHugePages:         0 kB
time: 805s
AnonPages:      16025024 kB
AnonHugePages:         0 kB
time: 806s
AnonPages:      16024832 kB
AnonHugePages:         0 kB
time: 807s
AnonPages:      16025000 kB
AnonHugePages:         0 kB
time: 808s
AnonPages:      16024988 kB
AnonHugePages:         0 kB
time: 809s
AnonPages:      16024828 kB
AnonHugePages:         0 kB
time: 810s
AnonPages:      16024860 kB
AnonHugePages:         0 kB
time: 811s
AnonPages:      16025092 kB
AnonHugePages:         0 kB
time: 812s
AnonPages:      16025024 kB
AnonHugePages:         0 kB
time: 813s
AnonPages:      16025024 kB
AnonHugePages:         0 kB
time: 814s
AnonPages:      16025052 kB
AnonHugePages:         0 kB
time: 815s
AnonPages:      16024884 kB
AnonHugePages:         0 kB
time: 816s
AnonPages:      16025012 kB
AnonHugePages:         0 kB
time: 817s
AnonPages:      16025080 kB
AnonHugePages:         0 kB
time: 818s
AnonPages:      16025024 kB
AnonHugePages:         0 kB
time: 819s
AnonPages:      16025100 kB
AnonHugePages:         0 kB
time: 820s
AnonPages:      16024980 kB
AnonHugePages:         0 kB
time: 821s
AnonPages:      16024760 kB
AnonHugePages:         0 kB
time: 822s
AnonPages:      16024844 kB
AnonHugePages:         0 kB
time: 823s
AnonPages:      16024956 kB
AnonHugePages:         0 kB
time: 824s
AnonPages:      16024848 kB
AnonHugePages:         0 kB
time: 825s
AnonPages:      16024972 kB
AnonHugePages:         0 kB
time: 826s
AnonPages:      16024760 kB
AnonHugePages:         0 kB
time: 827s
AnonPages:      16024892 kB
AnonHugePages:         0 kB
time: 828s
AnonPages:      16024848 kB
AnonHugePages:         0 kB
time: 829s
AnonPages:      16024844 kB
AnonHugePages:         0 kB
time: 830s
AnonPages:      16024960 kB
AnonHugePages:         0 kB
time: 831s
AnonPages:      16024976 kB
AnonHugePages:         0 kB
time: 832s
AnonPages:      16024760 kB
AnonHugePages:         0 kB
time: 833s
AnonPages:      16024888 kB
AnonHugePages:         0 kB
time: 834s
AnonPages:      16024880 kB
AnonHugePages:         0 kB
time: 835s
AnonPages:      16024996 kB
AnonHugePages:         0 kB
time: 836s
AnonPages:      16024868 kB
AnonHugePages:         0 kB
time: 837s
AnonPages:      16024832 kB
AnonHugePages:         0 kB
time: 838s
AnonPages:      16024760 kB
AnonHugePages:         0 kB
time: 839s
AnonPages:      16024888 kB
AnonHugePages:         0 kB
time: 840s
AnonPages:      16024848 kB
AnonHugePages:         0 kB
time: 841s
AnonPages:      16024908 kB
AnonHugePages:         0 kB
time: 842s
AnonPages:      16024848 kB
AnonHugePages:         0 kB
time: 843s
AnonPages:      16025100 kB
AnonHugePages:         0 kB
time: 844s
AnonPages:      16024780 kB
AnonHugePages:         0 kB
time: 845s
AnonPages:      16024984 kB
AnonHugePages:         0 kB
time: 846s
AnonPages:      16024936 kB
AnonHugePages:         0 kB
time: 847s
AnonPages:      16024824 kB
AnonHugePages:         0 kB
time: 848s
AnonPages:      16024908 kB
AnonHugePages:         0 kB
time: 849s
AnonPages:      16024852 kB
AnonHugePages:         0 kB
time: 850s
AnonPages:      16024936 kB
AnonHugePages:         0 kB
time: 851s
AnonPages:      16025180 kB
AnonHugePages:         0 kB
time: 852s
AnonPages:      16024944 kB
AnonHugePages:         0 kB
time: 853s
AnonPages:      16024920 kB
AnonHugePages:         0 kB
time: 854s
AnonPages:      16024764 kB
AnonHugePages:         0 kB
time: 855s
AnonPages:      16024900 kB
AnonHugePages:         0 kB
time: 856s
AnonPages:      16024916 kB
AnonHugePages:         0 kB
time: 857s
AnonPages:      16025112 kB
AnonHugePages:         0 kB
time: 858s
AnonPages:      16024944 kB
AnonHugePages:         0 kB
time: 859s
AnonPages:      16025056 kB
AnonHugePages:         0 kB
time: 860s
AnonPages:      16024792 kB
AnonHugePages:         0 kB
time: 861s
AnonPages:      16025048 kB
AnonHugePages:         0 kB
time: 862s
AnonPages:      16025032 kB
AnonHugePages:         0 kB
time: 863s
AnonPages:      16025008 kB
AnonHugePages:         0 kB
time: 864s
AnonPages:      16024940 kB
AnonHugePages:         0 kB
time: 865s
AnonPages:      16024968 kB
AnonHugePages:         0 kB
time: 866s
AnonPages:      16024852 kB
AnonHugePages:         0 kB
time: 867s
AnonPages:      16024948 kB
AnonHugePages:         0 kB
time: 868s
AnonPages:      16025016 kB
AnonHugePages:         0 kB
time: 869s
AnonPages:      16025308 kB
AnonHugePages:         0 kB
time: 870s
AnonPages:      16024824 kB
AnonHugePages:         0 kB
time: 871s
AnonPages:      16025032 kB
AnonHugePages:         0 kB
time: 872s
AnonPages:      16024908 kB
AnonHugePages:         0 kB
time: 873s
AnonPages:      16024972 kB
AnonHugePages:         0 kB
time: 874s
AnonPages:      16025044 kB
AnonHugePages:         0 kB
time: 875s
AnonPages:      16025200 kB
AnonHugePages:         0 kB
time: 876s
AnonPages:      16024764 kB
AnonHugePages:         0 kB
time: 877s
AnonPages:      16025028 kB
AnonHugePages:         0 kB
time: 878s
AnonPages:      16024848 kB
AnonHugePages:         0 kB
time: 879s
AnonPages:      16024812 kB
AnonHugePages:         0 kB
time: 880s
AnonPages:      16025012 kB
AnonHugePages:         0 kB
time: 881s
AnonPages:      16024764 kB
AnonHugePages:         0 kB
time: 882s
AnonPages:      16024784 kB
AnonHugePages:         0 kB
time: 883s
AnonPages:      16024764 kB
AnonHugePages:         0 kB
time: 884s
AnonPages:      16024852 kB
AnonHugePages:         0 kB
time: 885s
AnonPages:      16024960 kB
AnonHugePages:         0 kB
time: 886s
AnonPages:      16025064 kB
AnonHugePages:         0 kB
time: 887s
AnonPages:      16025000 kB
AnonHugePages:         0 kB
time: 888s
AnonPages:      16024780 kB
AnonHugePages:         0 kB
time: 889s
AnonPages:      16024976 kB
AnonHugePages:         0 kB
time: 890s
AnonPages:      16025068 kB
AnonHugePages:         0 kB
time: 891s
AnonPages:      16025088 kB
AnonHugePages:         0 kB
time: 892s
AnonPages:      16024720 kB
AnonHugePages:         0 kB
time: 893s
AnonPages:      16024864 kB
AnonHugePages:         0 kB
time: 894s
AnonPages:      16024852 kB
AnonHugePages:         0 kB
time: 895s
AnonPages:      16024972 kB
AnonHugePages:         0 kB
time: 896s
AnonPages:      16024808 kB
AnonHugePages:         0 kB
time: 897s
AnonPages:      16025136 kB
AnonHugePages:         0 kB
time: 898s
AnonPages:      16024720 kB
AnonHugePages:         0 kB
time: 899s
AnonPages:      16024984 kB
AnonHugePages:         0 kB
time: 900s
AnonPages:      16024856 kB
AnonHugePages:         0 kB
time: 901s
AnonPages:      16024836 kB
AnonHugePages:         0 kB
time: 902s
AnonPages:      16024996 kB
AnonHugePages:         0 kB
time: 903s
AnonPages:      16024932 kB
AnonHugePages:         0 kB
time: 904s
AnonPages:      16024896 kB
AnonHugePages:         0 kB
time: 905s
AnonPages:      16024768 kB
AnonHugePages:         0 kB
time: 906s
AnonPages:      16024796 kB
AnonHugePages:         0 kB
time: 907s
AnonPages:      16024856 kB
AnonHugePages:         0 kB
time: 908s
AnonPages:      16024948 kB
AnonHugePages:         0 kB
time: 909s
AnonPages:      16025080 kB
AnonHugePages:         0 kB
time: 910s
AnonPages:      16024768 kB
AnonHugePages:         0 kB
time: 911s
AnonPages:      16024768 kB
AnonHugePages:         0 kB
time: 912s
AnonPages:      16024884 kB
AnonHugePages:         0 kB
time: 913s
AnonPages:      16025176 kB
AnonHugePages:         0 kB
time: 914s
AnonPages:      16025064 kB
AnonHugePages:         0 kB
time: 915s
AnonPages:      16025136 kB
AnonHugePages:         0 kB
time: 916s
AnonPages:      16024852 kB
AnonHugePages:         0 kB
time: 917s
AnonPages:      16025052 kB
AnonHugePages:         0 kB
time: 918s
AnonPages:      16025008 kB
AnonHugePages:         0 kB
time: 919s
AnonPages:      16025300 kB
AnonHugePages:         0 kB
time: 920s
AnonPages:      16024688 kB
AnonHugePages:         0 kB
time: 921s
AnonPages:      16025124 kB
AnonHugePages:         0 kB
time: 922s
AnonPages:      16024896 kB
AnonHugePages:         0 kB
time: 923s
AnonPages:      16024736 kB
AnonHugePages:         0 kB
time: 924s
AnonPages:      16024916 kB
AnonHugePages:         0 kB
time: 925s
AnonPages:      16025032 kB
AnonHugePages:         0 kB
time: 926s
AnonPages:      16025036 kB
AnonHugePages:         0 kB
time: 927s
AnonPages:      16024952 kB
AnonHugePages:         0 kB
time: 928s
AnonPages:      16024904 kB
AnonHugePages:         0 kB
time: 929s
AnonPages:      16024904 kB
AnonHugePages:         0 kB
time: 930s
AnonPages:      16025052 kB
AnonHugePages:         0 kB
time: 931s
AnonPages:      16025104 kB
AnonHugePages:         0 kB
time: 932s
AnonPages:      16024884 kB
AnonHugePages:         0 kB
time: 933s
AnonPages:      16024892 kB
AnonHugePages:         0 kB
time: 934s
AnonPages:      16024856 kB
AnonHugePages:         0 kB
time: 935s
AnonPages:      16024900 kB
AnonHugePages:         0 kB
time: 936s
AnonPages:      16025060 kB
AnonHugePages:         0 kB
time: 937s
AnonPages:      16025220 kB
AnonHugePages:         0 kB
time: 938s
AnonPages:      16024856 kB
AnonHugePages:         0 kB
time: 939s
AnonPages:      16025012 kB
AnonHugePages:         0 kB
time: 940s
AnonPages:      16025016 kB
AnonHugePages:         0 kB
time: 941s
AnonPages:      16025044 kB
AnonHugePages:         0 kB
time: 942s
AnonPages:      16025152 kB
AnonHugePages:         0 kB
time: 943s
AnonPages:      16025084 kB
AnonHugePages:         0 kB
time: 944s
AnonPages:      16025068 kB
AnonHugePages:         0 kB
time: 945s
AnonPages:      16024760 kB
AnonHugePages:         0 kB
time: 946s
AnonPages:      16024872 kB
AnonHugePages:         0 kB
time: 947s
AnonPages:      16024932 kB
AnonHugePages:         0 kB
time: 948s
AnonPages:      16025092 kB
AnonHugePages:         0 kB
time: 949s
AnonPages:      16025128 kB
AnonHugePages:         0 kB
time: 950s
AnonPages:      16024960 kB
AnonHugePages:         0 kB
time: 951s
AnonPages:      16024760 kB
AnonHugePages:         0 kB
time: 952s
AnonPages:      16024924 kB
AnonHugePages:         0 kB
time: 953s
AnonPages:      16024996 kB
AnonHugePages:         0 kB
time: 954s
AnonPages:      16025192 kB
AnonHugePages:         0 kB
time: 955s
AnonPages:      16025116 kB
AnonHugePages:         0 kB
time: 956s
AnonPages:      16025064 kB
AnonHugePages:         0 kB
time: 957s
AnonPages:      16024904 kB
AnonHugePages:         0 kB
time: 958s
AnonPages:      16025236 kB
AnonHugePages:         0 kB
time: 959s
AnonPages:      16025084 kB
AnonHugePages:         0 kB
time: 960s
AnonPages:      16025104 kB
AnonHugePages:         0 kB
time: 961s
AnonPages:      16024888 kB
AnonHugePages:         0 kB
time: 962s
AnonPages:      16024880 kB
AnonHugePages:         0 kB
time: 963s
AnonPages:      16024888 kB
AnonHugePages:         0 kB
time: 964s
AnonPages:      16024972 kB
AnonHugePages:         0 kB
time: 965s
AnonPages:      16025064 kB
AnonHugePages:         0 kB
time: 966s
AnonPages:      16024936 kB
AnonHugePages:         0 kB
time: 967s
AnonPages:      16024908 kB
AnonHugePages:         0 kB
time: 968s
AnonPages:      16024836 kB
AnonHugePages:         0 kB
time: 969s
AnonPages:      16024760 kB
AnonHugePages:         0 kB
time: 970s
AnonPages:      16024992 kB
AnonHugePages:         0 kB
time: 971s
AnonPages:      16025176 kB
AnonHugePages:         0 kB
time: 972s
AnonPages:      16025176 kB
AnonHugePages:         0 kB
time: 973s
AnonPages:      16025056 kB
AnonHugePages:         0 kB
time: 974s
AnonPages:      16025040 kB
AnonHugePages:         0 kB
time: 975s
AnonPages:      16025008 kB
AnonHugePages:         0 kB
time: 976s
AnonPages:      16025136 kB
AnonHugePages:         0 kB
time: 977s
AnonPages:      16024920 kB
AnonHugePages:         0 kB
time: 978s
AnonPages:      16025024 kB
AnonHugePages:         0 kB
time: 979s
AnonPages:      16025056 kB
AnonHugePages:         0 kB
time: 980s
AnonPages:      16025064 kB
AnonHugePages:         0 kB
time: 981s
AnonPages:      16025000 kB
AnonHugePages:         0 kB
time: 982s
AnonPages:      16025112 kB
AnonHugePages:         0 kB
time: 983s
AnonPages:      16025072 kB
AnonHugePages:         0 kB
time: 984s
AnonPages:      16025076 kB
AnonHugePages:         0 kB
time: 985s
AnonPages:      16025096 kB
AnonHugePages:         0 kB
time: 986s
AnonPages:      16024960 kB
AnonHugePages:         0 kB
time: 987s
AnonPages:      16025036 kB
AnonHugePages:         0 kB
time: 988s
AnonPages:      16025160 kB
AnonHugePages:         0 kB
time: 989s
AnonPages:      16025312 kB
AnonHugePages:         0 kB
time: 990s
AnonPages:      16024892 kB
AnonHugePages:         0 kB
time: 991s
AnonPages:      16024872 kB
AnonHugePages:         0 kB
time: 992s
AnonPages:      16025000 kB
AnonHugePages:         0 kB
time: 993s
AnonPages:      16024964 kB
AnonHugePages:         0 kB
time: 994s
AnonPages:      16024724 kB
AnonHugePages:         0 kB
time: 995s
AnonPages:      16024884 kB
AnonHugePages:         0 kB
time: 996s
AnonPages:      16024864 kB
AnonHugePages:         0 kB
time: 997s
AnonPages:      16025000 kB
AnonHugePages:         0 kB
time: 998s
AnonPages:      16025120 kB
AnonHugePages:         0 kB
time: 999s
AnonPages:      16025292 kB
AnonHugePages:         0 kB
time: 1000s
AnonPages:      16024984 kB
AnonHugePages:         0 kB
time: 1001s
AnonPages:      16025044 kB
AnonHugePages:         0 kB
time: 1002s
AnonPages:      16024864 kB
AnonHugePages:         0 kB
time: 1003s
AnonPages:      16025016 kB
AnonHugePages:         0 kB
time: 1004s
AnonPages:      16025064 kB
AnonHugePages:         0 kB
time: 1005s
AnonPages:      16025156 kB
AnonHugePages:         0 kB
time: 1006s
AnonPages:      16025024 kB
AnonHugePages:         0 kB
time: 1007s
AnonPages:      16024976 kB
AnonHugePages:         0 kB
time: 1008s
AnonPages:      16024924 kB
AnonHugePages:         0 kB
time: 1009s
AnonPages:      16024884 kB
AnonHugePages:         0 kB
time: 1010s
AnonPages:      16025032 kB
AnonHugePages:         0 kB
time: 1011s
AnonPages:      16024972 kB
AnonHugePages:         0 kB
time: 1012s
AnonPages:      16024984 kB
AnonHugePages:         0 kB
time: 1013s
AnonPages:      16025248 kB
AnonHugePages:         0 kB
time: 1014s
AnonPages:      16024908 kB
AnonHugePages:         0 kB
time: 1015s
AnonPages:      16025028 kB
AnonHugePages:         0 kB
time: 1016s
AnonPages:      16025072 kB
AnonHugePages:         0 kB
time: 1017s
AnonPages:      16024932 kB
AnonHugePages:         0 kB
time: 1018s
AnonPages:      16024968 kB
AnonHugePages:         0 kB
time: 1019s
AnonPages:      16025020 kB
AnonHugePages:         0 kB
time: 1020s
AnonPages:      16024960 kB
AnonHugePages:         0 kB
time: 1021s
AnonPages:      16025068 kB
AnonHugePages:         0 kB
time: 1022s
AnonPages:      16024900 kB
AnonHugePages:         0 kB
time: 1023s
AnonPages:      16024928 kB
AnonHugePages:         0 kB
time: 1024s
AnonPages:      16024864 kB
AnonHugePages:         0 kB
time: 1025s
AnonPages:      16024988 kB
AnonHugePages:         0 kB
time: 1026s
AnonPages:      16024976 kB
AnonHugePages:         0 kB
time: 1027s
AnonPages:      16024836 kB
AnonHugePages:         0 kB
time: 1028s
AnonPages:      16025080 kB
AnonHugePages:         0 kB
time: 1029s
AnonPages:      16024980 kB
AnonHugePages:         0 kB
time: 1030s
AnonPages:      16024872 kB
AnonHugePages:         0 kB
time: 1031s
AnonPages:      16024932 kB
AnonHugePages:         0 kB
time: 1032s
AnonPages:      16025020 kB
AnonHugePages:         0 kB
time: 1033s
AnonPages:      16025068 kB
AnonHugePages:         0 kB
time: 1034s
AnonPages:      16024824 kB
AnonHugePages:         0 kB
time: 1035s
AnonPages:      16025108 kB
AnonHugePages:         0 kB
time: 1036s
AnonPages:      16024928 kB
AnonHugePages:         0 kB
time: 1037s
AnonPages:      16025080 kB
AnonHugePages:         0 kB
time: 1038s
AnonPages:      16025012 kB
AnonHugePages:         0 kB
time: 1039s
AnonPages:      16025208 kB
AnonHugePages:         0 kB
time: 1040s
AnonPages:      16024880 kB
AnonHugePages:         0 kB
time: 1041s
AnonPages:      16024992 kB
AnonHugePages:         0 kB
time: 1042s
AnonPages:      16024948 kB
AnonHugePages:         0 kB
time: 1043s
AnonPages:      16025028 kB
AnonHugePages:         0 kB
time: 1044s
AnonPages:      16025024 kB
AnonHugePages:         0 kB
time: 1045s
AnonPages:      16024936 kB
AnonHugePages:         0 kB
time: 1046s
AnonPages:      16024824 kB
AnonHugePages:         0 kB
time: 1047s
AnonPages:      16025020 kB
AnonHugePages:         0 kB
time: 1048s
AnonPages:      16024932 kB
AnonHugePages:         0 kB
time: 1049s
AnonPages:      16024984 kB
AnonHugePages:         0 kB
time: 1050s
AnonPages:      16025152 kB
AnonHugePages:         0 kB
time: 1051s
AnonPages:      16025164 kB
AnonHugePages:         0 kB
time: 1052s
AnonPages:      16024856 kB
AnonHugePages:         0 kB
time: 1053s
AnonPages:      16024784 kB
AnonHugePages:         0 kB
time: 1054s
AnonPages:      16024972 kB
AnonHugePages:         0 kB
time: 1055s
AnonPages:      16024852 kB
AnonHugePages:         0 kB
time: 1056s
AnonPages:      16025036 kB
AnonHugePages:         0 kB
time: 1057s
AnonPages:      16025064 kB
AnonHugePages:         0 kB
time: 1058s
AnonPages:      16024932 kB
AnonHugePages:         0 kB
time: 1059s
AnonPages:      16025004 kB
AnonHugePages:         0 kB
time: 1060s
AnonPages:      16024948 kB
AnonHugePages:         0 kB
time: 1061s
AnonPages:      16025056 kB
AnonHugePages:         0 kB
time: 1062s
AnonPages:      16025080 kB
AnonHugePages:         0 kB
time: 1063s
AnonPages:      16025036 kB
AnonHugePages:         0 kB
time: 1064s
AnonPages:      16025072 kB
AnonHugePages:         0 kB
time: 1065s
AnonPages:      16024968 kB
AnonHugePages:         0 kB
time: 1066s
AnonPages:      16025084 kB
AnonHugePages:         0 kB
time: 1067s
AnonPages:      16024968 kB
AnonHugePages:         0 kB
time: 1068s
AnonPages:      16024848 kB
AnonHugePages:         0 kB
time: 1069s
AnonPages:      16024948 kB
AnonHugePages:         0 kB
time: 1070s
AnonPages:      16024972 kB
AnonHugePages:         0 kB
time: 1071s
AnonPages:      16024872 kB
AnonHugePages:         0 kB
time: 1072s
AnonPages:      16025136 kB
AnonHugePages:         0 kB
time: 1073s
AnonPages:      16025068 kB
AnonHugePages:         0 kB
time: 1074s
AnonPages:      16024820 kB
AnonHugePages:         0 kB
time: 1075s
AnonPages:      16024936 kB
AnonHugePages:         0 kB
time: 1076s
AnonPages:      16025072 kB
AnonHugePages:         0 kB
time: 1077s
AnonPages:      16024868 kB
AnonHugePages:         0 kB
time: 1078s
AnonPages:      16024916 kB
AnonHugePages:         0 kB
time: 1079s
AnonPages:      16024872 kB
AnonHugePages:         0 kB
time: 1080s
AnonPages:      16025084 kB
AnonHugePages:         0 kB
time: 1081s
AnonPages:         27984 kB
AnonHugePages:         0 kB
time: 1082s
AnonPages:         28108 kB
AnonHugePages:         0 kB
time: 1083s
AnonPages:         28044 kB
AnonHugePages:         0 kB
time: 1084s
AnonPages:         28040 kB
AnonHugePages:         0 kB
time: 1085s
AnonPages:         28088 kB
AnonHugePages:         0 kB
time: 1086s
AnonPages:         28024 kB
AnonHugePages:         0 kB
time: 1087s
AnonPages:         28032 kB
AnonHugePages:         0 kB
time: 1088s
AnonPages:         27972 kB
AnonHugePages:         0 kB
time: 1089s
AnonPages:         27908 kB
AnonHugePages:         0 kB
time: 1090s
AnonPages:         28220 kB
AnonHugePages:         0 kB
time: 1091s
AnonPages:         28040 kB
AnonHugePages:         0 kB
time: 1092s
AnonPages:         28260 kB
AnonHugePages:         0 kB
time: 1093s
AnonPages:         27924 kB
AnonHugePages:         0 kB
time: 1094s
AnonPages:         27972 kB
AnonHugePages:         0 kB
time: 1095s
AnonPages:         27940 kB
AnonHugePages:         0 kB
time: 1096s
AnonPages:         27992 kB
AnonHugePages:         0 kB
time: 1097s
AnonPages:         27956 kB
AnonHugePages:         0 kB
time: 1098s
AnonPages:         27828 kB
AnonHugePages:         0 kB
time: 1099s
AnonPages:         27804 kB
AnonHugePages:         0 kB
time: 1100s
AnonPages:         28004 kB
AnonHugePages:         0 kB
