time: 0s
AnonPages:        541656 kB
AnonHugePages:    512000 kB
time: 1s
AnonPages:       3426796 kB
AnonHugePages:   3020800 kB
time: 2s
AnonPages:       4049328 kB
AnonHugePages:   3147776 kB
time: 3s
AnonPages:       4640216 kB
AnonHugePages:   3278848 kB
time: 4s
AnonPages:       5242092 kB
AnonHugePages:   3405824 kB
time: 5s
AnonPages:       5841384 kB
AnonHugePages:   3530752 kB
time: 6s
AnonPages:       6097076 kB
AnonHugePages:   3600384 kB
time: 7s
AnonPages:       6394788 kB
AnonHugePages:   3629056 kB
time: 8s
AnonPages:       6538340 kB
AnonHugePages:   3670016 kB
time: 9s
AnonPages:       6557936 kB
AnonHugePages:   3684352 kB
time: 10s
AnonPages:       6839884 kB
AnonHugePages:   3694592 kB
time: 11s
AnonPages:       6889052 kB
AnonHugePages:   3723264 kB
time: 12s
AnonPages:       7270608 kB
AnonHugePages:   3768320 kB
time: 13s
AnonPages:       7462112 kB
AnonHugePages:   3815424 kB
time: 14s
AnonPages:       7573284 kB
AnonHugePages:   3840000 kB
time: 15s
AnonPages:       7710456 kB
AnonHugePages:   3872768 kB
time: 16s
AnonPages:       7879052 kB
AnonHugePages:   3893248 kB
time: 17s
AnonPages:       7899772 kB
AnonHugePages:   3919872 kB
time: 18s
AnonPages:       8023928 kB
AnonHugePages:   3932160 kB
time: 19s
AnonPages:       8226260 kB
AnonHugePages:   3958784 kB
time: 20s
AnonPages:       8323632 kB
AnonHugePages:   3958784 kB
time: 21s
AnonPages:       8428356 kB
AnonHugePages:   3993600 kB
time: 22s
AnonPages:       8572952 kB
AnonHugePages:   4007936 kB
time: 23s
AnonPages:       8680948 kB
AnonHugePages:   4026368 kB
time: 24s
AnonPages:       8778880 kB
AnonHugePages:   4040704 kB
time: 25s
AnonPages:       8944232 kB
AnonHugePages:   4061184 kB
time: 26s
AnonPages:       9135336 kB
AnonHugePages:   4091904 kB
time: 27s
AnonPages:       9257756 kB
AnonHugePages:   4120576 kB
time: 28s
AnonPages:       9347888 kB
AnonHugePages:   4147200 kB
time: 29s
AnonPages:       9484136 kB
AnonHugePages:   4151296 kB
time: 30s
AnonPages:       9684060 kB
AnonHugePages:   4175872 kB
time: 31s
AnonPages:       9701340 kB
AnonHugePages:   4196352 kB
time: 32s
AnonPages:       9826096 kB
AnonHugePages:   4196352 kB
time: 33s
AnonPages:       9852968 kB
AnonHugePages:   4210688 kB
time: 34s
AnonPages:       9870652 kB
AnonHugePages:   4214784 kB
time: 35s
AnonPages:      10003236 kB
AnonHugePages:   4218880 kB
time: 36s
AnonPages:      10022812 kB
AnonHugePages:   4235264 kB
time: 37s
AnonPages:      10033036 kB
AnonHugePages:   4235264 kB
time: 38s
AnonPages:      10041144 kB
AnonHugePages:   4237312 kB
time: 39s
AnonPages:      10256752 kB
AnonHugePages:   4249600 kB
time: 40s
AnonPages:      10256972 kB
AnonHugePages:   4255744 kB
time: 41s
AnonPages:      10273148 kB
AnonHugePages:   4255744 kB
time: 42s
AnonPages:      10331636 kB
AnonHugePages:   4257792 kB
time: 43s
AnonPages:      10456220 kB
AnonHugePages:   4272128 kB
time: 44s
AnonPages:      10475756 kB
AnonHugePages:   4274176 kB
time: 45s
AnonPages:      10492372 kB
AnonHugePages:   4278272 kB
time: 46s
AnonPages:      10650308 kB
AnonHugePages:   4278272 kB
time: 47s
AnonPages:      10717652 kB
AnonHugePages:   4298752 kB
time: 48s
AnonPages:      10736024 kB
AnonHugePages:   4300800 kB
time: 49s
AnonPages:      10761952 kB
AnonHugePages:   4302848 kB
time: 50s
AnonPages:      10909684 kB
AnonHugePages:   4304896 kB
time: 51s
AnonPages:      10934632 kB
AnonHugePages:   4329472 kB
time: 52s
AnonPages:      10973572 kB
AnonHugePages:   4329472 kB
time: 53s
AnonPages:      11069924 kB
AnonHugePages:   4341760 kB
time: 54s
AnonPages:      11278512 kB
AnonHugePages:   4352000 kB
time: 55s
AnonPages:      11278692 kB
AnonHugePages:   4362240 kB
time: 56s
AnonPages:      11351752 kB
AnonHugePages:   4362240 kB
time: 57s
AnonPages:      11503800 kB
AnonHugePages:   4378624 kB
time: 58s
AnonPages:      11588912 kB
AnonHugePages:   4388864 kB
time: 59s
AnonPages:      11598432 kB
AnonHugePages:   4399104 kB
time: 60s
AnonPages:      11782380 kB
AnonHugePages:   4411392 kB
time: 61s
AnonPages:      11798344 kB
AnonHugePages:   4423680 kB
time: 62s
AnonPages:      11884616 kB
AnonHugePages:   4423680 kB
time: 63s
AnonPages:      11937352 kB
AnonHugePages:   4442112 kB
time: 64s
AnonPages:      12077852 kB
AnonHugePages:   4450304 kB
time: 65s
AnonPages:      12179880 kB
AnonHugePages:   4468736 kB
time: 66s
AnonPages:      12277116 kB
AnonHugePages:   4487168 kB
time: 67s
AnonPages:      12317104 kB
AnonHugePages:   4501504 kB
time: 68s
AnonPages:      12485048 kB
AnonHugePages:   4511744 kB
time: 69s
AnonPages:      12529136 kB
AnonHugePages:   4528128 kB
time: 70s
AnonPages:      12587276 kB
AnonHugePages:   4544512 kB
time: 71s
AnonPages:      12689212 kB
AnonHugePages:   4544512 kB
time: 72s
AnonPages:      12799108 kB
AnonHugePages:   4558848 kB
time: 73s
AnonPages:      12906888 kB
AnonHugePages:   4577280 kB
time: 74s
AnonPages:      12985356 kB
AnonHugePages:   4599808 kB
time: 75s
AnonPages:      13043564 kB
AnonHugePages:   4603904 kB
time: 76s
AnonPages:      13133208 kB
AnonHugePages:   4608000 kB
time: 77s
AnonPages:      13149432 kB
AnonHugePages:   4610048 kB
time: 78s
AnonPages:      13149700 kB
AnonHugePages:   4610048 kB
time: 79s
AnonPages:      13267728 kB
AnonHugePages:   4624384 kB
time: 80s
AnonPages:      13535732 kB
AnonHugePages:   4648960 kB
time: 81s
AnonPages:      13587412 kB
AnonHugePages:   4661248 kB
time: 82s
AnonPages:      13668264 kB
AnonHugePages:   4673536 kB
time: 83s
AnonPages:      13696528 kB
AnonHugePages:   4679680 kB
time: 84s
AnonPages:      13769296 kB
AnonHugePages:   4685824 kB
time: 85s
AnonPages:      13870124 kB
AnonHugePages:   4698112 kB
time: 86s
AnonPages:      13895800 kB
AnonHugePages:   4706304 kB
time: 87s
AnonPages:      13902724 kB
AnonHugePages:   4708352 kB
time: 88s
AnonPages:      13929808 kB
AnonHugePages:   4712448 kB
time: 89s
AnonPages:      14095512 kB
AnonHugePages:   4722688 kB
time: 90s
AnonPages:      14158836 kB
AnonHugePages:   4743168 kB
time: 91s
AnonPages:      14194876 kB
AnonHugePages:   4745216 kB
time: 92s
AnonPages:      14195080 kB
AnonHugePages:   4749312 kB
time: 93s
AnonPages:      14385684 kB
AnonHugePages:   4759552 kB
time: 94s
AnonPages:      14441508 kB
AnonHugePages:   4777984 kB
time: 95s
AnonPages:      14479084 kB
AnonHugePages:   4790272 kB
time: 96s
AnonPages:      14673764 kB
AnonHugePages:   4798464 kB
time: 97s
AnonPages:      14680512 kB
AnonHugePages:   4798464 kB
time: 98s
AnonPages:      14760936 kB
AnonHugePages:   4804608 kB
time: 99s
AnonPages:      14808992 kB
AnonHugePages:   4816896 kB
time: 100s
AnonPages:      14953700 kB
AnonHugePages:   4820992 kB
time: 101s
AnonPages:      14953728 kB
AnonHugePages:   4827136 kB
time: 102s
AnonPages:      14988920 kB
AnonHugePages:   4827136 kB
time: 103s
AnonPages:      15116112 kB
AnonHugePages:   4831232 kB
time: 104s
AnonPages:      15117360 kB
AnonHugePages:   4845568 kB
time: 105s
AnonPages:      15125248 kB
AnonHugePages:   4845568 kB
time: 106s
AnonPages:      15156192 kB
AnonHugePages:   4849664 kB
time: 107s
AnonPages:      15315816 kB
AnonHugePages:   4859904 kB
time: 108s
AnonPages:      15362992 kB
AnonHugePages:   4864000 kB
time: 109s
AnonPages:      15398572 kB
AnonHugePages:   4874240 kB
time: 110s
AnonPages:      15430440 kB
AnonHugePages:   4874240 kB
time: 111s
AnonPages:      15588796 kB
AnonHugePages:   4878336 kB
time: 112s
AnonPages:      15897964 kB
AnonHugePages:   4907008 kB
time: 113s
AnonPages:      16260808 kB
AnonHugePages:   4945920 kB
time: 114s
AnonPages:      16616356 kB
AnonHugePages:   4974592 kB
time: 115s
AnonPages:      16968576 kB
AnonHugePages:   5011456 kB
time: 116s
AnonPages:      17345456 kB
AnonHugePages:   5050368 kB
time: 117s
AnonPages:      17688840 kB
AnonHugePages:   5115904 kB
time: 118s
AnonPages:      17836500 kB
AnonHugePages:   5152768 kB
time: 119s
AnonPages:      17970300 kB
AnonHugePages:   5175296 kB
time: 120s
AnonPages:      18012432 kB
AnonHugePages:   5181440 kB
time: 121s
AnonPages:      18144892 kB
AnonHugePages:   5181440 kB
time: 122s
AnonPages:      18256916 kB
AnonHugePages:   5195776 kB
time: 123s
AnonPages:      18266996 kB
AnonHugePages:   5206016 kB
time: 124s
AnonPages:      18274884 kB
AnonHugePages:   5206016 kB
time: 125s
AnonPages:      18282756 kB
AnonHugePages:   5206016 kB
time: 126s
AnonPages:      18408868 kB
AnonHugePages:   5208064 kB
time: 127s
AnonPages:      18473180 kB
AnonHugePages:   5212160 kB
time: 128s
AnonPages:      18475820 kB
AnonHugePages:   5222400 kB
time: 129s
AnonPages:      18481080 kB
AnonHugePages:   5222400 kB
time: 130s
AnonPages:      18491148 kB
AnonHugePages:   5222400 kB
time: 131s
AnonPages:      18516168 kB
AnonHugePages:   5224448 kB
time: 132s
AnonPages:      18516168 kB
AnonHugePages:   5224448 kB
time: 133s
AnonPages:      18516168 kB
AnonHugePages:   5224448 kB
time: 134s
AnonPages:      18516168 kB
AnonHugePages:   5224448 kB
time: 135s
AnonPages:      18516164 kB
AnonHugePages:   5224448 kB
time: 136s
AnonPages:      18516164 kB
AnonHugePages:   5224448 kB
time: 137s
AnonPages:      18516164 kB
AnonHugePages:   5224448 kB
time: 138s
AnonPages:      18516164 kB
AnonHugePages:   5224448 kB
time: 139s
AnonPages:      18516164 kB
AnonHugePages:   5224448 kB
time: 140s
AnonPages:      18516164 kB
AnonHugePages:   5224448 kB
time: 141s
AnonPages:      18516164 kB
AnonHugePages:   5224448 kB
time: 142s
AnonPages:      18516164 kB
AnonHugePages:   5224448 kB
time: 143s
AnonPages:      18516168 kB
AnonHugePages:   5224448 kB
time: 144s
AnonPages:      18516168 kB
AnonHugePages:   5224448 kB
time: 145s
AnonPages:      18516168 kB
AnonHugePages:   5224448 kB
time: 146s
AnonPages:      18516168 kB
AnonHugePages:   5224448 kB
time: 147s
AnonPages:      18516168 kB
AnonHugePages:   5224448 kB
time: 148s
AnonPages:      18516168 kB
AnonHugePages:   5224448 kB
time: 149s
AnonPages:      18516164 kB
AnonHugePages:   5224448 kB
time: 150s
AnonPages:      18516164 kB
AnonHugePages:   5224448 kB
time: 151s
AnonPages:      18516168 kB
AnonHugePages:   5224448 kB
time: 152s
AnonPages:      18516164 kB
AnonHugePages:   5224448 kB
time: 153s
AnonPages:      18516168 kB
AnonHugePages:   5224448 kB
time: 154s
AnonPages:      18516164 kB
AnonHugePages:   5224448 kB
time: 155s
AnonPages:      18516164 kB
AnonHugePages:   5224448 kB
time: 156s
AnonPages:      18516164 kB
AnonHugePages:   5224448 kB
time: 157s
AnonPages:      18516168 kB
AnonHugePages:   5224448 kB
time: 158s
AnonPages:      18516164 kB
AnonHugePages:   5224448 kB
time: 159s
AnonPages:      18516168 kB
AnonHugePages:   5224448 kB
time: 160s
AnonPages:      18516172 kB
AnonHugePages:   5224448 kB
time: 161s
AnonPages:      18516168 kB
AnonHugePages:   5224448 kB
time: 162s
AnonPages:      18516172 kB
AnonHugePages:   5224448 kB
time: 163s
AnonPages:      18516168 kB
AnonHugePages:   5224448 kB
time: 164s
AnonPages:      18516172 kB
AnonHugePages:   5224448 kB
time: 165s
AnonPages:      18516168 kB
AnonHugePages:   5224448 kB
time: 166s
AnonPages:      18516168 kB
AnonHugePages:   5224448 kB
time: 167s
AnonPages:      18516168 kB
AnonHugePages:   5224448 kB
time: 168s
AnonPages:      18516172 kB
AnonHugePages:   5224448 kB
time: 169s
AnonPages:      18516168 kB
AnonHugePages:   5224448 kB
time: 170s
AnonPages:      18516168 kB
AnonHugePages:   5224448 kB
time: 171s
AnonPages:      18516168 kB
AnonHugePages:   5224448 kB
time: 172s
AnonPages:      18516172 kB
AnonHugePages:   5224448 kB
time: 173s
AnonPages:      18516168 kB
AnonHugePages:   5224448 kB
time: 174s
AnonPages:      18516172 kB
AnonHugePages:   5224448 kB
time: 175s
AnonPages:      18516172 kB
AnonHugePages:   5224448 kB
time: 176s
AnonPages:      18516168 kB
AnonHugePages:   5224448 kB
time: 177s
AnonPages:      18516172 kB
AnonHugePages:   5224448 kB
time: 178s
AnonPages:      18516172 kB
AnonHugePages:   5224448 kB
time: 179s
AnonPages:      18516172 kB
AnonHugePages:   5224448 kB
time: 180s
AnonPages:      18516308 kB
AnonHugePages:   5224448 kB
time: 181s
AnonPages:      18516124 kB
AnonHugePages:   5224448 kB
time: 182s
AnonPages:      18516172 kB
AnonHugePages:   5224448 kB
time: 183s
AnonPages:      18516172 kB
AnonHugePages:   5224448 kB
time: 184s
AnonPages:      18516168 kB
AnonHugePages:   5224448 kB
time: 185s
AnonPages:      18516224 kB
AnonHugePages:   5224448 kB
time: 186s
AnonPages:      18516172 kB
AnonHugePages:   5224448 kB
time: 187s
AnonPages:      18516172 kB
AnonHugePages:   5224448 kB
time: 188s
AnonPages:      18516084 kB
AnonHugePages:   5224448 kB
time: 189s
AnonPages:      18516172 kB
AnonHugePages:   5224448 kB
time: 190s
AnonPages:      18516260 kB
AnonHugePages:   5224448 kB
time: 191s
AnonPages:      18516168 kB
AnonHugePages:   5224448 kB
time: 192s
AnonPages:      18516172 kB
AnonHugePages:   5224448 kB
time: 193s
AnonPages:      18516264 kB
AnonHugePages:   5224448 kB
time: 194s
AnonPages:      18516168 kB
AnonHugePages:   5224448 kB
time: 195s
AnonPages:      18516172 kB
AnonHugePages:   5224448 kB
time: 196s
AnonPages:      18516172 kB
AnonHugePages:   5224448 kB
time: 197s
AnonPages:      18515916 kB
AnonHugePages:   5224448 kB
time: 198s
AnonPages:      18516168 kB
AnonHugePages:   5224448 kB
time: 199s
AnonPages:      18516208 kB
AnonHugePages:   5224448 kB
time: 200s
AnonPages:      18516172 kB
AnonHugePages:   5224448 kB
time: 201s
AnonPages:      18516168 kB
AnonHugePages:   5224448 kB
time: 202s
AnonPages:      18516172 kB
AnonHugePages:   5224448 kB
time: 203s
AnonPages:      18516192 kB
AnonHugePages:   5224448 kB
time: 204s
AnonPages:      18516176 kB
AnonHugePages:   5224448 kB
time: 205s
AnonPages:      18516172 kB
AnonHugePages:   5224448 kB
time: 206s
AnonPages:      18516172 kB
AnonHugePages:   5224448 kB
time: 207s
AnonPages:      18516172 kB
AnonHugePages:   5224448 kB
time: 208s
AnonPages:      18516172 kB
AnonHugePages:   5224448 kB
time: 209s
AnonPages:      18516172 kB
AnonHugePages:   5224448 kB
time: 210s
AnonPages:      18516176 kB
AnonHugePages:   5224448 kB
time: 211s
AnonPages:      18516176 kB
AnonHugePages:   5224448 kB
time: 212s
AnonPages:      18516116 kB
AnonHugePages:   5224448 kB
time: 213s
AnonPages:      18516172 kB
AnonHugePages:   5224448 kB
time: 214s
AnonPages:      18516172 kB
AnonHugePages:   5224448 kB
time: 215s
AnonPages:      18516176 kB
AnonHugePages:   5224448 kB
time: 216s
AnonPages:      18516176 kB
AnonHugePages:   5224448 kB
time: 217s
AnonPages:      18516172 kB
AnonHugePages:   5224448 kB
time: 218s
AnonPages:      18516176 kB
AnonHugePages:   5224448 kB
time: 219s
AnonPages:      18516176 kB
AnonHugePages:   5224448 kB
time: 220s
AnonPages:      18516176 kB
AnonHugePages:   5224448 kB
time: 221s
AnonPages:      18516172 kB
AnonHugePages:   5224448 kB
time: 222s
AnonPages:      18516172 kB
AnonHugePages:   5224448 kB
time: 223s
AnonPages:      18516172 kB
AnonHugePages:   5224448 kB
time: 224s
AnonPages:      18516172 kB
AnonHugePages:   5224448 kB
time: 225s
AnonPages:      18516176 kB
AnonHugePages:   5224448 kB
time: 226s
AnonPages:      18516172 kB
AnonHugePages:   5224448 kB
time: 227s
AnonPages:      18516176 kB
AnonHugePages:   5224448 kB
time: 228s
AnonPages:      18516176 kB
AnonHugePages:   5224448 kB
time: 229s
AnonPages:      18516172 kB
AnonHugePages:   5224448 kB
time: 230s
AnonPages:      18516176 kB
AnonHugePages:   5224448 kB
time: 231s
AnonPages:      18516088 kB
AnonHugePages:   5224448 kB
time: 232s
AnonPages:      18516308 kB
AnonHugePages:   5224448 kB
time: 233s
AnonPages:      18516176 kB
AnonHugePages:   5224448 kB
time: 234s
AnonPages:      18516172 kB
AnonHugePages:   5224448 kB
time: 235s
AnonPages:      18516088 kB
AnonHugePages:   5224448 kB
time: 236s
AnonPages:      18516124 kB
AnonHugePages:   5224448 kB
time: 237s
AnonPages:      18516176 kB
AnonHugePages:   5224448 kB
time: 238s
AnonPages:      18516176 kB
AnonHugePages:   5224448 kB
time: 239s
AnonPages:      18516172 kB
AnonHugePages:   5224448 kB
time: 240s
AnonPages:      18516172 kB
AnonHugePages:   5224448 kB
time: 241s
AnonPages:      18516176 kB
AnonHugePages:   5224448 kB
time: 242s
AnonPages:      18516176 kB
AnonHugePages:   5224448 kB
time: 243s
AnonPages:      18516172 kB
AnonHugePages:   5224448 kB
time: 244s
AnonPages:      18516176 kB
AnonHugePages:   5224448 kB
time: 245s
AnonPages:      18516176 kB
AnonHugePages:   5224448 kB
time: 246s
AnonPages:      18516180 kB
AnonHugePages:   5224448 kB
time: 247s
AnonPages:      18516180 kB
AnonHugePages:   5224448 kB
time: 248s
AnonPages:      18516176 kB
AnonHugePages:   5224448 kB
time: 249s
AnonPages:      18516180 kB
AnonHugePages:   5224448 kB
time: 250s
AnonPages:      18516168 kB
AnonHugePages:   5224448 kB
time: 251s
AnonPages:      18516176 kB
AnonHugePages:   5224448 kB
time: 252s
AnonPages:      18516180 kB
AnonHugePages:   5224448 kB
time: 253s
AnonPages:      18516176 kB
AnonHugePages:   5224448 kB
time: 254s
AnonPages:      18516180 kB
AnonHugePages:   5224448 kB
time: 255s
AnonPages:      18516180 kB
AnonHugePages:   5224448 kB
time: 256s
AnonPages:      18516180 kB
AnonHugePages:   5224448 kB
time: 257s
AnonPages:      18516180 kB
AnonHugePages:   5224448 kB
time: 258s
AnonPages:      18516180 kB
AnonHugePages:   5224448 kB
time: 259s
AnonPages:      18516180 kB
AnonHugePages:   5224448 kB
time: 260s
AnonPages:      18516180 kB
AnonHugePages:   5224448 kB
time: 261s
AnonPages:      18516176 kB
AnonHugePages:   5224448 kB
time: 262s
AnonPages:      18516176 kB
AnonHugePages:   5224448 kB
time: 263s
AnonPages:      18516180 kB
AnonHugePages:   5224448 kB
time: 264s
AnonPages:      18516176 kB
AnonHugePages:   5224448 kB
time: 265s
AnonPages:      18516380 kB
AnonHugePages:   5224448 kB
time: 266s
AnonPages:      18516176 kB
AnonHugePages:   5224448 kB
time: 267s
AnonPages:      18516176 kB
AnonHugePages:   5224448 kB
time: 268s
AnonPages:      18516180 kB
AnonHugePages:   5224448 kB
time: 269s
AnonPages:      18516176 kB
AnonHugePages:   5224448 kB
time: 270s
AnonPages:      18516364 kB
AnonHugePages:   5224448 kB
time: 271s
AnonPages:      18516176 kB
AnonHugePages:   5224448 kB
time: 272s
AnonPages:      18516180 kB
AnonHugePages:   5224448 kB
time: 273s
AnonPages:      18516180 kB
AnonHugePages:   5224448 kB
time: 274s
AnonPages:      18516180 kB
AnonHugePages:   5224448 kB
time: 275s
AnonPages:      18516180 kB
AnonHugePages:   5224448 kB
time: 276s
AnonPages:      18516180 kB
AnonHugePages:   5224448 kB
time: 277s
AnonPages:      18516176 kB
AnonHugePages:   5224448 kB
time: 278s
AnonPages:      18516188 kB
AnonHugePages:   5224448 kB
time: 279s
AnonPages:      18516184 kB
AnonHugePages:   5224448 kB
time: 280s
AnonPages:      18516188 kB
AnonHugePages:   5224448 kB
time: 281s
AnonPages:      18516188 kB
AnonHugePages:   5224448 kB
time: 282s
AnonPages:      18516188 kB
AnonHugePages:   5224448 kB
time: 283s
AnonPages:      18516188 kB
AnonHugePages:   5224448 kB
time: 284s
AnonPages:      18516184 kB
AnonHugePages:   5224448 kB
time: 285s
AnonPages:      18516188 kB
AnonHugePages:   5224448 kB
time: 286s
AnonPages:      18516184 kB
AnonHugePages:   5224448 kB
time: 287s
AnonPages:      18516188 kB
AnonHugePages:   5224448 kB
time: 288s
AnonPages:      18516188 kB
AnonHugePages:   5224448 kB
time: 289s
AnonPages:      18516192 kB
AnonHugePages:   5224448 kB
time: 290s
AnonPages:      18516276 kB
AnonHugePages:   5224448 kB
time: 291s
AnonPages:      18516192 kB
AnonHugePages:   5224448 kB
time: 292s
AnonPages:      18516104 kB
AnonHugePages:   5224448 kB
time: 293s
AnonPages:      18516124 kB
AnonHugePages:   5224448 kB
time: 294s
AnonPages:      18516188 kB
AnonHugePages:   5224448 kB
time: 295s
AnonPages:      18516192 kB
AnonHugePages:   5224448 kB
time: 296s
AnonPages:      18516192 kB
AnonHugePages:   5224448 kB
time: 297s
AnonPages:      18516192 kB
AnonHugePages:   5224448 kB
time: 298s
AnonPages:      18516280 kB
AnonHugePages:   5224448 kB
time: 299s
AnonPages:      18516188 kB
AnonHugePages:   5224448 kB
time: 300s
AnonPages:      18516188 kB
AnonHugePages:   5224448 kB
time: 301s
AnonPages:      18516192 kB
AnonHugePages:   5224448 kB
time: 302s
AnonPages:      18516192 kB
AnonHugePages:   5224448 kB
time: 303s
AnonPages:      18516188 kB
AnonHugePages:   5224448 kB
time: 304s
AnonPages:      18516192 kB
AnonHugePages:   5224448 kB
time: 305s
AnonPages:      18516192 kB
AnonHugePages:   5224448 kB
time: 306s
AnonPages:      18516192 kB
AnonHugePages:   5224448 kB
time: 307s
AnonPages:      18516192 kB
AnonHugePages:   5224448 kB
time: 308s
AnonPages:      18516192 kB
AnonHugePages:   5224448 kB
time: 309s
AnonPages:      18516192 kB
AnonHugePages:   5224448 kB
time: 310s
AnonPages:      18516192 kB
AnonHugePages:   5224448 kB
time: 311s
AnonPages:      18516192 kB
AnonHugePages:   5224448 kB
time: 312s
AnonPages:      18516188 kB
AnonHugePages:   5224448 kB
time: 313s
AnonPages:      18516192 kB
AnonHugePages:   5224448 kB
time: 314s
AnonPages:      18516188 kB
AnonHugePages:   5224448 kB
time: 315s
AnonPages:      18516192 kB
AnonHugePages:   5224448 kB
time: 316s
AnonPages:      18516192 kB
AnonHugePages:   5224448 kB
time: 317s
AnonPages:      18516192 kB
AnonHugePages:   5224448 kB
time: 318s
AnonPages:      18516280 kB
AnonHugePages:   5224448 kB
time: 319s
AnonPages:      18516192 kB
AnonHugePages:   5224448 kB
time: 320s
AnonPages:      18516192 kB
AnonHugePages:   5224448 kB
time: 321s
AnonPages:      18516192 kB
AnonHugePages:   5224448 kB
time: 322s
AnonPages:      18516192 kB
AnonHugePages:   5224448 kB
time: 323s
AnonPages:      18516192 kB
AnonHugePages:   5224448 kB
time: 324s
AnonPages:      18516192 kB
AnonHugePages:   5224448 kB
time: 325s
AnonPages:      18516192 kB
AnonHugePages:   5224448 kB
time: 326s
AnonPages:      18516192 kB
AnonHugePages:   5224448 kB
time: 327s
AnonPages:      18516192 kB
AnonHugePages:   5224448 kB
time: 328s
AnonPages:      18516192 kB
AnonHugePages:   5224448 kB
time: 329s
AnonPages:      18516192 kB
AnonHugePages:   5224448 kB
time: 330s
AnonPages:      18516188 kB
AnonHugePages:   5224448 kB
time: 331s
AnonPages:      18516192 kB
AnonHugePages:   5224448 kB
time: 332s
AnonPages:      18516196 kB
AnonHugePages:   5224448 kB
time: 333s
AnonPages:      18516196 kB
AnonHugePages:   5224448 kB
time: 334s
AnonPages:      18516196 kB
AnonHugePages:   5224448 kB
time: 335s
AnonPages:      18516196 kB
AnonHugePages:   5224448 kB
time: 336s
AnonPages:      18516196 kB
AnonHugePages:   5224448 kB
time: 337s
AnonPages:      18516196 kB
AnonHugePages:   5224448 kB
time: 338s
AnonPages:      18516196 kB
AnonHugePages:   5224448 kB
time: 339s
AnonPages:      18516196 kB
AnonHugePages:   5224448 kB
time: 340s
AnonPages:      18516196 kB
AnonHugePages:   5224448 kB
time: 341s
AnonPages:      18516196 kB
AnonHugePages:   5224448 kB
time: 342s
AnonPages:      18516196 kB
AnonHugePages:   5224448 kB
time: 343s
AnonPages:      18516192 kB
AnonHugePages:   5224448 kB
time: 344s
AnonPages:      18516192 kB
AnonHugePages:   5224448 kB
time: 345s
AnonPages:      18516192 kB
AnonHugePages:   5224448 kB
time: 346s
AnonPages:      18516196 kB
AnonHugePages:   5224448 kB
time: 347s
AnonPages:      18516196 kB
AnonHugePages:   5224448 kB
time: 348s
AnonPages:      18516196 kB
AnonHugePages:   5224448 kB
time: 349s
AnonPages:      18516196 kB
AnonHugePages:   5224448 kB
time: 350s
AnonPages:      18516196 kB
AnonHugePages:   5224448 kB
time: 351s
AnonPages:      18516196 kB
AnonHugePages:   5224448 kB
time: 352s
AnonPages:      18516196 kB
AnonHugePages:   5224448 kB
time: 353s
AnonPages:      18516196 kB
AnonHugePages:   5224448 kB
time: 354s
AnonPages:      18516196 kB
AnonHugePages:   5224448 kB
time: 355s
AnonPages:      18516196 kB
AnonHugePages:   5224448 kB
time: 356s
AnonPages:      18516196 kB
AnonHugePages:   5224448 kB
time: 357s
AnonPages:      18516196 kB
AnonHugePages:   5224448 kB
time: 358s
AnonPages:      18516336 kB
AnonHugePages:   5224448 kB
time: 359s
AnonPages:      18516196 kB
AnonHugePages:   5224448 kB
time: 360s
AnonPages:      18516192 kB
AnonHugePages:   5224448 kB
time: 361s
AnonPages:      18516192 kB
AnonHugePages:   5224448 kB
time: 362s
AnonPages:      18516252 kB
AnonHugePages:   5224448 kB
time: 363s
AnonPages:      18516252 kB
AnonHugePages:   5224448 kB
time: 364s
AnonPages:      18516132 kB
AnonHugePages:   5224448 kB
time: 365s
AnonPages:      18516192 kB
AnonHugePages:   5224448 kB
time: 366s
AnonPages:      18516196 kB
AnonHugePages:   5224448 kB
time: 367s
AnonPages:      18516152 kB
AnonHugePages:   5224448 kB
time: 368s
AnonPages:      18516196 kB
AnonHugePages:   5224448 kB
time: 369s
AnonPages:      18516196 kB
AnonHugePages:   5224448 kB
time: 370s
AnonPages:      18516196 kB
AnonHugePages:   5224448 kB
time: 371s
AnonPages:      18516196 kB
AnonHugePages:   5224448 kB
time: 372s
AnonPages:      18516196 kB
AnonHugePages:   5224448 kB
time: 373s
AnonPages:      18516196 kB
AnonHugePages:   5224448 kB
time: 374s
AnonPages:      18516200 kB
AnonHugePages:   5224448 kB
time: 375s
AnonPages:      18516200 kB
AnonHugePages:   5224448 kB
time: 376s
AnonPages:      18516196 kB
AnonHugePages:   5224448 kB
time: 377s
AnonPages:      18516200 kB
AnonHugePages:   5224448 kB
time: 378s
AnonPages:      18516200 kB
AnonHugePages:   5224448 kB
time: 379s
AnonPages:      18516200 kB
AnonHugePages:   5224448 kB
time: 380s
AnonPages:      18516200 kB
AnonHugePages:   5224448 kB
time: 381s
AnonPages:      18516200 kB
AnonHugePages:   5224448 kB
time: 382s
AnonPages:      18516200 kB
AnonHugePages:   5224448 kB
time: 383s
AnonPages:      18516200 kB
AnonHugePages:   5224448 kB
time: 384s
AnonPages:      18516396 kB
AnonHugePages:   5224448 kB
time: 385s
AnonPages:      18516200 kB
AnonHugePages:   5224448 kB
time: 386s
AnonPages:      18516200 kB
AnonHugePages:   5224448 kB
time: 387s
AnonPages:      18516200 kB
AnonHugePages:   5224448 kB
time: 388s
AnonPages:      18516200 kB
AnonHugePages:   5224448 kB
time: 389s
AnonPages:      18515956 kB
AnonHugePages:   5224448 kB
time: 390s
AnonPages:      18516196 kB
AnonHugePages:   5224448 kB
time: 391s
AnonPages:      18516196 kB
AnonHugePages:   5224448 kB
time: 392s
AnonPages:      18516196 kB
AnonHugePages:   5224448 kB
time: 393s
AnonPages:      18516196 kB
AnonHugePages:   5224448 kB
time: 394s
AnonPages:      18516200 kB
AnonHugePages:   5224448 kB
time: 395s
AnonPages:      18516200 kB
AnonHugePages:   5224448 kB
time: 396s
AnonPages:      18516200 kB
AnonHugePages:   5224448 kB
time: 397s
AnonPages:      18516196 kB
AnonHugePages:   5224448 kB
time: 398s
AnonPages:      18516200 kB
AnonHugePages:   5224448 kB
time: 399s
AnonPages:      18516168 kB
AnonHugePages:   5224448 kB
time: 400s
AnonPages:      18516200 kB
AnonHugePages:   5224448 kB
time: 401s
AnonPages:      18516200 kB
AnonHugePages:   5224448 kB
time: 402s
AnonPages:      18516196 kB
AnonHugePages:   5224448 kB
time: 403s
AnonPages:      18516196 kB
AnonHugePages:   5224448 kB
time: 404s
AnonPages:      18516200 kB
AnonHugePages:   5224448 kB
time: 405s
AnonPages:      18516200 kB
AnonHugePages:   5224448 kB
time: 406s
AnonPages:      18516200 kB
AnonHugePages:   5224448 kB
time: 407s
AnonPages:      18516200 kB
AnonHugePages:   5224448 kB
time: 408s
AnonPages:      18516200 kB
AnonHugePages:   5224448 kB
time: 409s
AnonPages:      18516384 kB
AnonHugePages:   5224448 kB
time: 410s
AnonPages:      18516200 kB
AnonHugePages:   5224448 kB
time: 411s
AnonPages:      18516200 kB
AnonHugePages:   5224448 kB
time: 412s
AnonPages:      18516200 kB
AnonHugePages:   5224448 kB
time: 413s
AnonPages:      18516196 kB
AnonHugePages:   5224448 kB
time: 414s
AnonPages:      18516200 kB
AnonHugePages:   5224448 kB
time: 415s
AnonPages:      18516200 kB
AnonHugePages:   5224448 kB
time: 416s
AnonPages:      18516204 kB
AnonHugePages:   5224448 kB
time: 417s
AnonPages:      18516204 kB
AnonHugePages:   5224448 kB
time: 418s
AnonPages:      18516200 kB
AnonHugePages:   5224448 kB
time: 419s
AnonPages:      18516204 kB
AnonHugePages:   5224448 kB
time: 420s
AnonPages:      18516204 kB
AnonHugePages:   5224448 kB
time: 421s
AnonPages:      18516204 kB
AnonHugePages:   5224448 kB
time: 422s
AnonPages:      18516200 kB
AnonHugePages:   5224448 kB
time: 423s
AnonPages:      18516200 kB
AnonHugePages:   5224448 kB
time: 424s
AnonPages:      18516204 kB
AnonHugePages:   5224448 kB
time: 425s
AnonPages:      18516204 kB
AnonHugePages:   5224448 kB
time: 426s
AnonPages:      18516204 kB
AnonHugePages:   5224448 kB
time: 427s
AnonPages:      18516204 kB
AnonHugePages:   5224448 kB
time: 428s
AnonPages:      18516200 kB
AnonHugePages:   5224448 kB
time: 429s
AnonPages:      18516204 kB
AnonHugePages:   5224448 kB
time: 430s
AnonPages:      18516200 kB
AnonHugePages:   5224448 kB
time: 431s
AnonPages:      18516204 kB
AnonHugePages:   5224448 kB
time: 432s
AnonPages:      18516200 kB
AnonHugePages:   5224448 kB
time: 433s
AnonPages:      18516204 kB
AnonHugePages:   5224448 kB
time: 434s
AnonPages:      18516204 kB
AnonHugePages:   5224448 kB
time: 435s
AnonPages:      18516200 kB
AnonHugePages:   5224448 kB
time: 436s
AnonPages:      18516204 kB
AnonHugePages:   5224448 kB
time: 437s
AnonPages:      18516204 kB
AnonHugePages:   5224448 kB
time: 438s
AnonPages:      18516204 kB
AnonHugePages:   5224448 kB
time: 439s
AnonPages:      18516204 kB
AnonHugePages:   5224448 kB
time: 440s
AnonPages:      18516204 kB
AnonHugePages:   5224448 kB
time: 441s
AnonPages:      18516204 kB
AnonHugePages:   5224448 kB
time: 442s
AnonPages:      18516204 kB
AnonHugePages:   5224448 kB
time: 443s
AnonPages:      18516200 kB
AnonHugePages:   5224448 kB
time: 444s
AnonPages:      18516200 kB
AnonHugePages:   5224448 kB
time: 445s
AnonPages:      18516200 kB
AnonHugePages:   5224448 kB
time: 446s
AnonPages:      18516204 kB
AnonHugePages:   5224448 kB
time: 447s
AnonPages:      18516204 kB
AnonHugePages:   5224448 kB
time: 448s
AnonPages:      18516204 kB
AnonHugePages:   5224448 kB
time: 449s
AnonPages:      18516204 kB
AnonHugePages:   5224448 kB
time: 450s
AnonPages:      18516204 kB
AnonHugePages:   5224448 kB
time: 451s
AnonPages:      18516204 kB
AnonHugePages:   5224448 kB
time: 452s
AnonPages:      18516204 kB
AnonHugePages:   5224448 kB
time: 453s
AnonPages:      18516204 kB
AnonHugePages:   5224448 kB
time: 454s
AnonPages:      18516200 kB
AnonHugePages:   5224448 kB
time: 455s
AnonPages:      18516200 kB
AnonHugePages:   5224448 kB
time: 456s
AnonPages:      18516204 kB
AnonHugePages:   5224448 kB
time: 457s
AnonPages:      18516204 kB
AnonHugePages:   5224448 kB
time: 458s
AnonPages:      18516200 kB
AnonHugePages:   5224448 kB
time: 459s
AnonPages:      18516208 kB
AnonHugePages:   5224448 kB
time: 460s
AnonPages:      18516244 kB
AnonHugePages:   5224448 kB
time: 461s
AnonPages:      18516204 kB
AnonHugePages:   5224448 kB
time: 462s
AnonPages:      18516204 kB
AnonHugePages:   5224448 kB
time: 463s
AnonPages:      18516208 kB
AnonHugePages:   5224448 kB
time: 464s
AnonPages:      18516208 kB
AnonHugePages:   5224448 kB
time: 465s
AnonPages:      18516112 kB
AnonHugePages:   5224448 kB
time: 466s
AnonPages:      18516208 kB
AnonHugePages:   5224448 kB
time: 467s
AnonPages:      18516208 kB
AnonHugePages:   5224448 kB
time: 468s
AnonPages:      18516208 kB
AnonHugePages:   5224448 kB
time: 469s
AnonPages:      18516204 kB
AnonHugePages:   5224448 kB
time: 470s
AnonPages:      18516080 kB
AnonHugePages:   5224448 kB
time: 471s
AnonPages:      18516204 kB
AnonHugePages:   5224448 kB
time: 472s
AnonPages:      18516208 kB
AnonHugePages:   5224448 kB
time: 473s
AnonPages:      18516208 kB
AnonHugePages:   5224448 kB
time: 474s
AnonPages:      18516208 kB
AnonHugePages:   5224448 kB
time: 475s
AnonPages:      18516208 kB
AnonHugePages:   5224448 kB
time: 476s
AnonPages:      18516208 kB
AnonHugePages:   5224448 kB
time: 477s
AnonPages:      18516204 kB
AnonHugePages:   5224448 kB
time: 478s
AnonPages:      18516208 kB
AnonHugePages:   5224448 kB
time: 479s
AnonPages:      18516208 kB
AnonHugePages:   5224448 kB
time: 480s
AnonPages:      18516208 kB
AnonHugePages:   5224448 kB
time: 481s
AnonPages:      18516208 kB
AnonHugePages:   5224448 kB
time: 482s
AnonPages:      18516208 kB
AnonHugePages:   5224448 kB
time: 483s
AnonPages:      18516204 kB
AnonHugePages:   5224448 kB
time: 484s
AnonPages:      18516208 kB
AnonHugePages:   5224448 kB
time: 485s
AnonPages:      18516208 kB
AnonHugePages:   5224448 kB
time: 486s
AnonPages:      18516208 kB
AnonHugePages:   5224448 kB
time: 487s
AnonPages:      18516208 kB
AnonHugePages:   5224448 kB
time: 488s
AnonPages:      18516208 kB
AnonHugePages:   5224448 kB
time: 489s
AnonPages:      18516208 kB
AnonHugePages:   5224448 kB
time: 490s
AnonPages:      18516208 kB
AnonHugePages:   5224448 kB
time: 491s
AnonPages:      18516204 kB
AnonHugePages:   5224448 kB
time: 492s
AnonPages:      18516208 kB
AnonHugePages:   5224448 kB
time: 493s
AnonPages:      18516208 kB
AnonHugePages:   5224448 kB
time: 494s
AnonPages:      18516204 kB
AnonHugePages:   5224448 kB
time: 495s
AnonPages:      18516208 kB
AnonHugePages:   5224448 kB
time: 496s
AnonPages:      18516208 kB
AnonHugePages:   5224448 kB
time: 497s
AnonPages:      18516208 kB
AnonHugePages:   5224448 kB
time: 498s
AnonPages:      18516208 kB
AnonHugePages:   5224448 kB
time: 499s
AnonPages:      18516204 kB
AnonHugePages:   5224448 kB
time: 500s
AnonPages:      18516204 kB
AnonHugePages:   5224448 kB
time: 501s
AnonPages:      18516204 kB
AnonHugePages:   5224448 kB
time: 502s
AnonPages:      18516208 kB
AnonHugePages:   5224448 kB
time: 503s
AnonPages:      18516208 kB
AnonHugePages:   5224448 kB
time: 504s
AnonPages:      18516208 kB
AnonHugePages:   5224448 kB
time: 505s
AnonPages:      18516212 kB
AnonHugePages:   5224448 kB
time: 506s
AnonPages:      18516212 kB
AnonHugePages:   5224448 kB
time: 507s
AnonPages:      18516212 kB
AnonHugePages:   5224448 kB
time: 508s
AnonPages:      18516260 kB
AnonHugePages:   5224448 kB
time: 509s
AnonPages:      18516212 kB
AnonHugePages:   5224448 kB
time: 510s
AnonPages:      18516212 kB
AnonHugePages:   5224448 kB
time: 511s
AnonPages:      18516228 kB
AnonHugePages:   5224448 kB
time: 512s
AnonPages:      18516140 kB
AnonHugePages:   5224448 kB
time: 513s
AnonPages:      18516212 kB
AnonHugePages:   5224448 kB
time: 514s
AnonPages:      18516208 kB
AnonHugePages:   5224448 kB
time: 515s
AnonPages:      18516212 kB
AnonHugePages:   5224448 kB
time: 516s
AnonPages:      18516124 kB
AnonHugePages:   5224448 kB
time: 517s
AnonPages:      18516212 kB
AnonHugePages:   5224448 kB
time: 518s
AnonPages:      18516212 kB
AnonHugePages:   5224448 kB
time: 519s
AnonPages:      18516212 kB
AnonHugePages:   5224448 kB
time: 520s
AnonPages:      18516208 kB
AnonHugePages:   5224448 kB
time: 521s
AnonPages:      18516408 kB
AnonHugePages:   5224448 kB
time: 522s
AnonPages:      18516268 kB
AnonHugePages:   5224448 kB
time: 523s
AnonPages:      18516208 kB
AnonHugePages:   5224448 kB
time: 524s
AnonPages:      18516208 kB
AnonHugePages:   5224448 kB
time: 525s
AnonPages:      18516212 kB
AnonHugePages:   5224448 kB
time: 526s
AnonPages:      18516208 kB
AnonHugePages:   5224448 kB
time: 527s
AnonPages:      18516084 kB
AnonHugePages:   5224448 kB
time: 528s
AnonPages:      18516212 kB
AnonHugePages:   5224448 kB
time: 529s
AnonPages:      18516208 kB
AnonHugePages:   5224448 kB
time: 530s
AnonPages:      18516212 kB
AnonHugePages:   5224448 kB
time: 531s
AnonPages:      18516212 kB
AnonHugePages:   5224448 kB
time: 532s
AnonPages:      18516212 kB
AnonHugePages:   5224448 kB
time: 533s
AnonPages:      18516208 kB
AnonHugePages:   5224448 kB
time: 534s
AnonPages:      18516212 kB
AnonHugePages:   5224448 kB
time: 535s
AnonPages:      18516212 kB
AnonHugePages:   5224448 kB
time: 536s
AnonPages:      18516208 kB
AnonHugePages:   5224448 kB
time: 537s
AnonPages:      18516208 kB
AnonHugePages:   5224448 kB
time: 538s
AnonPages:      18516212 kB
AnonHugePages:   5224448 kB
time: 539s
AnonPages:      18516212 kB
AnonHugePages:   5224448 kB
time: 540s
AnonPages:      18516212 kB
AnonHugePages:   5224448 kB
time: 541s
AnonPages:      18516212 kB
AnonHugePages:   5224448 kB
time: 542s
AnonPages:      18516208 kB
AnonHugePages:   5224448 kB
time: 543s
AnonPages:      18516212 kB
AnonHugePages:   5224448 kB
time: 544s
AnonPages:      18516216 kB
AnonHugePages:   5224448 kB
time: 545s
AnonPages:      18516216 kB
AnonHugePages:   5224448 kB
time: 546s
AnonPages:      18516212 kB
AnonHugePages:   5224448 kB
time: 547s
AnonPages:      18516216 kB
AnonHugePages:   5224448 kB
time: 548s
AnonPages:      18516212 kB
AnonHugePages:   5224448 kB
time: 549s
AnonPages:      18516216 kB
AnonHugePages:   5224448 kB
time: 550s
AnonPages:      18516212 kB
AnonHugePages:   5224448 kB
time: 551s
AnonPages:      18516212 kB
AnonHugePages:   5224448 kB
time: 552s
AnonPages:      18516212 kB
AnonHugePages:   5224448 kB
time: 553s
AnonPages:      18516212 kB
AnonHugePages:   5224448 kB
time: 554s
AnonPages:      18516212 kB
AnonHugePages:   5224448 kB
time: 555s
AnonPages:      18516216 kB
AnonHugePages:   5224448 kB
time: 556s
AnonPages:      18516212 kB
AnonHugePages:   5224448 kB
time: 557s
AnonPages:      18516212 kB
AnonHugePages:   5224448 kB
time: 558s
AnonPages:      18516216 kB
AnonHugePages:   5224448 kB
time: 559s
AnonPages:      18516216 kB
AnonHugePages:   5224448 kB
time: 560s
AnonPages:      18516216 kB
AnonHugePages:   5224448 kB
time: 561s
AnonPages:      18516212 kB
AnonHugePages:   5224448 kB
time: 562s
AnonPages:      18516212 kB
AnonHugePages:   5224448 kB
time: 563s
AnonPages:      18516216 kB
AnonHugePages:   5224448 kB
time: 564s
AnonPages:      18516276 kB
AnonHugePages:   5224448 kB
time: 565s
AnonPages:      18516216 kB
AnonHugePages:   5224448 kB
time: 566s
AnonPages:      18516212 kB
AnonHugePages:   5224448 kB
time: 567s
AnonPages:      18516216 kB
AnonHugePages:   5224448 kB
time: 568s
AnonPages:      18516320 kB
AnonHugePages:   5224448 kB
time: 569s
AnonPages:      18516216 kB
AnonHugePages:   5224448 kB
time: 570s
AnonPages:      18516216 kB
AnonHugePages:   5224448 kB
time: 571s
AnonPages:      18516216 kB
AnonHugePages:   5224448 kB
time: 572s
AnonPages:      18516128 kB
AnonHugePages:   5224448 kB
time: 573s
AnonPages:      18516216 kB
AnonHugePages:   5224448 kB
time: 574s
AnonPages:      18516216 kB
AnonHugePages:   5224448 kB
time: 575s
AnonPages:      18516192 kB
AnonHugePages:   5224448 kB
time: 576s
AnonPages:      18516168 kB
AnonHugePages:   5224448 kB
time: 577s
AnonPages:      18516212 kB
AnonHugePages:   5224448 kB
time: 578s
AnonPages:      18516212 kB
AnonHugePages:   5224448 kB
time: 579s
AnonPages:      18516216 kB
AnonHugePages:   5224448 kB
time: 580s
AnonPages:      18516216 kB
AnonHugePages:   5224448 kB
time: 581s
AnonPages:      18516212 kB
AnonHugePages:   5224448 kB
time: 582s
AnonPages:      18516296 kB
AnonHugePages:   5224448 kB
time: 583s
AnonPages:      18516216 kB
AnonHugePages:   5224448 kB
time: 584s
AnonPages:      18516216 kB
AnonHugePages:   5224448 kB
time: 585s
AnonPages:      18516272 kB
AnonHugePages:   5224448 kB
time: 586s
AnonPages:      18516236 kB
AnonHugePages:   5224448 kB
time: 587s
AnonPages:      18516220 kB
AnonHugePages:   5224448 kB
time: 588s
AnonPages:      18516220 kB
AnonHugePages:   5224448 kB
time: 589s
AnonPages:      18516212 kB
AnonHugePages:   5224448 kB
time: 590s
AnonPages:      18516216 kB
AnonHugePages:   5224448 kB
time: 591s
AnonPages:      18516220 kB
AnonHugePages:   5224448 kB
time: 592s
AnonPages:      18516216 kB
AnonHugePages:   5224448 kB
time: 593s
AnonPages:      18516220 kB
AnonHugePages:   5224448 kB
time: 594s
AnonPages:      18516216 kB
AnonHugePages:   5224448 kB
time: 595s
AnonPages:      18516216 kB
AnonHugePages:   5224448 kB
time: 596s
AnonPages:      18516220 kB
AnonHugePages:   5224448 kB
time: 597s
AnonPages:      18516220 kB
AnonHugePages:   5224448 kB
time: 598s
AnonPages:      18516220 kB
AnonHugePages:   5224448 kB
time: 599s
AnonPages:      18516216 kB
AnonHugePages:   5224448 kB
time: 600s
AnonPages:      18516220 kB
AnonHugePages:   5224448 kB
time: 601s
AnonPages:      18516296 kB
AnonHugePages:   5224448 kB
time: 602s
AnonPages:      18516220 kB
AnonHugePages:   5224448 kB
time: 603s
AnonPages:      18516220 kB
AnonHugePages:   5224448 kB
time: 604s
AnonPages:      18516220 kB
AnonHugePages:   5224448 kB
time: 605s
AnonPages:      18516164 kB
AnonHugePages:   5224448 kB
time: 606s
AnonPages:      18516220 kB
AnonHugePages:   5224448 kB
time: 607s
AnonPages:      18516216 kB
AnonHugePages:   5224448 kB
time: 608s
AnonPages:      18516216 kB
AnonHugePages:   5224448 kB
time: 609s
AnonPages:      18516216 kB
AnonHugePages:   5224448 kB
time: 610s
AnonPages:      18516220 kB
AnonHugePages:   5224448 kB
time: 611s
AnonPages:      18516220 kB
AnonHugePages:   5224448 kB
time: 612s
AnonPages:      18516220 kB
AnonHugePages:   5224448 kB
time: 613s
AnonPages:      18516220 kB
AnonHugePages:   5224448 kB
time: 614s
AnonPages:      18516216 kB
AnonHugePages:   5224448 kB
time: 615s
AnonPages:      18516216 kB
AnonHugePages:   5224448 kB
time: 616s
AnonPages:      18516216 kB
AnonHugePages:   5224448 kB
time: 617s
AnonPages:      18516216 kB
AnonHugePages:   5224448 kB
time: 618s
AnonPages:      18516220 kB
AnonHugePages:   5224448 kB
time: 619s
AnonPages:      18516220 kB
AnonHugePages:   5224448 kB
time: 620s
AnonPages:      18516220 kB
AnonHugePages:   5224448 kB
time: 621s
AnonPages:      18516220 kB
AnonHugePages:   5224448 kB
time: 622s
AnonPages:      18516216 kB
AnonHugePages:   5224448 kB
time: 623s
AnonPages:      18516220 kB
AnonHugePages:   5224448 kB
time: 624s
AnonPages:      18516220 kB
AnonHugePages:   5224448 kB
time: 625s
AnonPages:      18516220 kB
AnonHugePages:   5224448 kB
time: 626s
AnonPages:      18516220 kB
AnonHugePages:   5224448 kB
time: 627s
AnonPages:      18516220 kB
AnonHugePages:   5224448 kB
time: 628s
AnonPages:      18516220 kB
AnonHugePages:   5224448 kB
time: 629s
AnonPages:      18516220 kB
AnonHugePages:   5224448 kB
time: 630s
AnonPages:      18516224 kB
AnonHugePages:   5224448 kB
time: 631s
AnonPages:      18516224 kB
AnonHugePages:   5224448 kB
time: 632s
AnonPages:      18516220 kB
AnonHugePages:   5224448 kB
time: 633s
AnonPages:      18516220 kB
AnonHugePages:   5224448 kB
time: 634s
AnonPages:      18516220 kB
AnonHugePages:   5224448 kB
time: 635s
AnonPages:      18516224 kB
AnonHugePages:   5224448 kB
time: 636s
AnonPages:      18516224 kB
AnonHugePages:   5224448 kB
time: 637s
AnonPages:      18516220 kB
AnonHugePages:   5224448 kB
time: 638s
AnonPages:      18516224 kB
AnonHugePages:   5224448 kB
time: 639s
AnonPages:      18516220 kB
AnonHugePages:   5224448 kB
time: 640s
AnonPages:      18516220 kB
AnonHugePages:   5224448 kB
time: 641s
AnonPages:      18516224 kB
AnonHugePages:   5224448 kB
time: 642s
AnonPages:      18516224 kB
AnonHugePages:   5224448 kB
time: 643s
AnonPages:      18516220 kB
AnonHugePages:   5224448 kB
time: 644s
AnonPages:      18516224 kB
AnonHugePages:   5224448 kB
time: 645s
AnonPages:      18516224 kB
AnonHugePages:   5224448 kB
time: 646s
AnonPages:      18516220 kB
AnonHugePages:   5224448 kB
time: 647s
AnonPages:      18516224 kB
AnonHugePages:   5224448 kB
time: 648s
AnonPages:      18516220 kB
AnonHugePages:   5224448 kB
time: 649s
AnonPages:      18516220 kB
AnonHugePages:   5224448 kB
time: 650s
AnonPages:      18516224 kB
AnonHugePages:   5224448 kB
time: 651s
AnonPages:      18516224 kB
AnonHugePages:   5224448 kB
time: 652s
AnonPages:      18516224 kB
AnonHugePages:   5224448 kB
time: 653s
AnonPages:      18516224 kB
AnonHugePages:   5224448 kB
time: 654s
AnonPages:      18516224 kB
AnonHugePages:   5224448 kB
time: 655s
AnonPages:      18516224 kB
AnonHugePages:   5224448 kB
time: 656s
AnonPages:      18516224 kB
AnonHugePages:   5224448 kB
time: 657s
AnonPages:      18516224 kB
AnonHugePages:   5224448 kB
time: 658s
AnonPages:      18516224 kB
AnonHugePages:   5224448 kB
time: 659s
AnonPages:      18516224 kB
AnonHugePages:   5224448 kB
time: 660s
AnonPages:      18516224 kB
AnonHugePages:   5224448 kB
time: 661s
AnonPages:      18516224 kB
AnonHugePages:   5224448 kB
time: 662s
AnonPages:      18516224 kB
AnonHugePages:   5224448 kB
time: 663s
AnonPages:      18516224 kB
AnonHugePages:   5224448 kB
time: 664s
AnonPages:      18516220 kB
AnonHugePages:   5224448 kB
time: 665s
AnonPages:      18516224 kB
AnonHugePages:   5224448 kB
time: 666s
AnonPages:      18516220 kB
AnonHugePages:   5224448 kB
time: 667s
AnonPages:      18516224 kB
AnonHugePages:   5224448 kB
time: 668s
AnonPages:      18516220 kB
AnonHugePages:   5224448 kB
time: 669s
AnonPages:      18516220 kB
AnonHugePages:   5224448 kB
time: 670s
AnonPages:      18516220 kB
AnonHugePages:   5224448 kB
time: 671s
AnonPages:      18516224 kB
AnonHugePages:   5224448 kB
time: 672s
AnonPages:      18516228 kB
AnonHugePages:   5224448 kB
time: 673s
AnonPages:      18516228 kB
AnonHugePages:   5224448 kB
time: 674s
AnonPages:      18516228 kB
AnonHugePages:   5224448 kB
time: 675s
AnonPages:      18516224 kB
AnonHugePages:   5224448 kB
time: 676s
AnonPages:      18516228 kB
AnonHugePages:   5224448 kB
time: 677s
AnonPages:      18516228 kB
AnonHugePages:   5224448 kB
time: 678s
AnonPages:      18516224 kB
AnonHugePages:   5224448 kB
time: 679s
AnonPages:      18516228 kB
AnonHugePages:   5224448 kB
time: 680s
AnonPages:      18516228 kB
AnonHugePages:   5224448 kB
time: 681s
AnonPages:      18516228 kB
AnonHugePages:   5224448 kB
time: 682s
AnonPages:      18516228 kB
AnonHugePages:   5224448 kB
time: 683s
AnonPages:      18516224 kB
AnonHugePages:   5224448 kB
time: 684s
AnonPages:      18516228 kB
AnonHugePages:   5224448 kB
time: 685s
AnonPages:      18516224 kB
AnonHugePages:   5224448 kB
time: 686s
AnonPages:      18516224 kB
AnonHugePages:   5224448 kB
time: 687s
AnonPages:      18516228 kB
AnonHugePages:   5224448 kB
time: 688s
AnonPages:      18516228 kB
AnonHugePages:   5224448 kB
time: 689s
AnonPages:      18516228 kB
AnonHugePages:   5224448 kB
time: 690s
AnonPages:      18516228 kB
AnonHugePages:   5224448 kB
time: 691s
AnonPages:      18516228 kB
AnonHugePages:   5224448 kB
time: 692s
AnonPages:      18516224 kB
AnonHugePages:   5224448 kB
time: 693s
AnonPages:      18516228 kB
AnonHugePages:   5224448 kB
time: 694s
AnonPages:      18516228 kB
AnonHugePages:   5224448 kB
time: 695s
AnonPages:      18516228 kB
AnonHugePages:   5224448 kB
time: 696s
AnonPages:      18516228 kB
AnonHugePages:   5224448 kB
time: 697s
AnonPages:      18516228 kB
AnonHugePages:   5224448 kB
time: 698s
AnonPages:      18516224 kB
AnonHugePages:   5224448 kB
time: 699s
AnonPages:      18516228 kB
AnonHugePages:   5224448 kB
time: 700s
AnonPages:      18516224 kB
AnonHugePages:   5224448 kB
time: 701s
AnonPages:      18516204 kB
AnonHugePages:   5224448 kB
time: 702s
AnonPages:      18516168 kB
AnonHugePages:   5224448 kB
time: 703s
AnonPages:      18516140 kB
AnonHugePages:   5224448 kB
time: 704s
AnonPages:      18516224 kB
AnonHugePages:   5224448 kB
time: 705s
AnonPages:      18516224 kB
AnonHugePages:   5224448 kB
time: 706s
AnonPages:      18516224 kB
AnonHugePages:   5224448 kB
time: 707s
AnonPages:      18516228 kB
AnonHugePages:   5224448 kB
time: 708s
AnonPages:      18516228 kB
AnonHugePages:   5224448 kB
time: 709s
AnonPages:      18516228 kB
AnonHugePages:   5224448 kB
time: 710s
AnonPages:      18516228 kB
AnonHugePages:   5224448 kB
time: 711s
AnonPages:      18516228 kB
AnonHugePages:   5224448 kB
time: 712s
AnonPages:      18516224 kB
AnonHugePages:   5224448 kB
time: 713s
AnonPages:      18516228 kB
AnonHugePages:   5224448 kB
time: 714s
AnonPages:      18516228 kB
AnonHugePages:   5224448 kB
time: 715s
AnonPages:      18516228 kB
AnonHugePages:   5224448 kB
time: 716s
AnonPages:      18516232 kB
AnonHugePages:   5224448 kB
time: 717s
AnonPages:      18516232 kB
AnonHugePages:   5224448 kB
time: 718s
AnonPages:      18516232 kB
AnonHugePages:   5224448 kB
time: 719s
AnonPages:      18516228 kB
AnonHugePages:   5224448 kB
time: 720s
AnonPages:      18516232 kB
AnonHugePages:   5224448 kB
time: 721s
AnonPages:      18516228 kB
AnonHugePages:   5224448 kB
time: 722s
AnonPages:      18516232 kB
AnonHugePages:   5224448 kB
time: 723s
AnonPages:      18516228 kB
AnonHugePages:   5224448 kB
time: 724s
AnonPages:      18516232 kB
AnonHugePages:   5224448 kB
time: 725s
AnonPages:      18516228 kB
AnonHugePages:   5224448 kB
time: 726s
AnonPages:      18516232 kB
AnonHugePages:   5224448 kB
time: 727s
AnonPages:      18516228 kB
AnonHugePages:   5224448 kB
time: 728s
AnonPages:      18516232 kB
AnonHugePages:   5224448 kB
time: 729s
AnonPages:      18516100 kB
AnonHugePages:   5224448 kB
time: 730s
AnonPages:      18516228 kB
AnonHugePages:   5224448 kB
time: 731s
AnonPages:      18516232 kB
AnonHugePages:   5224448 kB
time: 732s
AnonPages:      18516228 kB
AnonHugePages:   5224448 kB
time: 733s
AnonPages:      18516232 kB
AnonHugePages:   5224448 kB
time: 734s
AnonPages:      18516232 kB
AnonHugePages:   5224448 kB
time: 735s
AnonPages:      18516232 kB
AnonHugePages:   5224448 kB
time: 736s
AnonPages:      18516232 kB
AnonHugePages:   5224448 kB
time: 737s
AnonPages:      18516232 kB
AnonHugePages:   5224448 kB
time: 738s
AnonPages:      18516228 kB
AnonHugePages:   5224448 kB
time: 739s
AnonPages:      18516232 kB
AnonHugePages:   5224448 kB
time: 740s
AnonPages:      18516232 kB
AnonHugePages:   5224448 kB
time: 741s
AnonPages:      18516228 kB
AnonHugePages:   5224448 kB
time: 742s
AnonPages:      18516228 kB
AnonHugePages:   5224448 kB
time: 743s
AnonPages:      18516232 kB
AnonHugePages:   5224448 kB
time: 744s
AnonPages:      18516228 kB
AnonHugePages:   5224448 kB
time: 745s
AnonPages:      18516232 kB
AnonHugePages:   5224448 kB
time: 746s
AnonPages:      18516232 kB
AnonHugePages:   5224448 kB
time: 747s
AnonPages:      18516232 kB
AnonHugePages:   5224448 kB
time: 748s
AnonPages:      18516232 kB
AnonHugePages:   5224448 kB
time: 749s
AnonPages:      18516232 kB
AnonHugePages:   5224448 kB
time: 750s
AnonPages:      18516228 kB
AnonHugePages:   5224448 kB
time: 751s
AnonPages:      18516232 kB
AnonHugePages:   5224448 kB
time: 752s
AnonPages:      18516228 kB
AnonHugePages:   5224448 kB
time: 753s
AnonPages:      18516232 kB
AnonHugePages:   5224448 kB
time: 754s
AnonPages:      18516232 kB
AnonHugePages:   5224448 kB
time: 755s
AnonPages:      18516232 kB
AnonHugePages:   5224448 kB
time: 756s
AnonPages:      18516232 kB
AnonHugePages:   5224448 kB
time: 757s
AnonPages:      18516232 kB
AnonHugePages:   5224448 kB
time: 758s
AnonPages:      18516236 kB
AnonHugePages:   5224448 kB
time: 759s
AnonPages:      18516236 kB
AnonHugePages:   5224448 kB
time: 760s
AnonPages:      18516232 kB
AnonHugePages:   5224448 kB
time: 761s
AnonPages:      18516232 kB
AnonHugePages:   5224448 kB
time: 762s
AnonPages:      18516232 kB
AnonHugePages:   5224448 kB
time: 763s
AnonPages:      18516232 kB
AnonHugePages:   5224448 kB
time: 764s
AnonPages:      18516232 kB
AnonHugePages:   5224448 kB
time: 765s
AnonPages:      18516236 kB
AnonHugePages:   5224448 kB
time: 766s
AnonPages:      18516236 kB
AnonHugePages:   5224448 kB
time: 767s
AnonPages:      18516236 kB
AnonHugePages:   5224448 kB
time: 768s
AnonPages:      18516236 kB
AnonHugePages:   5224448 kB
time: 769s
AnonPages:      18516232 kB
AnonHugePages:   5224448 kB
time: 770s
AnonPages:      18516236 kB
AnonHugePages:   5224448 kB
time: 771s
AnonPages:      18516236 kB
AnonHugePages:   5224448 kB
time: 772s
AnonPages:      18516236 kB
AnonHugePages:   5224448 kB
time: 773s
AnonPages:      18516232 kB
AnonHugePages:   5224448 kB
time: 774s
AnonPages:      18516236 kB
AnonHugePages:   5224448 kB
time: 775s
AnonPages:      18516236 kB
AnonHugePages:   5224448 kB
time: 776s
AnonPages:      18516232 kB
AnonHugePages:   5224448 kB
time: 777s
AnonPages:      18516236 kB
AnonHugePages:   5224448 kB
time: 778s
AnonPages:      18516236 kB
AnonHugePages:   5224448 kB
time: 779s
AnonPages:      18516232 kB
AnonHugePages:   5224448 kB
time: 780s
AnonPages:      18516236 kB
AnonHugePages:   5224448 kB
time: 781s
AnonPages:      18516236 kB
AnonHugePages:   5224448 kB
time: 782s
AnonPages:      18516232 kB
AnonHugePages:   5224448 kB
time: 783s
AnonPages:      18516236 kB
AnonHugePages:   5224448 kB
time: 784s
AnonPages:      18516236 kB
AnonHugePages:   5224448 kB
time: 785s
AnonPages:      18516236 kB
AnonHugePages:   5224448 kB
time: 786s
AnonPages:      18516232 kB
AnonHugePages:   5224448 kB
time: 787s
AnonPages:      18516236 kB
AnonHugePages:   5224448 kB
time: 788s
AnonPages:      18516236 kB
AnonHugePages:   5224448 kB
time: 789s
AnonPages:      18516232 kB
AnonHugePages:   5224448 kB
time: 790s
AnonPages:      18516236 kB
AnonHugePages:   5224448 kB
time: 791s
AnonPages:      18516232 kB
AnonHugePages:   5224448 kB
time: 792s
AnonPages:      18516236 kB
AnonHugePages:   5224448 kB
time: 793s
AnonPages:      18516232 kB
AnonHugePages:   5224448 kB
time: 794s
AnonPages:      18516236 kB
AnonHugePages:   5224448 kB
time: 795s
AnonPages:      18516236 kB
AnonHugePages:   5224448 kB
time: 796s
AnonPages:      18516232 kB
AnonHugePages:   5224448 kB
time: 797s
AnonPages:      18516236 kB
AnonHugePages:   5224448 kB
time: 798s
AnonPages:      18516236 kB
AnonHugePages:   5224448 kB
time: 799s
AnonPages:      18516236 kB
AnonHugePages:   5224448 kB
time: 800s
AnonPages:      18516240 kB
AnonHugePages:   5224448 kB
time: 801s
AnonPages:      18516240 kB
AnonHugePages:   5224448 kB
time: 802s
AnonPages:      18516240 kB
AnonHugePages:   5224448 kB
time: 803s
AnonPages:      18516240 kB
AnonHugePages:   5224448 kB
time: 804s
AnonPages:      18516240 kB
AnonHugePages:   5224448 kB
time: 805s
AnonPages:      18516236 kB
AnonHugePages:   5224448 kB
time: 806s
AnonPages:      18516236 kB
AnonHugePages:   5224448 kB
time: 807s
AnonPages:      18516240 kB
AnonHugePages:   5224448 kB
time: 808s
AnonPages:      18516236 kB
AnonHugePages:   5224448 kB
time: 809s
AnonPages:      18516236 kB
AnonHugePages:   5224448 kB
time: 810s
AnonPages:      18516240 kB
AnonHugePages:   5224448 kB
time: 811s
AnonPages:      18516240 kB
AnonHugePages:   5224448 kB
time: 812s
AnonPages:      18516240 kB
AnonHugePages:   5224448 kB
time: 813s
AnonPages:      18516328 kB
AnonHugePages:   5224448 kB
time: 814s
AnonPages:      18516240 kB
AnonHugePages:   5224448 kB
time: 815s
AnonPages:      18516240 kB
AnonHugePages:   5224448 kB
time: 816s
AnonPages:      18516240 kB
AnonHugePages:   5224448 kB
time: 817s
AnonPages:      18516236 kB
AnonHugePages:   5224448 kB
time: 818s
AnonPages:      18516240 kB
AnonHugePages:   5224448 kB
time: 819s
AnonPages:      18516284 kB
AnonHugePages:   5224448 kB
time: 820s
AnonPages:      18516236 kB
AnonHugePages:   5224448 kB
time: 821s
AnonPages:      18516236 kB
AnonHugePages:   5224448 kB
time: 822s
AnonPages:      18516340 kB
AnonHugePages:   5224448 kB
time: 823s
AnonPages:      18516240 kB
AnonHugePages:   5224448 kB
time: 824s
AnonPages:      18516236 kB
AnonHugePages:   5224448 kB
time: 825s
AnonPages:      18516236 kB
AnonHugePages:   5224448 kB
time: 826s
AnonPages:      18516240 kB
AnonHugePages:   5224448 kB
time: 827s
AnonPages:      18516292 kB
AnonHugePages:   5224448 kB
time: 828s
AnonPages:      18516292 kB
AnonHugePages:   5224448 kB
time: 829s
AnonPages:      18516240 kB
AnonHugePages:   5224448 kB
time: 830s
AnonPages:      18516240 kB
AnonHugePages:   5224448 kB
time: 831s
AnonPages:      18516236 kB
AnonHugePages:   5224448 kB
time: 832s
AnonPages:      18516240 kB
AnonHugePages:   5224448 kB
time: 833s
AnonPages:      18516236 kB
AnonHugePages:   5224448 kB
time: 834s
AnonPages:      18516236 kB
AnonHugePages:   5224448 kB
time: 835s
AnonPages:      18516240 kB
AnonHugePages:   5224448 kB
time: 836s
AnonPages:      18516240 kB
AnonHugePages:   5224448 kB
time: 837s
AnonPages:      18516152 kB
AnonHugePages:   5224448 kB
time: 838s
AnonPages:      18516328 kB
AnonHugePages:   5224448 kB
time: 839s
AnonPages:      18516240 kB
AnonHugePages:   5224448 kB
time: 840s
AnonPages:      18516240 kB
AnonHugePages:   5224448 kB
time: 841s
AnonPages:      18516236 kB
AnonHugePages:   5224448 kB
time: 842s
AnonPages:      18516240 kB
AnonHugePages:   5224448 kB
time: 843s
AnonPages:      18516244 kB
AnonHugePages:   5224448 kB
time: 844s
AnonPages:      18516244 kB
AnonHugePages:   5224448 kB
time: 845s
AnonPages:      18516244 kB
AnonHugePages:   5224448 kB
time: 846s
AnonPages:      18516244 kB
AnonHugePages:   5224448 kB
time: 847s
AnonPages:      18516240 kB
AnonHugePages:   5224448 kB
time: 848s
AnonPages:      18516240 kB
AnonHugePages:   5224448 kB
time: 849s
AnonPages:      18516240 kB
AnonHugePages:   5224448 kB
time: 850s
AnonPages:      18516240 kB
AnonHugePages:   5224448 kB
time: 851s
AnonPages:      18516240 kB
AnonHugePages:   5224448 kB
time: 852s
AnonPages:      18516240 kB
AnonHugePages:   5224448 kB
time: 853s
AnonPages:      18516244 kB
AnonHugePages:   5224448 kB
time: 854s
AnonPages:      18516244 kB
AnonHugePages:   5224448 kB
time: 855s
AnonPages:      18516244 kB
AnonHugePages:   5224448 kB
time: 856s
AnonPages:      18516244 kB
AnonHugePages:   5224448 kB
time: 857s
AnonPages:      18516240 kB
AnonHugePages:   5224448 kB
time: 858s
AnonPages:      18516244 kB
AnonHugePages:   5224448 kB
time: 859s
AnonPages:      18516240 kB
AnonHugePages:   5224448 kB
time: 860s
AnonPages:      18516240 kB
AnonHugePages:   5224448 kB
time: 861s
AnonPages:      18516244 kB
AnonHugePages:   5224448 kB
time: 862s
AnonPages:      18516244 kB
AnonHugePages:   5224448 kB
time: 863s
AnonPages:      18516240 kB
AnonHugePages:   5224448 kB
time: 864s
AnonPages:      18516244 kB
AnonHugePages:   5224448 kB
time: 865s
AnonPages:      18516244 kB
AnonHugePages:   5224448 kB
time: 866s
AnonPages:      18516244 kB
AnonHugePages:   5224448 kB
time: 867s
AnonPages:      18516244 kB
AnonHugePages:   5224448 kB
time: 868s
AnonPages:      18516240 kB
AnonHugePages:   5224448 kB
time: 869s
AnonPages:      18516240 kB
AnonHugePages:   5224448 kB
time: 870s
AnonPages:      18516240 kB
AnonHugePages:   5224448 kB
time: 871s
AnonPages:      18516244 kB
AnonHugePages:   5224448 kB
time: 872s
AnonPages:      18516244 kB
AnonHugePages:   5224448 kB
time: 873s
AnonPages:      18516240 kB
AnonHugePages:   5224448 kB
time: 874s
AnonPages:      18516240 kB
AnonHugePages:   5224448 kB
time: 875s
AnonPages:      18516244 kB
AnonHugePages:   5224448 kB
time: 876s
AnonPages:      18516244 kB
AnonHugePages:   5224448 kB
time: 877s
AnonPages:      18516244 kB
AnonHugePages:   5224448 kB
time: 878s
AnonPages:      18516244 kB
AnonHugePages:   5224448 kB
time: 879s
AnonPages:      18516244 kB
AnonHugePages:   5224448 kB
time: 880s
AnonPages:      18516244 kB
AnonHugePages:   5224448 kB
time: 881s
AnonPages:      18516244 kB
AnonHugePages:   5224448 kB
time: 882s
AnonPages:      18516240 kB
AnonHugePages:   5224448 kB
time: 883s
AnonPages:      18516244 kB
AnonHugePages:   5224448 kB
time: 884s
AnonPages:      18516244 kB
AnonHugePages:   5224448 kB
time: 885s
AnonPages:      18516244 kB
AnonHugePages:   5224448 kB
time: 886s
AnonPages:      18516248 kB
AnonHugePages:   5224448 kB
time: 887s
AnonPages:      18516248 kB
AnonHugePages:   5224448 kB
time: 888s
AnonPages:      18516248 kB
AnonHugePages:   5224448 kB
time: 889s
AnonPages:      18516244 kB
AnonHugePages:   5224448 kB
time: 890s
AnonPages:      18516248 kB
AnonHugePages:   5224448 kB
time: 891s
AnonPages:      18516392 kB
AnonHugePages:   5224448 kB
time: 892s
AnonPages:      18516160 kB
AnonHugePages:   5224448 kB
time: 893s
AnonPages:      18516248 kB
AnonHugePages:   5224448 kB
time: 894s
AnonPages:      18516244 kB
AnonHugePages:   5224448 kB
time: 895s
AnonPages:      18516244 kB
AnonHugePages:   5224448 kB
time: 896s
AnonPages:      18516244 kB
AnonHugePages:   5224448 kB
time: 897s
AnonPages:      18516364 kB
AnonHugePages:   5224448 kB
time: 898s
AnonPages:      18516160 kB
AnonHugePages:   5224448 kB
time: 899s
AnonPages:      18516244 kB
AnonHugePages:   5224448 kB
time: 900s
AnonPages:      18516296 kB
AnonHugePages:   5224448 kB
time: 901s
AnonPages:      18516248 kB
AnonHugePages:   5224448 kB
time: 902s
AnonPages:      18516244 kB
AnonHugePages:   5224448 kB
time: 903s
AnonPages:      18516248 kB
AnonHugePages:   5224448 kB
time: 904s
AnonPages:      18516248 kB
AnonHugePages:   5224448 kB
time: 905s
AnonPages:      18516248 kB
AnonHugePages:   5224448 kB
time: 906s
AnonPages:      18516248 kB
AnonHugePages:   5224448 kB
time: 907s
AnonPages:      18516248 kB
AnonHugePages:   5224448 kB
time: 908s
AnonPages:      18516244 kB
AnonHugePages:   5224448 kB
time: 909s
AnonPages:      18516248 kB
AnonHugePages:   5224448 kB
time: 910s
AnonPages:      18516244 kB
AnonHugePages:   5224448 kB
time: 911s
AnonPages:      18516248 kB
AnonHugePages:   5224448 kB
time: 912s
AnonPages:      18516244 kB
AnonHugePages:   5224448 kB
time: 913s
AnonPages:      18516248 kB
AnonHugePages:   5224448 kB
time: 914s
AnonPages:      18516244 kB
AnonHugePages:   5224448 kB
time: 915s
AnonPages:      18516248 kB
AnonHugePages:   5224448 kB
time: 916s
AnonPages:      18516248 kB
AnonHugePages:   5224448 kB
time: 917s
AnonPages:      18516248 kB
AnonHugePages:   5224448 kB
time: 918s
AnonPages:      18516248 kB
AnonHugePages:   5224448 kB
time: 919s
AnonPages:      18516248 kB
AnonHugePages:   5224448 kB
time: 920s
AnonPages:      18516244 kB
AnonHugePages:   5224448 kB
time: 921s
AnonPages:      18516248 kB
AnonHugePages:   5224448 kB
time: 922s
AnonPages:      18516244 kB
AnonHugePages:   5224448 kB
time: 923s
AnonPages:      18516244 kB
AnonHugePages:   5224448 kB
time: 924s
AnonPages:      18516244 kB
AnonHugePages:   5224448 kB
time: 925s
AnonPages:      18516248 kB
AnonHugePages:   5224448 kB
time: 926s
AnonPages:      18516248 kB
AnonHugePages:   5224448 kB
time: 927s
AnonPages:      18516244 kB
AnonHugePages:   5224448 kB
time: 928s
AnonPages:      18516252 kB
AnonHugePages:   5224448 kB
time: 929s
AnonPages:      18516252 kB
AnonHugePages:   5224448 kB
time: 930s
AnonPages:      18516248 kB
AnonHugePages:   5224448 kB
time: 931s
AnonPages:      18516248 kB
AnonHugePages:   5224448 kB
time: 932s
AnonPages:      18516164 kB
AnonHugePages:   5224448 kB
time: 933s
AnonPages:      18516252 kB
AnonHugePages:   5224448 kB
time: 934s
AnonPages:      18516248 kB
AnonHugePages:   5224448 kB
time: 935s
AnonPages:      18516252 kB
AnonHugePages:   5224448 kB
time: 936s
AnonPages:      18516248 kB
AnonHugePages:   5224448 kB
time: 937s
AnonPages:      18516252 kB
AnonHugePages:   5224448 kB
time: 938s
AnonPages:      18516252 kB
AnonHugePages:   5224448 kB
time: 939s
AnonPages:      18516248 kB
AnonHugePages:   5224448 kB
time: 940s
AnonPages:      18516248 kB
AnonHugePages:   5224448 kB
time: 941s
AnonPages:      18516252 kB
AnonHugePages:   5224448 kB
time: 942s
AnonPages:      18516252 kB
AnonHugePages:   5224448 kB
time: 943s
AnonPages:      18516252 kB
AnonHugePages:   5224448 kB
time: 944s
AnonPages:      18516252 kB
AnonHugePages:   5224448 kB
time: 945s
AnonPages:      18516252 kB
AnonHugePages:   5224448 kB
time: 946s
AnonPages:      18516252 kB
AnonHugePages:   5224448 kB
time: 947s
AnonPages:      18516252 kB
AnonHugePages:   5224448 kB
time: 948s
AnonPages:      18516248 kB
AnonHugePages:   5224448 kB
time: 949s
AnonPages:      18516248 kB
AnonHugePages:   5224448 kB
time: 950s
AnonPages:      18516252 kB
AnonHugePages:   5224448 kB
time: 951s
AnonPages:      18516348 kB
AnonHugePages:   5224448 kB
time: 952s
AnonPages:      18516252 kB
AnonHugePages:   5224448 kB
time: 953s
AnonPages:      18516252 kB
AnonHugePages:   5224448 kB
time: 954s
AnonPages:      18516252 kB
AnonHugePages:   5224448 kB
time: 955s
AnonPages:      18516252 kB
AnonHugePages:   5224448 kB
time: 956s
AnonPages:      18516252 kB
AnonHugePages:   5224448 kB
time: 957s
AnonPages:      18516252 kB
AnonHugePages:   5224448 kB
time: 958s
AnonPages:      18516248 kB
AnonHugePages:   5224448 kB
time: 959s
AnonPages:      18516252 kB
AnonHugePages:   5224448 kB
time: 960s
AnonPages:      18516252 kB
AnonHugePages:   5224448 kB
time: 961s
AnonPages:      18516252 kB
AnonHugePages:   5224448 kB
time: 962s
AnonPages:      18516252 kB
AnonHugePages:   5224448 kB
time: 963s
AnonPages:      18516248 kB
AnonHugePages:   5224448 kB
time: 964s
AnonPages:      18516252 kB
AnonHugePages:   5224448 kB
time: 965s
AnonPages:      18516248 kB
AnonHugePages:   5224448 kB
time: 966s
AnonPages:      18516248 kB
AnonHugePages:   5224448 kB
time: 967s
AnonPages:      18516248 kB
AnonHugePages:   5224448 kB
time: 968s
AnonPages:      18516252 kB
AnonHugePages:   5224448 kB
time: 969s
AnonPages:      18516252 kB
AnonHugePages:   5224448 kB
time: 970s
AnonPages:      18516252 kB
AnonHugePages:   5224448 kB
time: 971s
AnonPages:      18516308 kB
AnonHugePages:   5224448 kB
time: 972s
AnonPages:      18516256 kB
AnonHugePages:   5224448 kB
time: 973s
AnonPages:      18516252 kB
AnonHugePages:   5224448 kB
time: 974s
AnonPages:      18516256 kB
AnonHugePages:   5224448 kB
time: 975s
AnonPages:      18516252 kB
AnonHugePages:   5224448 kB
time: 976s
AnonPages:      18516208 kB
AnonHugePages:   5224448 kB
time: 977s
AnonPages:      18516256 kB
AnonHugePages:   5224448 kB
time: 978s
AnonPages:      18516256 kB
AnonHugePages:   5224448 kB
time: 979s
AnonPages:      18516256 kB
AnonHugePages:   5224448 kB
time: 980s
AnonPages:      18516256 kB
AnonHugePages:   5224448 kB
time: 981s
AnonPages:      18516256 kB
AnonHugePages:   5224448 kB
time: 982s
AnonPages:      18516252 kB
AnonHugePages:   5224448 kB
time: 983s
AnonPages:      18516256 kB
AnonHugePages:   5224448 kB
time: 984s
AnonPages:      18516256 kB
AnonHugePages:   5224448 kB
time: 985s
AnonPages:      18516252 kB
AnonHugePages:   5224448 kB
time: 986s
AnonPages:      18516392 kB
AnonHugePages:   5224448 kB
time: 987s
AnonPages:      18516256 kB
AnonHugePages:   5224448 kB
time: 988s
AnonPages:      18516336 kB
AnonHugePages:   5224448 kB
time: 989s
AnonPages:      18516256 kB
AnonHugePages:   5224448 kB
time: 990s
AnonPages:      18516256 kB
AnonHugePages:   5224448 kB
time: 991s
AnonPages:      18516256 kB
AnonHugePages:   5224448 kB
time: 992s
AnonPages:      18516248 kB
AnonHugePages:   5224448 kB
time: 993s
AnonPages:      18516252 kB
AnonHugePages:   5224448 kB
time: 994s
AnonPages:      18516252 kB
AnonHugePages:   5224448 kB
time: 995s
AnonPages:      18516252 kB
AnonHugePages:   5224448 kB
time: 996s
AnonPages:      18516256 kB
AnonHugePages:   5224448 kB
time: 997s
AnonPages:      18516336 kB
AnonHugePages:   5224448 kB
time: 998s
AnonPages:      18516264 kB
AnonHugePages:   5224448 kB
time: 999s
AnonPages:      18516264 kB
AnonHugePages:   5224448 kB
time: 1000s
AnonPages:      18516264 kB
AnonHugePages:   5224448 kB
time: 1001s
AnonPages:      18516264 kB
AnonHugePages:   5224448 kB
time: 1002s
AnonPages:      18516264 kB
AnonHugePages:   5224448 kB
time: 1003s
AnonPages:      18516264 kB
AnonHugePages:   5224448 kB
time: 1004s
AnonPages:      18516264 kB
AnonHugePages:   5224448 kB
time: 1005s
AnonPages:      18516264 kB
AnonHugePages:   5224448 kB
time: 1006s
AnonPages:      18516352 kB
AnonHugePages:   5224448 kB
time: 1007s
AnonPages:      18516260 kB
AnonHugePages:   5224448 kB
time: 1008s
AnonPages:      18516264 kB
AnonHugePages:   5224448 kB
time: 1009s
AnonPages:      18516364 kB
AnonHugePages:   5224448 kB
time: 1010s
AnonPages:      18516264 kB
AnonHugePages:   5224448 kB
time: 1011s
AnonPages:      18516260 kB
AnonHugePages:   5224448 kB
time: 1012s
AnonPages:      18516264 kB
AnonHugePages:   5224448 kB
time: 1013s
AnonPages:      18516220 kB
AnonHugePages:   5224448 kB
time: 1014s
AnonPages:      18516268 kB
AnonHugePages:   5224448 kB
time: 1015s
AnonPages:      18516324 kB
AnonHugePages:   5224448 kB
time: 1016s
AnonPages:      18516268 kB
AnonHugePages:   5224448 kB
time: 1017s
AnonPages:      18516264 kB
AnonHugePages:   5224448 kB
time: 1018s
AnonPages:      18516264 kB
AnonHugePages:   5224448 kB
time: 1019s
AnonPages:      18516268 kB
AnonHugePages:   5224448 kB
time: 1020s
AnonPages:      18516264 kB
AnonHugePages:   5224448 kB
time: 1021s
AnonPages:      18516264 kB
AnonHugePages:   5224448 kB
time: 1022s
AnonPages:      18516268 kB
AnonHugePages:   5224448 kB
time: 1023s
AnonPages:      18516180 kB
AnonHugePages:   5224448 kB
time: 1024s
AnonPages:      18516264 kB
AnonHugePages:   5224448 kB
time: 1025s
AnonPages:      18516268 kB
AnonHugePages:   5224448 kB
time: 1026s
AnonPages:      18516264 kB
AnonHugePages:   5224448 kB
time: 1027s
AnonPages:      18516264 kB
AnonHugePages:   5224448 kB
time: 1028s
AnonPages:      18516264 kB
AnonHugePages:   5224448 kB
time: 1029s
AnonPages:      18516268 kB
AnonHugePages:   5224448 kB
time: 1030s
AnonPages:      18516264 kB
AnonHugePages:   5224448 kB
time: 1031s
AnonPages:      18516264 kB
AnonHugePages:   5224448 kB
time: 1032s
AnonPages:      18516268 kB
AnonHugePages:   5224448 kB
time: 1033s
AnonPages:      18516268 kB
AnonHugePages:   5224448 kB
time: 1034s
AnonPages:      18516268 kB
AnonHugePages:   5224448 kB
time: 1035s
AnonPages:      18516264 kB
AnonHugePages:   5224448 kB
time: 1036s
AnonPages:      18516264 kB
AnonHugePages:   5224448 kB
time: 1037s
AnonPages:      18516264 kB
AnonHugePages:   5224448 kB
time: 1038s
AnonPages:      18516268 kB
AnonHugePages:   5224448 kB
time: 1039s
AnonPages:      18516268 kB
AnonHugePages:   5224448 kB
time: 1040s
AnonPages:      18516264 kB
AnonHugePages:   5224448 kB
time: 1041s
AnonPages:      18516268 kB
AnonHugePages:   5224448 kB
time: 1042s
AnonPages:      18516264 kB
AnonHugePages:   5224448 kB
time: 1043s
AnonPages:      18516268 kB
AnonHugePages:   5224448 kB
time: 1044s
AnonPages:      18516268 kB
AnonHugePages:   5224448 kB
time: 1045s
AnonPages:      18516264 kB
AnonHugePages:   5224448 kB
time: 1046s
AnonPages:      18516268 kB
AnonHugePages:   5224448 kB
time: 1047s
AnonPages:      18516268 kB
AnonHugePages:   5224448 kB
time: 1048s
AnonPages:      18516268 kB
AnonHugePages:   5224448 kB
time: 1049s
AnonPages:      18516264 kB
AnonHugePages:   5224448 kB
time: 1050s
AnonPages:      18516264 kB
AnonHugePages:   5224448 kB
time: 1051s
AnonPages:      18516264 kB
AnonHugePages:   5224448 kB
time: 1052s
AnonPages:      18516268 kB
AnonHugePages:   5224448 kB
time: 1053s
AnonPages:      18516264 kB
AnonHugePages:   5224448 kB
time: 1054s
AnonPages:      18516264 kB
AnonHugePages:   5224448 kB
time: 1055s
AnonPages:      18516268 kB
AnonHugePages:   5224448 kB
time: 1056s
AnonPages:      18516268 kB
AnonHugePages:   5224448 kB
time: 1057s
AnonPages:      18516272 kB
AnonHugePages:   5224448 kB
time: 1058s
AnonPages:      18516272 kB
AnonHugePages:   5224448 kB
time: 1059s
AnonPages:      18516272 kB
AnonHugePages:   5224448 kB
time: 1060s
AnonPages:      18516272 kB
AnonHugePages:   5224448 kB
time: 1061s
AnonPages:      18516272 kB
AnonHugePages:   5224448 kB
time: 1062s
AnonPages:      18516336 kB
AnonHugePages:   5224448 kB
time: 1063s
AnonPages:      18516272 kB
AnonHugePages:   5224448 kB
time: 1064s
AnonPages:       4866820 kB
AnonHugePages:   3885056 kB
time: 1065s
AnonPages:        541812 kB
AnonHugePages:    512000 kB
time: 1066s
AnonPages:        541812 kB
AnonHugePages:    512000 kB
time: 1067s
AnonPages:        541808 kB
AnonHugePages:    512000 kB
time: 1068s
AnonPages:        541808 kB
AnonHugePages:    512000 kB
time: 1069s
AnonPages:        541812 kB
AnonHugePages:    512000 kB
time: 1070s
AnonPages:        541812 kB
AnonHugePages:    512000 kB
time: 1071s
AnonPages:        541812 kB
AnonHugePages:    512000 kB
time: 1072s
AnonPages:        541976 kB
AnonHugePages:    512000 kB
time: 1073s
AnonPages:        541808 kB
AnonHugePages:    512000 kB
time: 1074s
AnonPages:        541636 kB
AnonHugePages:    512000 kB
time: 1075s
AnonPages:        541812 kB
AnonHugePages:    512000 kB
time: 1076s
AnonPages:        541812 kB
AnonHugePages:    512000 kB
time: 1077s
AnonPages:        541808 kB
AnonHugePages:    512000 kB
time: 1078s
AnonPages:        541808 kB
AnonHugePages:    512000 kB
time: 1079s
AnonPages:        541836 kB
AnonHugePages:    512000 kB
time: 1080s
AnonPages:        541812 kB
AnonHugePages:    512000 kB
time: 1081s
AnonPages:        541812 kB
AnonHugePages:    512000 kB
time: 1082s
AnonPages:        541812 kB
AnonHugePages:    512000 kB
time: 1083s
AnonPages:        541812 kB
AnonHugePages:    512000 kB
time: 1084s
AnonPages:        541812 kB
AnonHugePages:    512000 kB
time: 1085s
AnonPages:        541812 kB
AnonHugePages:    512000 kB
time: 1086s
AnonPages:        541812 kB
AnonHugePages:    512000 kB
time: 1087s
AnonPages:        541808 kB
AnonHugePages:    512000 kB
time: 1088s
AnonPages:        541808 kB
AnonHugePages:    512000 kB
time: 1089s
AnonPages:        541812 kB
AnonHugePages:    512000 kB
