time: 0s
AnonPages:        541828 kB
AnonHugePages:    512000 kB
time: 1s
AnonPages:       1374796 kB
AnonHugePages:   1341440 kB
time: 2s
AnonPages:       1374788 kB
AnonHugePages:   1341440 kB
time: 3s
AnonPages:       1548796 kB
AnonHugePages:   1564672 kB
time: 4s
AnonPages:       1632704 kB
AnonHugePages:   1548288 kB
time: 5s
AnonPages:       5736876 kB
AnonHugePages:   5703680 kB
time: 6s
AnonPages:       5833148 kB
AnonHugePages:   5767168 kB
time: 7s
AnonPages:       6162596 kB
AnonHugePages:   5814272 kB
time: 8s
AnonPages:       6164924 kB
AnonHugePages:   5814272 kB
time: 9s
AnonPages:       6492552 kB
AnonHugePages:   5814272 kB
time: 10s
AnonPages:       6500780 kB
AnonHugePages:   5814272 kB
time: 11s
AnonPages:       6515104 kB
AnonHugePages:   5814272 kB
time: 12s
AnonPages:       6836632 kB
AnonHugePages:   5814272 kB
time: 13s
AnonPages:       6848932 kB
AnonHugePages:   5814272 kB
time: 14s
AnonPages:       6861224 kB
AnonHugePages:   5814272 kB
time: 15s
AnonPages:       7158064 kB
AnonHugePages:   5814272 kB
time: 16s
AnonPages:       7162300 kB
AnonHugePages:   5814272 kB
time: 17s
AnonPages:       7168444 kB
AnonHugePages:   5816320 kB
time: 18s
AnonPages:       7458948 kB
AnonHugePages:   5818368 kB
time: 19s
AnonPages:       7463424 kB
AnonHugePages:   5820416 kB
time: 20s
AnonPages:       7467452 kB
AnonHugePages:   5820416 kB
time: 21s
AnonPages:       7791040 kB
AnonHugePages:   5822464 kB
time: 22s
AnonPages:       7797180 kB
AnonHugePages:   5822464 kB
time: 23s
AnonPages:       7801276 kB
AnonHugePages:   5822464 kB
time: 24s
AnonPages:       8145344 kB
AnonHugePages:   5822464 kB
time: 25s
AnonPages:       8151488 kB
AnonHugePages:   5822464 kB
time: 26s
AnonPages:       8151488 kB
AnonHugePages:   5822464 kB
time: 27s
AnonPages:       8159672 kB
AnonHugePages:   5822464 kB
time: 28s
AnonPages:       8565184 kB
AnonHugePages:   5822464 kB
time: 29s
AnonPages:       8567228 kB
AnonHugePages:   5822464 kB
time: 30s
AnonPages:       8569276 kB
AnonHugePages:   5822464 kB
time: 31s
AnonPages:       8569280 kB
AnonHugePages:   5822464 kB
time: 32s
AnonPages:       9093564 kB
AnonHugePages:   5830656 kB
time: 33s
AnonPages:       9093568 kB
AnonHugePages:   5830656 kB
time: 34s
AnonPages:       9750860 kB
AnonHugePages:   5830656 kB
time: 35s
AnonPages:       9750976 kB
AnonHugePages:   5830656 kB
time: 36s
AnonPages:       9753020 kB
AnonHugePages:   5830656 kB
time: 37s
AnonPages:      10381720 kB
AnonHugePages:   5840896 kB
time: 38s
AnonPages:      10383804 kB
AnonHugePages:   5840896 kB
time: 39s
AnonPages:      10385852 kB
AnonHugePages:   5840896 kB
time: 40s
AnonPages:      10385856 kB
AnonHugePages:   5840896 kB
time: 41s
AnonPages:      10985920 kB
AnonHugePages:   5847040 kB
time: 42s
AnonPages:      10985916 kB
AnonHugePages:   5847040 kB
time: 43s
AnonPages:      10987968 kB
AnonHugePages:   5847040 kB
time: 44s
AnonPages:      10987968 kB
AnonHugePages:   5847040 kB
time: 45s
AnonPages:      11508160 kB
AnonHugePages:   5853184 kB
time: 46s
AnonPages:      11508160 kB
AnonHugePages:   5853184 kB
time: 47s
AnonPages:      11508160 kB
AnonHugePages:   5853184 kB
time: 48s
AnonPages:      11510204 kB
AnonHugePages:   5853184 kB
time: 49s
AnonPages:      11938236 kB
AnonHugePages:   5855232 kB
time: 50s
AnonPages:      11938240 kB
AnonHugePages:   5855232 kB
time: 51s
AnonPages:      11938236 kB
AnonHugePages:   5855232 kB
time: 52s
AnonPages:      11940288 kB
AnonHugePages:   5855232 kB
time: 53s
AnonPages:      12591548 kB
AnonHugePages:   5859328 kB
time: 54s
AnonPages:      12591552 kB
AnonHugePages:   5859328 kB
time: 55s
AnonPages:      12591552 kB
AnonHugePages:   5859328 kB
time: 56s
AnonPages:      12591552 kB
AnonHugePages:   5859328 kB
time: 57s
AnonPages:      13013440 kB
AnonHugePages:   5861376 kB
time: 58s
AnonPages:      13013436 kB
AnonHugePages:   5861376 kB
time: 59s
AnonPages:      13013436 kB
AnonHugePages:   5861376 kB
time: 60s
AnonPages:      13013436 kB
AnonHugePages:   5861376 kB
time: 61s
AnonPages:      13431232 kB
AnonHugePages:   5861376 kB
time: 62s
AnonPages:      13431228 kB
AnonHugePages:   5861376 kB
time: 63s
AnonPages:      13431232 kB
AnonHugePages:   5861376 kB
time: 64s
AnonPages:      13431232 kB
AnonHugePages:   5861376 kB
time: 65s
AnonPages:      14065748 kB
AnonHugePages:   5861376 kB
time: 66s
AnonPages:      14066172 kB
AnonHugePages:   5863424 kB
time: 67s
AnonPages:      14066108 kB
AnonHugePages:   5863424 kB
time: 68s
AnonPages:      14066112 kB
AnonHugePages:   5863424 kB
time: 69s
AnonPages:      14068160 kB
AnonHugePages:   5863424 kB
time: 70s
AnonPages:      14706880 kB
AnonHugePages:   5863424 kB
time: 71s
AnonPages:      15982248 kB
AnonHugePages:   5863424 kB
time: 72s
AnonPages:      16142580 kB
AnonHugePages:   5863424 kB
time: 73s
AnonPages:      16148924 kB
AnonHugePages:   5863424 kB
time: 74s
AnonPages:      16572336 kB
AnonHugePages:   5863424 kB
time: 75s
AnonPages:      16576948 kB
AnonHugePages:   5863424 kB
time: 76s
AnonPages:      16581052 kB
AnonHugePages:   5863424 kB
time: 77s
AnonPages:      16585144 kB
AnonHugePages:   5863424 kB
time: 78s
AnonPages:      16591284 kB
AnonHugePages:   5863424 kB
time: 79s
AnonPages:      16974248 kB
AnonHugePages:   5863424 kB
time: 80s
AnonPages:      16978364 kB
AnonHugePages:   5863424 kB
time: 81s
AnonPages:      16986548 kB
AnonHugePages:   5863424 kB
time: 82s
AnonPages:      16986556 kB
AnonHugePages:   5863424 kB
time: 83s
AnonPages:      16988600 kB
AnonHugePages:   5863424 kB
time: 84s
AnonPages:      17287508 kB
AnonHugePages:   5863424 kB
time: 85s
AnonPages:      17287612 kB
AnonHugePages:   5863424 kB
time: 86s
AnonPages:      17289660 kB
AnonHugePages:   5863424 kB
time: 87s
AnonPages:      17295804 kB
AnonHugePages:   5863424 kB
time: 88s
AnonPages:      17295804 kB
AnonHugePages:   5863424 kB
time: 89s
AnonPages:      17776964 kB
AnonHugePages:   5863424 kB
time: 90s
AnonPages:      17777196 kB
AnonHugePages:   5863424 kB
time: 91s
AnonPages:      17777088 kB
AnonHugePages:   5863424 kB
time: 92s
AnonPages:      17779132 kB
AnonHugePages:   5863424 kB
time: 93s
AnonPages:      17779136 kB
AnonHugePages:   5863424 kB
time: 94s
AnonPages:      18235676 kB
AnonHugePages:   5863424 kB
time: 95s
AnonPages:      18235840 kB
AnonHugePages:   5863424 kB
time: 96s
AnonPages:      18237880 kB
AnonHugePages:   5863424 kB
time: 97s
AnonPages:      18733700 kB
AnonHugePages:   5863424 kB
time: 98s
AnonPages:      18735552 kB
AnonHugePages:   5863424 kB
time: 99s
AnonPages:      18735552 kB
AnonHugePages:   5863424 kB
time: 100s
AnonPages:      18735552 kB
AnonHugePages:   5863424 kB
time: 101s
AnonPages:      19304952 kB
AnonHugePages:   5863424 kB
time: 102s
AnonPages:      19327376 kB
AnonHugePages:   5863424 kB
time: 103s
AnonPages:      19327424 kB
AnonHugePages:   5863424 kB
time: 104s
AnonPages:      19327420 kB
AnonHugePages:   5863424 kB
time: 105s
AnonPages:      19757248 kB
AnonHugePages:   5863424 kB
time: 106s
AnonPages:      19812704 kB
AnonHugePages:   5863424 kB
time: 107s
AnonPages:      19820988 kB
AnonHugePages:   5863424 kB
time: 108s
AnonPages:      19823040 kB
AnonHugePages:   5863424 kB
time: 109s
AnonPages:      20386016 kB
AnonHugePages:   5863424 kB
time: 110s
AnonPages:      20439384 kB
AnonHugePages:   5863424 kB
time: 111s
AnonPages:      20459712 kB
AnonHugePages:   5863424 kB
time: 112s
AnonPages:      20459964 kB
AnonHugePages:   5863424 kB
time: 113s
AnonPages:      21371300 kB
AnonHugePages:   5863424 kB
time: 114s
AnonPages:      21426516 kB
AnonHugePages:   5863424 kB
time: 115s
AnonPages:      21473676 kB
AnonHugePages:   5863424 kB
time: 116s
AnonPages:      21526884 kB
AnonHugePages:   5863424 kB
time: 117s
AnonPages:      22444480 kB
AnonHugePages:   5863424 kB
time: 118s
AnonPages:      22491548 kB
AnonHugePages:   5863424 kB
time: 119s
AnonPages:      22544832 kB
AnonHugePages:   5863424 kB
time: 120s
AnonPages:      22598148 kB
AnonHugePages:   5863424 kB
time: 121s
AnonPages:      22652408 kB
AnonHugePages:   5863424 kB
time: 122s
AnonPages:      23261544 kB
AnonHugePages:   5863424 kB
time: 123s
AnonPages:      23304640 kB
AnonHugePages:   5863424 kB
time: 124s
AnonPages:      23357888 kB
AnonHugePages:   5863424 kB
time: 125s
AnonPages:      23411128 kB
AnonHugePages:   5863424 kB
time: 126s
AnonPages:      23456196 kB
AnonHugePages:   5863424 kB
time: 127s
AnonPages:      23953848 kB
AnonHugePages:   5863424 kB
time: 128s
AnonPages:      24011192 kB
AnonHugePages:   5863424 kB
time: 129s
AnonPages:      24066496 kB
AnonHugePages:   5863424 kB
time: 130s
AnonPages:      24117532 kB
AnonHugePages:   5863424 kB
time: 131s
AnonPages:      24179108 kB
AnonHugePages:   5863424 kB
time: 132s
AnonPages:      24775096 kB
AnonHugePages:   5863424 kB
time: 133s
AnonPages:      24834476 kB
AnonHugePages:   5863424 kB
time: 134s
AnonPages:      24883644 kB
AnonHugePages:   5863424 kB
time: 135s
AnonPages:      24936872 kB
AnonHugePages:   5863424 kB
time: 136s
AnonPages:      25004436 kB
AnonHugePages:   5863424 kB
time: 137s
AnonPages:      25608624 kB
AnonHugePages:   5863424 kB
time: 138s
AnonPages:      25659828 kB
AnonHugePages:   5863424 kB
time: 139s
AnonPages:      25717164 kB
AnonHugePages:   5863424 kB
time: 140s
AnonPages:      25766328 kB
AnonHugePages:   5863424 kB
time: 141s
AnonPages:      25846212 kB
AnonHugePages:   5863424 kB
time: 142s
AnonPages:      26127752 kB
AnonHugePages:   5863424 kB
time: 143s
AnonPages:      26127752 kB
AnonHugePages:   5863424 kB
time: 144s
AnonPages:      26127748 kB
AnonHugePages:   5863424 kB
time: 145s
AnonPages:      26127752 kB
AnonHugePages:   5863424 kB
time: 146s
AnonPages:      26127752 kB
AnonHugePages:   5863424 kB
time: 147s
AnonPages:      26127752 kB
AnonHugePages:   5863424 kB
time: 148s
AnonPages:      26127752 kB
AnonHugePages:   5863424 kB
time: 149s
AnonPages:      26127748 kB
AnonHugePages:   5863424 kB
time: 150s
AnonPages:      26127752 kB
AnonHugePages:   5863424 kB
time: 151s
AnonPages:      26127752 kB
AnonHugePages:   5863424 kB
time: 152s
AnonPages:      26127748 kB
AnonHugePages:   5863424 kB
time: 153s
AnonPages:      26127748 kB
AnonHugePages:   5863424 kB
time: 154s
AnonPages:      26127752 kB
AnonHugePages:   5863424 kB
time: 155s
AnonPages:      26127752 kB
AnonHugePages:   5863424 kB
time: 156s
AnonPages:      26127752 kB
AnonHugePages:   5863424 kB
time: 157s
AnonPages:      26127748 kB
AnonHugePages:   5863424 kB
time: 158s
AnonPages:      26127752 kB
AnonHugePages:   5863424 kB
time: 159s
AnonPages:      26127752 kB
AnonHugePages:   5863424 kB
time: 160s
AnonPages:      26127752 kB
AnonHugePages:   5863424 kB
time: 161s
AnonPages:      26127756 kB
AnonHugePages:   5863424 kB
time: 162s
AnonPages:      26127756 kB
AnonHugePages:   5863424 kB
time: 163s
AnonPages:      26127756 kB
AnonHugePages:   5863424 kB
time: 164s
AnonPages:      26127756 kB
AnonHugePages:   5863424 kB
time: 165s
AnonPages:      26127756 kB
AnonHugePages:   5863424 kB
time: 166s
AnonPages:      26127756 kB
AnonHugePages:   5863424 kB
time: 167s
AnonPages:      26127756 kB
AnonHugePages:   5863424 kB
time: 168s
AnonPages:      26127756 kB
AnonHugePages:   5863424 kB
time: 169s
AnonPages:      26127756 kB
AnonHugePages:   5863424 kB
time: 170s
AnonPages:      26127756 kB
AnonHugePages:   5863424 kB
time: 171s
AnonPages:      26127752 kB
AnonHugePages:   5863424 kB
time: 172s
AnonPages:      26127756 kB
AnonHugePages:   5863424 kB
time: 173s
AnonPages:      26127752 kB
AnonHugePages:   5863424 kB
time: 174s
AnonPages:      26127756 kB
AnonHugePages:   5863424 kB
time: 175s
AnonPages:      26127756 kB
AnonHugePages:   5863424 kB
time: 176s
AnonPages:      26127756 kB
AnonHugePages:   5863424 kB
time: 177s
AnonPages:      26127756 kB
AnonHugePages:   5863424 kB
time: 178s
AnonPages:      26127756 kB
AnonHugePages:   5863424 kB
time: 179s
AnonPages:      26127752 kB
AnonHugePages:   5863424 kB
time: 180s
AnonPages:      26127756 kB
AnonHugePages:   5863424 kB
time: 181s
AnonPages:      26127752 kB
AnonHugePages:   5863424 kB
time: 182s
AnonPages:      26127756 kB
AnonHugePages:   5863424 kB
time: 183s
AnonPages:      26127756 kB
AnonHugePages:   5863424 kB
time: 184s
AnonPages:      26127756 kB
AnonHugePages:   5863424 kB
time: 185s
AnonPages:      26127756 kB
AnonHugePages:   5863424 kB
time: 186s
AnonPages:      26127752 kB
AnonHugePages:   5863424 kB
time: 187s
AnonPages:      26127752 kB
AnonHugePages:   5863424 kB
time: 188s
AnonPages:      26127756 kB
AnonHugePages:   5863424 kB
time: 189s
AnonPages:      26127756 kB
AnonHugePages:   5863424 kB
time: 190s
AnonPages:      26127756 kB
AnonHugePages:   5863424 kB
time: 191s
AnonPages:      26127756 kB
AnonHugePages:   5863424 kB
time: 192s
AnonPages:      26127756 kB
AnonHugePages:   5863424 kB
time: 193s
AnonPages:      26127756 kB
AnonHugePages:   5863424 kB
time: 194s
AnonPages:      26127756 kB
AnonHugePages:   5863424 kB
time: 195s
AnonPages:      26127756 kB
AnonHugePages:   5863424 kB
time: 196s
AnonPages:      26127756 kB
AnonHugePages:   5863424 kB
time: 197s
AnonPages:      26127756 kB
AnonHugePages:   5863424 kB
time: 198s
AnonPages:      26127756 kB
AnonHugePages:   5863424 kB
time: 199s
AnonPages:      26127752 kB
AnonHugePages:   5863424 kB
time: 200s
AnonPages:      26127756 kB
AnonHugePages:   5863424 kB
time: 201s
AnonPages:      26127756 kB
AnonHugePages:   5863424 kB
time: 202s
AnonPages:      26127752 kB
AnonHugePages:   5863424 kB
time: 203s
AnonPages:      26127760 kB
AnonHugePages:   5863424 kB
time: 204s
AnonPages:      26127760 kB
AnonHugePages:   5863424 kB
time: 205s
AnonPages:      26127756 kB
AnonHugePages:   5863424 kB
time: 206s
AnonPages:      26127852 kB
AnonHugePages:   5863424 kB
time: 207s
AnonPages:      26127760 kB
AnonHugePages:   5863424 kB
time: 208s
AnonPages:      26127672 kB
AnonHugePages:   5863424 kB
time: 209s
AnonPages:      26127756 kB
AnonHugePages:   5863424 kB
time: 210s
AnonPages:      26127760 kB
AnonHugePages:   5863424 kB
time: 211s
AnonPages:      26127756 kB
AnonHugePages:   5863424 kB
time: 212s
AnonPages:      26127756 kB
AnonHugePages:   5863424 kB
time: 213s
AnonPages:      26127760 kB
AnonHugePages:   5863424 kB
time: 214s
AnonPages:      26127760 kB
AnonHugePages:   5863424 kB
time: 215s
AnonPages:      26127760 kB
AnonHugePages:   5863424 kB
time: 216s
AnonPages:      26127760 kB
AnonHugePages:   5863424 kB
time: 217s
AnonPages:      26127760 kB
AnonHugePages:   5863424 kB
time: 218s
AnonPages:      26127756 kB
AnonHugePages:   5863424 kB
time: 219s
AnonPages:      26127760 kB
AnonHugePages:   5863424 kB
time: 220s
AnonPages:      26127760 kB
AnonHugePages:   5863424 kB
time: 221s
AnonPages:      26127760 kB
AnonHugePages:   5863424 kB
time: 222s
AnonPages:      26127760 kB
AnonHugePages:   5863424 kB
time: 223s
AnonPages:      26127760 kB
AnonHugePages:   5863424 kB
time: 224s
AnonPages:      26127756 kB
AnonHugePages:   5863424 kB
time: 225s
AnonPages:      26127760 kB
AnonHugePages:   5863424 kB
time: 226s
AnonPages:      26127756 kB
AnonHugePages:   5863424 kB
time: 227s
AnonPages:      26127760 kB
AnonHugePages:   5863424 kB
time: 228s
AnonPages:      26127760 kB
AnonHugePages:   5863424 kB
time: 229s
AnonPages:      26127756 kB
AnonHugePages:   5863424 kB
time: 230s
AnonPages:      26127760 kB
AnonHugePages:   5863424 kB
time: 231s
AnonPages:      26127756 kB
AnonHugePages:   5863424 kB
time: 232s
AnonPages:      26127760 kB
AnonHugePages:   5863424 kB
time: 233s
AnonPages:      26127756 kB
AnonHugePages:   5863424 kB
time: 234s
AnonPages:      26127756 kB
AnonHugePages:   5863424 kB
time: 235s
AnonPages:      26127756 kB
AnonHugePages:   5863424 kB
time: 236s
AnonPages:      26127760 kB
AnonHugePages:   5863424 kB
time: 237s
AnonPages:      26127756 kB
AnonHugePages:   5863424 kB
time: 238s
AnonPages:      26127760 kB
AnonHugePages:   5863424 kB
time: 239s
AnonPages:      26127760 kB
AnonHugePages:   5863424 kB
time: 240s
AnonPages:      26127760 kB
AnonHugePages:   5863424 kB
time: 241s
AnonPages:      26127760 kB
AnonHugePages:   5863424 kB
time: 242s
AnonPages:      26127760 kB
AnonHugePages:   5863424 kB
time: 243s
AnonPages:      26127760 kB
AnonHugePages:   5863424 kB
time: 244s
AnonPages:      26127756 kB
AnonHugePages:   5863424 kB
time: 245s
AnonPages:      26127676 kB
AnonHugePages:   5863424 kB
time: 246s
AnonPages:      26127760 kB
AnonHugePages:   5863424 kB
time: 247s
AnonPages:      26127760 kB
AnonHugePages:   5863424 kB
time: 248s
AnonPages:      26127764 kB
AnonHugePages:   5863424 kB
time: 249s
AnonPages:      26127764 kB
AnonHugePages:   5863424 kB
time: 250s
AnonPages:      26127764 kB
AnonHugePages:   5863424 kB
time: 251s
AnonPages:      26127764 kB
AnonHugePages:   5863424 kB
time: 252s
AnonPages:      26127764 kB
AnonHugePages:   5863424 kB
time: 253s
AnonPages:      26127760 kB
AnonHugePages:   5863424 kB
time: 254s
AnonPages:      26127504 kB
AnonHugePages:   5863424 kB
time: 255s
AnonPages:      26127760 kB
AnonHugePages:   5863424 kB
time: 256s
AnonPages:      26127764 kB
AnonHugePages:   5863424 kB
time: 257s
AnonPages:      26127760 kB
AnonHugePages:   5863424 kB
time: 258s
AnonPages:      26127764 kB
AnonHugePages:   5863424 kB
time: 259s
AnonPages:      26127760 kB
AnonHugePages:   5863424 kB
time: 260s
AnonPages:      26127764 kB
AnonHugePages:   5863424 kB
time: 261s
AnonPages:      26127764 kB
AnonHugePages:   5863424 kB
time: 262s
AnonPages:      26127764 kB
AnonHugePages:   5863424 kB
time: 263s
AnonPages:      26127764 kB
AnonHugePages:   5863424 kB
time: 264s
AnonPages:      26127764 kB
AnonHugePages:   5863424 kB
time: 265s
AnonPages:      26127764 kB
AnonHugePages:   5863424 kB
time: 266s
AnonPages:      26127760 kB
AnonHugePages:   5863424 kB
time: 267s
AnonPages:      26127764 kB
AnonHugePages:   5863424 kB
time: 268s
AnonPages:      26127764 kB
AnonHugePages:   5863424 kB
time: 269s
AnonPages:      26127760 kB
AnonHugePages:   5863424 kB
time: 270s
AnonPages:      26127764 kB
AnonHugePages:   5863424 kB
time: 271s
AnonPages:      26127764 kB
AnonHugePages:   5863424 kB
time: 272s
AnonPages:      26127764 kB
AnonHugePages:   5863424 kB
time: 273s
AnonPages:      26127760 kB
AnonHugePages:   5863424 kB
time: 274s
AnonPages:      26127764 kB
AnonHugePages:   5863424 kB
time: 275s
AnonPages:      26127760 kB
AnonHugePages:   5863424 kB
time: 276s
AnonPages:      26127764 kB
AnonHugePages:   5863424 kB
time: 277s
AnonPages:      26127760 kB
AnonHugePages:   5863424 kB
time: 278s
AnonPages:      26127764 kB
AnonHugePages:   5863424 kB
time: 279s
AnonPages:      26127760 kB
AnonHugePages:   5863424 kB
time: 280s
AnonPages:      26127764 kB
AnonHugePages:   5863424 kB
time: 281s
AnonPages:      26127764 kB
AnonHugePages:   5863424 kB
time: 282s
AnonPages:      26127764 kB
AnonHugePages:   5863424 kB
time: 283s
AnonPages:      26127764 kB
AnonHugePages:   5863424 kB
time: 284s
AnonPages:      26127764 kB
AnonHugePages:   5863424 kB
time: 285s
AnonPages:      26127760 kB
AnonHugePages:   5863424 kB
time: 286s
AnonPages:      26127764 kB
AnonHugePages:   5863424 kB
time: 287s
AnonPages:      26127764 kB
AnonHugePages:   5863424 kB
time: 288s
AnonPages:      26127768 kB
AnonHugePages:   5863424 kB
time: 289s
AnonPages:      26127768 kB
AnonHugePages:   5863424 kB
time: 290s
AnonPages:      26127768 kB
AnonHugePages:   5863424 kB
time: 291s
AnonPages:      26127764 kB
AnonHugePages:   5863424 kB
time: 292s
AnonPages:      26127764 kB
AnonHugePages:   5863424 kB
time: 293s
AnonPages:      26127612 kB
AnonHugePages:   5863424 kB
time: 294s
AnonPages:      26127768 kB
AnonHugePages:   5863424 kB
time: 295s
AnonPages:      26127768 kB
AnonHugePages:   5863424 kB
time: 296s
AnonPages:      26127768 kB
AnonHugePages:   5863424 kB
time: 297s
AnonPages:      26127764 kB
AnonHugePages:   5863424 kB
time: 298s
AnonPages:      26127768 kB
AnonHugePages:   5863424 kB
time: 299s
AnonPages:      26127768 kB
AnonHugePages:   5863424 kB
time: 300s
AnonPages:      26127768 kB
AnonHugePages:   5863424 kB
time: 301s
AnonPages:      26127764 kB
AnonHugePages:   5863424 kB
time: 302s
AnonPages:      26127768 kB
AnonHugePages:   5863424 kB
time: 303s
AnonPages:      26127768 kB
AnonHugePages:   5863424 kB
time: 304s
AnonPages:      26127768 kB
AnonHugePages:   5863424 kB
time: 305s
AnonPages:      26127764 kB
AnonHugePages:   5863424 kB
time: 306s
AnonPages:      26127764 kB
AnonHugePages:   5863424 kB
time: 307s
AnonPages:      26127768 kB
AnonHugePages:   5863424 kB
time: 308s
AnonPages:      26127768 kB
AnonHugePages:   5863424 kB
time: 309s
AnonPages:      26127768 kB
AnonHugePages:   5863424 kB
time: 310s
AnonPages:      26127764 kB
AnonHugePages:   5863424 kB
time: 311s
AnonPages:      26127764 kB
AnonHugePages:   5863424 kB
time: 312s
AnonPages:      26127768 kB
AnonHugePages:   5863424 kB
time: 313s
AnonPages:      26127768 kB
AnonHugePages:   5863424 kB
time: 314s
AnonPages:      26127768 kB
AnonHugePages:   5863424 kB
time: 315s
AnonPages:      26127768 kB
AnonHugePages:   5863424 kB
time: 316s
AnonPages:      26127764 kB
AnonHugePages:   5863424 kB
time: 317s
AnonPages:      26127764 kB
AnonHugePages:   5863424 kB
time: 318s
AnonPages:      26127768 kB
AnonHugePages:   5863424 kB
time: 319s
AnonPages:      26127764 kB
AnonHugePages:   5863424 kB
time: 320s
AnonPages:      26127768 kB
AnonHugePages:   5863424 kB
time: 321s
AnonPages:      26127768 kB
AnonHugePages:   5863424 kB
time: 322s
AnonPages:      26127768 kB
AnonHugePages:   5863424 kB
time: 323s
AnonPages:      26127768 kB
AnonHugePages:   5863424 kB
time: 324s
AnonPages:      26127764 kB
AnonHugePages:   5863424 kB
time: 325s
AnonPages:      26127768 kB
AnonHugePages:   5863424 kB
time: 326s
AnonPages:      26127768 kB
AnonHugePages:   5863424 kB
time: 327s
AnonPages:      26127768 kB
AnonHugePages:   5863424 kB
time: 328s
AnonPages:      26127768 kB
AnonHugePages:   5863424 kB
time: 329s
AnonPages:      26127768 kB
AnonHugePages:   5863424 kB
time: 330s
AnonPages:      26127768 kB
AnonHugePages:   5863424 kB
time: 331s
AnonPages:      26127772 kB
AnonHugePages:   5863424 kB
time: 332s
AnonPages:      26127768 kB
AnonHugePages:   5863424 kB
time: 333s
AnonPages:      26127876 kB
AnonHugePages:   5863424 kB
time: 334s
AnonPages:      26127772 kB
AnonHugePages:   5863424 kB
time: 335s
AnonPages:      26127772 kB
AnonHugePages:   5863424 kB
time: 336s
AnonPages:      26127768 kB
AnonHugePages:   5863424 kB
time: 337s
AnonPages:      26127772 kB
AnonHugePages:   5863424 kB
time: 338s
AnonPages:      26127772 kB
AnonHugePages:   5863424 kB
time: 339s
AnonPages:      26127772 kB
AnonHugePages:   5863424 kB
time: 340s
AnonPages:      26127772 kB
AnonHugePages:   5863424 kB
time: 341s
AnonPages:      26127772 kB
AnonHugePages:   5863424 kB
time: 342s
AnonPages:      26127768 kB
AnonHugePages:   5863424 kB
time: 343s
AnonPages:      26127772 kB
AnonHugePages:   5863424 kB
time: 344s
AnonPages:      26127772 kB
AnonHugePages:   5863424 kB
time: 345s
AnonPages:      26127768 kB
AnonHugePages:   5863424 kB
time: 346s
AnonPages:      26127772 kB
AnonHugePages:   5863424 kB
time: 347s
AnonPages:      26127772 kB
AnonHugePages:   5863424 kB
time: 348s
AnonPages:      26127772 kB
AnonHugePages:   5863424 kB
time: 349s
AnonPages:      26127772 kB
AnonHugePages:   5863424 kB
time: 350s
AnonPages:      26127768 kB
AnonHugePages:   5863424 kB
time: 351s
AnonPages:      26127768 kB
AnonHugePages:   5863424 kB
time: 352s
AnonPages:      26127772 kB
AnonHugePages:   5863424 kB
time: 353s
AnonPages:      26127768 kB
AnonHugePages:   5863424 kB
time: 354s
AnonPages:      26127772 kB
AnonHugePages:   5863424 kB
time: 355s
AnonPages:      26127772 kB
AnonHugePages:   5863424 kB
time: 356s
AnonPages:      26127768 kB
AnonHugePages:   5863424 kB
time: 357s
AnonPages:      26127772 kB
AnonHugePages:   5863424 kB
time: 358s
AnonPages:      26127772 kB
AnonHugePages:   5863424 kB
time: 359s
AnonPages:      26127772 kB
AnonHugePages:   5863424 kB
time: 360s
AnonPages:      26127772 kB
AnonHugePages:   5863424 kB
time: 361s
AnonPages:      26127772 kB
AnonHugePages:   5863424 kB
time: 362s
AnonPages:      26127772 kB
AnonHugePages:   5863424 kB
time: 363s
AnonPages:      26127684 kB
AnonHugePages:   5863424 kB
time: 364s
AnonPages:      26127768 kB
AnonHugePages:   5863424 kB
time: 365s
AnonPages:      26127772 kB
AnonHugePages:   5863424 kB
time: 366s
AnonPages:      26127772 kB
AnonHugePages:   5863424 kB
time: 367s
AnonPages:      26127772 kB
AnonHugePages:   5863424 kB
time: 368s
AnonPages:      26127768 kB
AnonHugePages:   5863424 kB
time: 369s
AnonPages:      26127768 kB
AnonHugePages:   5863424 kB
time: 370s
AnonPages:      26127772 kB
AnonHugePages:   5863424 kB
time: 371s
AnonPages:      26127772 kB
AnonHugePages:   5863424 kB
time: 372s
AnonPages:      26127772 kB
AnonHugePages:   5863424 kB
time: 373s
AnonPages:      26127772 kB
AnonHugePages:   5863424 kB
time: 374s
AnonPages:      26127776 kB
AnonHugePages:   5863424 kB
time: 375s
AnonPages:      26127772 kB
AnonHugePages:   5863424 kB
time: 376s
AnonPages:      26127772 kB
AnonHugePages:   5863424 kB
time: 377s
AnonPages:      26127772 kB
AnonHugePages:   5863424 kB
time: 378s
AnonPages:      26127772 kB
AnonHugePages:   5863424 kB
time: 379s
AnonPages:      26127776 kB
AnonHugePages:   5863424 kB
time: 380s
AnonPages:      26127772 kB
AnonHugePages:   5863424 kB
time: 381s
AnonPages:      26127776 kB
AnonHugePages:   5863424 kB
time: 382s
AnonPages:      26127776 kB
AnonHugePages:   5863424 kB
time: 383s
AnonPages:      26127776 kB
AnonHugePages:   5863424 kB
time: 384s
AnonPages:      26127772 kB
AnonHugePages:   5863424 kB
time: 385s
AnonPages:      26127776 kB
AnonHugePages:   5863424 kB
time: 386s
AnonPages:      26127772 kB
AnonHugePages:   5863424 kB
time: 387s
AnonPages:      26127776 kB
AnonHugePages:   5863424 kB
time: 388s
AnonPages:      26127776 kB
AnonHugePages:   5863424 kB
time: 389s
AnonPages:      26127776 kB
AnonHugePages:   5863424 kB
time: 390s
AnonPages:      26127776 kB
AnonHugePages:   5863424 kB
time: 391s
AnonPages:      26127776 kB
AnonHugePages:   5863424 kB
time: 392s
AnonPages:      26127772 kB
AnonHugePages:   5863424 kB
time: 393s
AnonPages:      26127776 kB
AnonHugePages:   5863424 kB
time: 394s
AnonPages:      26127772 kB
AnonHugePages:   5863424 kB
time: 395s
AnonPages:      26127772 kB
AnonHugePages:   5863424 kB
time: 396s
AnonPages:      26127776 kB
AnonHugePages:   5863424 kB
time: 397s
AnonPages:      26127772 kB
AnonHugePages:   5863424 kB
time: 398s
AnonPages:      26127776 kB
AnonHugePages:   5863424 kB
time: 399s
AnonPages:      26127776 kB
AnonHugePages:   5863424 kB
time: 400s
AnonPages:      26127772 kB
AnonHugePages:   5863424 kB
time: 401s
AnonPages:      26127776 kB
AnonHugePages:   5863424 kB
time: 402s
AnonPages:      26127772 kB
AnonHugePages:   5863424 kB
time: 403s
AnonPages:      26127776 kB
AnonHugePages:   5863424 kB
time: 404s
AnonPages:      26127776 kB
AnonHugePages:   5863424 kB
time: 405s
AnonPages:      26127776 kB
AnonHugePages:   5863424 kB
time: 406s
AnonPages:      26127772 kB
AnonHugePages:   5863424 kB
time: 407s
AnonPages:      26127776 kB
AnonHugePages:   5863424 kB
time: 408s
AnonPages:      26127772 kB
AnonHugePages:   5863424 kB
time: 409s
AnonPages:      26127776 kB
AnonHugePages:   5863424 kB
time: 410s
AnonPages:      26127776 kB
AnonHugePages:   5863424 kB
time: 411s
AnonPages:      26127776 kB
AnonHugePages:   5863424 kB
time: 412s
AnonPages:      26127776 kB
AnonHugePages:   5863424 kB
time: 413s
AnonPages:      26127776 kB
AnonHugePages:   5863424 kB
time: 414s
AnonPages:      26127772 kB
AnonHugePages:   5863424 kB
time: 415s
AnonPages:      26127776 kB
AnonHugePages:   5863424 kB
time: 416s
AnonPages:      26127776 kB
AnonHugePages:   5863424 kB
time: 417s
AnonPages:      26127780 kB
AnonHugePages:   5863424 kB
time: 418s
AnonPages:      26127780 kB
AnonHugePages:   5863424 kB
time: 419s
AnonPages:      26127780 kB
AnonHugePages:   5863424 kB
time: 420s
AnonPages:      26127780 kB
AnonHugePages:   5863424 kB
time: 421s
AnonPages:      26127780 kB
AnonHugePages:   5863424 kB
time: 422s
AnonPages:      26127780 kB
AnonHugePages:   5863424 kB
time: 423s
AnonPages:      26127776 kB
AnonHugePages:   5863424 kB
time: 424s
AnonPages:      26127780 kB
AnonHugePages:   5863424 kB
time: 425s
AnonPages:      26127780 kB
AnonHugePages:   5863424 kB
time: 426s
AnonPages:      26127780 kB
AnonHugePages:   5863424 kB
time: 427s
AnonPages:      26127840 kB
AnonHugePages:   5863424 kB
time: 428s
AnonPages:      26127780 kB
AnonHugePages:   5863424 kB
time: 429s
AnonPages:      26127780 kB
AnonHugePages:   5863424 kB
time: 430s
AnonPages:      26127780 kB
AnonHugePages:   5863424 kB
time: 431s
AnonPages:      26127780 kB
AnonHugePages:   5863424 kB
time: 432s
AnonPages:      26127780 kB
AnonHugePages:   5863424 kB
time: 433s
AnonPages:      26127776 kB
AnonHugePages:   5863424 kB
time: 434s
AnonPages:      26127776 kB
AnonHugePages:   5863424 kB
time: 435s
AnonPages:      26127616 kB
AnonHugePages:   5863424 kB
time: 436s
AnonPages:      26127780 kB
AnonHugePages:   5863424 kB
time: 437s
AnonPages:      26127864 kB
AnonHugePages:   5863424 kB
time: 438s
AnonPages:      26127780 kB
AnonHugePages:   5863424 kB
time: 439s
AnonPages:      26127780 kB
AnonHugePages:   5863424 kB
time: 440s
AnonPages:      26127864 kB
AnonHugePages:   5863424 kB
time: 441s
AnonPages:      26127780 kB
AnonHugePages:   5863424 kB
time: 442s
AnonPages:      26127836 kB
AnonHugePages:   5863424 kB
time: 443s
AnonPages:      26127776 kB
AnonHugePages:   5863424 kB
time: 444s
AnonPages:      26127780 kB
AnonHugePages:   5863424 kB
time: 445s
AnonPages:      26127780 kB
AnonHugePages:   5863424 kB
time: 446s
AnonPages:      26127780 kB
AnonHugePages:   5863424 kB
time: 447s
AnonPages:      26127780 kB
AnonHugePages:   5863424 kB
time: 448s
AnonPages:      26127776 kB
AnonHugePages:   5863424 kB
time: 449s
AnonPages:      26127780 kB
AnonHugePages:   5863424 kB
time: 450s
AnonPages:      26127776 kB
AnonHugePages:   5863424 kB
time: 451s
AnonPages:      26127780 kB
AnonHugePages:   5863424 kB
time: 452s
AnonPages:      26127780 kB
AnonHugePages:   5863424 kB
time: 453s
AnonPages:      26127780 kB
AnonHugePages:   5863424 kB
time: 454s
AnonPages:      26127780 kB
AnonHugePages:   5863424 kB
time: 455s
AnonPages:      26127780 kB
AnonHugePages:   5863424 kB
time: 456s
AnonPages:      26127780 kB
AnonHugePages:   5863424 kB
time: 457s
AnonPages:      26127776 kB
AnonHugePages:   5863424 kB
time: 458s
AnonPages:      26127780 kB
AnonHugePages:   5863424 kB
time: 459s
AnonPages:      26127780 kB
AnonHugePages:   5863424 kB
time: 460s
AnonPages:      26127784 kB
AnonHugePages:   5863424 kB
time: 461s
AnonPages:      26127780 kB
AnonHugePages:   5863424 kB
time: 462s
AnonPages:      26127784 kB
AnonHugePages:   5863424 kB
time: 463s
AnonPages:      26127784 kB
AnonHugePages:   5863424 kB
time: 464s
AnonPages:      26127784 kB
AnonHugePages:   5863424 kB
time: 465s
AnonPages:      26127784 kB
AnonHugePages:   5863424 kB
time: 466s
AnonPages:      26127780 kB
AnonHugePages:   5863424 kB
time: 467s
AnonPages:      26127784 kB
AnonHugePages:   5863424 kB
time: 468s
AnonPages:      26127784 kB
AnonHugePages:   5863424 kB
time: 469s
AnonPages:      26127780 kB
AnonHugePages:   5863424 kB
time: 470s
AnonPages:      26127784 kB
AnonHugePages:   5863424 kB
time: 471s
AnonPages:      26127784 kB
AnonHugePages:   5863424 kB
time: 472s
AnonPages:      26127784 kB
AnonHugePages:   5863424 kB
time: 473s
AnonPages:      26127784 kB
AnonHugePages:   5863424 kB
time: 474s
AnonPages:      26127784 kB
AnonHugePages:   5863424 kB
time: 475s
AnonPages:      26127784 kB
AnonHugePages:   5863424 kB
time: 476s
AnonPages:      26127784 kB
AnonHugePages:   5863424 kB
time: 477s
AnonPages:      26127784 kB
AnonHugePages:   5863424 kB
time: 478s
AnonPages:      26127784 kB
AnonHugePages:   5863424 kB
time: 479s
AnonPages:      26127784 kB
AnonHugePages:   5863424 kB
time: 480s
AnonPages:      26127784 kB
AnonHugePages:   5863424 kB
time: 481s
AnonPages:      26127784 kB
AnonHugePages:   5863424 kB
time: 482s
AnonPages:      26127784 kB
AnonHugePages:   5863424 kB
time: 483s
AnonPages:      26127784 kB
AnonHugePages:   5863424 kB
time: 484s
AnonPages:      26127784 kB
AnonHugePages:   5863424 kB
time: 485s
AnonPages:      26127784 kB
AnonHugePages:   5863424 kB
time: 486s
AnonPages:      26127784 kB
AnonHugePages:   5863424 kB
time: 487s
AnonPages:      26127784 kB
AnonHugePages:   5863424 kB
time: 488s
AnonPages:      26127784 kB
AnonHugePages:   5863424 kB
time: 489s
AnonPages:      26127784 kB
AnonHugePages:   5863424 kB
time: 490s
AnonPages:      26127780 kB
AnonHugePages:   5863424 kB
time: 491s
AnonPages:      26127780 kB
AnonHugePages:   5863424 kB
time: 492s
AnonPages:      26127780 kB
AnonHugePages:   5863424 kB
time: 493s
AnonPages:      26127976 kB
AnonHugePages:   5863424 kB
time: 494s
AnonPages:      26127696 kB
AnonHugePages:   5863424 kB
time: 495s
AnonPages:      26127696 kB
AnonHugePages:   5863424 kB
time: 496s
AnonPages:      26127896 kB
AnonHugePages:   5863424 kB
time: 497s
AnonPages:      26127784 kB
AnonHugePages:   5863424 kB
time: 498s
AnonPages:      26127780 kB
AnonHugePages:   5863424 kB
time: 499s
AnonPages:      26127784 kB
AnonHugePages:   5863424 kB
time: 500s
AnonPages:      26127780 kB
AnonHugePages:   5863424 kB
time: 501s
AnonPages:      26127784 kB
AnonHugePages:   5863424 kB
time: 502s
AnonPages:      26127788 kB
AnonHugePages:   5863424 kB
time: 503s
AnonPages:      26127788 kB
AnonHugePages:   5863424 kB
time: 504s
AnonPages:      26127788 kB
AnonHugePages:   5863424 kB
time: 505s
AnonPages:      26127788 kB
AnonHugePages:   5863424 kB
time: 506s
AnonPages:      26127784 kB
AnonHugePages:   5863424 kB
time: 507s
AnonPages:      26127784 kB
AnonHugePages:   5863424 kB
time: 508s
AnonPages:      26127788 kB
AnonHugePages:   5863424 kB
time: 509s
AnonPages:      26127788 kB
AnonHugePages:   5863424 kB
time: 510s
AnonPages:      26127784 kB
AnonHugePages:   5863424 kB
time: 511s
AnonPages:      26127788 kB
AnonHugePages:   5863424 kB
time: 512s
AnonPages:      26127784 kB
AnonHugePages:   5863424 kB
time: 513s
AnonPages:      26127792 kB
AnonHugePages:   5863424 kB
time: 514s
AnonPages:      26127788 kB
AnonHugePages:   5863424 kB
time: 515s
AnonPages:      26127792 kB
AnonHugePages:   5863424 kB
time: 516s
AnonPages:      26127792 kB
AnonHugePages:   5863424 kB
time: 517s
AnonPages:      26127792 kB
AnonHugePages:   5863424 kB
time: 518s
AnonPages:      26127788 kB
AnonHugePages:   5863424 kB
time: 519s
AnonPages:      26127792 kB
AnonHugePages:   5863424 kB
time: 520s
AnonPages:      26127788 kB
AnonHugePages:   5863424 kB
time: 521s
AnonPages:      26127792 kB
AnonHugePages:   5863424 kB
time: 522s
AnonPages:      26127788 kB
AnonHugePages:   5863424 kB
time: 523s
AnonPages:      26127792 kB
AnonHugePages:   5863424 kB
time: 524s
AnonPages:      26127788 kB
AnonHugePages:   5863424 kB
time: 525s
AnonPages:      26127788 kB
AnonHugePages:   5863424 kB
time: 526s
AnonPages:      26127792 kB
AnonHugePages:   5863424 kB
time: 527s
AnonPages:      26127792 kB
AnonHugePages:   5863424 kB
time: 528s
AnonPages:      26127792 kB
AnonHugePages:   5863424 kB
time: 529s
AnonPages:      26127792 kB
AnonHugePages:   5863424 kB
time: 530s
AnonPages:      26127788 kB
AnonHugePages:   5863424 kB
time: 531s
AnonPages:      26127792 kB
AnonHugePages:   5863424 kB
time: 532s
AnonPages:      26127792 kB
AnonHugePages:   5863424 kB
time: 533s
AnonPages:      26127792 kB
AnonHugePages:   5863424 kB
time: 534s
AnonPages:      26127788 kB
AnonHugePages:   5863424 kB
time: 535s
AnonPages:      26127792 kB
AnonHugePages:   5863424 kB
time: 536s
AnonPages:      26127792 kB
AnonHugePages:   5863424 kB
time: 537s
AnonPages:      26127792 kB
AnonHugePages:   5863424 kB
time: 538s
AnonPages:      26127792 kB
AnonHugePages:   5863424 kB
time: 539s
AnonPages:      26127792 kB
AnonHugePages:   5863424 kB
time: 540s
AnonPages:      26127788 kB
AnonHugePages:   5863424 kB
time: 541s
AnonPages:      26127792 kB
AnonHugePages:   5863424 kB
time: 542s
AnonPages:      26127788 kB
AnonHugePages:   5863424 kB
time: 543s
AnonPages:      26127792 kB
AnonHugePages:   5863424 kB
time: 544s
AnonPages:      26127796 kB
AnonHugePages:   5863424 kB
time: 545s
AnonPages:      26127792 kB
AnonHugePages:   5863424 kB
time: 546s
AnonPages:      26127796 kB
AnonHugePages:   5863424 kB
time: 547s
AnonPages:      26127792 kB
AnonHugePages:   5863424 kB
time: 548s
AnonPages:      26127792 kB
AnonHugePages:   5863424 kB
time: 549s
AnonPages:      26127796 kB
AnonHugePages:   5863424 kB
time: 550s
AnonPages:      26127796 kB
AnonHugePages:   5863424 kB
time: 551s
AnonPages:      26127796 kB
AnonHugePages:   5863424 kB
time: 552s
AnonPages:      26127792 kB
AnonHugePages:   5863424 kB
time: 553s
AnonPages:      26127796 kB
AnonHugePages:   5863424 kB
time: 554s
AnonPages:      26127792 kB
AnonHugePages:   5863424 kB
time: 555s
AnonPages:      26127792 kB
AnonHugePages:   5863424 kB
time: 556s
AnonPages:      26127796 kB
AnonHugePages:   5863424 kB
time: 557s
AnonPages:      26127796 kB
AnonHugePages:   5863424 kB
time: 558s
AnonPages:      26127796 kB
AnonHugePages:   5863424 kB
time: 559s
AnonPages:      26127796 kB
AnonHugePages:   5863424 kB
time: 560s
AnonPages:      26127792 kB
AnonHugePages:   5863424 kB
time: 561s
AnonPages:      26127792 kB
AnonHugePages:   5863424 kB
time: 562s
AnonPages:      26127796 kB
AnonHugePages:   5863424 kB
time: 563s
AnonPages:      26127784 kB
AnonHugePages:   5863424 kB
time: 564s
AnonPages:      26127796 kB
AnonHugePages:   5863424 kB
time: 565s
AnonPages:      26127796 kB
AnonHugePages:   5863424 kB
time: 566s
AnonPages:      26127796 kB
AnonHugePages:   5863424 kB
time: 567s
AnonPages:      26127796 kB
AnonHugePages:   5863424 kB
time: 568s
AnonPages:      26127960 kB
AnonHugePages:   5863424 kB
time: 569s
AnonPages:      26127796 kB
AnonHugePages:   5863424 kB
time: 570s
AnonPages:      26127796 kB
AnonHugePages:   5863424 kB
time: 571s
AnonPages:      26127796 kB
AnonHugePages:   5863424 kB
time: 572s
AnonPages:      26127796 kB
AnonHugePages:   5863424 kB
time: 573s
AnonPages:      26127796 kB
AnonHugePages:   5863424 kB
time: 574s
AnonPages:      26127796 kB
AnonHugePages:   5863424 kB
time: 575s
AnonPages:      26127796 kB
AnonHugePages:   5863424 kB
time: 576s
AnonPages:      26127796 kB
AnonHugePages:   5863424 kB
time: 577s
AnonPages:      26127796 kB
AnonHugePages:   5863424 kB
time: 578s
AnonPages:      26127792 kB
AnonHugePages:   5863424 kB
time: 579s
AnonPages:      26127708 kB
AnonHugePages:   5863424 kB
time: 580s
AnonPages:      26127796 kB
AnonHugePages:   5863424 kB
time: 581s
AnonPages:      26127796 kB
AnonHugePages:   5863424 kB
time: 582s
AnonPages:      26127796 kB
AnonHugePages:   5863424 kB
time: 583s
AnonPages:      26127792 kB
AnonHugePages:   5863424 kB
time: 584s
AnonPages:      26127796 kB
AnonHugePages:   5863424 kB
time: 585s
AnonPages:      26127792 kB
AnonHugePages:   5863424 kB
time: 586s
AnonPages:      26127792 kB
AnonHugePages:   5863424 kB
time: 587s
AnonPages:      26127796 kB
AnonHugePages:   5863424 kB
time: 588s
AnonPages:      26127796 kB
AnonHugePages:   5863424 kB
time: 589s
AnonPages:      26127796 kB
AnonHugePages:   5863424 kB
time: 590s
AnonPages:      26127800 kB
AnonHugePages:   5863424 kB
time: 591s
AnonPages:      26127800 kB
AnonHugePages:   5863424 kB
time: 592s
AnonPages:      26127800 kB
AnonHugePages:   5863424 kB
time: 593s
AnonPages:      26127800 kB
AnonHugePages:   5863424 kB
time: 594s
AnonPages:      26127800 kB
AnonHugePages:   5863424 kB
time: 595s
AnonPages:      26127800 kB
AnonHugePages:   5863424 kB
time: 596s
AnonPages:      26127800 kB
AnonHugePages:   5863424 kB
time: 597s
AnonPages:      26127800 kB
AnonHugePages:   5863424 kB
time: 598s
AnonPages:      26127796 kB
AnonHugePages:   5863424 kB
time: 599s
AnonPages:      26127800 kB
AnonHugePages:   5863424 kB
time: 600s
AnonPages:      26127800 kB
AnonHugePages:   5863424 kB
time: 601s
AnonPages:      26127800 kB
AnonHugePages:   5863424 kB
time: 602s
AnonPages:      26127800 kB
AnonHugePages:   5863424 kB
time: 603s
AnonPages:      26127800 kB
AnonHugePages:   5863424 kB
time: 604s
AnonPages:      26127800 kB
AnonHugePages:   5863424 kB
time: 605s
AnonPages:      26127800 kB
AnonHugePages:   5863424 kB
time: 606s
AnonPages:      26127800 kB
AnonHugePages:   5863424 kB
time: 607s
AnonPages:      26127800 kB
AnonHugePages:   5863424 kB
time: 608s
AnonPages:      26127800 kB
AnonHugePages:   5863424 kB
time: 609s
AnonPages:      26127796 kB
AnonHugePages:   5863424 kB
time: 610s
AnonPages:      26127796 kB
AnonHugePages:   5863424 kB
time: 611s
AnonPages:      26127796 kB
AnonHugePages:   5863424 kB
time: 612s
AnonPages:      26127800 kB
AnonHugePages:   5863424 kB
time: 613s
AnonPages:      26127800 kB
AnonHugePages:   5863424 kB
time: 614s
AnonPages:      26127800 kB
AnonHugePages:   5863424 kB
time: 615s
AnonPages:      26127800 kB
AnonHugePages:   5863424 kB
time: 616s
AnonPages:      26127800 kB
AnonHugePages:   5863424 kB
time: 617s
AnonPages:      26127812 kB
AnonHugePages:   5863424 kB
time: 618s
AnonPages:      26127800 kB
AnonHugePages:   5863424 kB
time: 619s
AnonPages:      26127800 kB
AnonHugePages:   5863424 kB
time: 620s
AnonPages:      26127796 kB
AnonHugePages:   5863424 kB
time: 621s
AnonPages:      26127796 kB
AnonHugePages:   5863424 kB
time: 622s
AnonPages:      26127800 kB
AnonHugePages:   5863424 kB
time: 623s
AnonPages:      26127796 kB
AnonHugePages:   5863424 kB
time: 624s
AnonPages:      26127796 kB
AnonHugePages:   5863424 kB
time: 625s
AnonPages:      26127800 kB
AnonHugePages:   5863424 kB
time: 626s
AnonPages:      26127800 kB
AnonHugePages:   5863424 kB
time: 627s
AnonPages:      26127800 kB
AnonHugePages:   5863424 kB
time: 628s
AnonPages:      26127712 kB
AnonHugePages:   5863424 kB
time: 629s
AnonPages:      26127800 kB
AnonHugePages:   5863424 kB
time: 630s
AnonPages:      26127804 kB
AnonHugePages:   5863424 kB
time: 631s
AnonPages:      26127800 kB
AnonHugePages:   5863424 kB
time: 632s
AnonPages:      26127800 kB
AnonHugePages:   5863424 kB
time: 633s
AnonPages:      26127804 kB
AnonHugePages:   5863424 kB
time: 634s
AnonPages:      26127800 kB
AnonHugePages:   5863424 kB
time: 635s
AnonPages:      26127804 kB
AnonHugePages:   5863424 kB
time: 636s
AnonPages:      26127804 kB
AnonHugePages:   5863424 kB
time: 637s
AnonPages:      26127800 kB
AnonHugePages:   5863424 kB
time: 638s
AnonPages:      26127804 kB
AnonHugePages:   5863424 kB
time: 639s
AnonPages:      26127800 kB
AnonHugePages:   5863424 kB
time: 640s
AnonPages:      26127800 kB
AnonHugePages:   5863424 kB
time: 641s
AnonPages:      26127804 kB
AnonHugePages:   5863424 kB
time: 642s
AnonPages:      26127804 kB
AnonHugePages:   5863424 kB
time: 643s
AnonPages:      26127804 kB
AnonHugePages:   5863424 kB
time: 644s
AnonPages:      26127800 kB
AnonHugePages:   5863424 kB
time: 645s
AnonPages:      26127804 kB
AnonHugePages:   5863424 kB
time: 646s
AnonPages:      26127804 kB
AnonHugePages:   5863424 kB
time: 647s
AnonPages:      26127804 kB
AnonHugePages:   5863424 kB
time: 648s
AnonPages:      26127804 kB
AnonHugePages:   5863424 kB
time: 649s
AnonPages:      26127804 kB
AnonHugePages:   5863424 kB
time: 650s
AnonPages:      26127804 kB
AnonHugePages:   5863424 kB
time: 651s
AnonPages:      26127804 kB
AnonHugePages:   5863424 kB
time: 652s
AnonPages:      26127804 kB
AnonHugePages:   5863424 kB
time: 653s
AnonPages:      26127804 kB
AnonHugePages:   5863424 kB
time: 654s
AnonPages:      26127804 kB
AnonHugePages:   5863424 kB
time: 655s
AnonPages:      26127804 kB
AnonHugePages:   5863424 kB
time: 656s
AnonPages:      26127800 kB
AnonHugePages:   5863424 kB
time: 657s
AnonPages:      26127804 kB
AnonHugePages:   5863424 kB
time: 658s
AnonPages:      26127804 kB
AnonHugePages:   5863424 kB
time: 659s
AnonPages:      26127804 kB
AnonHugePages:   5863424 kB
time: 660s
AnonPages:      26127800 kB
AnonHugePages:   5863424 kB
time: 661s
AnonPages:      26127804 kB
AnonHugePages:   5863424 kB
time: 662s
AnonPages:      26127804 kB
AnonHugePages:   5863424 kB
time: 663s
AnonPages:      26127804 kB
AnonHugePages:   5863424 kB
time: 664s
AnonPages:      26127800 kB
AnonHugePages:   5863424 kB
time: 665s
AnonPages:      26127804 kB
AnonHugePages:   5863424 kB
time: 666s
AnonPages:      26127804 kB
AnonHugePages:   5863424 kB
time: 667s
AnonPages:      26127804 kB
AnonHugePages:   5863424 kB
time: 668s
AnonPages:      26127804 kB
AnonHugePages:   5863424 kB
time: 669s
AnonPages:      26127804 kB
AnonHugePages:   5863424 kB
time: 670s
AnonPages:      26127804 kB
AnonHugePages:   5863424 kB
time: 671s
AnonPages:      26127804 kB
AnonHugePages:   5863424 kB
time: 672s
AnonPages:      26127808 kB
AnonHugePages:   5863424 kB
time: 673s
AnonPages:      26127808 kB
AnonHugePages:   5863424 kB
time: 674s
AnonPages:      26127808 kB
AnonHugePages:   5863424 kB
time: 675s
AnonPages:      26127804 kB
AnonHugePages:   5863424 kB
time: 676s
AnonPages:      26127808 kB
AnonHugePages:   5863424 kB
time: 677s
AnonPages:      26127808 kB
AnonHugePages:   5863424 kB
time: 678s
AnonPages:      26127808 kB
AnonHugePages:   5863424 kB
time: 679s
AnonPages:      26127808 kB
AnonHugePages:   5863424 kB
time: 680s
AnonPages:      26127804 kB
AnonHugePages:   5863424 kB
time: 681s
AnonPages:      26127804 kB
AnonHugePages:   5863424 kB
time: 682s
AnonPages:      26127804 kB
AnonHugePages:   5863424 kB
time: 683s
AnonPages:      26127808 kB
AnonHugePages:   5863424 kB
time: 684s
AnonPages:      26127808 kB
AnonHugePages:   5863424 kB
time: 685s
AnonPages:      26127808 kB
AnonHugePages:   5863424 kB
time: 686s
AnonPages:      26127804 kB
AnonHugePages:   5863424 kB
time: 687s
AnonPages:      26127804 kB
AnonHugePages:   5863424 kB
time: 688s
AnonPages:      26127804 kB
AnonHugePages:   5863424 kB
time: 689s
AnonPages:      26127808 kB
AnonHugePages:   5863424 kB
time: 690s
AnonPages:      26127804 kB
AnonHugePages:   5863424 kB
time: 691s
AnonPages:      26127804 kB
AnonHugePages:   5863424 kB
time: 692s
AnonPages:      26127804 kB
AnonHugePages:   5863424 kB
time: 693s
AnonPages:      26127808 kB
AnonHugePages:   5863424 kB
time: 694s
AnonPages:      26127804 kB
AnonHugePages:   5863424 kB
time: 695s
AnonPages:      26127808 kB
AnonHugePages:   5863424 kB
time: 696s
AnonPages:      26127808 kB
AnonHugePages:   5863424 kB
time: 697s
AnonPages:      26127808 kB
AnonHugePages:   5863424 kB
time: 698s
AnonPages:      26127808 kB
AnonHugePages:   5863424 kB
time: 699s
AnonPages:      26127804 kB
AnonHugePages:   5863424 kB
time: 700s
AnonPages:      26127804 kB
AnonHugePages:   5863424 kB
time: 701s
AnonPages:      26127808 kB
AnonHugePages:   5863424 kB
time: 702s
AnonPages:      26127804 kB
AnonHugePages:   5863424 kB
time: 703s
AnonPages:      26127808 kB
AnonHugePages:   5863424 kB
time: 704s
AnonPages:      26127808 kB
AnonHugePages:   5863424 kB
time: 705s
AnonPages:      26127804 kB
AnonHugePages:   5863424 kB
time: 706s
AnonPages:      26127808 kB
AnonHugePages:   5863424 kB
time: 707s
AnonPages:      26127804 kB
AnonHugePages:   5863424 kB
time: 708s
AnonPages:      26127808 kB
AnonHugePages:   5863424 kB
time: 709s
AnonPages:      26127804 kB
AnonHugePages:   5863424 kB
time: 710s
AnonPages:      26127804 kB
AnonHugePages:   5863424 kB
time: 711s
AnonPages:      26127804 kB
AnonHugePages:   5863424 kB
time: 712s
AnonPages:      26127804 kB
AnonHugePages:   5863424 kB
time: 713s
AnonPages:      26127804 kB
AnonHugePages:   5863424 kB
time: 714s
AnonPages:      26127808 kB
AnonHugePages:   5863424 kB
time: 715s
AnonPages:      26127812 kB
AnonHugePages:   5863424 kB
time: 716s
AnonPages:      26127724 kB
AnonHugePages:   5863424 kB
time: 717s
AnonPages:      26127812 kB
AnonHugePages:   5863424 kB
time: 718s
AnonPages:      26127808 kB
AnonHugePages:   5863424 kB
time: 719s
AnonPages:      26127812 kB
AnonHugePages:   5863424 kB
time: 720s
AnonPages:      26127808 kB
AnonHugePages:   5863424 kB
time: 721s
AnonPages:      26127808 kB
AnonHugePages:   5863424 kB
time: 722s
AnonPages:      26127808 kB
AnonHugePages:   5863424 kB
time: 723s
AnonPages:      26127812 kB
AnonHugePages:   5863424 kB
time: 724s
AnonPages:      26127812 kB
AnonHugePages:   5863424 kB
time: 725s
AnonPages:      26127808 kB
AnonHugePages:   5863424 kB
time: 726s
AnonPages:      26127808 kB
AnonHugePages:   5863424 kB
time: 727s
AnonPages:      26127808 kB
AnonHugePages:   5863424 kB
time: 728s
AnonPages:      26127812 kB
AnonHugePages:   5863424 kB
time: 729s
AnonPages:      26127812 kB
AnonHugePages:   5863424 kB
time: 730s
AnonPages:      26127812 kB
AnonHugePages:   5863424 kB
time: 731s
AnonPages:      26127808 kB
AnonHugePages:   5863424 kB
time: 732s
AnonPages:      26127808 kB
AnonHugePages:   5863424 kB
time: 733s
AnonPages:      26127812 kB
AnonHugePages:   5863424 kB
time: 734s
AnonPages:      26127812 kB
AnonHugePages:   5863424 kB
time: 735s
AnonPages:      26127808 kB
AnonHugePages:   5863424 kB
time: 736s
AnonPages:      26127812 kB
AnonHugePages:   5863424 kB
time: 737s
AnonPages:      26127812 kB
AnonHugePages:   5863424 kB
time: 738s
AnonPages:      26127812 kB
AnonHugePages:   5863424 kB
time: 739s
AnonPages:      26127808 kB
AnonHugePages:   5863424 kB
time: 740s
AnonPages:      26127812 kB
AnonHugePages:   5863424 kB
time: 741s
AnonPages:      26127808 kB
AnonHugePages:   5863424 kB
time: 742s
AnonPages:      26127812 kB
AnonHugePages:   5863424 kB
time: 743s
AnonPages:      26127812 kB
AnonHugePages:   5863424 kB
time: 744s
AnonPages:      26127812 kB
AnonHugePages:   5863424 kB
time: 745s
AnonPages:      26127812 kB
AnonHugePages:   5863424 kB
time: 746s
AnonPages:      26127812 kB
AnonHugePages:   5863424 kB
time: 747s
AnonPages:      26127808 kB
AnonHugePages:   5863424 kB
time: 748s
AnonPages:      26127812 kB
AnonHugePages:   5863424 kB
time: 749s
AnonPages:      19930528 kB
AnonHugePages:   1622016 kB
time: 750s
AnonPages:        542052 kB
AnonHugePages:    585728 kB
time: 751s
AnonPages:        541792 kB
AnonHugePages:    512000 kB
time: 752s
AnonPages:        541792 kB
AnonHugePages:    512000 kB
time: 753s
AnonPages:        541792 kB
AnonHugePages:    512000 kB
time: 754s
AnonPages:        541792 kB
AnonHugePages:    512000 kB
time: 755s
AnonPages:        541792 kB
AnonHugePages:    512000 kB
time: 756s
AnonPages:        541788 kB
AnonHugePages:    512000 kB
time: 757s
AnonPages:        542036 kB
AnonHugePages:    512000 kB
time: 758s
AnonPages:        541796 kB
AnonHugePages:    512000 kB
time: 759s
AnonPages:        541796 kB
AnonHugePages:    512000 kB
time: 760s
AnonPages:        541796 kB
AnonHugePages:    512000 kB
time: 761s
AnonPages:        541796 kB
AnonHugePages:    512000 kB
time: 762s
AnonPages:        541784 kB
AnonHugePages:    512000 kB
time: 763s
AnonPages:        541708 kB
AnonHugePages:    512000 kB
time: 764s
AnonPages:        541712 kB
AnonHugePages:    512000 kB
time: 765s
AnonPages:        541792 kB
AnonHugePages:    512000 kB
time: 766s
AnonPages:        541792 kB
AnonHugePages:    512000 kB
time: 767s
AnonPages:        541840 kB
AnonHugePages:    512000 kB
time: 768s
AnonPages:        541792 kB
AnonHugePages:    512000 kB
time: 769s
AnonPages:        541780 kB
AnonHugePages:    512000 kB
time: 770s
AnonPages:        541816 kB
AnonHugePages:    512000 kB
time: 771s
AnonPages:        541832 kB
AnonHugePages:    512000 kB
time: 772s
AnonPages:        541708 kB
AnonHugePages:    512000 kB
time: 773s
AnonPages:        541796 kB
AnonHugePages:    512000 kB
time: 774s
AnonPages:        541796 kB
AnonHugePages:    512000 kB
time: 775s
AnonPages:        541792 kB
AnonHugePages:    512000 kB
time: 776s
AnonPages:        541796 kB
AnonHugePages:    512000 kB
time: 777s
AnonPages:        541796 kB
AnonHugePages:    512000 kB
time: 778s
AnonPages:        541796 kB
AnonHugePages:    512000 kB
time: 779s
AnonPages:        541792 kB
AnonHugePages:    512000 kB
time: 780s
AnonPages:        541856 kB
AnonHugePages:    512000 kB
time: 781s
AnonPages:        541796 kB
AnonHugePages:    512000 kB
time: 782s
AnonPages:        541796 kB
AnonHugePages:    512000 kB
time: 783s
AnonPages:        541796 kB
AnonHugePages:    512000 kB
time: 784s
AnonPages:        541792 kB
AnonHugePages:    512000 kB
time: 785s
AnonPages:        541796 kB
AnonHugePages:    512000 kB
time: 786s
AnonPages:        541792 kB
AnonHugePages:    512000 kB
time: 787s
AnonPages:        541792 kB
AnonHugePages:    512000 kB
time: 788s
AnonPages:        541796 kB
AnonHugePages:    512000 kB
time: 789s
AnonPages:        541724 kB
AnonHugePages:    512000 kB
time: 790s
AnonPages:        541792 kB
AnonHugePages:    512000 kB
time: 791s
AnonPages:        541792 kB
AnonHugePages:    512000 kB
time: 792s
AnonPages:        541848 kB
AnonHugePages:    512000 kB
time: 793s
AnonPages:        541796 kB
AnonHugePages:    512000 kB
time: 794s
AnonPages:        541796 kB
AnonHugePages:    512000 kB
time: 795s
AnonPages:        541796 kB
AnonHugePages:    512000 kB
time: 796s
AnonPages:        541796 kB
AnonHugePages:    512000 kB
time: 797s
AnonPages:        541796 kB
AnonHugePages:    512000 kB
time: 798s
AnonPages:        541884 kB
AnonHugePages:    512000 kB
time: 799s
AnonPages:        541676 kB
AnonHugePages:    512000 kB
time: 800s
AnonPages:        541800 kB
AnonHugePages:    512000 kB
time: 801s
AnonPages:        541796 kB
AnonHugePages:    512000 kB
time: 802s
AnonPages:        541800 kB
AnonHugePages:    512000 kB
time: 803s
AnonPages:        541800 kB
AnonHugePages:    512000 kB
time: 804s
AnonPages:        541796 kB
AnonHugePages:    512000 kB
time: 805s
AnonPages:        541928 kB
AnonHugePages:    512000 kB
time: 806s
AnonPages:        541800 kB
AnonHugePages:    512000 kB
time: 807s
AnonPages:        541800 kB
AnonHugePages:    512000 kB
time: 808s
AnonPages:        541800 kB
AnonHugePages:    512000 kB
time: 809s
AnonPages:        541800 kB
AnonHugePages:    512000 kB
time: 810s
AnonPages:        541800 kB
AnonHugePages:    512000 kB
time: 811s
AnonPages:        541800 kB
AnonHugePages:    512000 kB
time: 812s
AnonPages:        541800 kB
AnonHugePages:    512000 kB
time: 813s
AnonPages:        541796 kB
AnonHugePages:    512000 kB
time: 814s
AnonPages:        541800 kB
AnonHugePages:    512000 kB
time: 815s
AnonPages:        541796 kB
AnonHugePages:    512000 kB
time: 816s
AnonPages:        541796 kB
AnonHugePages:    512000 kB
time: 817s
AnonPages:        541796 kB
AnonHugePages:    512000 kB
time: 818s
AnonPages:        541800 kB
AnonHugePages:    512000 kB
time: 819s
AnonPages:        541796 kB
AnonHugePages:    512000 kB
time: 820s
AnonPages:        541712 kB
AnonHugePages:    512000 kB
time: 821s
AnonPages:        541800 kB
AnonHugePages:    512000 kB
time: 822s
AnonPages:        541800 kB
AnonHugePages:    512000 kB
time: 823s
AnonPages:        541796 kB
AnonHugePages:    512000 kB
time: 824s
AnonPages:        541800 kB
AnonHugePages:    512000 kB
time: 825s
AnonPages:        541800 kB
AnonHugePages:    512000 kB
time: 826s
AnonPages:        541800 kB
AnonHugePages:    512000 kB
time: 827s
AnonPages:        541800 kB
AnonHugePages:    512000 kB
time: 828s
AnonPages:        541724 kB
AnonHugePages:    512000 kB
time: 829s
AnonPages:        541800 kB
AnonHugePages:    512000 kB
time: 830s
AnonPages:        541796 kB
AnonHugePages:    512000 kB
time: 831s
AnonPages:        541800 kB
AnonHugePages:    512000 kB
time: 832s
AnonPages:        541800 kB
AnonHugePages:    512000 kB
time: 833s
AnonPages:        541800 kB
AnonHugePages:    512000 kB
time: 834s
AnonPages:        541796 kB
AnonHugePages:    512000 kB
time: 835s
AnonPages:        541800 kB
AnonHugePages:    512000 kB
time: 836s
AnonPages:        541796 kB
AnonHugePages:    512000 kB
time: 837s
AnonPages:        541800 kB
AnonHugePages:    512000 kB
time: 838s
AnonPages:        541800 kB
AnonHugePages:    512000 kB
time: 839s
AnonPages:        541796 kB
AnonHugePages:    512000 kB
time: 840s
AnonPages:        541800 kB
AnonHugePages:    512000 kB
time: 841s
AnonPages:        541800 kB
AnonHugePages:    512000 kB
time: 842s
AnonPages:        541800 kB
AnonHugePages:    512000 kB
time: 843s
AnonPages:        541800 kB
AnonHugePages:    512000 kB
time: 844s
AnonPages:        541804 kB
AnonHugePages:    512000 kB
time: 845s
AnonPages:        541800 kB
AnonHugePages:    512000 kB
time: 846s
AnonPages:        541800 kB
AnonHugePages:    512000 kB
time: 847s
AnonPages:        541804 kB
AnonHugePages:    512000 kB
time: 848s
AnonPages:        541804 kB
AnonHugePages:    512000 kB
time: 849s
AnonPages:        541804 kB
AnonHugePages:    512000 kB
time: 850s
AnonPages:        541804 kB
AnonHugePages:    512000 kB
time: 851s
AnonPages:        541716 kB
AnonHugePages:    512000 kB
time: 852s
AnonPages:        541848 kB
AnonHugePages:    512000 kB
time: 853s
AnonPages:        541804 kB
AnonHugePages:    512000 kB
time: 854s
AnonPages:        541804 kB
AnonHugePages:    512000 kB
time: 855s
AnonPages:        541804 kB
AnonHugePages:    512000 kB
time: 856s
AnonPages:        541804 kB
AnonHugePages:    512000 kB
time: 857s
AnonPages:        541800 kB
AnonHugePages:    512000 kB
time: 858s
AnonPages:        541800 kB
AnonHugePages:    512000 kB
time: 859s
AnonPages:        541804 kB
AnonHugePages:    512000 kB
time: 860s
AnonPages:        541800 kB
AnonHugePages:    512000 kB
time: 861s
AnonPages:        541804 kB
AnonHugePages:    512000 kB
time: 862s
AnonPages:        541800 kB
AnonHugePages:    512000 kB
time: 863s
AnonPages:        541804 kB
AnonHugePages:    512000 kB
time: 864s
AnonPages:        541804 kB
AnonHugePages:    512000 kB
time: 865s
AnonPages:        541800 kB
AnonHugePages:    512000 kB
time: 866s
AnonPages:        541804 kB
AnonHugePages:    512000 kB
time: 867s
AnonPages:        541804 kB
AnonHugePages:    512000 kB
time: 868s
AnonPages:        541716 kB
AnonHugePages:    512000 kB
time: 869s
AnonPages:        541804 kB
AnonHugePages:    512000 kB
time: 870s
AnonPages:        541804 kB
AnonHugePages:    512000 kB
time: 871s
AnonPages:        541804 kB
AnonHugePages:    512000 kB
time: 872s
AnonPages:        541716 kB
AnonHugePages:    512000 kB
time: 873s
AnonPages:        541812 kB
AnonHugePages:    512000 kB
time: 874s
AnonPages:        541800 kB
AnonHugePages:    512000 kB
time: 875s
AnonPages:        541804 kB
AnonHugePages:    512000 kB
time: 876s
AnonPages:        541804 kB
AnonHugePages:    512000 kB
time: 877s
AnonPages:        541804 kB
AnonHugePages:    512000 kB
time: 878s
AnonPages:        541804 kB
AnonHugePages:    512000 kB
time: 879s
AnonPages:        541804 kB
AnonHugePages:    512000 kB
time: 880s
AnonPages:        541804 kB
AnonHugePages:    512000 kB
time: 881s
AnonPages:        541800 kB
AnonHugePages:    512000 kB
time: 882s
AnonPages:        541800 kB
AnonHugePages:    512000 kB
time: 883s
AnonPages:        541804 kB
AnonHugePages:    512000 kB
time: 884s
AnonPages:        541800 kB
AnonHugePages:    512000 kB
time: 885s
AnonPages:        541804 kB
AnonHugePages:    512000 kB
time: 886s
AnonPages:        541808 kB
AnonHugePages:    512000 kB
time: 887s
AnonPages:        541720 kB
AnonHugePages:    512000 kB
time: 888s
AnonPages:        541808 kB
AnonHugePages:    512000 kB
time: 889s
AnonPages:        541808 kB
AnonHugePages:    512000 kB
time: 890s
AnonPages:        541808 kB
AnonHugePages:    512000 kB
time: 891s
AnonPages:        541808 kB
AnonHugePages:    512000 kB
time: 892s
AnonPages:        541748 kB
AnonHugePages:    512000 kB
time: 893s
AnonPages:        541720 kB
AnonHugePages:    512000 kB
time: 894s
AnonPages:        541772 kB
AnonHugePages:    512000 kB
time: 895s
AnonPages:        541808 kB
AnonHugePages:    512000 kB
time: 896s
AnonPages:        541808 kB
AnonHugePages:    512000 kB
time: 897s
AnonPages:        541804 kB
AnonHugePages:    512000 kB
time: 898s
AnonPages:        541808 kB
AnonHugePages:    512000 kB
