
------------------------THP defrag [always]------------------------

920.156: Per-Operation Breakdown
statfile1            632662ops      780ops/s   0.0mb/s      3.5ms/op [0.00ms - 382.93ms]
deletefile1          632662ops      780ops/s   0.0mb/s      5.2ms/op [0.01ms - 11780.09ms]
closefile3           632664ops      780ops/s   0.0mb/s      0.0ms/op [0.00ms -  6.11ms]
readfile1            632685ops      780ops/s 101.5mb/s     11.2ms/op [0.00ms - 11688.54ms]
openfile2            632685ops      780ops/s   0.0mb/s      4.2ms/op [0.00ms - 11690.18ms]
closefile2           632685ops      780ops/s   0.0mb/s      0.0ms/op [0.00ms -  3.02ms]
appendfilerand1      632694ops      780ops/s   6.1mb/s     11.7ms/op [0.00ms - 11693.87ms]
openfile1            632694ops      780ops/s   0.0mb/s      4.3ms/op [0.00ms - 11693.46ms]
closefile1           632694ops      780ops/s   0.0mb/s      0.0ms/op [0.00ms - 35.35ms]
wrtfile1             632694ops      780ops/s  97.6mb/s     13.0ms/op [0.00ms - 11694.42ms]
createfile1          632712ops      780ops/s   0.0mb/s      7.9ms/op [0.01ms - 11690.79ms]
920.156: IO Summary: 6959531 ops 8576.078 ops/s 780/1559 rd/wr 205.2mb/s  20.4ms/op
920.156: Shutting down processes

Simulation complete.
================================================================================
                                     RESULTS
================================================================================
Threads:     4
Runtime:     619.918 seconds
Lookups:     476,000,000
Lookups/s:   767,843
Verification checksum: 791759 (WARNING - INAVALID CHECKSUM!)
================================================================================

real	10m15.177s
user	0m3.220s
sys	0m1.572s

