time: 0s
AnonPages:          9844 kB
AnonHugePages:         0 kB
time: 1s
AnonPages:        843068 kB
AnonHugePages:    829440 kB
time: 2s
AnonPages:        843064 kB
AnonHugePages:    829440 kB
time: 3s
AnonPages:       1018260 kB
AnonHugePages:   1001472 kB
time: 4s
AnonPages:       2034088 kB
AnonHugePages:   1888256 kB
time: 5s
AnonPages:       6459756 kB
AnonHugePages:   6412288 kB
time: 6s
AnonPages:      10893888 kB
AnonHugePages:  10795008 kB
time: 7s
AnonPages:      15319476 kB
AnonHugePages:  15177728 kB
time: 8s
AnonPages:      19747316 kB
AnonHugePages:  19783680 kB
time: 9s
AnonPages:      24175192 kB
AnonHugePages:  24086528 kB
time: 10s
AnonPages:      25595844 kB
AnonHugePages:  25577472 kB
time: 11s
AnonPages:      25595932 kB
AnonHugePages:  25577472 kB
time: 12s
AnonPages:      25596016 kB
AnonHugePages:  25577472 kB
time: 13s
AnonPages:      25596004 kB
AnonHugePages:  25577472 kB
time: 14s
AnonPages:      25595932 kB
AnonHugePages:  25577472 kB
time: 15s
AnonPages:      25595980 kB
AnonHugePages:  25577472 kB
time: 16s
AnonPages:      25595980 kB
AnonHugePages:  25577472 kB
time: 17s
AnonPages:      25595932 kB
AnonHugePages:  25577472 kB
time: 18s
AnonPages:      25595796 kB
AnonHugePages:  25577472 kB
time: 19s
AnonPages:      25595940 kB
AnonHugePages:  25577472 kB
time: 20s
AnonPages:      25596116 kB
AnonHugePages:  25577472 kB
time: 21s
AnonPages:      25595880 kB
AnonHugePages:  25577472 kB
time: 22s
AnonPages:      25595976 kB
AnonHugePages:  25577472 kB
time: 23s
AnonPages:      25596052 kB
AnonHugePages:  25577472 kB
time: 24s
AnonPages:      25595916 kB
AnonHugePages:  25577472 kB
time: 25s
AnonPages:      25595960 kB
AnonHugePages:  25577472 kB
time: 26s
AnonPages:      25596084 kB
AnonHugePages:  25577472 kB
time: 27s
AnonPages:      25596020 kB
AnonHugePages:  25577472 kB
time: 28s
AnonPages:      25596024 kB
AnonHugePages:  25577472 kB
time: 29s
AnonPages:      25595844 kB
AnonHugePages:  25577472 kB
time: 30s
AnonPages:      25595968 kB
AnonHugePages:  25577472 kB
time: 31s
AnonPages:      25595796 kB
AnonHugePages:  25577472 kB
time: 32s
AnonPages:      25595932 kB
AnonHugePages:  25577472 kB
time: 33s
AnonPages:      25595920 kB
AnonHugePages:  25577472 kB
time: 34s
AnonPages:      25596040 kB
AnonHugePages:  25577472 kB
time: 35s
AnonPages:      25595996 kB
AnonHugePages:  25577472 kB
time: 36s
AnonPages:      25596008 kB
AnonHugePages:  25577472 kB
time: 37s
AnonPages:      25596028 kB
AnonHugePages:  25577472 kB
time: 38s
AnonPages:      25595980 kB
AnonHugePages:  25577472 kB
time: 39s
AnonPages:      25596008 kB
AnonHugePages:  25577472 kB
time: 40s
AnonPages:      25595940 kB
AnonHugePages:  25577472 kB
time: 41s
AnonPages:      25595792 kB
AnonHugePages:  25577472 kB
time: 42s
AnonPages:      25595932 kB
AnonHugePages:  25577472 kB
time: 43s
AnonPages:      25595976 kB
AnonHugePages:  25577472 kB
time: 44s
AnonPages:      25595980 kB
AnonHugePages:  25577472 kB
time: 45s
AnonPages:      25595932 kB
AnonHugePages:  25577472 kB
time: 46s
AnonPages:      25595788 kB
AnonHugePages:  25577472 kB
time: 47s
AnonPages:      25595880 kB
AnonHugePages:  25577472 kB
time: 48s
AnonPages:      25595744 kB
AnonHugePages:  25577472 kB
time: 49s
AnonPages:      25595936 kB
AnonHugePages:  25577472 kB
time: 50s
AnonPages:      25595844 kB
AnonHugePages:  25577472 kB
time: 51s
AnonPages:      25595832 kB
AnonHugePages:  25577472 kB
time: 52s
AnonPages:      25596064 kB
AnonHugePages:  25577472 kB
time: 53s
AnonPages:      25595732 kB
AnonHugePages:  25577472 kB
time: 54s
AnonPages:      25595796 kB
AnonHugePages:  25577472 kB
time: 55s
AnonPages:      25595916 kB
AnonHugePages:  25577472 kB
time: 56s
AnonPages:      25595612 kB
AnonHugePages:  25577472 kB
time: 57s
AnonPages:      25595924 kB
AnonHugePages:  25577472 kB
time: 58s
AnonPages:      25595980 kB
AnonHugePages:  25577472 kB
time: 59s
AnonPages:      25595876 kB
AnonHugePages:  25577472 kB
time: 60s
AnonPages:      25596072 kB
AnonHugePages:  25577472 kB
time: 61s
AnonPages:      25595792 kB
AnonHugePages:  25577472 kB
time: 62s
AnonPages:      25595880 kB
AnonHugePages:  25577472 kB
time: 63s
AnonPages:      25595976 kB
AnonHugePages:  25577472 kB
time: 64s
AnonPages:      25595984 kB
AnonHugePages:  25577472 kB
time: 65s
AnonPages:      25596200 kB
AnonHugePages:  25577472 kB
time: 66s
AnonPages:      25596168 kB
AnonHugePages:  25577472 kB
time: 67s
AnonPages:      25595900 kB
AnonHugePages:  25577472 kB
time: 68s
AnonPages:      25595932 kB
AnonHugePages:  25577472 kB
time: 69s
AnonPages:      25595968 kB
AnonHugePages:  25577472 kB
time: 70s
AnonPages:      25595912 kB
AnonHugePages:  25577472 kB
time: 71s
AnonPages:      25595932 kB
AnonHugePages:  25577472 kB
time: 72s
AnonPages:      25595744 kB
AnonHugePages:  25577472 kB
time: 73s
AnonPages:      25596024 kB
AnonHugePages:  25577472 kB
time: 74s
AnonPages:      25595800 kB
AnonHugePages:  25577472 kB
time: 75s
AnonPages:      25595984 kB
AnonHugePages:  25577472 kB
time: 76s
AnonPages:      25595880 kB
AnonHugePages:  25577472 kB
time: 77s
AnonPages:      25595796 kB
AnonHugePages:  25577472 kB
time: 78s
AnonPages:      25595980 kB
AnonHugePages:  25577472 kB
time: 79s
AnonPages:      25595796 kB
AnonHugePages:  25577472 kB
time: 80s
AnonPages:      25595984 kB
AnonHugePages:  25577472 kB
time: 81s
AnonPages:      25595888 kB
AnonHugePages:  25577472 kB
time: 82s
AnonPages:      25595832 kB
AnonHugePages:  25577472 kB
time: 83s
AnonPages:      25595936 kB
AnonHugePages:  25577472 kB
time: 84s
AnonPages:      25595980 kB
AnonHugePages:  25577472 kB
time: 85s
AnonPages:      25595848 kB
AnonHugePages:  25577472 kB
time: 86s
AnonPages:      25595932 kB
AnonHugePages:  25577472 kB
time: 87s
AnonPages:      25595936 kB
AnonHugePages:  25577472 kB
time: 88s
AnonPages:      25595984 kB
AnonHugePages:  25577472 kB
time: 89s
AnonPages:      25595848 kB
AnonHugePages:  25577472 kB
time: 90s
AnonPages:      25596064 kB
AnonHugePages:  25577472 kB
time: 91s
AnonPages:      25595936 kB
AnonHugePages:  25577472 kB
time: 92s
AnonPages:      25596072 kB
AnonHugePages:  25577472 kB
time: 93s
AnonPages:      25595832 kB
AnonHugePages:  25577472 kB
time: 94s
AnonPages:      25596016 kB
AnonHugePages:  25577472 kB
time: 95s
AnonPages:      25595888 kB
AnonHugePages:  25577472 kB
time: 96s
AnonPages:      25596076 kB
AnonHugePages:  25577472 kB
time: 97s
AnonPages:      25596020 kB
AnonHugePages:  25577472 kB
time: 98s
AnonPages:      25596072 kB
AnonHugePages:  25577472 kB
time: 99s
AnonPages:      25595880 kB
AnonHugePages:  25577472 kB
time: 100s
AnonPages:      25596068 kB
AnonHugePages:  25577472 kB
time: 101s
AnonPages:      25595936 kB
AnonHugePages:  25577472 kB
time: 102s
AnonPages:      25595936 kB
AnonHugePages:  25577472 kB
time: 103s
AnonPages:      25595748 kB
AnonHugePages:  25577472 kB
time: 104s
AnonPages:      25596056 kB
AnonHugePages:  25577472 kB
time: 105s
AnonPages:      25595920 kB
AnonHugePages:  25577472 kB
time: 106s
AnonPages:      25596060 kB
AnonHugePages:  25577472 kB
time: 107s
AnonPages:      25595936 kB
AnonHugePages:  25577472 kB
time: 108s
AnonPages:      25596136 kB
AnonHugePages:  25577472 kB
time: 109s
AnonPages:      25595996 kB
AnonHugePages:  25577472 kB
time: 110s
AnonPages:      25595936 kB
AnonHugePages:  25577472 kB
time: 111s
AnonPages:      25595796 kB
AnonHugePages:  25577472 kB
time: 112s
AnonPages:      25595936 kB
AnonHugePages:  25577472 kB
time: 113s
AnonPages:      25595852 kB
AnonHugePages:  25577472 kB
time: 114s
AnonPages:      25595988 kB
AnonHugePages:  25577472 kB
time: 115s
AnonPages:      25595848 kB
AnonHugePages:  25577472 kB
time: 116s
AnonPages:      25595940 kB
AnonHugePages:  25577472 kB
time: 117s
AnonPages:      25596024 kB
AnonHugePages:  25577472 kB
time: 118s
AnonPages:      25595932 kB
AnonHugePages:  25577472 kB
time: 119s
AnonPages:      25595796 kB
AnonHugePages:  25577472 kB
time: 120s
AnonPages:      25595932 kB
AnonHugePages:  25577472 kB
time: 121s
AnonPages:      25595940 kB
AnonHugePages:  25577472 kB
time: 122s
AnonPages:      25595940 kB
AnonHugePages:  25577472 kB
time: 123s
AnonPages:      25596076 kB
AnonHugePages:  25577472 kB
time: 124s
AnonPages:      25595940 kB
AnonHugePages:  25577472 kB
time: 125s
AnonPages:      25595988 kB
AnonHugePages:  25577472 kB
time: 126s
AnonPages:      25595852 kB
AnonHugePages:  25577472 kB
time: 127s
AnonPages:      25596040 kB
AnonHugePages:  25577472 kB
time: 128s
AnonPages:      25595936 kB
AnonHugePages:  25577472 kB
time: 129s
AnonPages:      25595984 kB
AnonHugePages:  25577472 kB
time: 130s
AnonPages:      25595940 kB
AnonHugePages:  25577472 kB
time: 131s
AnonPages:      25595940 kB
AnonHugePages:  25577472 kB
time: 132s
AnonPages:      25595984 kB
AnonHugePages:  25577472 kB
time: 133s
AnonPages:      25595900 kB
AnonHugePages:  25577472 kB
time: 134s
AnonPages:      25595988 kB
AnonHugePages:  25577472 kB
time: 135s
AnonPages:      25596072 kB
AnonHugePages:  25577472 kB
time: 136s
AnonPages:      25595940 kB
AnonHugePages:  25577472 kB
time: 137s
AnonPages:      25595992 kB
AnonHugePages:  25577472 kB
time: 138s
AnonPages:      25596048 kB
AnonHugePages:  25577472 kB
time: 139s
AnonPages:      25595804 kB
AnonHugePages:  25577472 kB
time: 140s
AnonPages:      25595972 kB
AnonHugePages:  25577472 kB
time: 141s
AnonPages:      25596008 kB
AnonHugePages:  25577472 kB
time: 142s
AnonPages:      25596080 kB
AnonHugePages:  25577472 kB
time: 143s
AnonPages:      25596080 kB
AnonHugePages:  25577472 kB
time: 144s
AnonPages:      25595944 kB
AnonHugePages:  25577472 kB
time: 145s
AnonPages:      25595804 kB
AnonHugePages:  25577472 kB
time: 146s
AnonPages:      25595940 kB
AnonHugePages:  25577472 kB
time: 147s
AnonPages:      25595852 kB
AnonHugePages:  25577472 kB
time: 148s
AnonPages:      25595936 kB
AnonHugePages:  25577472 kB
time: 149s
AnonPages:      25595752 kB
AnonHugePages:  25577472 kB
time: 150s
AnonPages:      25595732 kB
AnonHugePages:  25577472 kB
time: 151s
AnonPages:      25595808 kB
AnonHugePages:  25577472 kB
time: 152s
AnonPages:      25595944 kB
AnonHugePages:  25577472 kB
time: 153s
AnonPages:      25595804 kB
AnonHugePages:  25577472 kB
time: 154s
AnonPages:      25595856 kB
AnonHugePages:  25577472 kB
time: 155s
AnonPages:      25595944 kB
AnonHugePages:  25577472 kB
time: 156s
AnonPages:      25596088 kB
AnonHugePages:  25577472 kB
time: 157s
AnonPages:      25596236 kB
AnonHugePages:  25577472 kB
time: 158s
AnonPages:      25596008 kB
AnonHugePages:  25577472 kB
time: 159s
AnonPages:      25596040 kB
AnonHugePages:  25577472 kB
time: 160s
AnonPages:      25596212 kB
AnonHugePages:  25577472 kB
time: 161s
AnonPages:      25595688 kB
AnonHugePages:  25577472 kB
time: 162s
AnonPages:      25595996 kB
AnonHugePages:  25577472 kB
time: 163s
AnonPages:      25596084 kB
AnonHugePages:  25577472 kB
time: 164s
AnonPages:      25595532 kB
AnonHugePages:  25577472 kB
time: 165s
AnonPages:      25595944 kB
AnonHugePages:  25577472 kB
time: 166s
AnonPages:      25595944 kB
AnonHugePages:  25577472 kB
time: 167s
AnonPages:      25595840 kB
AnonHugePages:  25577472 kB
time: 168s
AnonPages:      25595732 kB
AnonHugePages:  25577472 kB
time: 169s
AnonPages:      25595812 kB
AnonHugePages:  25577472 kB
time: 170s
AnonPages:      25595944 kB
AnonHugePages:  25577472 kB
time: 171s
AnonPages:      25595944 kB
AnonHugePages:  25577472 kB
time: 172s
AnonPages:      25595940 kB
AnonHugePages:  25577472 kB
time: 173s
AnonPages:      25596076 kB
AnonHugePages:  25577472 kB
time: 174s
AnonPages:      25595888 kB
AnonHugePages:  25577472 kB
time: 175s
AnonPages:      25595808 kB
AnonHugePages:  25577472 kB
time: 176s
AnonPages:      25595944 kB
AnonHugePages:  25577472 kB
time: 177s
AnonPages:      25596032 kB
AnonHugePages:  25577472 kB
time: 178s
AnonPages:      25596024 kB
AnonHugePages:  25577472 kB
time: 179s
AnonPages:      25596084 kB
AnonHugePages:  25577472 kB
time: 180s
AnonPages:      25595944 kB
AnonHugePages:  25577472 kB
time: 181s
AnonPages:      25595944 kB
AnonHugePages:  25577472 kB
time: 182s
AnonPages:      25595944 kB
AnonHugePages:  25577472 kB
time: 183s
AnonPages:      25595888 kB
AnonHugePages:  25577472 kB
time: 184s
AnonPages:      25595944 kB
AnonHugePages:  25577472 kB
time: 185s
AnonPages:      25596080 kB
AnonHugePages:  25577472 kB
time: 186s
AnonPages:      25595940 kB
AnonHugePages:  25577472 kB
time: 187s
AnonPages:      25595856 kB
AnonHugePages:  25577472 kB
time: 188s
AnonPages:      25595944 kB
AnonHugePages:  25577472 kB
time: 189s
AnonPages:      25595892 kB
AnonHugePages:  25577472 kB
time: 190s
AnonPages:      25596060 kB
AnonHugePages:  25577472 kB
time: 191s
AnonPages:      25595856 kB
AnonHugePages:  25577472 kB
time: 192s
AnonPages:      25595856 kB
AnonHugePages:  25577472 kB
time: 193s
AnonPages:      25595996 kB
AnonHugePages:  25577472 kB
time: 194s
AnonPages:      25595944 kB
AnonHugePages:  25577472 kB
time: 195s
AnonPages:      25596064 kB
AnonHugePages:  25577472 kB
time: 196s
AnonPages:      25596000 kB
AnonHugePages:  25577472 kB
time: 197s
AnonPages:      25596172 kB
AnonHugePages:  25577472 kB
time: 198s
AnonPages:      25595948 kB
AnonHugePages:  25577472 kB
time: 199s
AnonPages:      25596056 kB
AnonHugePages:  25577472 kB
time: 200s
AnonPages:      25595976 kB
AnonHugePages:  25577472 kB
time: 201s
AnonPages:      25596116 kB
AnonHugePages:  25577472 kB
time: 202s
AnonPages:      25595952 kB
AnonHugePages:  25577472 kB
time: 203s
AnonPages:      25596128 kB
AnonHugePages:  25577472 kB
time: 204s
AnonPages:      25595912 kB
AnonHugePages:  25577472 kB
time: 205s
AnonPages:      25596040 kB
AnonHugePages:  25577472 kB
time: 206s
AnonPages:      25595948 kB
AnonHugePages:  25577472 kB
time: 207s
AnonPages:      25595856 kB
AnonHugePages:  25577472 kB
time: 208s
AnonPages:      25595992 kB
AnonHugePages:  25577472 kB
time: 209s
AnonPages:      25596028 kB
AnonHugePages:  25577472 kB
time: 210s
AnonPages:      25595860 kB
AnonHugePages:  25577472 kB
time: 211s
AnonPages:      25596008 kB
AnonHugePages:  25577472 kB
time: 212s
AnonPages:      25595812 kB
AnonHugePages:  25577472 kB
time: 213s
AnonPages:      25595864 kB
AnonHugePages:  25577472 kB
time: 214s
AnonPages:      25595948 kB
AnonHugePages:  25577472 kB
time: 215s
AnonPages:      25596044 kB
AnonHugePages:  25577472 kB
time: 216s
AnonPages:      25595808 kB
AnonHugePages:  25577472 kB
time: 217s
AnonPages:      25595896 kB
AnonHugePages:  25577472 kB
time: 218s
AnonPages:      25595860 kB
AnonHugePages:  25577472 kB
time: 219s
AnonPages:      25595892 kB
AnonHugePages:  25577472 kB
time: 220s
AnonPages:      25595800 kB
AnonHugePages:  25577472 kB
time: 221s
AnonPages:      25595808 kB
AnonHugePages:  25577472 kB
time: 222s
AnonPages:      25595996 kB
AnonHugePages:  25577472 kB
time: 223s
AnonPages:      25595948 kB
AnonHugePages:  25577472 kB
time: 224s
AnonPages:      25595948 kB
AnonHugePages:  25577472 kB
time: 225s
AnonPages:      25595944 kB
AnonHugePages:  25577472 kB
time: 226s
AnonPages:      25595952 kB
AnonHugePages:  25577472 kB
time: 227s
AnonPages:      25595868 kB
AnonHugePages:  25577472 kB
time: 228s
AnonPages:      25595832 kB
AnonHugePages:  25577472 kB
time: 229s
AnonPages:      25595936 kB
AnonHugePages:  25577472 kB
time: 230s
AnonPages:      25595944 kB
AnonHugePages:  25577472 kB
time: 231s
AnonPages:      25595832 kB
AnonHugePages:  25577472 kB
time: 232s
AnonPages:      25595956 kB
AnonHugePages:  25577472 kB
time: 233s
AnonPages:      25595948 kB
AnonHugePages:  25577472 kB
time: 234s
AnonPages:      25595812 kB
AnonHugePages:  25577472 kB
time: 235s
AnonPages:      25595764 kB
AnonHugePages:  25577472 kB
time: 236s
AnonPages:      25595992 kB
AnonHugePages:  25577472 kB
time: 237s
AnonPages:      25595732 kB
AnonHugePages:  25577472 kB
time: 238s
AnonPages:      25596068 kB
AnonHugePages:  25577472 kB
time: 239s
AnonPages:      25595864 kB
AnonHugePages:  25577472 kB
time: 240s
AnonPages:      25595864 kB
AnonHugePages:  25577472 kB
time: 241s
AnonPages:      25595864 kB
AnonHugePages:  25577472 kB
time: 242s
AnonPages:      25595896 kB
AnonHugePages:  25577472 kB
time: 243s
AnonPages:      25595948 kB
AnonHugePages:  25577472 kB
time: 244s
AnonPages:      25595992 kB
AnonHugePages:  25577472 kB
time: 245s
AnonPages:      25596040 kB
AnonHugePages:  25577472 kB
time: 246s
AnonPages:      25595844 kB
AnonHugePages:  25577472 kB
time: 247s
AnonPages:      25595956 kB
AnonHugePages:  25577472 kB
time: 248s
AnonPages:      25596044 kB
AnonHugePages:  25577472 kB
time: 249s
AnonPages:      25596012 kB
AnonHugePages:  25577472 kB
time: 250s
AnonPages:      25596080 kB
AnonHugePages:  25577472 kB
time: 251s
AnonPages:      25595816 kB
AnonHugePages:  25577472 kB
time: 252s
AnonPages:      25595904 kB
AnonHugePages:  25577472 kB
time: 253s
AnonPages:      25595984 kB
AnonHugePages:  25577472 kB
time: 254s
AnonPages:      25596044 kB
AnonHugePages:  25577472 kB
time: 255s
AnonPages:      25596056 kB
AnonHugePages:  25577472 kB
time: 256s
AnonPages:      25595840 kB
AnonHugePages:  25577472 kB
time: 257s
AnonPages:      25596084 kB
AnonHugePages:  25577472 kB
time: 258s
AnonPages:      25596168 kB
AnonHugePages:  25577472 kB
time: 259s
AnonPages:      25595952 kB
AnonHugePages:  25577472 kB
time: 260s
AnonPages:      25595864 kB
AnonHugePages:  25577472 kB
time: 261s
AnonPages:      25595916 kB
AnonHugePages:  25577472 kB
time: 262s
AnonPages:      25596004 kB
AnonHugePages:  25577472 kB
time: 263s
AnonPages:      25595952 kB
AnonHugePages:  25577472 kB
time: 264s
AnonPages:      25596088 kB
AnonHugePages:  25577472 kB
time: 265s
AnonPages:      25596084 kB
AnonHugePages:  25577472 kB
time: 266s
AnonPages:      25595900 kB
AnonHugePages:  25577472 kB
time: 267s
AnonPages:      25595872 kB
AnonHugePages:  25577472 kB
time: 268s
AnonPages:      25595760 kB
AnonHugePages:  25577472 kB
time: 269s
AnonPages:      25595952 kB
AnonHugePages:  25577472 kB
time: 270s
AnonPages:      25596000 kB
AnonHugePages:  25577472 kB
time: 271s
AnonPages:      25595812 kB
AnonHugePages:  25577472 kB
time: 272s
AnonPages:      25596072 kB
AnonHugePages:  25577472 kB
time: 273s
AnonPages:      25595896 kB
AnonHugePages:  25577472 kB
time: 274s
AnonPages:      25596012 kB
AnonHugePages:  25577472 kB
time: 275s
AnonPages:      25595948 kB
AnonHugePages:  25577472 kB
time: 276s
AnonPages:      25595904 kB
AnonHugePages:  25577472 kB
time: 277s
AnonPages:      25596168 kB
AnonHugePages:  25577472 kB
time: 278s
AnonPages:      25596008 kB
AnonHugePages:  25577472 kB
time: 279s
AnonPages:      25595960 kB
AnonHugePages:  25577472 kB
time: 280s
AnonPages:      25595960 kB
AnonHugePages:  25577472 kB
time: 281s
AnonPages:      25596152 kB
AnonHugePages:  25577472 kB
time: 282s
AnonPages:      25596124 kB
AnonHugePages:  25577472 kB
time: 283s
AnonPages:      25595920 kB
AnonHugePages:  25577472 kB
time: 284s
AnonPages:      25595924 kB
AnonHugePages:  25577472 kB
time: 285s
AnonPages:      25595956 kB
AnonHugePages:  25577472 kB
time: 286s
AnonPages:      25595816 kB
AnonHugePages:  25577472 kB
time: 287s
AnonPages:      25595880 kB
AnonHugePages:  25577472 kB
time: 288s
AnonPages:      25595796 kB
AnonHugePages:  25577472 kB
time: 289s
AnonPages:      25595924 kB
AnonHugePages:  25577472 kB
time: 290s
AnonPages:      25596012 kB
AnonHugePages:  25577472 kB
time: 291s
AnonPages:      25595956 kB
AnonHugePages:  25577472 kB
time: 292s
AnonPages:      25595916 kB
AnonHugePages:  25577472 kB
time: 293s
AnonPages:      25595868 kB
AnonHugePages:  25577472 kB
time: 294s
AnonPages:      25596008 kB
AnonHugePages:  25577472 kB
time: 295s
AnonPages:      25596092 kB
AnonHugePages:  25577472 kB
time: 296s
AnonPages:      25595860 kB
AnonHugePages:  25577472 kB
time: 297s
AnonPages:      25595888 kB
AnonHugePages:  25577472 kB
time: 298s
AnonPages:      25596096 kB
AnonHugePages:  25577472 kB
time: 299s
AnonPages:      25595868 kB
AnonHugePages:  25577472 kB
time: 300s
AnonPages:      25595956 kB
AnonHugePages:  25577472 kB
time: 301s
AnonPages:      25595952 kB
AnonHugePages:  25577472 kB
time: 302s
AnonPages:      25596004 kB
AnonHugePages:  25577472 kB
time: 303s
AnonPages:      25595916 kB
AnonHugePages:  25577472 kB
time: 304s
AnonPages:      25595828 kB
AnonHugePages:  25577472 kB
time: 305s
AnonPages:      25595948 kB
AnonHugePages:  25577472 kB
time: 306s
AnonPages:      25595920 kB
AnonHugePages:  25577472 kB
time: 307s
AnonPages:      25596012 kB
AnonHugePages:  25577472 kB
time: 308s
AnonPages:      25596064 kB
AnonHugePages:  25577472 kB
time: 309s
AnonPages:      25596004 kB
AnonHugePages:  25577472 kB
time: 310s
AnonPages:      25596044 kB
AnonHugePages:  25577472 kB
time: 311s
AnonPages:      25595904 kB
AnonHugePages:  25577472 kB
time: 312s
AnonPages:      25596148 kB
AnonHugePages:  25577472 kB
time: 313s
AnonPages:      25596060 kB
AnonHugePages:  25577472 kB
time: 314s
AnonPages:      25596108 kB
AnonHugePages:  25577472 kB
time: 315s
AnonPages:      25596088 kB
AnonHugePages:  25577472 kB
time: 316s
AnonPages:      25595864 kB
AnonHugePages:  25577472 kB
time: 317s
AnonPages:      25596084 kB
AnonHugePages:  25577472 kB
time: 318s
AnonPages:      25595912 kB
AnonHugePages:  25577472 kB
time: 319s
AnonPages:      25595888 kB
AnonHugePages:  25577472 kB
time: 320s
AnonPages:      25595944 kB
AnonHugePages:  25577472 kB
time: 321s
AnonPages:      25595980 kB
AnonHugePages:  25577472 kB
time: 322s
AnonPages:      25596128 kB
AnonHugePages:  25577472 kB
time: 323s
AnonPages:      25595960 kB
AnonHugePages:  25577472 kB
time: 324s
AnonPages:      25595956 kB
AnonHugePages:  25577472 kB
time: 325s
AnonPages:      25595900 kB
AnonHugePages:  25577472 kB
time: 326s
AnonPages:      25596088 kB
AnonHugePages:  25577472 kB
time: 327s
AnonPages:      25596036 kB
AnonHugePages:  25577472 kB
time: 328s
AnonPages:      25595872 kB
AnonHugePages:  25577472 kB
time: 329s
AnonPages:      25596016 kB
AnonHugePages:  25577472 kB
time: 330s
AnonPages:      25596104 kB
AnonHugePages:  25577472 kB
time: 331s
AnonPages:      25596028 kB
AnonHugePages:  25577472 kB
time: 332s
AnonPages:      25596012 kB
AnonHugePages:  25577472 kB
time: 333s
AnonPages:      25596012 kB
AnonHugePages:  25577472 kB
time: 334s
AnonPages:      25596004 kB
AnonHugePages:  25577472 kB
time: 335s
AnonPages:      25595920 kB
AnonHugePages:  25577472 kB
time: 336s
AnonPages:      25596048 kB
AnonHugePages:  25577472 kB
time: 337s
AnonPages:      25595956 kB
AnonHugePages:  25577472 kB
time: 338s
AnonPages:      25595908 kB
AnonHugePages:  25577472 kB
time: 339s
AnonPages:      25595912 kB
AnonHugePages:  25577472 kB
time: 340s
AnonPages:      25595916 kB
AnonHugePages:  25577472 kB
time: 341s
AnonPages:      25596112 kB
AnonHugePages:  25577472 kB
time: 342s
AnonPages:      25596100 kB
AnonHugePages:  25577472 kB
time: 343s
AnonPages:      25596100 kB
AnonHugePages:  25577472 kB
time: 344s
AnonPages:      25596096 kB
AnonHugePages:  25577472 kB
time: 345s
AnonPages:      25595872 kB
AnonHugePages:  25577472 kB
time: 346s
AnonPages:      25595960 kB
AnonHugePages:  25577472 kB
time: 347s
AnonPages:      25596096 kB
AnonHugePages:  25577472 kB
time: 348s
AnonPages:      25595960 kB
AnonHugePages:  25577472 kB
time: 349s
AnonPages:      25595872 kB
AnonHugePages:  25577472 kB
time: 350s
AnonPages:      25595960 kB
AnonHugePages:  25577472 kB
time: 351s
AnonPages:      25595908 kB
AnonHugePages:  25577472 kB
time: 352s
AnonPages:      25596072 kB
AnonHugePages:  25577472 kB
time: 353s
AnonPages:      25595984 kB
AnonHugePages:  25577472 kB
time: 354s
AnonPages:      25596076 kB
AnonHugePages:  25577472 kB
time: 355s
AnonPages:      25595960 kB
AnonHugePages:  25577472 kB
time: 356s
AnonPages:      25595816 kB
AnonHugePages:  25577472 kB
time: 357s
AnonPages:      25596024 kB
AnonHugePages:  25577472 kB
time: 358s
AnonPages:      25596012 kB
AnonHugePages:  25577472 kB
time: 359s
AnonPages:      25596008 kB
AnonHugePages:  25577472 kB
time: 360s
AnonPages:      25596092 kB
AnonHugePages:  25577472 kB
time: 361s
AnonPages:      25596040 kB
AnonHugePages:  25577472 kB
time: 362s
AnonPages:      25596044 kB
AnonHugePages:  25577472 kB
time: 363s
AnonPages:      25596116 kB
AnonHugePages:  25577472 kB
time: 364s
AnonPages:      25596068 kB
AnonHugePages:  25577472 kB
time: 365s
AnonPages:      25596120 kB
AnonHugePages:  25577472 kB
time: 366s
AnonPages:      25595964 kB
AnonHugePages:  25577472 kB
time: 367s
AnonPages:      25595964 kB
AnonHugePages:  25577472 kB
time: 368s
AnonPages:      25596104 kB
AnonHugePages:  25577472 kB
time: 369s
AnonPages:      25595964 kB
AnonHugePages:  25577472 kB
time: 370s
AnonPages:      25596140 kB
AnonHugePages:  25577472 kB
time: 371s
AnonPages:      25595896 kB
AnonHugePages:  25577472 kB
time: 372s
AnonPages:      25595896 kB
AnonHugePages:  25577472 kB
time: 373s
AnonPages:      25595896 kB
AnonHugePages:  25577472 kB
time: 374s
AnonPages:      25595876 kB
AnonHugePages:  25577472 kB
time: 375s
AnonPages:      25595880 kB
AnonHugePages:  25577472 kB
time: 376s
AnonPages:      25595968 kB
AnonHugePages:  25577472 kB
time: 377s
AnonPages:      25596052 kB
AnonHugePages:  25577472 kB
time: 378s
AnonPages:      25595828 kB
AnonHugePages:  25577472 kB
time: 379s
AnonPages:      25595828 kB
AnonHugePages:  25577472 kB
time: 380s
AnonPages:      25595968 kB
AnonHugePages:  25577472 kB
time: 381s
AnonPages:      25595784 kB
AnonHugePages:  25577472 kB
time: 382s
AnonPages:      25595920 kB
AnonHugePages:  25577472 kB
time: 383s
AnonPages:      25596204 kB
AnonHugePages:  25577472 kB
time: 384s
AnonPages:      25595916 kB
AnonHugePages:  25577472 kB
time: 385s
AnonPages:      25595924 kB
AnonHugePages:  25577472 kB
time: 386s
AnonPages:      25596016 kB
AnonHugePages:  25577472 kB
time: 387s
AnonPages:      25596012 kB
AnonHugePages:  25577472 kB
time: 388s
AnonPages:      25596008 kB
AnonHugePages:  25577472 kB
time: 389s
AnonPages:      25595868 kB
AnonHugePages:  25577472 kB
time: 390s
AnonPages:      25595804 kB
AnonHugePages:  25577472 kB
time: 391s
AnonPages:      25595960 kB
AnonHugePages:  25577472 kB
time: 392s
AnonPages:      25595912 kB
AnonHugePages:  25577472 kB
time: 393s
AnonPages:      25595964 kB
AnonHugePages:  25577472 kB
time: 394s
AnonPages:      25595960 kB
AnonHugePages:  25577472 kB
time: 395s
AnonPages:      25595964 kB
AnonHugePages:  25577472 kB
time: 396s
AnonPages:      25595876 kB
AnonHugePages:  25577472 kB
time: 397s
AnonPages:      25596016 kB
AnonHugePages:  25577472 kB
time: 398s
AnonPages:      25595964 kB
AnonHugePages:  25577472 kB
time: 399s
AnonPages:      25595968 kB
AnonHugePages:  25577472 kB
time: 400s
AnonPages:      25595964 kB
AnonHugePages:  25577472 kB
time: 401s
AnonPages:      25595960 kB
AnonHugePages:  25577472 kB
time: 402s
AnonPages:      25595900 kB
AnonHugePages:  25577472 kB
time: 403s
AnonPages:      25595876 kB
AnonHugePages:  25577472 kB
time: 404s
AnonPages:      25595876 kB
AnonHugePages:  25577472 kB
time: 405s
AnonPages:      25595964 kB
AnonHugePages:  25577472 kB
time: 406s
AnonPages:      25595880 kB
AnonHugePages:  25577472 kB
time: 407s
AnonPages:      25596032 kB
AnonHugePages:  25577472 kB
time: 408s
AnonPages:      25596108 kB
AnonHugePages:  25577472 kB
time: 409s
AnonPages:      25595916 kB
AnonHugePages:  25577472 kB
time: 410s
AnonPages:      25595776 kB
AnonHugePages:  25577472 kB
time: 411s
AnonPages:      25596084 kB
AnonHugePages:  25577472 kB
time: 412s
AnonPages:      25596020 kB
AnonHugePages:  25577472 kB
time: 413s
AnonPages:      25596056 kB
AnonHugePages:  25577472 kB
time: 414s
AnonPages:      25595892 kB
AnonHugePages:  25577472 kB
time: 415s
AnonPages:      25596016 kB
AnonHugePages:  25577472 kB
time: 416s
AnonPages:      25596152 kB
AnonHugePages:  25577472 kB
time: 417s
AnonPages:      25595880 kB
AnonHugePages:  25577472 kB
time: 418s
AnonPages:      25595880 kB
AnonHugePages:  25577472 kB
time: 419s
AnonPages:      25596044 kB
AnonHugePages:  25577472 kB
time: 420s
AnonPages:      25595880 kB
AnonHugePages:  25577472 kB
time: 421s
AnonPages:      25595968 kB
AnonHugePages:  25577472 kB
time: 422s
AnonPages:      25596104 kB
AnonHugePages:  25577472 kB
time: 423s
AnonPages:      25595964 kB
AnonHugePages:  25577472 kB
time: 424s
AnonPages:      25596084 kB
AnonHugePages:  25577472 kB
time: 425s
AnonPages:      25596096 kB
AnonHugePages:  25577472 kB
time: 426s
AnonPages:      25596016 kB
AnonHugePages:  25577472 kB
time: 427s
AnonPages:      25595968 kB
AnonHugePages:  25577472 kB
time: 428s
AnonPages:      25596020 kB
AnonHugePages:  25577472 kB
time: 429s
AnonPages:      25596156 kB
AnonHugePages:  25577472 kB
time: 430s
AnonPages:      25595972 kB
AnonHugePages:  25577472 kB
time: 431s
AnonPages:      25595880 kB
AnonHugePages:  25577472 kB
time: 432s
AnonPages:      25595884 kB
AnonHugePages:  25577472 kB
time: 433s
AnonPages:      25596096 kB
AnonHugePages:  25577472 kB
time: 434s
AnonPages:      25595848 kB
AnonHugePages:  25577472 kB
time: 435s
AnonPages:      25596020 kB
AnonHugePages:  25577472 kB
time: 436s
AnonPages:      25595928 kB
AnonHugePages:  25577472 kB
time: 437s
AnonPages:      25596060 kB
AnonHugePages:  25577472 kB
time: 438s
AnonPages:      25596044 kB
AnonHugePages:  25577472 kB
time: 439s
AnonPages:      25596084 kB
AnonHugePages:  25577472 kB
time: 440s
AnonPages:      25595968 kB
AnonHugePages:  25577472 kB
time: 441s
AnonPages:      25595880 kB
AnonHugePages:  25577472 kB
time: 442s
AnonPages:      25595940 kB
AnonHugePages:  25577472 kB
time: 443s
AnonPages:      25595964 kB
AnonHugePages:  25577472 kB
time: 444s
AnonPages:      25595832 kB
AnonHugePages:  25577472 kB
time: 445s
AnonPages:      25596056 kB
AnonHugePages:  25577472 kB
time: 446s
AnonPages:      25595828 kB
AnonHugePages:  25577472 kB
time: 447s
AnonPages:      25596136 kB
AnonHugePages:  25577472 kB
time: 448s
AnonPages:      25596020 kB
AnonHugePages:  25577472 kB
time: 449s
AnonPages:      25596020 kB
AnonHugePages:  25577472 kB
time: 450s
AnonPages:      25596152 kB
AnonHugePages:  25577472 kB
time: 451s
AnonPages:      25595976 kB
AnonHugePages:  25577472 kB
time: 452s
AnonPages:      25596088 kB
AnonHugePages:  25577472 kB
time: 453s
AnonPages:      25596056 kB
AnonHugePages:  25577472 kB
time: 454s
AnonPages:      25596140 kB
AnonHugePages:  25577472 kB
time: 455s
AnonPages:      25596096 kB
AnonHugePages:  25577472 kB
time: 456s
AnonPages:      25596172 kB
AnonHugePages:  25577472 kB
time: 457s
AnonPages:      25595988 kB
AnonHugePages:  25577472 kB
time: 458s
AnonPages:      25596028 kB
AnonHugePages:  25577472 kB
time: 459s
AnonPages:      25595944 kB
AnonHugePages:  25577472 kB
time: 460s
AnonPages:      25595916 kB
AnonHugePages:  25577472 kB
time: 461s
AnonPages:      25596100 kB
AnonHugePages:  25577472 kB
time: 462s
AnonPages:      25596096 kB
AnonHugePages:  25577472 kB
time: 463s
AnonPages:      25596032 kB
AnonHugePages:  25577472 kB
time: 464s
AnonPages:      25596268 kB
AnonHugePages:  25577472 kB
time: 465s
AnonPages:      25595996 kB
AnonHugePages:  25577472 kB
time: 466s
AnonPages:      25596136 kB
AnonHugePages:  25577472 kB
time: 467s
AnonPages:      25595972 kB
AnonHugePages:  25577472 kB
time: 468s
AnonPages:      25596068 kB
AnonHugePages:  25577472 kB
time: 469s
AnonPages:      25595824 kB
AnonHugePages:  25577472 kB
time: 470s
AnonPages:      25596100 kB
AnonHugePages:  25577472 kB
time: 471s
AnonPages:      25595960 kB
AnonHugePages:  25577472 kB
time: 472s
AnonPages:      25595824 kB
AnonHugePages:  25577472 kB
time: 473s
AnonPages:      25596028 kB
AnonHugePages:  25577472 kB
time: 474s
AnonPages:      25595844 kB
AnonHugePages:  25577472 kB
time: 475s
AnonPages:      25595996 kB
AnonHugePages:  25577472 kB
time: 476s
AnonPages:      25596088 kB
AnonHugePages:  25577472 kB
time: 477s
AnonPages:      25596076 kB
AnonHugePages:  25577472 kB
time: 478s
AnonPages:      25596028 kB
AnonHugePages:  25577472 kB
time: 479s
AnonPages:      25596120 kB
AnonHugePages:  25577472 kB
time: 480s
AnonPages:      25596156 kB
AnonHugePages:  25577472 kB
time: 481s
AnonPages:      25596160 kB
AnonHugePages:  25577472 kB
time: 482s
AnonPages:      25595648 kB
AnonHugePages:  25577472 kB
time: 483s
AnonPages:      25595836 kB
AnonHugePages:  25577472 kB
time: 484s
AnonPages:      25596060 kB
AnonHugePages:  25577472 kB
time: 485s
AnonPages:      25596076 kB
AnonHugePages:  25577472 kB
time: 486s
AnonPages:      25595884 kB
AnonHugePages:  25577472 kB
time: 487s
AnonPages:      25595888 kB
AnonHugePages:  25577472 kB
time: 488s
AnonPages:      25595832 kB
AnonHugePages:  25577472 kB
time: 489s
AnonPages:      25595884 kB
AnonHugePages:  25577472 kB
time: 490s
AnonPages:      25595932 kB
AnonHugePages:  25577472 kB
time: 491s
AnonPages:      25596012 kB
AnonHugePages:  25577472 kB
time: 492s
AnonPages:      25596032 kB
AnonHugePages:  25577472 kB
time: 493s
AnonPages:      25596084 kB
AnonHugePages:  25577472 kB
time: 494s
AnonPages:      25595952 kB
AnonHugePages:  25577472 kB
time: 495s
AnonPages:      25595888 kB
AnonHugePages:  25577472 kB
time: 496s
AnonPages:      25596028 kB
AnonHugePages:  25577472 kB
time: 497s
AnonPages:      25595872 kB
AnonHugePages:  25577472 kB
time: 498s
AnonPages:      25595940 kB
AnonHugePages:  25577472 kB
time: 499s
AnonPages:      25595856 kB
AnonHugePages:  25577472 kB
time: 500s
AnonPages:      25595988 kB
AnonHugePages:  25577472 kB
time: 501s
AnonPages:      25596100 kB
AnonHugePages:  25577472 kB
time: 502s
AnonPages:      25595948 kB
AnonHugePages:  25577472 kB
time: 503s
AnonPages:      25596136 kB
AnonHugePages:  25577472 kB
time: 504s
AnonPages:      25595888 kB
AnonHugePages:  25577472 kB
time: 505s
AnonPages:      25595888 kB
AnonHugePages:  25577472 kB
time: 506s
AnonPages:      25596024 kB
AnonHugePages:  25577472 kB
time: 507s
AnonPages:      25595956 kB
AnonHugePages:  25577472 kB
time: 508s
AnonPages:      25596116 kB
AnonHugePages:  25577472 kB
time: 509s
AnonPages:      25596028 kB
AnonHugePages:  25577472 kB
time: 510s
AnonPages:      25595816 kB
AnonHugePages:  25577472 kB
time: 511s
AnonPages:      25596064 kB
AnonHugePages:  25577472 kB
time: 512s
AnonPages:      25595972 kB
AnonHugePages:  25577472 kB
time: 513s
AnonPages:      25596024 kB
AnonHugePages:  25577472 kB
time: 514s
AnonPages:      25595872 kB
AnonHugePages:  25577472 kB
time: 515s
AnonPages:      25595920 kB
AnonHugePages:  25577472 kB
time: 516s
AnonPages:      25595872 kB
AnonHugePages:  25577472 kB
time: 517s
AnonPages:      25596084 kB
AnonHugePages:  25577472 kB
time: 518s
AnonPages:      25595888 kB
AnonHugePages:  25577472 kB
time: 519s
AnonPages:      25596024 kB
AnonHugePages:  25577472 kB
time: 520s
AnonPages:      25595972 kB
AnonHugePages:  25577472 kB
time: 521s
AnonPages:      25596160 kB
AnonHugePages:  25577472 kB
time: 522s
AnonPages:      25595888 kB
AnonHugePages:  25577472 kB
time: 523s
AnonPages:      25596232 kB
AnonHugePages:  25577472 kB
time: 524s
AnonPages:      25596064 kB
AnonHugePages:  25577472 kB
time: 525s
AnonPages:      25596016 kB
AnonHugePages:  25577472 kB
time: 526s
AnonPages:      25596236 kB
AnonHugePages:  25577472 kB
time: 527s
AnonPages:      25595960 kB
AnonHugePages:  25577472 kB
time: 528s
AnonPages:      25596096 kB
AnonHugePages:  25577472 kB
time: 529s
AnonPages:      25596040 kB
AnonHugePages:  25577472 kB
time: 530s
AnonPages:      25596124 kB
AnonHugePages:  25577472 kB
time: 531s
AnonPages:      25595976 kB
AnonHugePages:  25577472 kB
time: 532s
AnonPages:      25595912 kB
AnonHugePages:  25577472 kB
time: 533s
AnonPages:      25595936 kB
AnonHugePages:  25577472 kB
time: 534s
AnonPages:      25596088 kB
AnonHugePages:  25577472 kB
time: 535s
AnonPages:      25595916 kB
AnonHugePages:  25577472 kB
time: 536s
AnonPages:      25595984 kB
AnonHugePages:  25577472 kB
time: 537s
AnonPages:      25596068 kB
AnonHugePages:  25577472 kB
time: 538s
AnonPages:      25596016 kB
AnonHugePages:  25577472 kB
time: 539s
AnonPages:      25596024 kB
AnonHugePages:  25577472 kB
time: 540s
AnonPages:      25595952 kB
AnonHugePages:  25577472 kB
time: 541s
AnonPages:      25596040 kB
AnonHugePages:  25577472 kB
time: 542s
AnonPages:      25595900 kB
AnonHugePages:  25577472 kB
time: 543s
AnonPages:      25595904 kB
AnonHugePages:  25577472 kB
time: 544s
AnonPages:      25595844 kB
AnonHugePages:  25577472 kB
time: 545s
AnonPages:      25595932 kB
AnonHugePages:  25577472 kB
time: 546s
AnonPages:      25596068 kB
AnonHugePages:  25577472 kB
time: 547s
AnonPages:      25596000 kB
AnonHugePages:  25577472 kB
time: 548s
AnonPages:      25595956 kB
AnonHugePages:  25577472 kB
time: 549s
AnonPages:      25596140 kB
AnonHugePages:  25577472 kB
time: 550s
AnonPages:      25595980 kB
AnonHugePages:  25577472 kB
time: 551s
AnonPages:      25596252 kB
AnonHugePages:  25577472 kB
time: 552s
AnonPages:      25595980 kB
AnonHugePages:  25577472 kB
time: 553s
AnonPages:      25595980 kB
AnonHugePages:  25577472 kB
time: 554s
AnonPages:      25595796 kB
AnonHugePages:  25577472 kB
time: 555s
AnonPages:      25596112 kB
AnonHugePages:  25577472 kB
time: 556s
AnonPages:      25595984 kB
AnonHugePages:  25577472 kB
time: 557s
AnonPages:      25596032 kB
AnonHugePages:  25577472 kB
time: 558s
AnonPages:      25596084 kB
AnonHugePages:  25577472 kB
time: 559s
AnonPages:      25595828 kB
AnonHugePages:  25577472 kB
time: 560s
AnonPages:      25595880 kB
AnonHugePages:  25577472 kB
time: 561s
AnonPages:      25596124 kB
AnonHugePages:  25577472 kB
time: 562s
AnonPages:      25596092 kB
AnonHugePages:  25577472 kB
time: 563s
AnonPages:      25596028 kB
AnonHugePages:  25577472 kB
time: 564s
AnonPages:      25596000 kB
AnonHugePages:  25577472 kB
time: 565s
AnonPages:      25595944 kB
AnonHugePages:  25577472 kB
time: 566s
AnonPages:      25595980 kB
AnonHugePages:  25577472 kB
time: 567s
AnonPages:      25596084 kB
AnonHugePages:  25577472 kB
time: 568s
AnonPages:      25596212 kB
AnonHugePages:  25577472 kB
time: 569s
AnonPages:      25595984 kB
AnonHugePages:  25577472 kB
time: 570s
AnonPages:      25596104 kB
AnonHugePages:  25577472 kB
time: 571s
AnonPages:      25595972 kB
AnonHugePages:  25577472 kB
time: 572s
AnonPages:      25596060 kB
AnonHugePages:  25577472 kB
time: 573s
AnonPages:      25595868 kB
AnonHugePages:  25577472 kB
time: 574s
AnonPages:      25596060 kB
AnonHugePages:  25577472 kB
time: 575s
AnonPages:      25596008 kB
AnonHugePages:  25577472 kB
time: 576s
AnonPages:      25596148 kB
AnonHugePages:  25577472 kB
time: 577s
AnonPages:      25596092 kB
AnonHugePages:  25577472 kB
time: 578s
AnonPages:      25595900 kB
AnonHugePages:  25577472 kB
time: 579s
AnonPages:      25596040 kB
AnonHugePages:  25577472 kB
time: 580s
AnonPages:      25595984 kB
AnonHugePages:  25577472 kB
time: 581s
AnonPages:      25595804 kB
AnonHugePages:  25577472 kB
time: 582s
AnonPages:      25595992 kB
AnonHugePages:  25577472 kB
time: 583s
AnonPages:      25595940 kB
AnonHugePages:  25577472 kB
time: 584s
AnonPages:      25595900 kB
AnonHugePages:  25577472 kB
time: 585s
AnonPages:      25596024 kB
AnonHugePages:  25577472 kB
time: 586s
AnonPages:      25596024 kB
AnonHugePages:  25577472 kB
time: 587s
AnonPages:      25595816 kB
AnonHugePages:  25577472 kB
time: 588s
AnonPages:      25596100 kB
AnonHugePages:  25577472 kB
time: 589s
AnonPages:      25595984 kB
AnonHugePages:  25577472 kB
time: 590s
AnonPages:      25596080 kB
AnonHugePages:  25577472 kB
time: 591s
AnonPages:      25595952 kB
AnonHugePages:  25577472 kB
time: 592s
AnonPages:      25596024 kB
AnonHugePages:  25577472 kB
time: 593s
AnonPages:      25596244 kB
AnonHugePages:  25577472 kB
time: 594s
AnonPages:      25595984 kB
AnonHugePages:  25577472 kB
time: 595s
AnonPages:      25596044 kB
AnonHugePages:  25577472 kB
time: 596s
AnonPages:      25595848 kB
AnonHugePages:  25577472 kB
time: 597s
AnonPages:      25596040 kB
AnonHugePages:  25577472 kB
time: 598s
AnonPages:      25595988 kB
AnonHugePages:  25577472 kB
time: 599s
AnonPages:      25595936 kB
AnonHugePages:  25577472 kB
time: 600s
AnonPages:      25595988 kB
AnonHugePages:  25577472 kB
time: 601s
AnonPages:      25595984 kB
AnonHugePages:  25577472 kB
time: 602s
AnonPages:         10104 kB
AnonHugePages:    129024 kB
time: 603s
AnonPages:         10244 kB
AnonHugePages:    129024 kB
time: 604s
AnonPages:         10136 kB
AnonHugePages:         0 kB
time: 605s
AnonPages:         10220 kB
AnonHugePages:         0 kB
time: 606s
AnonPages:         10008 kB
AnonHugePages:         0 kB
time: 607s
AnonPages:         10012 kB
AnonHugePages:         0 kB
time: 608s
AnonPages:          9952 kB
AnonHugePages:         0 kB
