
--------------------------------THP [always]------------------------------------


Simulation complete.
================================================================================
                                     RESULTS
================================================================================
Threads:     4
Runtime:     598.592 seconds
Lookups:     476,000,000
Lookups/s:   795,200
Verification checksum: 791759 (WARNING - INAVALID CHECKSUM!)
================================================================================

real	10m9.984s
user	40m4.153s
sys	0m1.596s



---------------------------------THP [defer]------------------------------------


Simulation complete.
================================================================================
                                     RESULTS
================================================================================
Threads:     4
Runtime:     594.765 seconds
Lookups:     476,000,000
Lookups/s:   800,316
Verification checksum: 912406 (WARNING - INAVALID CHECKSUM!)
================================================================================

real	10m4.133s
user	39m47.065s
sys	0m1.348s

