time: 0s
AnonPages:        120344 kB
time: 1s
AnonPages:       1119460 kB
time: 2s
AnonPages:       1119608 kB
time: 3s
AnonPages:       1119608 kB
time: 4s
AnonPages:       1369028 kB
time: 5s
AnonPages:       1595344 kB
time: 6s
AnonPages:       4209588 kB
time: 7s
AnonPages:       6820160 kB
time: 8s
AnonPages:       9430440 kB
time: 9s
AnonPages:      12039868 kB
time: 10s
AnonPages:      14655856 kB
time: 11s
AnonPages:      17270488 kB
time: 12s
AnonPages:      19877872 kB
time: 13s
AnonPages:      22489396 kB
time: 14s
AnonPages:      25102684 kB
time: 15s
AnonPages:      27715620 kB
time: 16s
AnonPages:      30322288 kB
time: 17s
AnonPages:      30822984 kB
time: 18s
AnonPages:      30823148 kB
time: 19s
AnonPages:      30823152 kB
time: 20s
AnonPages:      30823152 kB
time: 21s
AnonPages:      30823148 kB
time: 22s
AnonPages:      30823152 kB
time: 23s
AnonPages:      30823152 kB
time: 24s
AnonPages:      30823152 kB
time: 25s
AnonPages:      30823152 kB
time: 26s
AnonPages:      30823148 kB
time: 27s
AnonPages:      30823152 kB
time: 28s
AnonPages:      30823148 kB
time: 29s
AnonPages:      30823148 kB
time: 30s
AnonPages:      30823152 kB
time: 31s
AnonPages:      30823148 kB
time: 32s
AnonPages:      30823148 kB
time: 33s
AnonPages:      30823152 kB
time: 34s
AnonPages:      30823152 kB
time: 35s
AnonPages:      30823152 kB
time: 36s
AnonPages:      30823152 kB
time: 37s
AnonPages:      30823152 kB
time: 38s
AnonPages:      30823152 kB
time: 39s
AnonPages:      30823148 kB
time: 40s
AnonPages:      30823148 kB
time: 41s
AnonPages:      30823152 kB
time: 42s
AnonPages:      30823152 kB
time: 43s
AnonPages:      30823148 kB
time: 44s
AnonPages:      30823152 kB
time: 45s
AnonPages:      30823152 kB
time: 46s
AnonPages:      30823152 kB
time: 47s
AnonPages:      30823152 kB
time: 48s
AnonPages:      30823148 kB
time: 49s
AnonPages:      30823064 kB
time: 50s
AnonPages:      30823152 kB
time: 51s
AnonPages:      30823148 kB
time: 52s
AnonPages:      30823148 kB
time: 53s
AnonPages:      30823148 kB
time: 54s
AnonPages:      30823220 kB
time: 55s
AnonPages:      30823152 kB
time: 56s
AnonPages:      30823148 kB
time: 57s
AnonPages:      30823152 kB
time: 58s
AnonPages:      30823152 kB
time: 59s
AnonPages:      30823152 kB
time: 60s
AnonPages:      30823152 kB
time: 61s
AnonPages:      30823152 kB
time: 62s
AnonPages:      30823148 kB
time: 63s
AnonPages:      30823152 kB
time: 64s
AnonPages:      30823152 kB
time: 65s
AnonPages:      30823152 kB
time: 66s
AnonPages:      30823152 kB
time: 67s
AnonPages:      30823148 kB
time: 68s
AnonPages:      30823148 kB
time: 69s
AnonPages:      30823152 kB
time: 70s
AnonPages:      30823152 kB
time: 71s
AnonPages:      30823152 kB
time: 72s
AnonPages:      30823152 kB
time: 73s
AnonPages:      30823152 kB
time: 74s
AnonPages:      30823156 kB
time: 75s
AnonPages:      30823152 kB
time: 76s
AnonPages:      30823152 kB
time: 77s
AnonPages:      30823152 kB
time: 78s
AnonPages:      30823156 kB
time: 79s
AnonPages:      30823156 kB
time: 80s
AnonPages:      30823152 kB
time: 81s
AnonPages:      30823156 kB
time: 82s
AnonPages:      30823156 kB
time: 83s
AnonPages:      30823152 kB
time: 84s
AnonPages:      30823156 kB
time: 85s
AnonPages:      30823156 kB
time: 86s
AnonPages:      30823156 kB
time: 87s
AnonPages:      30823152 kB
time: 88s
AnonPages:      30823156 kB
time: 89s
AnonPages:      30823152 kB
time: 90s
AnonPages:      30823156 kB
time: 91s
AnonPages:      30823152 kB
time: 92s
AnonPages:      30823156 kB
time: 93s
AnonPages:      30823152 kB
time: 94s
AnonPages:      30823156 kB
time: 95s
AnonPages:      30823156 kB
time: 96s
AnonPages:      30823156 kB
time: 97s
AnonPages:      30823156 kB
time: 98s
AnonPages:      30823152 kB
time: 99s
AnonPages:      30823152 kB
time: 100s
AnonPages:      30823156 kB
time: 101s
AnonPages:      30823156 kB
time: 102s
AnonPages:      30823152 kB
time: 103s
AnonPages:      30823152 kB
time: 104s
AnonPages:      30823152 kB
time: 105s
AnonPages:      30823152 kB
time: 106s
AnonPages:      30823156 kB
time: 107s
AnonPages:      30823152 kB
time: 108s
AnonPages:      30823156 kB
time: 109s
AnonPages:      30823156 kB
time: 110s
AnonPages:      30823156 kB
time: 111s
AnonPages:      30823156 kB
time: 112s
AnonPages:      30823156 kB
time: 113s
AnonPages:      30823156 kB
time: 114s
AnonPages:      30823156 kB
time: 115s
AnonPages:      30823160 kB
time: 116s
AnonPages:      30823160 kB
time: 117s
AnonPages:      30823160 kB
time: 118s
AnonPages:      30823160 kB
time: 119s
AnonPages:      30823160 kB
time: 120s
AnonPages:      30823160 kB
time: 121s
AnonPages:      30823156 kB
time: 122s
AnonPages:      30823160 kB
time: 123s
AnonPages:      30823160 kB
time: 124s
AnonPages:      30823160 kB
time: 125s
AnonPages:      30823160 kB
time: 126s
AnonPages:      30823160 kB
time: 127s
AnonPages:      30823160 kB
time: 128s
AnonPages:      30823156 kB
time: 129s
AnonPages:      30823160 kB
time: 130s
AnonPages:      30823160 kB
time: 131s
AnonPages:      30823160 kB
time: 132s
AnonPages:      30823156 kB
time: 133s
AnonPages:      30823160 kB
time: 134s
AnonPages:      30823160 kB
time: 135s
AnonPages:      30823160 kB
time: 136s
AnonPages:      30823160 kB
time: 137s
AnonPages:      30823156 kB
time: 138s
AnonPages:      30823160 kB
time: 139s
AnonPages:      30823156 kB
time: 140s
AnonPages:      30823160 kB
time: 141s
AnonPages:      30823160 kB
time: 142s
AnonPages:      30823160 kB
time: 143s
AnonPages:      30823160 kB
time: 144s
AnonPages:      30823160 kB
time: 145s
AnonPages:      30823160 kB
time: 146s
AnonPages:      30823160 kB
time: 147s
AnonPages:      30823160 kB
time: 148s
AnonPages:      30823160 kB
time: 149s
AnonPages:      30823160 kB
time: 150s
AnonPages:      30823160 kB
time: 151s
AnonPages:      30823160 kB
time: 152s
AnonPages:      30823160 kB
time: 153s
AnonPages:      30823160 kB
time: 154s
AnonPages:      30823156 kB
time: 155s
AnonPages:      30823160 kB
time: 156s
AnonPages:      30823164 kB
time: 157s
AnonPages:      30823160 kB
time: 158s
AnonPages:      30823160 kB
time: 159s
AnonPages:      30823164 kB
time: 160s
AnonPages:      30823164 kB
time: 161s
AnonPages:      30823164 kB
time: 162s
AnonPages:      30823164 kB
time: 163s
AnonPages:      30823160 kB
time: 164s
AnonPages:      30823164 kB
time: 165s
AnonPages:      30823164 kB
time: 166s
AnonPages:      30823164 kB
time: 167s
AnonPages:      30823160 kB
time: 168s
AnonPages:      30823164 kB
time: 169s
AnonPages:      30823164 kB
time: 170s
AnonPages:      30823164 kB
time: 171s
AnonPages:      30823160 kB
time: 172s
AnonPages:      30823160 kB
time: 173s
AnonPages:      30823164 kB
time: 174s
AnonPages:      30823164 kB
time: 175s
AnonPages:      30823164 kB
time: 176s
AnonPages:      30823160 kB
time: 177s
AnonPages:      30823164 kB
time: 178s
AnonPages:      30823160 kB
time: 179s
AnonPages:      30823164 kB
time: 180s
AnonPages:      30823160 kB
time: 181s
AnonPages:      30823160 kB
time: 182s
AnonPages:      30823160 kB
time: 183s
AnonPages:      30823160 kB
time: 184s
AnonPages:      30823160 kB
time: 185s
AnonPages:      30823160 kB
time: 186s
AnonPages:      30823160 kB
time: 187s
AnonPages:      30823160 kB
time: 188s
AnonPages:      30823160 kB
time: 189s
AnonPages:      30823164 kB
time: 190s
AnonPages:      30823164 kB
time: 191s
AnonPages:      30823164 kB
time: 192s
AnonPages:      30823160 kB
time: 193s
AnonPages:      30823164 kB
time: 194s
AnonPages:      30823164 kB
time: 195s
AnonPages:      30823164 kB
time: 196s
AnonPages:      30823160 kB
time: 197s
AnonPages:      30823164 kB
time: 198s
AnonPages:      30823164 kB
time: 199s
AnonPages:      30823168 kB
time: 200s
AnonPages:      30823168 kB
time: 201s
AnonPages:      30823168 kB
time: 202s
AnonPages:      30823168 kB
time: 203s
AnonPages:      30823168 kB
time: 204s
AnonPages:      30823164 kB
time: 205s
AnonPages:      30823168 kB
time: 206s
AnonPages:      30823164 kB
time: 207s
AnonPages:      30823168 kB
time: 208s
AnonPages:      30823168 kB
time: 209s
AnonPages:      30823164 kB
time: 210s
AnonPages:      30823168 kB
time: 211s
AnonPages:      30823168 kB
time: 212s
AnonPages:      30823164 kB
time: 213s
AnonPages:      30823168 kB
time: 214s
AnonPages:      30823168 kB
time: 215s
AnonPages:      30823164 kB
time: 216s
AnonPages:      30823164 kB
time: 217s
AnonPages:      30823164 kB
time: 218s
AnonPages:      30823164 kB
time: 219s
AnonPages:      30823168 kB
time: 220s
AnonPages:      30823168 kB
time: 221s
AnonPages:      30823164 kB
time: 222s
AnonPages:      30823168 kB
time: 223s
AnonPages:      30823168 kB
time: 224s
AnonPages:      30823168 kB
time: 225s
AnonPages:      30823168 kB
time: 226s
AnonPages:      30823164 kB
time: 227s
AnonPages:      30823168 kB
time: 228s
AnonPages:      30823164 kB
time: 229s
AnonPages:      30823164 kB
time: 230s
AnonPages:      30823168 kB
time: 231s
AnonPages:      30823168 kB
time: 232s
AnonPages:      30823164 kB
time: 233s
AnonPages:      30823164 kB
time: 234s
AnonPages:      30823164 kB
time: 235s
AnonPages:      30823168 kB
time: 236s
AnonPages:      30823168 kB
time: 237s
AnonPages:      30823168 kB
time: 238s
AnonPages:      30823168 kB
time: 239s
AnonPages:      30823168 kB
time: 240s
AnonPages:      30823164 kB
time: 241s
AnonPages:      30823168 kB
time: 242s
AnonPages:      30823172 kB
time: 243s
AnonPages:      30823172 kB
time: 244s
AnonPages:      30823172 kB
time: 245s
AnonPages:      30823172 kB
time: 246s
AnonPages:      30823172 kB
time: 247s
AnonPages:      30823172 kB
time: 248s
AnonPages:      30823168 kB
time: 249s
AnonPages:      30823172 kB
time: 250s
AnonPages:      30823172 kB
time: 251s
AnonPages:      30823172 kB
time: 252s
AnonPages:      30823172 kB
time: 253s
AnonPages:      30823172 kB
time: 254s
AnonPages:      30823168 kB
time: 255s
AnonPages:      30823172 kB
time: 256s
AnonPages:      30823172 kB
time: 257s
AnonPages:      30823172 kB
time: 258s
AnonPages:      30823172 kB
time: 259s
AnonPages:      30823168 kB
time: 260s
AnonPages:      30823168 kB
time: 261s
AnonPages:      30823172 kB
time: 262s
AnonPages:      30823172 kB
time: 263s
AnonPages:      30823168 kB
time: 264s
AnonPages:      30823168 kB
time: 265s
AnonPages:      30823172 kB
time: 266s
AnonPages:      30823172 kB
time: 267s
AnonPages:      30823172 kB
time: 268s
AnonPages:      30823172 kB
time: 269s
AnonPages:      30823172 kB
time: 270s
AnonPages:      30823172 kB
time: 271s
AnonPages:      30823172 kB
time: 272s
AnonPages:      30823168 kB
time: 273s
AnonPages:      30823168 kB
time: 274s
AnonPages:      30823172 kB
time: 275s
AnonPages:      30823168 kB
time: 276s
AnonPages:      30823172 kB
time: 277s
AnonPages:      30823168 kB
time: 278s
AnonPages:      30823168 kB
time: 279s
AnonPages:      30823168 kB
time: 280s
AnonPages:      30823168 kB
time: 281s
AnonPages:      30823172 kB
time: 282s
AnonPages:      30823168 kB
time: 283s
AnonPages:      30823172 kB
time: 284s
AnonPages:      30823176 kB
time: 285s
AnonPages:      30823176 kB
time: 286s
AnonPages:      30823172 kB
time: 287s
AnonPages:      30823172 kB
time: 288s
AnonPages:      30823176 kB
time: 289s
AnonPages:      30823176 kB
time: 290s
AnonPages:      30823176 kB
time: 291s
AnonPages:      30823176 kB
time: 292s
AnonPages:      30823172 kB
time: 293s
AnonPages:      30823176 kB
time: 294s
AnonPages:      30823176 kB
time: 295s
AnonPages:      30823172 kB
time: 296s
AnonPages:      30823172 kB
time: 297s
AnonPages:      30823172 kB
time: 298s
AnonPages:      30823176 kB
time: 299s
AnonPages:      30823176 kB
time: 300s
AnonPages:      30823176 kB

[Linux THP disable]
--------------------------------------------------------------------------------------------------------
[Linux THP enable]

time: 0s
AnonPages:        129960 kB
time: 1s
AnonPages:       1127308 kB
time: 2s
AnonPages:       1127308 kB
time: 3s
AnonPages:       1234660 kB
time: 4s
AnonPages:       1377012 kB
time: 5s
AnonPages:       3228736 kB
time: 6s
AnonPages:       7664708 kB
time: 7s
AnonPages:      12102724 kB
time: 8s
AnonPages:      16540740 kB
time: 9s
AnonPages:      20978752 kB
time: 10s
AnonPages:      25414724 kB
time: 11s
AnonPages:      29715524 kB
time: 12s
AnonPages:      30830856 kB
time: 13s
AnonPages:      30830856 kB
time: 14s
AnonPages:      30830856 kB
time: 15s
AnonPages:      30830852 kB
time: 16s
AnonPages:      30830856 kB
time: 17s
AnonPages:      30830856 kB
time: 18s
AnonPages:      30830852 kB
time: 19s
AnonPages:      30830856 kB
time: 20s
AnonPages:      30830852 kB
time: 21s
AnonPages:      30830852 kB
time: 22s
AnonPages:      30830856 kB
time: 23s
AnonPages:      30830856 kB
time: 24s
AnonPages:      30830852 kB
time: 25s
AnonPages:      30830852 kB
time: 26s
AnonPages:      30830856 kB
time: 27s
AnonPages:      30830856 kB
time: 28s
AnonPages:      30830852 kB
time: 29s
AnonPages:      30830856 kB
time: 30s
AnonPages:      30830856 kB
time: 31s
AnonPages:      30830856 kB
time: 32s
AnonPages:      30830852 kB
time: 33s
AnonPages:      30830856 kB
time: 34s
AnonPages:      30830856 kB
time: 35s
AnonPages:      30830856 kB
time: 36s
AnonPages:      30830856 kB
time: 37s
AnonPages:      30830852 kB
time: 38s
AnonPages:      30830856 kB
time: 39s
AnonPages:      30830856 kB
time: 40s
AnonPages:      30830856 kB
time: 41s
AnonPages:      30830856 kB
time: 42s
AnonPages:      30830856 kB
time: 43s
AnonPages:      30830852 kB
time: 44s
AnonPages:      30830852 kB
time: 45s
AnonPages:      30830852 kB
time: 46s
AnonPages:      30830856 kB
time: 47s
AnonPages:      30830852 kB
time: 48s
AnonPages:      30830856 kB
time: 49s
AnonPages:      30830856 kB
time: 50s
AnonPages:      30830856 kB
time: 51s
AnonPages:      30830852 kB
time: 52s
AnonPages:      30830856 kB
time: 53s
AnonPages:      30830860 kB
time: 54s
AnonPages:      30830860 kB
time: 55s
AnonPages:      30830856 kB
time: 56s
AnonPages:      30830856 kB
time: 57s
AnonPages:      30830856 kB
time: 58s
AnonPages:      30830860 kB
time: 59s
AnonPages:      30830860 kB
time: 60s
AnonPages:      30830860 kB
time: 61s
AnonPages:      30830860 kB
time: 62s
AnonPages:      30830856 kB
time: 63s
AnonPages:      30830860 kB
time: 64s
AnonPages:      30830860 kB
time: 65s
AnonPages:      30830860 kB
time: 66s
AnonPages:      30830856 kB
time: 67s
AnonPages:      30830860 kB
time: 68s
AnonPages:      30830856 kB
time: 69s
AnonPages:      30830860 kB
time: 70s
AnonPages:      30830860 kB
time: 71s
AnonPages:      30830860 kB
time: 72s
AnonPages:      30830856 kB
time: 73s
AnonPages:      30830860 kB
time: 74s
AnonPages:      30830856 kB
time: 75s
AnonPages:      30830860 kB
time: 76s
AnonPages:      30830860 kB
time: 77s
AnonPages:      30830860 kB
time: 78s
AnonPages:      30830860 kB
time: 79s
AnonPages:      30830856 kB
time: 80s
AnonPages:      30830860 kB
time: 81s
AnonPages:      30830860 kB
time: 82s
AnonPages:      30830860 kB
time: 83s
AnonPages:      30830860 kB
time: 84s
AnonPages:      30830856 kB
time: 85s
AnonPages:      30830860 kB
time: 86s
AnonPages:      30830856 kB
time: 87s
AnonPages:      30830856 kB
time: 88s
AnonPages:      30830856 kB
time: 89s
AnonPages:      30830860 kB
time: 90s
AnonPages:      30830860 kB
time: 91s
AnonPages:      30830860 kB
time: 92s
AnonPages:      30830856 kB
time: 93s
AnonPages:      30830860 kB
time: 94s
AnonPages:      30830860 kB
time: 95s
AnonPages:      30830984 kB
time: 96s
AnonPages:      30830860 kB
time: 97s
AnonPages:      30830860 kB
time: 98s
AnonPages:      30830860 kB
time: 99s
AnonPages:      30830860 kB
time: 100s
AnonPages:      30830860 kB
time: 101s
AnonPages:      30830864 kB
time: 102s
AnonPages:      30830864 kB
time: 103s
AnonPages:      30830864 kB
time: 104s
AnonPages:      30830864 kB
time: 105s
AnonPages:      30830864 kB
time: 106s
AnonPages:      30830864 kB
time: 107s
AnonPages:      30830864 kB
time: 108s
AnonPages:      30830860 kB
time: 109s
AnonPages:      30830864 kB
time: 110s
AnonPages:      30830860 kB
time: 111s
AnonPages:      30830864 kB
time: 112s
AnonPages:      30830864 kB
time: 113s
AnonPages:      30830864 kB
time: 114s
AnonPages:      30830864 kB
time: 115s
AnonPages:      30830864 kB
time: 116s
AnonPages:      30830864 kB
time: 117s
AnonPages:      30830860 kB
time: 118s
AnonPages:      30830864 kB
time: 119s
AnonPages:      30830864 kB
time: 120s
AnonPages:      30830864 kB
time: 121s
AnonPages:      30830860 kB
time: 122s
AnonPages:      30830860 kB
time: 123s
AnonPages:      30830864 kB
time: 124s
AnonPages:      30830860 kB
time: 125s
AnonPages:      30830860 kB
time: 126s
AnonPages:      30830864 kB
time: 127s
AnonPages:      30830860 kB
time: 128s
AnonPages:      30830860 kB
time: 129s
AnonPages:      30830864 kB
time: 130s
AnonPages:      30830864 kB
time: 131s
AnonPages:      30830864 kB
time: 132s
AnonPages:      30830860 kB
time: 133s
AnonPages:      30830860 kB
time: 134s
AnonPages:      30830864 kB
time: 135s
AnonPages:      30830864 kB
time: 136s
AnonPages:      30830868 kB
time: 137s
AnonPages:      30830864 kB
time: 138s
AnonPages:      30830868 kB
time: 139s
AnonPages:      30830868 kB
time: 140s
AnonPages:      30830864 kB
time: 141s
AnonPages:      30830868 kB
time: 142s
AnonPages:      30830864 kB
time: 143s
AnonPages:      30830864 kB
time: 144s
AnonPages:      30830864 kB
time: 145s
AnonPages:      30830868 kB
time: 146s
AnonPages:      30830868 kB
time: 147s
AnonPages:      30830864 kB
time: 148s
AnonPages:      30830864 kB
time: 149s
AnonPages:      30830868 kB
time: 150s
AnonPages:      30830868 kB
time: 151s
AnonPages:      30830868 kB
time: 152s
AnonPages:      30830868 kB
time: 153s
AnonPages:      30830868 kB
time: 154s
AnonPages:      30830864 kB
time: 155s
AnonPages:      30830864 kB
time: 156s
AnonPages:      30830864 kB
time: 157s
AnonPages:      30830864 kB
time: 158s
AnonPages:      30830864 kB
time: 159s
AnonPages:      30830868 kB
time: 160s
AnonPages:      30830868 kB
time: 161s
AnonPages:      30830864 kB
time: 162s
AnonPages:      30830864 kB
time: 163s
AnonPages:      30830868 kB
time: 164s
AnonPages:      30830868 kB
time: 165s
AnonPages:      30830864 kB
time: 166s
AnonPages:      30830864 kB
time: 167s
AnonPages:      30830868 kB
time: 168s
AnonPages:      30830864 kB
time: 169s
AnonPages:      30830864 kB
time: 170s
AnonPages:      30830868 kB
time: 171s
AnonPages:      30830868 kB
time: 172s
AnonPages:      30830864 kB
time: 173s
AnonPages:      30830868 kB
time: 174s
AnonPages:      30830864 kB
time: 175s
AnonPages:      30830864 kB
time: 176s
AnonPages:      30830868 kB
time: 177s
AnonPages:      30830868 kB
time: 178s
AnonPages:      30830868 kB
time: 179s
AnonPages:      30830872 kB
time: 180s
AnonPages:      30830872 kB
time: 181s
AnonPages:      30830868 kB
time: 182s
AnonPages:      30830868 kB
time: 183s
AnonPages:      30830868 kB
time: 184s
AnonPages:      30830872 kB
time: 185s
AnonPages:      30830872 kB
time: 186s
AnonPages:      30830872 kB
time: 187s
AnonPages:      30830872 kB
time: 188s
AnonPages:      30830872 kB
time: 189s
AnonPages:      30830872 kB
time: 190s
AnonPages:      30830868 kB
time: 191s
AnonPages:      30830872 kB
time: 192s
AnonPages:      30830872 kB
time: 193s
AnonPages:      30830868 kB
time: 194s
AnonPages:      30830868 kB
time: 195s
AnonPages:      30830872 kB
time: 196s
AnonPages:      30830872 kB
time: 197s
AnonPages:      30830868 kB
time: 198s
AnonPages:      30830868 kB
time: 199s
AnonPages:      30830872 kB
time: 200s
AnonPages:      30830868 kB
time: 201s
AnonPages:      30830872 kB
time: 202s
AnonPages:      30830868 kB
time: 203s
AnonPages:      30830868 kB
time: 204s
AnonPages:      30830868 kB
time: 205s
AnonPages:      30830872 kB
time: 206s
AnonPages:      30830872 kB
time: 207s
AnonPages:      30830872 kB
time: 208s
AnonPages:      30830872 kB
time: 209s
AnonPages:      30830868 kB
time: 210s
AnonPages:      30830872 kB
time: 211s
AnonPages:      30830872 kB
time: 212s
AnonPages:      30830868 kB
time: 213s
AnonPages:      30830872 kB
time: 214s
AnonPages:      30830868 kB
time: 215s
AnonPages:      30830868 kB
time: 216s
AnonPages:      30830868 kB
time: 217s
AnonPages:      30830868 kB
time: 218s
AnonPages:      30830872 kB
time: 219s
AnonPages:      30830868 kB
time: 220s
AnonPages:      30830872 kB
time: 221s
AnonPages:      30830872 kB
time: 222s
AnonPages:      30830876 kB
time: 223s
AnonPages:      30830872 kB
time: 224s
AnonPages:      30830872 kB
time: 225s
AnonPages:      30830876 kB
time: 226s
AnonPages:      30830876 kB
time: 227s
AnonPages:      30830876 kB
time: 228s
AnonPages:      30830876 kB
time: 229s
AnonPages:      30830876 kB
time: 230s
AnonPages:      30830876 kB
time: 231s
AnonPages:      30830876 kB
time: 232s
AnonPages:      30830872 kB
time: 233s
AnonPages:      30830872 kB
time: 234s
AnonPages:      30830876 kB
time: 235s
AnonPages:      30830876 kB
time: 236s
AnonPages:      30830876 kB
time: 237s
AnonPages:      30830872 kB
time: 238s
AnonPages:      30830876 kB
time: 239s
AnonPages:      30830876 kB
time: 240s
AnonPages:      30830872 kB
time: 241s
AnonPages:      30830872 kB
time: 242s
AnonPages:      30830876 kB
time: 243s
AnonPages:      30830876 kB
time: 244s
AnonPages:      30830876 kB
time: 245s
AnonPages:      30830876 kB
time: 246s
AnonPages:      30830872 kB
time: 247s
AnonPages:      30830872 kB
time: 248s
AnonPages:      30830872 kB
time: 249s
AnonPages:      30830872 kB
time: 250s
AnonPages:      30830872 kB
time: 251s
AnonPages:      30830876 kB
time: 252s
AnonPages:      30830872 kB
time: 253s
AnonPages:      30830876 kB
time: 254s
AnonPages:      30830876 kB
time: 255s
AnonPages:      30830876 kB
time: 256s
AnonPages:      30830876 kB
time: 257s
AnonPages:      30830872 kB
time: 258s
AnonPages:      30830876 kB
time: 259s
AnonPages:      30830876 kB
time: 260s
AnonPages:      30830872 kB
time: 261s
AnonPages:      30830872 kB
time: 262s
AnonPages:      30830876 kB
time: 263s
AnonPages:      30830876 kB
time: 264s
AnonPages:      30830880 kB
time: 265s
AnonPages:      30830880 kB
time: 266s
AnonPages:      30830876 kB
time: 267s
AnonPages:      30830876 kB
time: 268s
AnonPages:      30830876 kB
time: 269s
AnonPages:      30830880 kB
time: 270s
AnonPages:      30830880 kB
time: 271s
AnonPages:      30830880 kB
time: 272s
AnonPages:      30830880 kB
time: 273s
AnonPages:      30830880 kB
time: 274s
AnonPages:      30830876 kB
time: 275s
AnonPages:      30830876 kB
time: 276s
AnonPages:      30830876 kB
time: 277s
AnonPages:      30830880 kB
time: 278s
AnonPages:      30830876 kB
time: 279s
AnonPages:      30830880 kB
time: 280s
AnonPages:      30830880 kB
time: 281s
AnonPages:      30830880 kB
time: 282s
AnonPages:      30830880 kB
time: 283s
AnonPages:      30830880 kB
time: 284s
AnonPages:      30830880 kB
time: 285s
AnonPages:      30830880 kB
time: 286s
AnonPages:      30830880 kB
time: 287s
AnonPages:      30830876 kB
time: 288s
AnonPages:      30830880 kB
time: 289s
AnonPages:      30830876 kB
time: 290s
AnonPages:      30830880 kB
time: 291s
AnonPages:      30830880 kB
time: 292s
AnonPages:      30830880 kB
time: 293s
AnonPages:      30830880 kB
time: 294s
AnonPages:      30830880 kB
time: 295s
AnonPages:      30830880 kB
time: 296s
AnonPages:      30830880 kB
time: 297s
AnonPages:      30830880 kB
time: 298s
AnonPages:      30830876 kB
time: 299s
AnonPages:      30830880 kB
time: 300s
AnonPages:      30830876 kB
