
---------------------------------THP defrag [always]---------------------------------

================================================================================
                                     RESULTS
================================================================================
Threads:     4
Runtime:     596.987 seconds
Lookups:     476,000,000
Lookups/s:   797,337
Verification checksum: 912406 (WARNING - INAVALID CHECKSUM!)
================================================================================

real	10m34.624s
user	39m56.386s
sys	0m2.356s


---------------------------------THP defrag [defer]---------------------------------

================================================================================
                                     RESULTS
================================================================================
Threads:     4
Runtime:     596.393 seconds
Lookups:     476,000,000
Lookups/s:   798,131
Verification checksum: 912406 (WARNING - INAVALID CHECKSUM!)
================================================================================

real	10m6.168s
user	39m53.958s
sys	0m1.368s

